[06:33:50] {/workspace/KIidP-Gruppe-4/hardware/device.py:11} INFO - CUDA detected. Running with GPU acceleration.
[06:33:50] {train_network.py:247} INFO - Loading Cornell Dataset...
[06:33:50] {train_network.py:256} INFO - Dataset size is 885
[06:33:50] {train_network.py:265} INFO - Training size: 796
[06:33:50] {train_network.py:266} INFO - Validation size: 89
[06:33:50] {train_network.py:284} INFO - Done
[06:33:50] {train_network.py:287} INFO - Loading Network...
[06:33:51] {train_network.py:298} INFO - Done
[06:33:52] {train_network.py:317} INFO - Beginning Epoch 00
[06:34:10] {train_network.py:175} INFO - Epoch: 0, Batch: 100, Loss: 0.1196
[06:34:28] {train_network.py:175} INFO - Epoch: 0, Batch: 200, Loss: 0.1152
[06:34:46] {train_network.py:175} INFO - Epoch: 0, Batch: 300, Loss: 0.1215
[06:35:05] {train_network.py:175} INFO - Epoch: 0, Batch: 400, Loss: 0.0769
[06:35:23] {train_network.py:175} INFO - Epoch: 0, Batch: 500, Loss: 0.1283
[06:35:41] {train_network.py:175} INFO - Epoch: 0, Batch: 600, Loss: 0.0450
[06:35:59] {train_network.py:175} INFO - Epoch: 0, Batch: 700, Loss: 0.1040
[06:36:18] {train_network.py:175} INFO - Epoch: 0, Batch: 800, Loss: 0.0528
[06:36:36] {train_network.py:175} INFO - Epoch: 0, Batch: 900, Loss: 0.1070
[06:36:56] {train_network.py:326} INFO - Validating...
[06:36:58] {train_network.py:329} INFO - 37/89 = 0.415730
[06:36:58] {train_network.py:317} INFO - Beginning Epoch 01
[06:37:16] {train_network.py:175} INFO - Epoch: 1, Batch: 100, Loss: 0.0357
[06:37:35] {train_network.py:175} INFO - Epoch: 1, Batch: 200, Loss: 0.0719
[06:37:53] {train_network.py:175} INFO - Epoch: 1, Batch: 300, Loss: 0.0958
[06:38:11] {train_network.py:175} INFO - Epoch: 1, Batch: 400, Loss: 0.0588
[06:38:30] {train_network.py:175} INFO - Epoch: 1, Batch: 500, Loss: 0.1794
[06:38:48] {train_network.py:175} INFO - Epoch: 1, Batch: 600, Loss: 0.0993
[06:39:07] {train_network.py:175} INFO - Epoch: 1, Batch: 700, Loss: 0.0681
[06:39:25] {train_network.py:175} INFO - Epoch: 1, Batch: 800, Loss: 0.1284
[06:39:43] {train_network.py:175} INFO - Epoch: 1, Batch: 900, Loss: 0.1370
[06:40:03] {train_network.py:326} INFO - Validating...
[06:40:06] {train_network.py:329} INFO - 55/89 = 0.617978
[06:40:06] {train_network.py:317} INFO - Beginning Epoch 02
[06:40:24] {train_network.py:175} INFO - Epoch: 2, Batch: 100, Loss: 0.0351
[06:40:43] {train_network.py:175} INFO - Epoch: 2, Batch: 200, Loss: 0.0621
[06:41:01] {train_network.py:175} INFO - Epoch: 2, Batch: 300, Loss: 0.0580
[06:41:19] {train_network.py:175} INFO - Epoch: 2, Batch: 400, Loss: 0.0326
[06:41:38] {train_network.py:175} INFO - Epoch: 2, Batch: 500, Loss: 0.0572
[06:41:56] {train_network.py:175} INFO - Epoch: 2, Batch: 600, Loss: 0.0675
[06:42:14] {train_network.py:175} INFO - Epoch: 2, Batch: 700, Loss: 0.0449
[06:42:32] {train_network.py:175} INFO - Epoch: 2, Batch: 800, Loss: 0.0926
[06:42:51] {train_network.py:175} INFO - Epoch: 2, Batch: 900, Loss: 0.1356
[06:43:10] {train_network.py:326} INFO - Validating...
[06:43:13] {train_network.py:329} INFO - 78/89 = 0.876404
[06:43:13] {train_network.py:317} INFO - Beginning Epoch 03
[06:43:32] {train_network.py:175} INFO - Epoch: 3, Batch: 100, Loss: 0.0413
[06:43:50] {train_network.py:175} INFO - Epoch: 3, Batch: 200, Loss: 0.0678
[06:44:08] {train_network.py:175} INFO - Epoch: 3, Batch: 300, Loss: 0.0582
[06:44:27] {train_network.py:175} INFO - Epoch: 3, Batch: 400, Loss: 0.1197
[06:44:45] {train_network.py:175} INFO - Epoch: 3, Batch: 500, Loss: 0.0638
[06:45:04] {train_network.py:175} INFO - Epoch: 3, Batch: 600, Loss: 0.0399
[06:45:22] {train_network.py:175} INFO - Epoch: 3, Batch: 700, Loss: 0.0571
[06:45:40] {train_network.py:175} INFO - Epoch: 3, Batch: 800, Loss: 0.0958
[06:45:59] {train_network.py:175} INFO - Epoch: 3, Batch: 900, Loss: 0.0620
[06:46:19] {train_network.py:326} INFO - Validating...
[06:46:22] {train_network.py:329} INFO - 82/89 = 0.921348
[06:46:22] {train_network.py:317} INFO - Beginning Epoch 04
[06:46:40] {train_network.py:175} INFO - Epoch: 4, Batch: 100, Loss: 0.0456
[06:46:58] {train_network.py:175} INFO - Epoch: 4, Batch: 200, Loss: 0.0888
[06:47:16] {train_network.py:175} INFO - Epoch: 4, Batch: 300, Loss: 0.0863
[06:47:34] {train_network.py:175} INFO - Epoch: 4, Batch: 400, Loss: 0.0780
[06:47:53] {train_network.py:175} INFO - Epoch: 4, Batch: 500, Loss: 0.1509
[06:48:11] {train_network.py:175} INFO - Epoch: 4, Batch: 600, Loss: 0.0643
[06:48:29] {train_network.py:175} INFO - Epoch: 4, Batch: 700, Loss: 0.0973
[06:48:47] {train_network.py:175} INFO - Epoch: 4, Batch: 800, Loss: 0.0451
[06:49:06] {train_network.py:175} INFO - Epoch: 4, Batch: 900, Loss: 0.1046
[06:49:26] {train_network.py:326} INFO - Validating...
[06:49:29] {train_network.py:329} INFO - 76/89 = 0.853933
[06:49:29] {train_network.py:317} INFO - Beginning Epoch 05
[06:49:47] {train_network.py:175} INFO - Epoch: 5, Batch: 100, Loss: 0.0499
[06:50:05] {train_network.py:175} INFO - Epoch: 5, Batch: 200, Loss: 0.1264
[06:50:24] {train_network.py:175} INFO - Epoch: 5, Batch: 300, Loss: 0.0761
[06:50:42] {train_network.py:175} INFO - Epoch: 5, Batch: 400, Loss: 0.0860
[06:51:00] {train_network.py:175} INFO - Epoch: 5, Batch: 500, Loss: 0.0461
[06:51:19] {train_network.py:175} INFO - Epoch: 5, Batch: 600, Loss: 0.1077
[06:51:37] {train_network.py:175} INFO - Epoch: 5, Batch: 700, Loss: 0.0471
[06:51:56] {train_network.py:175} INFO - Epoch: 5, Batch: 800, Loss: 0.1233
[06:52:14] {train_network.py:175} INFO - Epoch: 5, Batch: 900, Loss: 0.0488
[06:52:33] {train_network.py:326} INFO - Validating...
[06:52:36] {train_network.py:329} INFO - 57/89 = 0.640449
[06:52:36] {train_network.py:317} INFO - Beginning Epoch 06
[06:52:54] {train_network.py:175} INFO - Epoch: 6, Batch: 100, Loss: 0.1487
[06:53:13] {train_network.py:175} INFO - Epoch: 6, Batch: 200, Loss: 0.0853
[06:53:31] {train_network.py:175} INFO - Epoch: 6, Batch: 300, Loss: 0.0879
[06:53:49] {train_network.py:175} INFO - Epoch: 6, Batch: 400, Loss: 0.0449
[06:54:07] {train_network.py:175} INFO - Epoch: 6, Batch: 500, Loss: 0.0269
[06:54:26] {train_network.py:175} INFO - Epoch: 6, Batch: 600, Loss: 0.1073
[06:54:44] {train_network.py:175} INFO - Epoch: 6, Batch: 700, Loss: 0.0299
[06:55:02] {train_network.py:175} INFO - Epoch: 6, Batch: 800, Loss: 0.0572
[06:55:21] {train_network.py:175} INFO - Epoch: 6, Batch: 900, Loss: 0.0457
[06:55:40] {train_network.py:326} INFO - Validating...
[06:55:43] {train_network.py:329} INFO - 79/89 = 0.887640
[06:55:43] {train_network.py:317} INFO - Beginning Epoch 07
[06:56:01] {train_network.py:175} INFO - Epoch: 7, Batch: 100, Loss: 0.0915
[06:56:19] {train_network.py:175} INFO - Epoch: 7, Batch: 200, Loss: 0.1663
[06:56:38] {train_network.py:175} INFO - Epoch: 7, Batch: 300, Loss: 0.0349
[06:56:56] {train_network.py:175} INFO - Epoch: 7, Batch: 400, Loss: 0.0284
[06:57:14] {train_network.py:175} INFO - Epoch: 7, Batch: 500, Loss: 0.0373
[06:57:32] {train_network.py:175} INFO - Epoch: 7, Batch: 600, Loss: 0.0950
[06:57:51] {train_network.py:175} INFO - Epoch: 7, Batch: 700, Loss: 0.0636
[06:58:09] {train_network.py:175} INFO - Epoch: 7, Batch: 800, Loss: 0.0674
[06:58:27] {train_network.py:175} INFO - Epoch: 7, Batch: 900, Loss: 0.0355
[06:58:47] {train_network.py:326} INFO - Validating...
[06:58:50] {train_network.py:329} INFO - 80/89 = 0.898876
[06:58:50] {train_network.py:317} INFO - Beginning Epoch 08
[06:59:08] {train_network.py:175} INFO - Epoch: 8, Batch: 100, Loss: 0.0279
[06:59:26] {train_network.py:175} INFO - Epoch: 8, Batch: 200, Loss: 0.0256
[06:59:45] {train_network.py:175} INFO - Epoch: 8, Batch: 300, Loss: 0.1297
[07:00:03] {train_network.py:175} INFO - Epoch: 8, Batch: 400, Loss: 0.0337
[07:00:22] {train_network.py:175} INFO - Epoch: 8, Batch: 500, Loss: 0.0523
[07:00:40] {train_network.py:175} INFO - Epoch: 8, Batch: 600, Loss: 0.0785
[07:00:58] {train_network.py:175} INFO - Epoch: 8, Batch: 700, Loss: 0.1124
[07:01:16] {train_network.py:175} INFO - Epoch: 8, Batch: 800, Loss: 0.0883
[07:01:35] {train_network.py:175} INFO - Epoch: 8, Batch: 900, Loss: 0.0875
[07:01:55] {train_network.py:326} INFO - Validating...
[07:01:58] {train_network.py:329} INFO - 76/89 = 0.853933
[07:01:58] {train_network.py:317} INFO - Beginning Epoch 09
[07:02:16] {train_network.py:175} INFO - Epoch: 9, Batch: 100, Loss: 0.0648
[07:02:34] {train_network.py:175} INFO - Epoch: 9, Batch: 200, Loss: 0.0221
[07:02:53] {train_network.py:175} INFO - Epoch: 9, Batch: 300, Loss: 0.1406
[07:03:11] {train_network.py:175} INFO - Epoch: 9, Batch: 400, Loss: 0.0891
[07:03:29] {train_network.py:175} INFO - Epoch: 9, Batch: 500, Loss: 0.0462
[07:03:47] {train_network.py:175} INFO - Epoch: 9, Batch: 600, Loss: 0.0948
[07:04:06] {train_network.py:175} INFO - Epoch: 9, Batch: 700, Loss: 0.0997
[07:04:24] {train_network.py:175} INFO - Epoch: 9, Batch: 800, Loss: 0.0416
[07:04:42] {train_network.py:175} INFO - Epoch: 9, Batch: 900, Loss: 0.0407
[07:05:02] {train_network.py:326} INFO - Validating...
[07:05:05] {train_network.py:329} INFO - 82/89 = 0.921348
[07:05:05] {train_network.py:317} INFO - Beginning Epoch 10
[07:05:24] {train_network.py:175} INFO - Epoch: 10, Batch: 100, Loss: 0.0498
[07:05:42] {train_network.py:175} INFO - Epoch: 10, Batch: 200, Loss: 0.1145
[07:06:00] {train_network.py:175} INFO - Epoch: 10, Batch: 300, Loss: 0.0595
[07:06:18] {train_network.py:175} INFO - Epoch: 10, Batch: 400, Loss: 0.0641
[07:06:37] {train_network.py:175} INFO - Epoch: 10, Batch: 500, Loss: 0.0397
[07:06:55] {train_network.py:175} INFO - Epoch: 10, Batch: 600, Loss: 0.0342
[07:07:13] {train_network.py:175} INFO - Epoch: 10, Batch: 700, Loss: 0.0909
[07:07:31] {train_network.py:175} INFO - Epoch: 10, Batch: 800, Loss: 0.0254
[07:07:50] {train_network.py:175} INFO - Epoch: 10, Batch: 900, Loss: 0.0759
[07:08:10] {train_network.py:326} INFO - Validating...
[07:08:12] {train_network.py:329} INFO - 78/89 = 0.876404
[07:08:13] {train_network.py:317} INFO - Beginning Epoch 11
[07:08:31] {train_network.py:175} INFO - Epoch: 11, Batch: 100, Loss: 0.0200
[07:08:49] {train_network.py:175} INFO - Epoch: 11, Batch: 200, Loss: 0.0367
[07:09:08] {train_network.py:175} INFO - Epoch: 11, Batch: 300, Loss: 0.0643
[07:09:26] {train_network.py:175} INFO - Epoch: 11, Batch: 400, Loss: 0.0924
[07:09:44] {train_network.py:175} INFO - Epoch: 11, Batch: 500, Loss: 0.0317
[07:10:03] {train_network.py:175} INFO - Epoch: 11, Batch: 600, Loss: 0.0734
[07:10:21] {train_network.py:175} INFO - Epoch: 11, Batch: 700, Loss: 0.0595
[07:10:39] {train_network.py:175} INFO - Epoch: 11, Batch: 800, Loss: 0.0355
[07:10:57] {train_network.py:175} INFO - Epoch: 11, Batch: 900, Loss: 0.0419
[07:11:17] {train_network.py:326} INFO - Validating...
[07:11:20] {train_network.py:329} INFO - 85/89 = 0.955056
[07:11:20] {train_network.py:317} INFO - Beginning Epoch 12
[07:11:38] {train_network.py:175} INFO - Epoch: 12, Batch: 100, Loss: 0.0759
[07:11:57] {train_network.py:175} INFO - Epoch: 12, Batch: 200, Loss: 0.1198
[07:12:15] {train_network.py:175} INFO - Epoch: 12, Batch: 300, Loss: 0.0493
[07:12:34] {train_network.py:175} INFO - Epoch: 12, Batch: 400, Loss: 0.1253
[07:12:53] {train_network.py:175} INFO - Epoch: 12, Batch: 500, Loss: 0.0405
[07:13:12] {train_network.py:175} INFO - Epoch: 12, Batch: 600, Loss: 0.1008
[07:13:31] {train_network.py:175} INFO - Epoch: 12, Batch: 700, Loss: 0.0530
[07:13:49] {train_network.py:175} INFO - Epoch: 12, Batch: 800, Loss: 0.0974
[07:14:07] {train_network.py:175} INFO - Epoch: 12, Batch: 900, Loss: 0.0523
[07:14:28] {train_network.py:326} INFO - Validating...
[07:14:31] {train_network.py:329} INFO - 84/89 = 0.943820
[07:14:31] {train_network.py:317} INFO - Beginning Epoch 13
[07:14:49] {train_network.py:175} INFO - Epoch: 13, Batch: 100, Loss: 0.0309
[07:15:08] {train_network.py:175} INFO - Epoch: 13, Batch: 200, Loss: 0.0213
[07:15:26] {train_network.py:175} INFO - Epoch: 13, Batch: 300, Loss: 0.0674
[07:15:44] {train_network.py:175} INFO - Epoch: 13, Batch: 400, Loss: 0.0435
[07:16:03] {train_network.py:175} INFO - Epoch: 13, Batch: 500, Loss: 0.1073
[07:16:22] {train_network.py:175} INFO - Epoch: 13, Batch: 600, Loss: 0.0692
[07:16:40] {train_network.py:175} INFO - Epoch: 13, Batch: 700, Loss: 0.1388
[07:16:58] {train_network.py:175} INFO - Epoch: 13, Batch: 800, Loss: 0.0350
[07:17:17] {train_network.py:175} INFO - Epoch: 13, Batch: 900, Loss: 0.0574
[07:17:37] {train_network.py:326} INFO - Validating...
[07:17:40] {train_network.py:329} INFO - 82/89 = 0.921348
[07:17:40] {train_network.py:317} INFO - Beginning Epoch 14
[07:17:58] {train_network.py:175} INFO - Epoch: 14, Batch: 100, Loss: 0.0667
[07:18:16] {train_network.py:175} INFO - Epoch: 14, Batch: 200, Loss: 0.1201
[07:18:35] {train_network.py:175} INFO - Epoch: 14, Batch: 300, Loss: 0.0480
[07:18:53] {train_network.py:175} INFO - Epoch: 14, Batch: 400, Loss: 0.0367
[07:19:12] {train_network.py:175} INFO - Epoch: 14, Batch: 500, Loss: 0.0518
[07:19:30] {train_network.py:175} INFO - Epoch: 14, Batch: 600, Loss: 0.1047
[07:19:48] {train_network.py:175} INFO - Epoch: 14, Batch: 700, Loss: 0.0385
[07:20:07] {train_network.py:175} INFO - Epoch: 14, Batch: 800, Loss: 0.0328
[07:20:25] {train_network.py:175} INFO - Epoch: 14, Batch: 900, Loss: 0.0648
[07:20:45] {train_network.py:326} INFO - Validating...
[07:20:48] {train_network.py:329} INFO - 84/89 = 0.943820
[07:20:48] {train_network.py:317} INFO - Beginning Epoch 15
[07:21:06] {train_network.py:175} INFO - Epoch: 15, Batch: 100, Loss: 0.0227
[07:21:24] {train_network.py:175} INFO - Epoch: 15, Batch: 200, Loss: 0.0718
[07:21:43] {train_network.py:175} INFO - Epoch: 15, Batch: 300, Loss: 0.0877
[07:22:01] {train_network.py:175} INFO - Epoch: 15, Batch: 400, Loss: 0.1342
[07:22:19] {train_network.py:175} INFO - Epoch: 15, Batch: 500, Loss: 0.0547
[07:22:38] {train_network.py:175} INFO - Epoch: 15, Batch: 600, Loss: 0.1104
[07:22:56] {train_network.py:175} INFO - Epoch: 15, Batch: 700, Loss: 0.0605
[07:23:15] {train_network.py:175} INFO - Epoch: 15, Batch: 800, Loss: 0.1170
[07:23:33] {train_network.py:175} INFO - Epoch: 15, Batch: 900, Loss: 0.0605
[07:23:53] {train_network.py:326} INFO - Validating...
[07:23:56] {train_network.py:329} INFO - 82/89 = 0.921348
[07:23:56] {train_network.py:317} INFO - Beginning Epoch 16
[07:24:14] {train_network.py:175} INFO - Epoch: 16, Batch: 100, Loss: 0.0795
[07:24:32] {train_network.py:175} INFO - Epoch: 16, Batch: 200, Loss: 0.0524
[07:24:51] {train_network.py:175} INFO - Epoch: 16, Batch: 300, Loss: 0.0516
[07:25:09] {train_network.py:175} INFO - Epoch: 16, Batch: 400, Loss: 0.0557
[07:25:27] {train_network.py:175} INFO - Epoch: 16, Batch: 500, Loss: 0.0556
[07:25:45] {train_network.py:175} INFO - Epoch: 16, Batch: 600, Loss: 0.0332
[07:26:04] {train_network.py:175} INFO - Epoch: 16, Batch: 700, Loss: 0.0598
[07:26:22] {train_network.py:175} INFO - Epoch: 16, Batch: 800, Loss: 0.0921
[07:26:41] {train_network.py:175} INFO - Epoch: 16, Batch: 900, Loss: 0.0404
[07:27:01] {train_network.py:326} INFO - Validating...
[07:27:03] {train_network.py:329} INFO - 77/89 = 0.865169
[07:27:03] {train_network.py:317} INFO - Beginning Epoch 17
[07:27:22] {train_network.py:175} INFO - Epoch: 17, Batch: 100, Loss: 0.0435
[07:27:40] {train_network.py:175} INFO - Epoch: 17, Batch: 200, Loss: 0.0925
[07:27:59] {train_network.py:175} INFO - Epoch: 17, Batch: 300, Loss: 0.0604
[07:28:18] {train_network.py:175} INFO - Epoch: 17, Batch: 400, Loss: 0.0340
[07:28:36] {train_network.py:175} INFO - Epoch: 17, Batch: 500, Loss: 0.0697
[07:28:55] {train_network.py:175} INFO - Epoch: 17, Batch: 600, Loss: 0.0198
[07:29:14] {train_network.py:175} INFO - Epoch: 17, Batch: 700, Loss: 0.1082
[07:29:32] {train_network.py:175} INFO - Epoch: 17, Batch: 800, Loss: 0.0562
[07:29:51] {train_network.py:175} INFO - Epoch: 17, Batch: 900, Loss: 0.0528
[07:30:11] {train_network.py:326} INFO - Validating...
[07:30:14] {train_network.py:329} INFO - 83/89 = 0.932584
[07:30:14] {train_network.py:317} INFO - Beginning Epoch 18
[07:30:33] {train_network.py:175} INFO - Epoch: 18, Batch: 100, Loss: 0.0772
[07:30:51] {train_network.py:175} INFO - Epoch: 18, Batch: 200, Loss: 0.0639
[07:31:10] {train_network.py:175} INFO - Epoch: 18, Batch: 300, Loss: 0.0587
[07:31:28] {train_network.py:175} INFO - Epoch: 18, Batch: 400, Loss: 0.0250
[07:31:47] {train_network.py:175} INFO - Epoch: 18, Batch: 500, Loss: 0.0599
[07:32:06] {train_network.py:175} INFO - Epoch: 18, Batch: 600, Loss: 0.0909
[07:32:24] {train_network.py:175} INFO - Epoch: 18, Batch: 700, Loss: 0.0671
[07:32:43] {train_network.py:175} INFO - Epoch: 18, Batch: 800, Loss: 0.0446
[07:33:02] {train_network.py:175} INFO - Epoch: 18, Batch: 900, Loss: 0.0516
[07:33:22] {train_network.py:326} INFO - Validating...
[07:33:26] {train_network.py:329} INFO - 84/89 = 0.943820
[07:33:26] {train_network.py:317} INFO - Beginning Epoch 19
[07:33:45] {train_network.py:175} INFO - Epoch: 19, Batch: 100, Loss: 0.0625
[07:34:04] {train_network.py:175} INFO - Epoch: 19, Batch: 200, Loss: 0.0535
[07:34:23] {train_network.py:175} INFO - Epoch: 19, Batch: 300, Loss: 0.0501
[07:34:41] {train_network.py:175} INFO - Epoch: 19, Batch: 400, Loss: 0.0403
[07:34:59] {train_network.py:175} INFO - Epoch: 19, Batch: 500, Loss: 0.1126
[07:35:18] {train_network.py:175} INFO - Epoch: 19, Batch: 600, Loss: 0.0673
[07:35:36] {train_network.py:175} INFO - Epoch: 19, Batch: 700, Loss: 0.1078
[07:35:54] {train_network.py:175} INFO - Epoch: 19, Batch: 800, Loss: 0.0491
[07:36:13] {train_network.py:175} INFO - Epoch: 19, Batch: 900, Loss: 0.0455
[07:36:32] {train_network.py:326} INFO - Validating...
[07:36:35] {train_network.py:329} INFO - 84/89 = 0.943820
[07:36:35] {train_network.py:317} INFO - Beginning Epoch 20
[07:36:54] {train_network.py:175} INFO - Epoch: 20, Batch: 100, Loss: 0.1114
[07:37:12] {train_network.py:175} INFO - Epoch: 20, Batch: 200, Loss: 0.0347
[07:37:31] {train_network.py:175} INFO - Epoch: 20, Batch: 300, Loss: 0.0618
[07:37:50] {train_network.py:175} INFO - Epoch: 20, Batch: 400, Loss: 0.0760
[07:38:09] {train_network.py:175} INFO - Epoch: 20, Batch: 500, Loss: 0.1225
[07:38:28] {train_network.py:175} INFO - Epoch: 20, Batch: 600, Loss: 0.0423
[07:38:47] {train_network.py:175} INFO - Epoch: 20, Batch: 700, Loss: 0.0287
[07:39:06] {train_network.py:175} INFO - Epoch: 20, Batch: 800, Loss: 0.0559
[07:39:25] {train_network.py:175} INFO - Epoch: 20, Batch: 900, Loss: 0.0283
[07:39:46] {train_network.py:326} INFO - Validating...
[07:39:49] {train_network.py:329} INFO - 79/89 = 0.887640
[07:39:49] {train_network.py:317} INFO - Beginning Epoch 21
[07:40:08] {train_network.py:175} INFO - Epoch: 21, Batch: 100, Loss: 0.0722
[07:40:26] {train_network.py:175} INFO - Epoch: 21, Batch: 200, Loss: 0.0667
[07:40:45] {train_network.py:175} INFO - Epoch: 21, Batch: 300, Loss: 0.0697
[07:41:04] {train_network.py:175} INFO - Epoch: 21, Batch: 400, Loss: 0.0248
[07:41:23] {train_network.py:175} INFO - Epoch: 21, Batch: 500, Loss: 0.1522
[07:41:42] {train_network.py:175} INFO - Epoch: 21, Batch: 600, Loss: 0.0357
[07:42:01] {train_network.py:175} INFO - Epoch: 21, Batch: 700, Loss: 0.0622
[07:42:20] {train_network.py:175} INFO - Epoch: 21, Batch: 800, Loss: 0.0399
[07:42:39] {train_network.py:175} INFO - Epoch: 21, Batch: 900, Loss: 0.0287
[07:43:00] {train_network.py:326} INFO - Validating...
[07:43:03] {train_network.py:329} INFO - 84/89 = 0.943820
[07:43:03] {train_network.py:317} INFO - Beginning Epoch 22
[07:43:22] {train_network.py:175} INFO - Epoch: 22, Batch: 100, Loss: 0.0290
[07:43:41] {train_network.py:175} INFO - Epoch: 22, Batch: 200, Loss: 0.0194
[07:44:00] {train_network.py:175} INFO - Epoch: 22, Batch: 300, Loss: 0.0363
[07:44:18] {train_network.py:175} INFO - Epoch: 22, Batch: 400, Loss: 0.0251
[07:44:37] {train_network.py:175} INFO - Epoch: 22, Batch: 500, Loss: 0.0574
[07:44:57] {train_network.py:175} INFO - Epoch: 22, Batch: 600, Loss: 0.0378
[07:45:16] {train_network.py:175} INFO - Epoch: 22, Batch: 700, Loss: 0.0807
[07:45:35] {train_network.py:175} INFO - Epoch: 22, Batch: 800, Loss: 0.0320
[07:45:54] {train_network.py:175} INFO - Epoch: 22, Batch: 900, Loss: 0.0467
[07:46:15] {train_network.py:326} INFO - Validating...
[07:46:18] {train_network.py:329} INFO - 86/89 = 0.966292
[07:46:18] {train_network.py:317} INFO - Beginning Epoch 23
[07:46:36] {train_network.py:175} INFO - Epoch: 23, Batch: 100, Loss: 0.0442
[07:46:55] {train_network.py:175} INFO - Epoch: 23, Batch: 200, Loss: 0.0722
[07:47:14] {train_network.py:175} INFO - Epoch: 23, Batch: 300, Loss: 0.0459
[07:47:33] {train_network.py:175} INFO - Epoch: 23, Batch: 400, Loss: 0.0597
[07:47:51] {train_network.py:175} INFO - Epoch: 23, Batch: 500, Loss: 0.0871
[07:48:10] {train_network.py:175} INFO - Epoch: 23, Batch: 600, Loss: 0.0704
[07:48:28] {train_network.py:175} INFO - Epoch: 23, Batch: 700, Loss: 0.0781
[07:48:47] {train_network.py:175} INFO - Epoch: 23, Batch: 800, Loss: 0.0888
[07:49:05] {train_network.py:175} INFO - Epoch: 23, Batch: 900, Loss: 0.0666
[07:49:26] {train_network.py:326} INFO - Validating...
[07:49:29] {train_network.py:329} INFO - 81/89 = 0.910112
[07:49:29] {train_network.py:317} INFO - Beginning Epoch 24
[07:49:47] {train_network.py:175} INFO - Epoch: 24, Batch: 100, Loss: 0.0291
[07:50:06] {train_network.py:175} INFO - Epoch: 24, Batch: 200, Loss: 0.1334
[07:50:25] {train_network.py:175} INFO - Epoch: 24, Batch: 300, Loss: 0.0744
[07:50:44] {train_network.py:175} INFO - Epoch: 24, Batch: 400, Loss: 0.0646
[07:51:02] {train_network.py:175} INFO - Epoch: 24, Batch: 500, Loss: 0.0435
[07:51:21] {train_network.py:175} INFO - Epoch: 24, Batch: 600, Loss: 0.1115
[07:51:40] {train_network.py:175} INFO - Epoch: 24, Batch: 700, Loss: 0.0577
[07:51:58] {train_network.py:175} INFO - Epoch: 24, Batch: 800, Loss: 0.0426
[07:52:17] {train_network.py:175} INFO - Epoch: 24, Batch: 900, Loss: 0.0717
[07:52:37] {train_network.py:326} INFO - Validating...
[07:52:40] {train_network.py:329} INFO - 79/89 = 0.887640
[07:52:40] {train_network.py:317} INFO - Beginning Epoch 25
[07:52:59] {train_network.py:175} INFO - Epoch: 25, Batch: 100, Loss: 0.0862
[07:53:18] {train_network.py:175} INFO - Epoch: 25, Batch: 200, Loss: 0.0711
[07:53:36] {train_network.py:175} INFO - Epoch: 25, Batch: 300, Loss: 0.1147
[07:53:55] {train_network.py:175} INFO - Epoch: 25, Batch: 400, Loss: 0.0237
[07:54:13] {train_network.py:175} INFO - Epoch: 25, Batch: 500, Loss: 0.0422
[07:54:32] {train_network.py:175} INFO - Epoch: 25, Batch: 600, Loss: 0.0560
[07:54:51] {train_network.py:175} INFO - Epoch: 25, Batch: 700, Loss: 0.0336
[07:55:10] {train_network.py:175} INFO - Epoch: 25, Batch: 800, Loss: 0.0329
[07:55:29] {train_network.py:175} INFO - Epoch: 25, Batch: 900, Loss: 0.0487
[07:55:49] {train_network.py:326} INFO - Validating...
[07:55:53] {train_network.py:329} INFO - 81/89 = 0.910112
[07:55:53] {train_network.py:317} INFO - Beginning Epoch 26
[07:56:12] {train_network.py:175} INFO - Epoch: 26, Batch: 100, Loss: 0.0489
[07:56:30] {train_network.py:175} INFO - Epoch: 26, Batch: 200, Loss: 0.0680
[07:56:49] {train_network.py:175} INFO - Epoch: 26, Batch: 300, Loss: 0.0236
[07:57:08] {train_network.py:175} INFO - Epoch: 26, Batch: 400, Loss: 0.0914
[07:57:27] {train_network.py:175} INFO - Epoch: 26, Batch: 500, Loss: 0.0218
[07:57:46] {train_network.py:175} INFO - Epoch: 26, Batch: 600, Loss: 0.0460
[07:58:05] {train_network.py:175} INFO - Epoch: 26, Batch: 700, Loss: 0.0419
[07:58:24] {train_network.py:175} INFO - Epoch: 26, Batch: 800, Loss: 0.1207
[07:58:43] {train_network.py:175} INFO - Epoch: 26, Batch: 900, Loss: 0.0736
[07:59:03] {train_network.py:326} INFO - Validating...
[07:59:06] {train_network.py:329} INFO - 83/89 = 0.932584
[07:59:06] {train_network.py:317} INFO - Beginning Epoch 27
[07:59:25] {train_network.py:175} INFO - Epoch: 27, Batch: 100, Loss: 0.0445
[07:59:44] {train_network.py:175} INFO - Epoch: 27, Batch: 200, Loss: 0.0994
[08:00:02] {train_network.py:175} INFO - Epoch: 27, Batch: 300, Loss: 0.0428
[08:00:21] {train_network.py:175} INFO - Epoch: 27, Batch: 400, Loss: 0.0567
[08:00:39] {train_network.py:175} INFO - Epoch: 27, Batch: 500, Loss: 0.0668
[08:00:58] {train_network.py:175} INFO - Epoch: 27, Batch: 600, Loss: 0.0482
[08:01:16] {train_network.py:175} INFO - Epoch: 27, Batch: 700, Loss: 0.0811
[08:01:35] {train_network.py:175} INFO - Epoch: 27, Batch: 800, Loss: 0.0282
[08:01:53] {train_network.py:175} INFO - Epoch: 27, Batch: 900, Loss: 0.0783
[08:02:13] {train_network.py:326} INFO - Validating...
[08:02:16] {train_network.py:329} INFO - 88/89 = 0.988764
[08:02:17] {train_network.py:317} INFO - Beginning Epoch 28
[08:02:36] {train_network.py:175} INFO - Epoch: 28, Batch: 100, Loss: 0.0388
[08:02:55] {train_network.py:175} INFO - Epoch: 28, Batch: 200, Loss: 0.0544
[08:03:13] {train_network.py:175} INFO - Epoch: 28, Batch: 300, Loss: 0.0756
[08:03:32] {train_network.py:175} INFO - Epoch: 28, Batch: 400, Loss: 0.0369
[08:03:50] {train_network.py:175} INFO - Epoch: 28, Batch: 500, Loss: 0.0428
[08:04:08] {train_network.py:175} INFO - Epoch: 28, Batch: 600, Loss: 0.0206
[08:04:27] {train_network.py:175} INFO - Epoch: 28, Batch: 700, Loss: 0.0445
[08:04:45] {train_network.py:175} INFO - Epoch: 28, Batch: 800, Loss: 0.0447
[08:05:03] {train_network.py:175} INFO - Epoch: 28, Batch: 900, Loss: 0.0521
[08:05:23] {train_network.py:326} INFO - Validating...
[08:05:26] {train_network.py:329} INFO - 82/89 = 0.921348
[08:05:26] {train_network.py:317} INFO - Beginning Epoch 29
[08:05:45] {train_network.py:175} INFO - Epoch: 29, Batch: 100, Loss: 0.0334
[08:06:03] {train_network.py:175} INFO - Epoch: 29, Batch: 200, Loss: 0.0468
[08:06:22] {train_network.py:175} INFO - Epoch: 29, Batch: 300, Loss: 0.0316
[08:06:40] {train_network.py:175} INFO - Epoch: 29, Batch: 400, Loss: 0.0198
[08:06:59] {train_network.py:175} INFO - Epoch: 29, Batch: 500, Loss: 0.0233
[08:07:17] {train_network.py:175} INFO - Epoch: 29, Batch: 600, Loss: 0.0336
[08:07:36] {train_network.py:175} INFO - Epoch: 29, Batch: 700, Loss: 0.0456
[08:07:54] {train_network.py:175} INFO - Epoch: 29, Batch: 800, Loss: 0.0467
[08:08:13] {train_network.py:175} INFO - Epoch: 29, Batch: 900, Loss: 0.0590
[08:08:33] {train_network.py:326} INFO - Validating...
[08:08:36] {train_network.py:329} INFO - 78/89 = 0.876404
[08:08:36] {train_network.py:317} INFO - Beginning Epoch 30
[08:08:54] {train_network.py:175} INFO - Epoch: 30, Batch: 100, Loss: 0.0648
[08:09:13] {train_network.py:175} INFO - Epoch: 30, Batch: 200, Loss: 0.0348
[08:09:32] {train_network.py:175} INFO - Epoch: 30, Batch: 300, Loss: 0.0347
[08:09:50] {train_network.py:175} INFO - Epoch: 30, Batch: 400, Loss: 0.0383
[08:10:09] {train_network.py:175} INFO - Epoch: 30, Batch: 500, Loss: 0.0638
[08:10:28] {train_network.py:175} INFO - Epoch: 30, Batch: 600, Loss: 0.0381
[08:10:47] {train_network.py:175} INFO - Epoch: 30, Batch: 700, Loss: 0.0921
[08:11:05] {train_network.py:175} INFO - Epoch: 30, Batch: 800, Loss: 0.0493
[08:11:24] {train_network.py:175} INFO - Epoch: 30, Batch: 900, Loss: 0.0477
[08:11:43] {train_network.py:326} INFO - Validating...
[08:11:46] {train_network.py:329} INFO - 85/89 = 0.955056
[08:11:46] {train_network.py:317} INFO - Beginning Epoch 31
[08:12:04] {train_network.py:175} INFO - Epoch: 31, Batch: 100, Loss: 0.0335
[08:12:23] {train_network.py:175} INFO - Epoch: 31, Batch: 200, Loss: 0.0450
[08:12:42] {train_network.py:175} INFO - Epoch: 31, Batch: 300, Loss: 0.0214
[08:13:00] {train_network.py:175} INFO - Epoch: 31, Batch: 400, Loss: 0.0375
[08:13:18] {train_network.py:175} INFO - Epoch: 31, Batch: 500, Loss: 0.0949
[08:13:37] {train_network.py:175} INFO - Epoch: 31, Batch: 600, Loss: 0.0277
[08:13:55] {train_network.py:175} INFO - Epoch: 31, Batch: 700, Loss: 0.0503
[08:14:14] {train_network.py:175} INFO - Epoch: 31, Batch: 800, Loss: 0.0993
[08:14:32] {train_network.py:175} INFO - Epoch: 31, Batch: 900, Loss: 0.1192
[08:14:52] {train_network.py:326} INFO - Validating...
[08:14:55] {train_network.py:329} INFO - 87/89 = 0.977528
[08:14:55] {train_network.py:317} INFO - Beginning Epoch 32
[08:15:14] {train_network.py:175} INFO - Epoch: 32, Batch: 100, Loss: 0.0406
[08:15:32] {train_network.py:175} INFO - Epoch: 32, Batch: 200, Loss: 0.0318
[08:15:51] {train_network.py:175} INFO - Epoch: 32, Batch: 300, Loss: 0.0474
[08:16:09] {train_network.py:175} INFO - Epoch: 32, Batch: 400, Loss: 0.0254
[08:16:27] {train_network.py:175} INFO - Epoch: 32, Batch: 500, Loss: 0.0599
[08:16:46] {train_network.py:175} INFO - Epoch: 32, Batch: 600, Loss: 0.0621
[08:17:04] {train_network.py:175} INFO - Epoch: 32, Batch: 700, Loss: 0.0644
[08:17:22] {train_network.py:175} INFO - Epoch: 32, Batch: 800, Loss: 0.0460
[08:17:41] {train_network.py:175} INFO - Epoch: 32, Batch: 900, Loss: 0.0714
[08:18:01] {train_network.py:326} INFO - Validating...
[08:18:04] {train_network.py:329} INFO - 82/89 = 0.921348
[08:18:04] {train_network.py:317} INFO - Beginning Epoch 33
[08:18:23] {train_network.py:175} INFO - Epoch: 33, Batch: 100, Loss: 0.0402
[08:18:42] {train_network.py:175} INFO - Epoch: 33, Batch: 200, Loss: 0.0439
[08:19:01] {train_network.py:175} INFO - Epoch: 33, Batch: 300, Loss: 0.0552
[08:19:20] {train_network.py:175} INFO - Epoch: 33, Batch: 400, Loss: 0.0558
[08:19:39] {train_network.py:175} INFO - Epoch: 33, Batch: 500, Loss: 0.0650
[08:19:58] {train_network.py:175} INFO - Epoch: 33, Batch: 600, Loss: 0.0426
[08:20:17] {train_network.py:175} INFO - Epoch: 33, Batch: 700, Loss: 0.0355
[08:20:36] {train_network.py:175} INFO - Epoch: 33, Batch: 800, Loss: 0.0267
[08:20:55] {train_network.py:175} INFO - Epoch: 33, Batch: 900, Loss: 0.1460
[08:21:15] {train_network.py:326} INFO - Validating...
[08:21:18] {train_network.py:329} INFO - 83/89 = 0.932584
[08:21:18] {train_network.py:317} INFO - Beginning Epoch 34
[08:21:37] {train_network.py:175} INFO - Epoch: 34, Batch: 100, Loss: 0.0338
[08:21:56] {train_network.py:175} INFO - Epoch: 34, Batch: 200, Loss: 0.0391
[08:22:15] {train_network.py:175} INFO - Epoch: 34, Batch: 300, Loss: 0.0710
[08:22:34] {train_network.py:175} INFO - Epoch: 34, Batch: 400, Loss: 0.0663
[08:22:53] {train_network.py:175} INFO - Epoch: 34, Batch: 500, Loss: 0.0500
[08:23:12] {train_network.py:175} INFO - Epoch: 34, Batch: 600, Loss: 0.0181
[08:23:31] {train_network.py:175} INFO - Epoch: 34, Batch: 700, Loss: 0.0990
[08:23:49] {train_network.py:175} INFO - Epoch: 34, Batch: 800, Loss: 0.0791
[08:24:08] {train_network.py:175} INFO - Epoch: 34, Batch: 900, Loss: 0.0543
[08:24:27] {train_network.py:326} INFO - Validating...
[08:24:30] {train_network.py:329} INFO - 82/89 = 0.921348
[08:24:30] {train_network.py:317} INFO - Beginning Epoch 35
[08:24:48] {train_network.py:175} INFO - Epoch: 35, Batch: 100, Loss: 0.0277
[08:25:07] {train_network.py:175} INFO - Epoch: 35, Batch: 200, Loss: 0.0556
[08:25:25] {train_network.py:175} INFO - Epoch: 35, Batch: 300, Loss: 0.0388
[08:25:44] {train_network.py:175} INFO - Epoch: 35, Batch: 400, Loss: 0.0481
[08:26:02] {train_network.py:175} INFO - Epoch: 35, Batch: 500, Loss: 0.0383
[08:26:20] {train_network.py:175} INFO - Epoch: 35, Batch: 600, Loss: 0.0278
[08:26:39] {train_network.py:175} INFO - Epoch: 35, Batch: 700, Loss: 0.0449
[08:26:57] {train_network.py:175} INFO - Epoch: 35, Batch: 800, Loss: 0.0808
[08:27:15] {train_network.py:175} INFO - Epoch: 35, Batch: 900, Loss: 0.0567
[08:27:35] {train_network.py:326} INFO - Validating...
[08:27:38] {train_network.py:329} INFO - 83/89 = 0.932584
[08:27:38] {train_network.py:317} INFO - Beginning Epoch 36
[08:27:56] {train_network.py:175} INFO - Epoch: 36, Batch: 100, Loss: 0.0731
[08:28:15] {train_network.py:175} INFO - Epoch: 36, Batch: 200, Loss: 0.0752
[08:28:33] {train_network.py:175} INFO - Epoch: 36, Batch: 300, Loss: 0.0275
[08:28:51] {train_network.py:175} INFO - Epoch: 36, Batch: 400, Loss: 0.0527
[08:29:09] {train_network.py:175} INFO - Epoch: 36, Batch: 500, Loss: 0.0404
[08:29:28] {train_network.py:175} INFO - Epoch: 36, Batch: 600, Loss: 0.0482
[08:29:46] {train_network.py:175} INFO - Epoch: 36, Batch: 700, Loss: 0.0640
[08:30:05] {train_network.py:175} INFO - Epoch: 36, Batch: 800, Loss: 0.0642
[08:30:23] {train_network.py:175} INFO - Epoch: 36, Batch: 900, Loss: 0.0304
[08:30:42] {train_network.py:326} INFO - Validating...
[08:30:45] {train_network.py:329} INFO - 81/89 = 0.910112
[08:30:45] {train_network.py:317} INFO - Beginning Epoch 37
[08:31:04] {train_network.py:175} INFO - Epoch: 37, Batch: 100, Loss: 0.0421
[08:31:22] {train_network.py:175} INFO - Epoch: 37, Batch: 200, Loss: 0.0277
[08:31:40] {train_network.py:175} INFO - Epoch: 37, Batch: 300, Loss: 0.0567
[08:31:59] {train_network.py:175} INFO - Epoch: 37, Batch: 400, Loss: 0.0337
[08:32:17] {train_network.py:175} INFO - Epoch: 37, Batch: 500, Loss: 0.0140
[08:32:35] {train_network.py:175} INFO - Epoch: 37, Batch: 600, Loss: 0.0614
[08:32:54] {train_network.py:175} INFO - Epoch: 37, Batch: 700, Loss: 0.0392
[08:33:12] {train_network.py:175} INFO - Epoch: 37, Batch: 800, Loss: 0.0576
[08:33:30] {train_network.py:175} INFO - Epoch: 37, Batch: 900, Loss: 0.0431
[08:33:50] {train_network.py:326} INFO - Validating...
[08:33:53] {train_network.py:329} INFO - 80/89 = 0.898876
[08:33:53] {train_network.py:317} INFO - Beginning Epoch 38
[08:34:12] {train_network.py:175} INFO - Epoch: 38, Batch: 100, Loss: 0.0346
[08:34:30] {train_network.py:175} INFO - Epoch: 38, Batch: 200, Loss: 0.0545
[08:34:48] {train_network.py:175} INFO - Epoch: 38, Batch: 300, Loss: 0.0731
[08:35:06] {train_network.py:175} INFO - Epoch: 38, Batch: 400, Loss: 0.0100
[08:35:25] {train_network.py:175} INFO - Epoch: 38, Batch: 500, Loss: 0.0614
[08:35:44] {train_network.py:175} INFO - Epoch: 38, Batch: 600, Loss: 0.0425
[08:36:03] {train_network.py:175} INFO - Epoch: 38, Batch: 700, Loss: 0.0622
[08:36:21] {train_network.py:175} INFO - Epoch: 38, Batch: 800, Loss: 0.0437
[08:36:40] {train_network.py:175} INFO - Epoch: 38, Batch: 900, Loss: 0.0429
[08:37:01] {train_network.py:326} INFO - Validating...
[08:37:04] {train_network.py:329} INFO - 84/89 = 0.943820
[08:37:04] {train_network.py:317} INFO - Beginning Epoch 39
[08:37:23] {train_network.py:175} INFO - Epoch: 39, Batch: 100, Loss: 0.0990
[08:37:42] {train_network.py:175} INFO - Epoch: 39, Batch: 200, Loss: 0.0483
[08:38:00] {train_network.py:175} INFO - Epoch: 39, Batch: 300, Loss: 0.0996
[08:38:19] {train_network.py:175} INFO - Epoch: 39, Batch: 400, Loss: 0.0588
[08:38:37] {train_network.py:175} INFO - Epoch: 39, Batch: 500, Loss: 0.0556
[08:38:56] {train_network.py:175} INFO - Epoch: 39, Batch: 600, Loss: 0.1117
[08:39:15] {train_network.py:175} INFO - Epoch: 39, Batch: 700, Loss: 0.0332
[08:39:34] {train_network.py:175} INFO - Epoch: 39, Batch: 800, Loss: 0.0382
[08:39:52] {train_network.py:175} INFO - Epoch: 39, Batch: 900, Loss: 0.0939
[08:40:12] {train_network.py:326} INFO - Validating...
[08:40:15] {train_network.py:329} INFO - 81/89 = 0.910112
[08:40:15] {train_network.py:317} INFO - Beginning Epoch 40
[08:40:33] {train_network.py:175} INFO - Epoch: 40, Batch: 100, Loss: 0.0426
[08:40:52] {train_network.py:175} INFO - Epoch: 40, Batch: 200, Loss: 0.0272
[08:41:10] {train_network.py:175} INFO - Epoch: 40, Batch: 300, Loss: 0.0557
[08:41:29] {train_network.py:175} INFO - Epoch: 40, Batch: 400, Loss: 0.0885
[08:41:48] {train_network.py:175} INFO - Epoch: 40, Batch: 500, Loss: 0.0512
[08:42:07] {train_network.py:175} INFO - Epoch: 40, Batch: 600, Loss: 0.0770
[08:42:25] {train_network.py:175} INFO - Epoch: 40, Batch: 700, Loss: 0.0383
[08:42:44] {train_network.py:175} INFO - Epoch: 40, Batch: 800, Loss: 0.0248
[08:43:03] {train_network.py:175} INFO - Epoch: 40, Batch: 900, Loss: 0.0437
[08:43:24] {train_network.py:326} INFO - Validating...
[08:43:27] {train_network.py:329} INFO - 78/89 = 0.876404
[08:43:27] {train_network.py:317} INFO - Beginning Epoch 41
[08:43:46] {train_network.py:175} INFO - Epoch: 41, Batch: 100, Loss: 0.0305
[08:44:05] {train_network.py:175} INFO - Epoch: 41, Batch: 200, Loss: 0.0179
[08:44:24] {train_network.py:175} INFO - Epoch: 41, Batch: 300, Loss: 0.0455
[08:44:44] {train_network.py:175} INFO - Epoch: 41, Batch: 400, Loss: 0.0357
[08:45:02] {train_network.py:175} INFO - Epoch: 41, Batch: 500, Loss: 0.0783
[08:45:21] {train_network.py:175} INFO - Epoch: 41, Batch: 600, Loss: 0.0383
[08:45:39] {train_network.py:175} INFO - Epoch: 41, Batch: 700, Loss: 0.0256
[08:45:58] {train_network.py:175} INFO - Epoch: 41, Batch: 800, Loss: 0.0533
[08:46:17] {train_network.py:175} INFO - Epoch: 41, Batch: 900, Loss: 0.0450
[08:46:39] {train_network.py:326} INFO - Validating...
[08:46:42] {train_network.py:329} INFO - 79/89 = 0.887640
[08:46:42] {train_network.py:317} INFO - Beginning Epoch 42
[08:47:01] {train_network.py:175} INFO - Epoch: 42, Batch: 100, Loss: 0.0458
[08:47:20] {train_network.py:175} INFO - Epoch: 42, Batch: 200, Loss: 0.0633
[08:47:39] {train_network.py:175} INFO - Epoch: 42, Batch: 300, Loss: 0.0672
[08:47:59] {train_network.py:175} INFO - Epoch: 42, Batch: 400, Loss: 0.0398
[08:48:19] {train_network.py:175} INFO - Epoch: 42, Batch: 500, Loss: 0.0166
[08:48:39] {train_network.py:175} INFO - Epoch: 42, Batch: 600, Loss: 0.0381
[08:48:57] {train_network.py:175} INFO - Epoch: 42, Batch: 700, Loss: 0.0164
[08:49:16] {train_network.py:175} INFO - Epoch: 42, Batch: 800, Loss: 0.0412
[08:49:35] {train_network.py:175} INFO - Epoch: 42, Batch: 900, Loss: 0.0297
[08:49:56] {train_network.py:326} INFO - Validating...
[08:49:59] {train_network.py:329} INFO - 81/89 = 0.910112
[08:49:59] {train_network.py:317} INFO - Beginning Epoch 43
[08:50:18] {train_network.py:175} INFO - Epoch: 43, Batch: 100, Loss: 0.0482
[08:50:36] {train_network.py:175} INFO - Epoch: 43, Batch: 200, Loss: 0.0690
[08:50:55] {train_network.py:175} INFO - Epoch: 43, Batch: 300, Loss: 0.0406
[08:51:14] {train_network.py:175} INFO - Epoch: 43, Batch: 400, Loss: 0.0798
[08:51:33] {train_network.py:175} INFO - Epoch: 43, Batch: 500, Loss: 0.0508
[08:51:52] {train_network.py:175} INFO - Epoch: 43, Batch: 600, Loss: 0.0595
[08:52:10] {train_network.py:175} INFO - Epoch: 43, Batch: 700, Loss: 0.0220
[08:52:29] {train_network.py:175} INFO - Epoch: 43, Batch: 800, Loss: 0.0774
[08:52:48] {train_network.py:175} INFO - Epoch: 43, Batch: 900, Loss: 0.0333
[08:53:08] {train_network.py:326} INFO - Validating...
[08:53:11] {train_network.py:329} INFO - 81/89 = 0.910112
[08:53:11] {train_network.py:317} INFO - Beginning Epoch 44
[08:53:30] {train_network.py:175} INFO - Epoch: 44, Batch: 100, Loss: 0.0356
[08:53:49] {train_network.py:175} INFO - Epoch: 44, Batch: 200, Loss: 0.0332
[08:54:08] {train_network.py:175} INFO - Epoch: 44, Batch: 300, Loss: 0.0292
[08:54:27] {train_network.py:175} INFO - Epoch: 44, Batch: 400, Loss: 0.0256
[08:54:46] {train_network.py:175} INFO - Epoch: 44, Batch: 500, Loss: 0.0932
[08:55:05] {train_network.py:175} INFO - Epoch: 44, Batch: 600, Loss: 0.0240
[08:55:23] {train_network.py:175} INFO - Epoch: 44, Batch: 700, Loss: 0.0317
[08:55:42] {train_network.py:175} INFO - Epoch: 44, Batch: 800, Loss: 0.0196
[08:56:01] {train_network.py:175} INFO - Epoch: 44, Batch: 900, Loss: 0.0481
[08:56:21] {train_network.py:326} INFO - Validating...
[08:56:24] {train_network.py:329} INFO - 81/89 = 0.910112
[08:56:24] {train_network.py:317} INFO - Beginning Epoch 45
[08:56:42] {train_network.py:175} INFO - Epoch: 45, Batch: 100, Loss: 0.0603
[08:57:01] {train_network.py:175} INFO - Epoch: 45, Batch: 200, Loss: 0.0164
[08:57:20] {train_network.py:175} INFO - Epoch: 45, Batch: 300, Loss: 0.0698
[08:57:38] {train_network.py:175} INFO - Epoch: 45, Batch: 400, Loss: 0.0732
[08:57:57] {train_network.py:175} INFO - Epoch: 45, Batch: 500, Loss: 0.0245
[08:58:15] {train_network.py:175} INFO - Epoch: 45, Batch: 600, Loss: 0.0257
[08:58:33] {train_network.py:175} INFO - Epoch: 45, Batch: 700, Loss: 0.0579
[08:58:52] {train_network.py:175} INFO - Epoch: 45, Batch: 800, Loss: 0.0428
[08:59:10] {train_network.py:175} INFO - Epoch: 45, Batch: 900, Loss: 0.0319
[08:59:30] {train_network.py:326} INFO - Validating...
[08:59:33] {train_network.py:329} INFO - 82/89 = 0.921348
[08:59:33] {train_network.py:317} INFO - Beginning Epoch 46
[08:59:51] {train_network.py:175} INFO - Epoch: 46, Batch: 100, Loss: 0.0235
[09:00:10] {train_network.py:175} INFO - Epoch: 46, Batch: 200, Loss: 0.0199
[09:00:28] {train_network.py:175} INFO - Epoch: 46, Batch: 300, Loss: 0.0490
[09:00:47] {train_network.py:175} INFO - Epoch: 46, Batch: 400, Loss: 0.0468
[09:01:05] {train_network.py:175} INFO - Epoch: 46, Batch: 500, Loss: 0.0710
[09:01:23] {train_network.py:175} INFO - Epoch: 46, Batch: 600, Loss: 0.0238
[09:01:42] {train_network.py:175} INFO - Epoch: 46, Batch: 700, Loss: 0.0241
[09:02:01] {train_network.py:175} INFO - Epoch: 46, Batch: 800, Loss: 0.0245
[09:02:19] {train_network.py:175} INFO - Epoch: 46, Batch: 900, Loss: 0.0383
[09:02:40] {train_network.py:326} INFO - Validating...
[09:02:43] {train_network.py:329} INFO - 79/89 = 0.887640
[09:02:43] {train_network.py:317} INFO - Beginning Epoch 47
[09:03:02] {train_network.py:175} INFO - Epoch: 47, Batch: 100, Loss: 0.0270
[09:03:22] {train_network.py:175} INFO - Epoch: 47, Batch: 200, Loss: 0.0165
[09:03:41] {train_network.py:175} INFO - Epoch: 47, Batch: 300, Loss: 0.1075
[09:04:00] {train_network.py:175} INFO - Epoch: 47, Batch: 400, Loss: 0.0306
[09:04:18] {train_network.py:175} INFO - Epoch: 47, Batch: 500, Loss: 0.0369
[09:04:37] {train_network.py:175} INFO - Epoch: 47, Batch: 600, Loss: 0.0209
[09:04:56] {train_network.py:175} INFO - Epoch: 47, Batch: 700, Loss: 0.0405
[09:05:15] {train_network.py:175} INFO - Epoch: 47, Batch: 800, Loss: 0.0376
[09:05:34] {train_network.py:175} INFO - Epoch: 47, Batch: 900, Loss: 0.0914
[09:05:54] {train_network.py:326} INFO - Validating...
[09:05:58] {train_network.py:329} INFO - 79/89 = 0.887640
[09:05:58] {train_network.py:317} INFO - Beginning Epoch 48
[09:06:16] {train_network.py:175} INFO - Epoch: 48, Batch: 100, Loss: 0.0285
[09:06:35] {train_network.py:175} INFO - Epoch: 48, Batch: 200, Loss: 0.0412
[09:06:54] {train_network.py:175} INFO - Epoch: 48, Batch: 300, Loss: 0.0332
[09:07:13] {train_network.py:175} INFO - Epoch: 48, Batch: 400, Loss: 0.0252
[09:07:32] {train_network.py:175} INFO - Epoch: 48, Batch: 500, Loss: 0.0183
[09:07:50] {train_network.py:175} INFO - Epoch: 48, Batch: 600, Loss: 0.0257
[09:08:09] {train_network.py:175} INFO - Epoch: 48, Batch: 700, Loss: 0.0586
[09:08:28] {train_network.py:175} INFO - Epoch: 48, Batch: 800, Loss: 0.0237
[09:08:47] {train_network.py:175} INFO - Epoch: 48, Batch: 900, Loss: 0.0585
[09:09:08] {train_network.py:326} INFO - Validating...
[09:09:11] {train_network.py:329} INFO - 80/89 = 0.898876
[09:09:11] {train_network.py:317} INFO - Beginning Epoch 49
[09:09:29] {train_network.py:175} INFO - Epoch: 49, Batch: 100, Loss: 0.0220
[09:09:48] {train_network.py:175} INFO - Epoch: 49, Batch: 200, Loss: 0.1174
[09:10:07] {train_network.py:175} INFO - Epoch: 49, Batch: 300, Loss: 0.0343
[09:10:26] {train_network.py:175} INFO - Epoch: 49, Batch: 400, Loss: 0.0419
[09:10:45] {train_network.py:175} INFO - Epoch: 49, Batch: 500, Loss: 0.0416
[09:11:03] {train_network.py:175} INFO - Epoch: 49, Batch: 600, Loss: 0.0281
[09:11:22] {train_network.py:175} INFO - Epoch: 49, Batch: 700, Loss: 0.0745
[09:11:41] {train_network.py:175} INFO - Epoch: 49, Batch: 800, Loss: 0.2282
[09:12:00] {train_network.py:175} INFO - Epoch: 49, Batch: 900, Loss: 0.1441
[09:12:20] {train_network.py:326} INFO - Validating...
[09:12:23] {train_network.py:329} INFO - 76/89 = 0.853933
