[19:56:04] {/workspace/KIidP-Gruppe-4/hardware/device.py:11} INFO - CUDA detected. Running with GPU acceleration.
[19:56:04] {train_network.py:247} INFO - Loading Cornell Dataset...
[19:56:04] {train_network.py:256} INFO - Dataset size is 885
[19:56:04] {train_network.py:265} INFO - Training size: 796
[19:56:04] {train_network.py:266} INFO - Validation size: 89
[19:56:04] {train_network.py:284} INFO - Done
[19:56:04] {train_network.py:287} INFO - Loading Network...
[19:56:05] {train_network.py:298} INFO - Done
[19:56:06] {train_network.py:317} INFO - Beginning Epoch 00
[19:56:26] {train_network.py:175} INFO - Epoch: 0, Batch: 100, Loss: 0.0706
[19:56:46] {train_network.py:175} INFO - Epoch: 0, Batch: 200, Loss: 0.1183
[19:57:07] {train_network.py:175} INFO - Epoch: 0, Batch: 300, Loss: 0.1561
[19:57:27] {train_network.py:175} INFO - Epoch: 0, Batch: 400, Loss: 0.0862
[19:57:48] {train_network.py:175} INFO - Epoch: 0, Batch: 500, Loss: 0.0669
[19:58:08] {train_network.py:175} INFO - Epoch: 0, Batch: 600, Loss: 0.0358
[19:58:29] {train_network.py:175} INFO - Epoch: 0, Batch: 700, Loss: 0.0999
[19:58:50] {train_network.py:175} INFO - Epoch: 0, Batch: 800, Loss: 0.0433
[19:59:10] {train_network.py:175} INFO - Epoch: 0, Batch: 900, Loss: 0.0769
[19:59:33] {train_network.py:326} INFO - Validating...
[19:59:36] {train_network.py:329} INFO - 76/89 = 0.853933
[19:59:36] {train_network.py:317} INFO - Beginning Epoch 01
[19:59:56] {train_network.py:175} INFO - Epoch: 1, Batch: 100, Loss: 0.0343
[20:00:17] {train_network.py:175} INFO - Epoch: 1, Batch: 200, Loss: 0.0538
[20:00:37] {train_network.py:175} INFO - Epoch: 1, Batch: 300, Loss: 0.1291
[20:00:58] {train_network.py:175} INFO - Epoch: 1, Batch: 400, Loss: 0.0629
[20:01:18] {train_network.py:175} INFO - Epoch: 1, Batch: 500, Loss: 0.0856
[20:01:38] {train_network.py:175} INFO - Epoch: 1, Batch: 600, Loss: 0.0354
[20:01:59] {train_network.py:175} INFO - Epoch: 1, Batch: 700, Loss: 0.0553
[20:02:20] {train_network.py:175} INFO - Epoch: 1, Batch: 800, Loss: 0.1852
[20:02:41] {train_network.py:175} INFO - Epoch: 1, Batch: 900, Loss: 0.0866
[20:03:03] {train_network.py:326} INFO - Validating...
[20:03:06] {train_network.py:329} INFO - 79/89 = 0.887640
[20:03:06] {train_network.py:317} INFO - Beginning Epoch 02
[20:03:26] {train_network.py:175} INFO - Epoch: 2, Batch: 100, Loss: 0.0776
[20:03:47] {train_network.py:175} INFO - Epoch: 2, Batch: 200, Loss: 0.0586
[20:04:07] {train_network.py:175} INFO - Epoch: 2, Batch: 300, Loss: 0.0485
[20:04:28] {train_network.py:175} INFO - Epoch: 2, Batch: 400, Loss: 0.0731
[20:04:49] {train_network.py:175} INFO - Epoch: 2, Batch: 500, Loss: 0.1823
[20:05:09] {train_network.py:175} INFO - Epoch: 2, Batch: 600, Loss: 0.0566
[20:05:30] {train_network.py:175} INFO - Epoch: 2, Batch: 700, Loss: 0.0425
[20:05:51] {train_network.py:175} INFO - Epoch: 2, Batch: 800, Loss: 0.0748
[20:06:11] {train_network.py:175} INFO - Epoch: 2, Batch: 900, Loss: 0.0467
[20:06:34] {train_network.py:326} INFO - Validating...
[20:06:37] {train_network.py:329} INFO - 85/89 = 0.955056
[20:06:37] {train_network.py:317} INFO - Beginning Epoch 03
[20:06:57] {train_network.py:175} INFO - Epoch: 3, Batch: 100, Loss: 0.0988
[20:07:18] {train_network.py:175} INFO - Epoch: 3, Batch: 200, Loss: 0.1018
[20:07:39] {train_network.py:175} INFO - Epoch: 3, Batch: 300, Loss: 0.0780
[20:07:59] {train_network.py:175} INFO - Epoch: 3, Batch: 400, Loss: 0.0488
[20:08:20] {train_network.py:175} INFO - Epoch: 3, Batch: 500, Loss: 0.0591
[20:08:40] {train_network.py:175} INFO - Epoch: 3, Batch: 600, Loss: 0.0477
[20:09:01] {train_network.py:175} INFO - Epoch: 3, Batch: 700, Loss: 0.0937
[20:09:21] {train_network.py:175} INFO - Epoch: 3, Batch: 800, Loss: 0.0931
[20:09:42] {train_network.py:175} INFO - Epoch: 3, Batch: 900, Loss: 0.0694
[20:10:04] {train_network.py:326} INFO - Validating...
[20:10:07] {train_network.py:329} INFO - 82/89 = 0.921348
[20:10:07] {train_network.py:317} INFO - Beginning Epoch 04
[20:10:28] {train_network.py:175} INFO - Epoch: 4, Batch: 100, Loss: 0.0859
[20:10:48] {train_network.py:175} INFO - Epoch: 4, Batch: 200, Loss: 0.0412
[20:11:09] {train_network.py:175} INFO - Epoch: 4, Batch: 300, Loss: 0.0255
[20:11:30] {train_network.py:175} INFO - Epoch: 4, Batch: 400, Loss: 0.0646
[20:11:50] {train_network.py:175} INFO - Epoch: 4, Batch: 500, Loss: 0.0511
[20:12:11] {train_network.py:175} INFO - Epoch: 4, Batch: 600, Loss: 0.0570
[20:12:32] {train_network.py:175} INFO - Epoch: 4, Batch: 700, Loss: 0.0905
[20:12:52] {train_network.py:175} INFO - Epoch: 4, Batch: 800, Loss: 0.1044
[20:13:13] {train_network.py:175} INFO - Epoch: 4, Batch: 900, Loss: 0.0621
[20:13:36] {train_network.py:326} INFO - Validating...
[20:13:39] {train_network.py:329} INFO - 86/89 = 0.966292
[20:13:39] {train_network.py:317} INFO - Beginning Epoch 05
[20:13:59] {train_network.py:175} INFO - Epoch: 5, Batch: 100, Loss: 0.1147
[20:14:20] {train_network.py:175} INFO - Epoch: 5, Batch: 200, Loss: 0.0659
[20:14:40] {train_network.py:175} INFO - Epoch: 5, Batch: 300, Loss: 0.0428
[20:15:01] {train_network.py:175} INFO - Epoch: 5, Batch: 400, Loss: 0.0400
[20:15:22] {train_network.py:175} INFO - Epoch: 5, Batch: 500, Loss: 0.0837
[20:15:42] {train_network.py:175} INFO - Epoch: 5, Batch: 600, Loss: 0.1161
[20:16:03] {train_network.py:175} INFO - Epoch: 5, Batch: 700, Loss: 0.0521
[20:16:23] {train_network.py:175} INFO - Epoch: 5, Batch: 800, Loss: 0.1220
[20:16:44] {train_network.py:175} INFO - Epoch: 5, Batch: 900, Loss: 0.0599
[20:17:06] {train_network.py:326} INFO - Validating...
[20:17:09] {train_network.py:329} INFO - 88/89 = 0.988764
[20:17:09] {train_network.py:317} INFO - Beginning Epoch 06
[20:17:30] {train_network.py:175} INFO - Epoch: 6, Batch: 100, Loss: 0.0642
[20:17:50] {train_network.py:175} INFO - Epoch: 6, Batch: 200, Loss: 0.0335
[20:18:11] {train_network.py:175} INFO - Epoch: 6, Batch: 300, Loss: 0.1427
[20:18:32] {train_network.py:175} INFO - Epoch: 6, Batch: 400, Loss: 0.0733
[20:18:52] {train_network.py:175} INFO - Epoch: 6, Batch: 500, Loss: 0.0945
[20:19:13] {train_network.py:175} INFO - Epoch: 6, Batch: 600, Loss: 0.0699
[20:19:33] {train_network.py:175} INFO - Epoch: 6, Batch: 700, Loss: 0.0992
[20:19:54] {train_network.py:175} INFO - Epoch: 6, Batch: 800, Loss: 0.0272
[20:20:14] {train_network.py:175} INFO - Epoch: 6, Batch: 900, Loss: 0.0286
[20:20:36] {train_network.py:326} INFO - Validating...
[20:20:39] {train_network.py:329} INFO - 83/89 = 0.932584
[20:20:39] {train_network.py:317} INFO - Beginning Epoch 07
[20:21:00] {train_network.py:175} INFO - Epoch: 7, Batch: 100, Loss: 0.0507
[20:21:20] {train_network.py:175} INFO - Epoch: 7, Batch: 200, Loss: 0.0430
[20:21:41] {train_network.py:175} INFO - Epoch: 7, Batch: 300, Loss: 0.0324
[20:22:02] {train_network.py:175} INFO - Epoch: 7, Batch: 400, Loss: 0.0423
[20:22:22] {train_network.py:175} INFO - Epoch: 7, Batch: 500, Loss: 0.0494
[20:22:43] {train_network.py:175} INFO - Epoch: 7, Batch: 600, Loss: 0.0444
[20:23:04] {train_network.py:175} INFO - Epoch: 7, Batch: 700, Loss: 0.1901
[20:23:24] {train_network.py:175} INFO - Epoch: 7, Batch: 800, Loss: 0.0343
[20:23:45] {train_network.py:175} INFO - Epoch: 7, Batch: 900, Loss: 0.0257
[20:24:08] {train_network.py:326} INFO - Validating...
[20:24:11] {train_network.py:329} INFO - 87/89 = 0.977528
[20:24:11] {train_network.py:317} INFO - Beginning Epoch 08
[20:24:31] {train_network.py:175} INFO - Epoch: 8, Batch: 100, Loss: 0.0280
[20:24:52] {train_network.py:175} INFO - Epoch: 8, Batch: 200, Loss: 0.0575
[20:25:12] {train_network.py:175} INFO - Epoch: 8, Batch: 300, Loss: 0.0463
[20:25:33] {train_network.py:175} INFO - Epoch: 8, Batch: 400, Loss: 0.0643
[20:25:54] {train_network.py:175} INFO - Epoch: 8, Batch: 500, Loss: 0.0350
[20:26:14] {train_network.py:175} INFO - Epoch: 8, Batch: 600, Loss: 0.0269
[20:26:35] {train_network.py:175} INFO - Epoch: 8, Batch: 700, Loss: 0.0888
[20:26:55] {train_network.py:175} INFO - Epoch: 8, Batch: 800, Loss: 0.1210
[20:27:16] {train_network.py:175} INFO - Epoch: 8, Batch: 900, Loss: 0.0402
[20:27:38] {train_network.py:326} INFO - Validating...
[20:27:41] {train_network.py:329} INFO - 81/89 = 0.910112
[20:27:41] {train_network.py:317} INFO - Beginning Epoch 09
[20:28:01] {train_network.py:175} INFO - Epoch: 9, Batch: 100, Loss: 0.0375
[20:28:22] {train_network.py:175} INFO - Epoch: 9, Batch: 200, Loss: 0.0687
[20:28:42] {train_network.py:175} INFO - Epoch: 9, Batch: 300, Loss: 0.0703
[20:29:03] {train_network.py:175} INFO - Epoch: 9, Batch: 400, Loss: 0.0415
[20:29:23] {train_network.py:175} INFO - Epoch: 9, Batch: 500, Loss: 0.0613
[20:29:44] {train_network.py:175} INFO - Epoch: 9, Batch: 600, Loss: 0.0262
[20:30:05] {train_network.py:175} INFO - Epoch: 9, Batch: 700, Loss: 0.1154
[20:30:25] {train_network.py:175} INFO - Epoch: 9, Batch: 800, Loss: 0.0285
[20:30:46] {train_network.py:175} INFO - Epoch: 9, Batch: 900, Loss: 0.0457
[20:31:08] {train_network.py:326} INFO - Validating...
[20:31:11] {train_network.py:329} INFO - 83/89 = 0.932584
[20:31:11] {train_network.py:317} INFO - Beginning Epoch 10
[20:31:32] {train_network.py:175} INFO - Epoch: 10, Batch: 100, Loss: 0.1491
[20:31:52] {train_network.py:175} INFO - Epoch: 10, Batch: 200, Loss: 0.0670
[20:32:13] {train_network.py:175} INFO - Epoch: 10, Batch: 300, Loss: 0.0502
[20:32:34] {train_network.py:175} INFO - Epoch: 10, Batch: 400, Loss: 0.0655
[20:32:54] {train_network.py:175} INFO - Epoch: 10, Batch: 500, Loss: 0.0450
[20:33:15] {train_network.py:175} INFO - Epoch: 10, Batch: 600, Loss: 0.0663
[20:33:35] {train_network.py:175} INFO - Epoch: 10, Batch: 700, Loss: 0.0263
[20:33:56] {train_network.py:175} INFO - Epoch: 10, Batch: 800, Loss: 0.0675
[20:34:16] {train_network.py:175} INFO - Epoch: 10, Batch: 900, Loss: 0.0301
[20:34:39] {train_network.py:326} INFO - Validating...
[20:34:42] {train_network.py:329} INFO - 76/89 = 0.853933
[20:34:42] {train_network.py:317} INFO - Beginning Epoch 11
[20:35:02] {train_network.py:175} INFO - Epoch: 11, Batch: 100, Loss: 0.1026
[20:35:23] {train_network.py:175} INFO - Epoch: 11, Batch: 200, Loss: 0.0345
[20:35:44] {train_network.py:175} INFO - Epoch: 11, Batch: 300, Loss: 0.0565
[20:36:04] {train_network.py:175} INFO - Epoch: 11, Batch: 400, Loss: 0.0286
[20:36:25] {train_network.py:175} INFO - Epoch: 11, Batch: 500, Loss: 0.1538
[20:36:46] {train_network.py:175} INFO - Epoch: 11, Batch: 600, Loss: 0.0886
[20:37:06] {train_network.py:175} INFO - Epoch: 11, Batch: 700, Loss: 0.0212
[20:37:27] {train_network.py:175} INFO - Epoch: 11, Batch: 800, Loss: 0.0758
[20:37:48] {train_network.py:175} INFO - Epoch: 11, Batch: 900, Loss: 0.0742
[20:38:10] {train_network.py:326} INFO - Validating...
[20:38:13] {train_network.py:329} INFO - 82/89 = 0.921348
[20:38:13] {train_network.py:317} INFO - Beginning Epoch 12
[20:38:33] {train_network.py:175} INFO - Epoch: 12, Batch: 100, Loss: 0.0306
[20:38:54] {train_network.py:175} INFO - Epoch: 12, Batch: 200, Loss: 0.0357
[20:39:15] {train_network.py:175} INFO - Epoch: 12, Batch: 300, Loss: 0.0552
[20:39:35] {train_network.py:175} INFO - Epoch: 12, Batch: 400, Loss: 0.1223
[20:39:56] {train_network.py:175} INFO - Epoch: 12, Batch: 500, Loss: 0.0127
[20:40:17] {train_network.py:175} INFO - Epoch: 12, Batch: 600, Loss: 0.0552
[20:40:37] {train_network.py:175} INFO - Epoch: 12, Batch: 700, Loss: 0.0844
[20:40:58] {train_network.py:175} INFO - Epoch: 12, Batch: 800, Loss: 0.0490
[20:41:18] {train_network.py:175} INFO - Epoch: 12, Batch: 900, Loss: 0.0311
[20:41:41] {train_network.py:326} INFO - Validating...
[20:41:44] {train_network.py:329} INFO - 82/89 = 0.921348
[20:41:44] {train_network.py:317} INFO - Beginning Epoch 13
[20:42:04] {train_network.py:175} INFO - Epoch: 13, Batch: 100, Loss: 0.0433
[20:42:25] {train_network.py:175} INFO - Epoch: 13, Batch: 200, Loss: 0.0253
[20:42:45] {train_network.py:175} INFO - Epoch: 13, Batch: 300, Loss: 0.0481
[20:43:06] {train_network.py:175} INFO - Epoch: 13, Batch: 400, Loss: 0.0486
[20:43:26] {train_network.py:175} INFO - Epoch: 13, Batch: 500, Loss: 0.0709
[20:43:47] {train_network.py:175} INFO - Epoch: 13, Batch: 600, Loss: 0.0223
[20:44:08] {train_network.py:175} INFO - Epoch: 13, Batch: 700, Loss: 0.0902
[20:44:28] {train_network.py:175} INFO - Epoch: 13, Batch: 800, Loss: 0.0432
[20:44:49] {train_network.py:175} INFO - Epoch: 13, Batch: 900, Loss: 0.0160
[20:45:12] {train_network.py:326} INFO - Validating...
[20:45:15] {train_network.py:329} INFO - 85/89 = 0.955056
[20:45:15] {train_network.py:317} INFO - Beginning Epoch 14
[20:45:35] {train_network.py:175} INFO - Epoch: 14, Batch: 100, Loss: 0.0687
[20:45:56] {train_network.py:175} INFO - Epoch: 14, Batch: 200, Loss: 0.1046
[20:46:17] {train_network.py:175} INFO - Epoch: 14, Batch: 300, Loss: 0.0850
[20:46:37] {train_network.py:175} INFO - Epoch: 14, Batch: 400, Loss: 0.0257
[20:46:58] {train_network.py:175} INFO - Epoch: 14, Batch: 500, Loss: 0.0351
[20:47:18] {train_network.py:175} INFO - Epoch: 14, Batch: 600, Loss: 0.0529
[20:47:39] {train_network.py:175} INFO - Epoch: 14, Batch: 700, Loss: 0.0485
[20:47:59] {train_network.py:175} INFO - Epoch: 14, Batch: 800, Loss: 0.0534
[20:48:20] {train_network.py:175} INFO - Epoch: 14, Batch: 900, Loss: 0.0417
[20:48:42] {train_network.py:326} INFO - Validating...
[20:48:45] {train_network.py:329} INFO - 74/89 = 0.831461
[20:48:45] {train_network.py:317} INFO - Beginning Epoch 15
[20:49:06] {train_network.py:175} INFO - Epoch: 15, Batch: 100, Loss: 0.0675
[20:49:26] {train_network.py:175} INFO - Epoch: 15, Batch: 200, Loss: 0.1261
[20:49:47] {train_network.py:175} INFO - Epoch: 15, Batch: 300, Loss: 0.0288
[20:50:07] {train_network.py:175} INFO - Epoch: 15, Batch: 400, Loss: 0.0613
[20:50:28] {train_network.py:175} INFO - Epoch: 15, Batch: 500, Loss: 0.0913
[20:50:48] {train_network.py:175} INFO - Epoch: 15, Batch: 600, Loss: 0.0647
[20:51:09] {train_network.py:175} INFO - Epoch: 15, Batch: 700, Loss: 0.0949
[20:51:29] {train_network.py:175} INFO - Epoch: 15, Batch: 800, Loss: 0.0424
[20:51:50] {train_network.py:175} INFO - Epoch: 15, Batch: 900, Loss: 0.0739
[20:52:12] {train_network.py:326} INFO - Validating...
[20:52:15] {train_network.py:329} INFO - 79/89 = 0.887640
[20:52:15] {train_network.py:317} INFO - Beginning Epoch 16
[20:52:36] {train_network.py:175} INFO - Epoch: 16, Batch: 100, Loss: 0.0207
[20:52:56] {train_network.py:175} INFO - Epoch: 16, Batch: 200, Loss: 0.1420
[20:53:17] {train_network.py:175} INFO - Epoch: 16, Batch: 300, Loss: 0.0462
[20:53:38] {train_network.py:175} INFO - Epoch: 16, Batch: 400, Loss: 0.0616
[20:53:58] {train_network.py:175} INFO - Epoch: 16, Batch: 500, Loss: 0.0472
[20:54:19] {train_network.py:175} INFO - Epoch: 16, Batch: 600, Loss: 0.0698
[20:54:40] {train_network.py:175} INFO - Epoch: 16, Batch: 700, Loss: 0.0526
[20:55:00] {train_network.py:175} INFO - Epoch: 16, Batch: 800, Loss: 0.0197
[20:55:21] {train_network.py:175} INFO - Epoch: 16, Batch: 900, Loss: 0.0209
[20:55:43] {train_network.py:326} INFO - Validating...
[20:55:46] {train_network.py:329} INFO - 81/89 = 0.910112
[20:55:46] {train_network.py:317} INFO - Beginning Epoch 17
[20:56:06] {train_network.py:175} INFO - Epoch: 17, Batch: 100, Loss: 0.0349
[20:56:27] {train_network.py:175} INFO - Epoch: 17, Batch: 200, Loss: 0.0528
[20:56:47] {train_network.py:175} INFO - Epoch: 17, Batch: 300, Loss: 0.0413
[20:57:08] {train_network.py:175} INFO - Epoch: 17, Batch: 400, Loss: 0.0559
[20:57:28] {train_network.py:175} INFO - Epoch: 17, Batch: 500, Loss: 0.0394
[20:57:49] {train_network.py:175} INFO - Epoch: 17, Batch: 600, Loss: 0.1431
[20:58:10] {train_network.py:175} INFO - Epoch: 17, Batch: 700, Loss: 0.0483
[20:58:30] {train_network.py:175} INFO - Epoch: 17, Batch: 800, Loss: 0.0613
[20:58:51] {train_network.py:175} INFO - Epoch: 17, Batch: 900, Loss: 0.0640
[20:59:13] {train_network.py:326} INFO - Validating...
[20:59:16] {train_network.py:329} INFO - 83/89 = 0.932584
[20:59:16] {train_network.py:317} INFO - Beginning Epoch 18
[20:59:36] {train_network.py:175} INFO - Epoch: 18, Batch: 100, Loss: 0.1058
[20:59:57] {train_network.py:175} INFO - Epoch: 18, Batch: 200, Loss: 0.0336
[21:00:18] {train_network.py:175} INFO - Epoch: 18, Batch: 300, Loss: 0.0436
[21:00:38] {train_network.py:175} INFO - Epoch: 18, Batch: 400, Loss: 0.0388
[21:00:59] {train_network.py:175} INFO - Epoch: 18, Batch: 500, Loss: 0.0209
[21:01:19] {train_network.py:175} INFO - Epoch: 18, Batch: 600, Loss: 0.0284
[21:01:40] {train_network.py:175} INFO - Epoch: 18, Batch: 700, Loss: 0.0922
[21:02:01] {train_network.py:175} INFO - Epoch: 18, Batch: 800, Loss: 0.0518
[21:02:21] {train_network.py:175} INFO - Epoch: 18, Batch: 900, Loss: 0.0869
[21:02:44] {train_network.py:326} INFO - Validating...
[21:02:47] {train_network.py:329} INFO - 85/89 = 0.955056
[21:02:47] {train_network.py:317} INFO - Beginning Epoch 19
[21:03:07] {train_network.py:175} INFO - Epoch: 19, Batch: 100, Loss: 0.0299
[21:03:27] {train_network.py:175} INFO - Epoch: 19, Batch: 200, Loss: 0.0362
[21:03:48] {train_network.py:175} INFO - Epoch: 19, Batch: 300, Loss: 0.0571
[21:04:08] {train_network.py:175} INFO - Epoch: 19, Batch: 400, Loss: 0.0335
[21:04:29] {train_network.py:175} INFO - Epoch: 19, Batch: 500, Loss: 0.0546
[21:04:49] {train_network.py:175} INFO - Epoch: 19, Batch: 600, Loss: 0.0408
[21:05:10] {train_network.py:175} INFO - Epoch: 19, Batch: 700, Loss: 0.0448
[21:05:31] {train_network.py:175} INFO - Epoch: 19, Batch: 800, Loss: 0.0706
[21:05:51] {train_network.py:175} INFO - Epoch: 19, Batch: 900, Loss: 0.0385
[21:06:14] {train_network.py:326} INFO - Validating...
[21:06:17] {train_network.py:329} INFO - 81/89 = 0.910112
[21:06:17] {train_network.py:317} INFO - Beginning Epoch 20
[21:06:37] {train_network.py:175} INFO - Epoch: 20, Batch: 100, Loss: 0.0710
[21:06:57] {train_network.py:175} INFO - Epoch: 20, Batch: 200, Loss: 0.0549
[21:07:18] {train_network.py:175} INFO - Epoch: 20, Batch: 300, Loss: 0.0247
[21:07:39] {train_network.py:175} INFO - Epoch: 20, Batch: 400, Loss: 0.0582
[21:07:59] {train_network.py:175} INFO - Epoch: 20, Batch: 500, Loss: 0.0336
[21:08:20] {train_network.py:175} INFO - Epoch: 20, Batch: 600, Loss: 0.0327
[21:08:40] {train_network.py:175} INFO - Epoch: 20, Batch: 700, Loss: 0.0603
[21:09:01] {train_network.py:175} INFO - Epoch: 20, Batch: 800, Loss: 0.0852
[21:09:22] {train_network.py:175} INFO - Epoch: 20, Batch: 900, Loss: 0.0842
[21:09:44] {train_network.py:326} INFO - Validating...
[21:09:47] {train_network.py:329} INFO - 86/89 = 0.966292
[21:09:47] {train_network.py:317} INFO - Beginning Epoch 21
[21:10:07] {train_network.py:175} INFO - Epoch: 21, Batch: 100, Loss: 0.1293
[21:10:28] {train_network.py:175} INFO - Epoch: 21, Batch: 200, Loss: 0.0117
[21:10:48] {train_network.py:175} INFO - Epoch: 21, Batch: 300, Loss: 0.0726
[21:11:09] {train_network.py:175} INFO - Epoch: 21, Batch: 400, Loss: 0.0343
[21:11:29] {train_network.py:175} INFO - Epoch: 21, Batch: 500, Loss: 0.0274
[21:11:50] {train_network.py:175} INFO - Epoch: 21, Batch: 600, Loss: 0.0279
[21:12:10] {train_network.py:175} INFO - Epoch: 21, Batch: 700, Loss: 0.0186
[21:12:31] {train_network.py:175} INFO - Epoch: 21, Batch: 800, Loss: 0.0624
[21:12:52] {train_network.py:175} INFO - Epoch: 21, Batch: 900, Loss: 0.0829
[21:13:14] {train_network.py:326} INFO - Validating...
[21:13:17] {train_network.py:329} INFO - 76/89 = 0.853933
[21:13:17] {train_network.py:317} INFO - Beginning Epoch 22
[21:13:37] {train_network.py:175} INFO - Epoch: 22, Batch: 100, Loss: 0.0520
[21:13:58] {train_network.py:175} INFO - Epoch: 22, Batch: 200, Loss: 0.0313
[21:14:18] {train_network.py:175} INFO - Epoch: 22, Batch: 300, Loss: 0.0496
[21:14:39] {train_network.py:175} INFO - Epoch: 22, Batch: 400, Loss: 0.0288
[21:14:59] {train_network.py:175} INFO - Epoch: 22, Batch: 500, Loss: 0.0451
[21:15:20] {train_network.py:175} INFO - Epoch: 22, Batch: 600, Loss: 0.0354
[21:15:40] {train_network.py:175} INFO - Epoch: 22, Batch: 700, Loss: 0.1074
[21:16:01] {train_network.py:175} INFO - Epoch: 22, Batch: 800, Loss: 0.1131
[21:16:22] {train_network.py:175} INFO - Epoch: 22, Batch: 900, Loss: 0.0460
[21:16:44] {train_network.py:326} INFO - Validating...
[21:16:47] {train_network.py:329} INFO - 84/89 = 0.943820
[21:16:47] {train_network.py:317} INFO - Beginning Epoch 23
[21:17:08] {train_network.py:175} INFO - Epoch: 23, Batch: 100, Loss: 0.0636
[21:17:28] {train_network.py:175} INFO - Epoch: 23, Batch: 200, Loss: 0.0595
[21:17:49] {train_network.py:175} INFO - Epoch: 23, Batch: 300, Loss: 0.0710
[21:18:09] {train_network.py:175} INFO - Epoch: 23, Batch: 400, Loss: 0.0259
[21:18:30] {train_network.py:175} INFO - Epoch: 23, Batch: 500, Loss: 0.0466
[21:18:50] {train_network.py:175} INFO - Epoch: 23, Batch: 600, Loss: 0.1079
[21:19:11] {train_network.py:175} INFO - Epoch: 23, Batch: 700, Loss: 0.0742
[21:19:31] {train_network.py:175} INFO - Epoch: 23, Batch: 800, Loss: 0.0671
[21:19:52] {train_network.py:175} INFO - Epoch: 23, Batch: 900, Loss: 0.0528
[21:20:15] {train_network.py:326} INFO - Validating...
[21:20:18] {train_network.py:329} INFO - 84/89 = 0.943820
[21:20:18] {train_network.py:317} INFO - Beginning Epoch 24
[21:20:38] {train_network.py:175} INFO - Epoch: 24, Batch: 100, Loss: 0.0596
[21:20:59] {train_network.py:175} INFO - Epoch: 24, Batch: 200, Loss: 0.0383
[21:21:19] {train_network.py:175} INFO - Epoch: 24, Batch: 300, Loss: 0.0489
[21:21:40] {train_network.py:175} INFO - Epoch: 24, Batch: 400, Loss: 0.0539
[21:22:00] {train_network.py:175} INFO - Epoch: 24, Batch: 500, Loss: 0.1136
[21:22:21] {train_network.py:175} INFO - Epoch: 24, Batch: 600, Loss: 0.0146
[21:22:42] {train_network.py:175} INFO - Epoch: 24, Batch: 700, Loss: 0.0369
[21:23:02] {train_network.py:175} INFO - Epoch: 24, Batch: 800, Loss: 0.0236
[21:23:23] {train_network.py:175} INFO - Epoch: 24, Batch: 900, Loss: 0.0276
[21:23:45] {train_network.py:326} INFO - Validating...
[21:23:48] {train_network.py:329} INFO - 80/89 = 0.898876
[21:23:48] {train_network.py:317} INFO - Beginning Epoch 25
[21:24:08] {train_network.py:175} INFO - Epoch: 25, Batch: 100, Loss: 0.0235
[21:24:29] {train_network.py:175} INFO - Epoch: 25, Batch: 200, Loss: 0.0461
[21:24:49] {train_network.py:175} INFO - Epoch: 25, Batch: 300, Loss: 0.0346
[21:25:10] {train_network.py:175} INFO - Epoch: 25, Batch: 400, Loss: 0.0355
[21:25:31] {train_network.py:175} INFO - Epoch: 25, Batch: 500, Loss: 0.0249
[21:25:51] {train_network.py:175} INFO - Epoch: 25, Batch: 600, Loss: 0.0544
[21:26:12] {train_network.py:175} INFO - Epoch: 25, Batch: 700, Loss: 0.0228
[21:26:32] {train_network.py:175} INFO - Epoch: 25, Batch: 800, Loss: 0.0342
[21:26:53] {train_network.py:175} INFO - Epoch: 25, Batch: 900, Loss: 0.0748
[21:27:15] {train_network.py:326} INFO - Validating...
[21:27:19] {train_network.py:329} INFO - 84/89 = 0.943820
[21:27:19] {train_network.py:317} INFO - Beginning Epoch 26
[21:27:39] {train_network.py:175} INFO - Epoch: 26, Batch: 100, Loss: 0.0382
[21:28:00] {train_network.py:175} INFO - Epoch: 26, Batch: 200, Loss: 0.0269
[21:28:20] {train_network.py:175} INFO - Epoch: 26, Batch: 300, Loss: 0.0302
[21:28:41] {train_network.py:175} INFO - Epoch: 26, Batch: 400, Loss: 0.0579
[21:29:02] {train_network.py:175} INFO - Epoch: 26, Batch: 500, Loss: 0.1079
[21:29:22] {train_network.py:175} INFO - Epoch: 26, Batch: 600, Loss: 0.0172
[21:29:43] {train_network.py:175} INFO - Epoch: 26, Batch: 700, Loss: 0.0422
[21:30:03] {train_network.py:175} INFO - Epoch: 26, Batch: 800, Loss: 0.0434
[21:30:24] {train_network.py:175} INFO - Epoch: 26, Batch: 900, Loss: 0.0217
[21:30:46] {train_network.py:326} INFO - Validating...
[21:30:49] {train_network.py:329} INFO - 80/89 = 0.898876
[21:30:49] {train_network.py:317} INFO - Beginning Epoch 27
[21:31:09] {train_network.py:175} INFO - Epoch: 27, Batch: 100, Loss: 0.0435
[21:31:30] {train_network.py:175} INFO - Epoch: 27, Batch: 200, Loss: 0.0504
[21:31:51] {train_network.py:175} INFO - Epoch: 27, Batch: 300, Loss: 0.0405
[21:32:11] {train_network.py:175} INFO - Epoch: 27, Batch: 400, Loss: 0.0234
[21:32:32] {train_network.py:175} INFO - Epoch: 27, Batch: 500, Loss: 0.0681
[21:32:52] {train_network.py:175} INFO - Epoch: 27, Batch: 600, Loss: 0.0370
[21:33:13] {train_network.py:175} INFO - Epoch: 27, Batch: 700, Loss: 0.0342
[21:33:34] {train_network.py:175} INFO - Epoch: 27, Batch: 800, Loss: 0.0436
[21:33:54] {train_network.py:175} INFO - Epoch: 27, Batch: 900, Loss: 0.0495
[21:34:16] {train_network.py:326} INFO - Validating...
[21:34:19] {train_network.py:329} INFO - 81/89 = 0.910112
[21:34:19] {train_network.py:317} INFO - Beginning Epoch 28
[21:34:40] {train_network.py:175} INFO - Epoch: 28, Batch: 100, Loss: 0.0673
[21:35:00] {train_network.py:175} INFO - Epoch: 28, Batch: 200, Loss: 0.0425
[21:35:21] {train_network.py:175} INFO - Epoch: 28, Batch: 300, Loss: 0.0492
[21:35:42] {train_network.py:175} INFO - Epoch: 28, Batch: 400, Loss: 0.0495
[21:36:03] {train_network.py:175} INFO - Epoch: 28, Batch: 500, Loss: 0.0465
[21:36:23] {train_network.py:175} INFO - Epoch: 28, Batch: 600, Loss: 0.0321
[21:36:44] {train_network.py:175} INFO - Epoch: 28, Batch: 700, Loss: 0.0587
[21:37:04] {train_network.py:175} INFO - Epoch: 28, Batch: 800, Loss: 0.0360
[21:37:25] {train_network.py:175} INFO - Epoch: 28, Batch: 900, Loss: 0.0815
[21:37:47] {train_network.py:326} INFO - Validating...
[21:37:50] {train_network.py:329} INFO - 80/89 = 0.898876
[21:37:50] {train_network.py:317} INFO - Beginning Epoch 29
[21:38:10] {train_network.py:175} INFO - Epoch: 29, Batch: 100, Loss: 0.0517
[21:38:31] {train_network.py:175} INFO - Epoch: 29, Batch: 200, Loss: 0.0224
[21:38:51] {train_network.py:175} INFO - Epoch: 29, Batch: 300, Loss: 0.0483
[21:39:12] {train_network.py:175} INFO - Epoch: 29, Batch: 400, Loss: 0.0584
[21:39:33] {train_network.py:175} INFO - Epoch: 29, Batch: 500, Loss: 0.0381
[21:39:53] {train_network.py:175} INFO - Epoch: 29, Batch: 600, Loss: 0.0314
[21:40:13] {train_network.py:175} INFO - Epoch: 29, Batch: 700, Loss: 0.0338
[21:40:34] {train_network.py:175} INFO - Epoch: 29, Batch: 800, Loss: 0.0485
[21:40:55] {train_network.py:175} INFO - Epoch: 29, Batch: 900, Loss: 0.0359
[21:41:17] {train_network.py:326} INFO - Validating...
[21:41:20] {train_network.py:329} INFO - 75/89 = 0.842697
[21:41:20] {train_network.py:317} INFO - Beginning Epoch 30
[21:41:41] {train_network.py:175} INFO - Epoch: 30, Batch: 100, Loss: 0.0253
[21:42:01] {train_network.py:175} INFO - Epoch: 30, Batch: 200, Loss: 0.0475
[21:42:22] {train_network.py:175} INFO - Epoch: 30, Batch: 300, Loss: 0.0673
[21:42:43] {train_network.py:175} INFO - Epoch: 30, Batch: 400, Loss: 0.0271
[21:43:03] {train_network.py:175} INFO - Epoch: 30, Batch: 500, Loss: 0.1261
[21:43:24] {train_network.py:175} INFO - Epoch: 30, Batch: 600, Loss: 0.0265
[21:43:44] {train_network.py:175} INFO - Epoch: 30, Batch: 700, Loss: 0.0259
[21:44:05] {train_network.py:175} INFO - Epoch: 30, Batch: 800, Loss: 0.0333
[21:44:26] {train_network.py:175} INFO - Epoch: 30, Batch: 900, Loss: 0.0389
[21:44:48] {train_network.py:326} INFO - Validating...
[21:44:51] {train_network.py:329} INFO - 74/89 = 0.831461
[21:44:51] {train_network.py:317} INFO - Beginning Epoch 31
[21:45:12] {train_network.py:175} INFO - Epoch: 31, Batch: 100, Loss: 0.0236
[21:45:32] {train_network.py:175} INFO - Epoch: 31, Batch: 200, Loss: 0.0428
[21:45:53] {train_network.py:175} INFO - Epoch: 31, Batch: 300, Loss: 0.0440
[21:46:13] {train_network.py:175} INFO - Epoch: 31, Batch: 400, Loss: 0.0225
[21:46:34] {train_network.py:175} INFO - Epoch: 31, Batch: 500, Loss: 0.0132
[21:46:54] {train_network.py:175} INFO - Epoch: 31, Batch: 600, Loss: 0.0629
[21:47:15] {train_network.py:175} INFO - Epoch: 31, Batch: 700, Loss: 0.0394
[21:47:35] {train_network.py:175} INFO - Epoch: 31, Batch: 800, Loss: 0.0234
[21:47:56] {train_network.py:175} INFO - Epoch: 31, Batch: 900, Loss: 0.0554
[21:48:18] {train_network.py:326} INFO - Validating...
[21:48:21] {train_network.py:329} INFO - 80/89 = 0.898876
[21:48:21] {train_network.py:317} INFO - Beginning Epoch 32
[21:48:42] {train_network.py:175} INFO - Epoch: 32, Batch: 100, Loss: 0.0717
[21:49:02] {train_network.py:175} INFO - Epoch: 32, Batch: 200, Loss: 0.0462
[21:49:23] {train_network.py:175} INFO - Epoch: 32, Batch: 300, Loss: 0.0311
[21:49:43] {train_network.py:175} INFO - Epoch: 32, Batch: 400, Loss: 0.0309
[21:50:04] {train_network.py:175} INFO - Epoch: 32, Batch: 500, Loss: 0.0334
[21:50:25] {train_network.py:175} INFO - Epoch: 32, Batch: 600, Loss: 0.0303
[21:50:45] {train_network.py:175} INFO - Epoch: 32, Batch: 700, Loss: 0.0634
[21:51:06] {train_network.py:175} INFO - Epoch: 32, Batch: 800, Loss: 0.0308
[21:51:27] {train_network.py:175} INFO - Epoch: 32, Batch: 900, Loss: 0.0441
[21:51:49] {train_network.py:326} INFO - Validating...
[21:51:52] {train_network.py:329} INFO - 79/89 = 0.887640
[21:51:52] {train_network.py:317} INFO - Beginning Epoch 33
[21:52:13] {train_network.py:175} INFO - Epoch: 33, Batch: 100, Loss: 0.0482
[21:52:33] {train_network.py:175} INFO - Epoch: 33, Batch: 200, Loss: 0.0645
[21:52:54] {train_network.py:175} INFO - Epoch: 33, Batch: 300, Loss: 0.0401
[21:53:14] {train_network.py:175} INFO - Epoch: 33, Batch: 400, Loss: 0.0343
[21:53:35] {train_network.py:175} INFO - Epoch: 33, Batch: 500, Loss: 0.0464
[21:53:56] {train_network.py:175} INFO - Epoch: 33, Batch: 600, Loss: 0.0512
[21:54:16] {train_network.py:175} INFO - Epoch: 33, Batch: 700, Loss: 0.0316
[21:54:37] {train_network.py:175} INFO - Epoch: 33, Batch: 800, Loss: 0.0369
[21:54:57] {train_network.py:175} INFO - Epoch: 33, Batch: 900, Loss: 0.1330
[21:55:20] {train_network.py:326} INFO - Validating...
[21:55:23] {train_network.py:329} INFO - 73/89 = 0.820225
[21:55:23] {train_network.py:317} INFO - Beginning Epoch 34
[21:55:43] {train_network.py:175} INFO - Epoch: 34, Batch: 100, Loss: 0.0553
[21:56:04] {train_network.py:175} INFO - Epoch: 34, Batch: 200, Loss: 0.0412
[21:56:24] {train_network.py:175} INFO - Epoch: 34, Batch: 300, Loss: 0.0178
[21:56:45] {train_network.py:175} INFO - Epoch: 34, Batch: 400, Loss: 0.0800
[21:57:05] {train_network.py:175} INFO - Epoch: 34, Batch: 500, Loss: 0.0692
[21:57:26] {train_network.py:175} INFO - Epoch: 34, Batch: 600, Loss: 0.0431
[21:57:46] {train_network.py:175} INFO - Epoch: 34, Batch: 700, Loss: 0.1331
[21:58:07] {train_network.py:175} INFO - Epoch: 34, Batch: 800, Loss: 0.0273
[21:58:27] {train_network.py:175} INFO - Epoch: 34, Batch: 900, Loss: 0.0569
[21:58:50] {train_network.py:326} INFO - Validating...
[21:58:53] {train_network.py:329} INFO - 79/89 = 0.887640
[21:58:53] {train_network.py:317} INFO - Beginning Epoch 35
[21:59:13] {train_network.py:175} INFO - Epoch: 35, Batch: 100, Loss: 0.0118
[21:59:34] {train_network.py:175} INFO - Epoch: 35, Batch: 200, Loss: 0.0389
[21:59:55] {train_network.py:175} INFO - Epoch: 35, Batch: 300, Loss: 0.0560
[22:00:15] {train_network.py:175} INFO - Epoch: 35, Batch: 400, Loss: 0.0780
[22:00:36] {train_network.py:175} INFO - Epoch: 35, Batch: 500, Loss: 0.0347
[22:00:56] {train_network.py:175} INFO - Epoch: 35, Batch: 600, Loss: 0.0998
[22:01:17] {train_network.py:175} INFO - Epoch: 35, Batch: 700, Loss: 0.0886
[22:01:37] {train_network.py:175} INFO - Epoch: 35, Batch: 800, Loss: 0.0642
[22:01:58] {train_network.py:175} INFO - Epoch: 35, Batch: 900, Loss: 0.0498
[22:02:20] {train_network.py:326} INFO - Validating...
[22:02:23] {train_network.py:329} INFO - 78/89 = 0.876404
[22:02:23] {train_network.py:317} INFO - Beginning Epoch 36
[22:02:44] {train_network.py:175} INFO - Epoch: 36, Batch: 100, Loss: 0.0685
[22:03:04] {train_network.py:175} INFO - Epoch: 36, Batch: 200, Loss: 0.0673
[22:03:25] {train_network.py:175} INFO - Epoch: 36, Batch: 300, Loss: 0.0287
[22:03:45] {train_network.py:175} INFO - Epoch: 36, Batch: 400, Loss: 0.0268
[22:04:06] {train_network.py:175} INFO - Epoch: 36, Batch: 500, Loss: 0.0391
[22:04:26] {train_network.py:175} INFO - Epoch: 36, Batch: 600, Loss: 0.0690
[22:04:47] {train_network.py:175} INFO - Epoch: 36, Batch: 700, Loss: 0.0359
[22:05:07] {train_network.py:175} INFO - Epoch: 36, Batch: 800, Loss: 0.0373
[22:05:28] {train_network.py:175} INFO - Epoch: 36, Batch: 900, Loss: 0.0574
[22:05:50] {train_network.py:326} INFO - Validating...
[22:05:53] {train_network.py:329} INFO - 75/89 = 0.842697
[22:05:53] {train_network.py:317} INFO - Beginning Epoch 37
[22:06:14] {train_network.py:175} INFO - Epoch: 37, Batch: 100, Loss: 0.0362
[22:06:34] {train_network.py:175} INFO - Epoch: 37, Batch: 200, Loss: 0.0455
[22:06:55] {train_network.py:175} INFO - Epoch: 37, Batch: 300, Loss: 0.0369
[22:07:16] {train_network.py:175} INFO - Epoch: 37, Batch: 400, Loss: 0.0504
[22:07:36] {train_network.py:175} INFO - Epoch: 37, Batch: 500, Loss: 0.0561
[22:07:57] {train_network.py:175} INFO - Epoch: 37, Batch: 600, Loss: 0.0139
[22:08:17] {train_network.py:175} INFO - Epoch: 37, Batch: 700, Loss: 0.0491
[22:08:38] {train_network.py:175} INFO - Epoch: 37, Batch: 800, Loss: 0.0168
[22:08:59] {train_network.py:175} INFO - Epoch: 37, Batch: 900, Loss: 0.0209
[22:09:21] {train_network.py:326} INFO - Validating...
[22:09:24] {train_network.py:329} INFO - 74/89 = 0.831461
[22:09:24] {train_network.py:317} INFO - Beginning Epoch 38
[22:09:44] {train_network.py:175} INFO - Epoch: 38, Batch: 100, Loss: 0.0175
[22:10:05] {train_network.py:175} INFO - Epoch: 38, Batch: 200, Loss: 0.0323
[22:10:26] {train_network.py:175} INFO - Epoch: 38, Batch: 300, Loss: 0.0262
[22:10:46] {train_network.py:175} INFO - Epoch: 38, Batch: 400, Loss: 0.0390
[22:11:06] {train_network.py:175} INFO - Epoch: 38, Batch: 500, Loss: 0.0184
[22:11:27] {train_network.py:175} INFO - Epoch: 38, Batch: 600, Loss: 0.0409
[22:11:48] {train_network.py:175} INFO - Epoch: 38, Batch: 700, Loss: 0.0420
[22:12:09] {train_network.py:175} INFO - Epoch: 38, Batch: 800, Loss: 0.1011
[22:12:29] {train_network.py:175} INFO - Epoch: 38, Batch: 900, Loss: 0.0301
[22:12:51] {train_network.py:326} INFO - Validating...
[22:12:54] {train_network.py:329} INFO - 74/89 = 0.831461
[22:12:54] {train_network.py:317} INFO - Beginning Epoch 39
[22:13:15] {train_network.py:175} INFO - Epoch: 39, Batch: 100, Loss: 0.0566
[22:13:35] {train_network.py:175} INFO - Epoch: 39, Batch: 200, Loss: 0.0243
[22:13:56] {train_network.py:175} INFO - Epoch: 39, Batch: 300, Loss: 0.0657
[22:14:16] {train_network.py:175} INFO - Epoch: 39, Batch: 400, Loss: 0.0404
[22:14:37] {train_network.py:175} INFO - Epoch: 39, Batch: 500, Loss: 0.0484
[22:14:58] {train_network.py:175} INFO - Epoch: 39, Batch: 600, Loss: 0.0656
[22:15:18] {train_network.py:175} INFO - Epoch: 39, Batch: 700, Loss: 0.0321
[22:15:39] {train_network.py:175} INFO - Epoch: 39, Batch: 800, Loss: 0.0179
[22:15:59] {train_network.py:175} INFO - Epoch: 39, Batch: 900, Loss: 0.0489
[22:16:22] {train_network.py:326} INFO - Validating...
[22:16:25] {train_network.py:329} INFO - 81/89 = 0.910112
[22:16:25] {train_network.py:317} INFO - Beginning Epoch 40
[22:16:45] {train_network.py:175} INFO - Epoch: 40, Batch: 100, Loss: 0.0185
[22:17:06] {train_network.py:175} INFO - Epoch: 40, Batch: 200, Loss: 0.0211
[22:17:26] {train_network.py:175} INFO - Epoch: 40, Batch: 300, Loss: 0.0517
[22:17:47] {train_network.py:175} INFO - Epoch: 40, Batch: 400, Loss: 0.0407
[22:18:07] {train_network.py:175} INFO - Epoch: 40, Batch: 500, Loss: 0.0345
[22:18:28] {train_network.py:175} INFO - Epoch: 40, Batch: 600, Loss: 0.0143
[22:18:49] {train_network.py:175} INFO - Epoch: 40, Batch: 700, Loss: 0.0417
[22:19:09] {train_network.py:175} INFO - Epoch: 40, Batch: 800, Loss: 0.0344
[22:19:30] {train_network.py:175} INFO - Epoch: 40, Batch: 900, Loss: 0.0990
[22:19:52] {train_network.py:326} INFO - Validating...
[22:19:55] {train_network.py:329} INFO - 74/89 = 0.831461
[22:19:55] {train_network.py:317} INFO - Beginning Epoch 41
[22:20:15] {train_network.py:175} INFO - Epoch: 41, Batch: 100, Loss: 0.0392
[22:20:36] {train_network.py:175} INFO - Epoch: 41, Batch: 200, Loss: 0.0720
[22:20:57] {train_network.py:175} INFO - Epoch: 41, Batch: 300, Loss: 0.0296
[22:21:17] {train_network.py:175} INFO - Epoch: 41, Batch: 400, Loss: 0.0553
[22:21:38] {train_network.py:175} INFO - Epoch: 41, Batch: 500, Loss: 0.0390
[22:21:59] {train_network.py:175} INFO - Epoch: 41, Batch: 600, Loss: 0.0303
[22:22:19] {train_network.py:175} INFO - Epoch: 41, Batch: 700, Loss: 0.0263
[22:22:39] {train_network.py:175} INFO - Epoch: 41, Batch: 800, Loss: 0.0380
[22:23:00] {train_network.py:175} INFO - Epoch: 41, Batch: 900, Loss: 0.0366
[22:23:22] {train_network.py:326} INFO - Validating...
[22:23:25] {train_network.py:329} INFO - 73/89 = 0.820225
[22:23:25] {train_network.py:317} INFO - Beginning Epoch 42
[22:23:46] {train_network.py:175} INFO - Epoch: 42, Batch: 100, Loss: 0.0409
[22:24:06] {train_network.py:175} INFO - Epoch: 42, Batch: 200, Loss: 0.0230
[22:24:27] {train_network.py:175} INFO - Epoch: 42, Batch: 300, Loss: 0.0334
[22:24:48] {train_network.py:175} INFO - Epoch: 42, Batch: 400, Loss: 0.0214
[22:25:08] {train_network.py:175} INFO - Epoch: 42, Batch: 500, Loss: 0.0347
[22:25:29] {train_network.py:175} INFO - Epoch: 42, Batch: 600, Loss: 0.0475
[22:25:49] {train_network.py:175} INFO - Epoch: 42, Batch: 700, Loss: 0.0385
[22:26:10] {train_network.py:175} INFO - Epoch: 42, Batch: 800, Loss: 0.0439
[22:26:31] {train_network.py:175} INFO - Epoch: 42, Batch: 900, Loss: 0.0134
[22:26:53] {train_network.py:326} INFO - Validating...
[22:26:56] {train_network.py:329} INFO - 82/89 = 0.921348
[22:26:56] {train_network.py:317} INFO - Beginning Epoch 43
[22:27:17] {train_network.py:175} INFO - Epoch: 43, Batch: 100, Loss: 0.0371
[22:27:37] {train_network.py:175} INFO - Epoch: 43, Batch: 200, Loss: 0.0239
[22:27:58] {train_network.py:175} INFO - Epoch: 43, Batch: 300, Loss: 0.0240
[22:28:19] {train_network.py:175} INFO - Epoch: 43, Batch: 400, Loss: 0.0932
[22:28:40] {train_network.py:175} INFO - Epoch: 43, Batch: 500, Loss: 0.0236
[22:29:00] {train_network.py:175} INFO - Epoch: 43, Batch: 600, Loss: 0.0386
[22:29:21] {train_network.py:175} INFO - Epoch: 43, Batch: 700, Loss: 0.0298
[22:29:41] {train_network.py:175} INFO - Epoch: 43, Batch: 800, Loss: 0.0416
[22:30:02] {train_network.py:175} INFO - Epoch: 43, Batch: 900, Loss: 0.0177
[22:30:24] {train_network.py:326} INFO - Validating...
[22:30:27] {train_network.py:329} INFO - 79/89 = 0.887640
[22:30:27] {train_network.py:317} INFO - Beginning Epoch 44
[22:30:48] {train_network.py:175} INFO - Epoch: 44, Batch: 100, Loss: 0.0385
[22:31:09] {train_network.py:175} INFO - Epoch: 44, Batch: 200, Loss: 0.0393
[22:31:29] {train_network.py:175} INFO - Epoch: 44, Batch: 300, Loss: 0.0199
[22:31:50] {train_network.py:175} INFO - Epoch: 44, Batch: 400, Loss: 0.0280
[22:32:11] {train_network.py:175} INFO - Epoch: 44, Batch: 500, Loss: 0.0475
[22:32:32] {train_network.py:175} INFO - Epoch: 44, Batch: 600, Loss: 0.0162
[22:32:52] {train_network.py:175} INFO - Epoch: 44, Batch: 700, Loss: 0.0292
[22:33:13] {train_network.py:175} INFO - Epoch: 44, Batch: 800, Loss: 0.0679
[22:33:33] {train_network.py:175} INFO - Epoch: 44, Batch: 900, Loss: 0.0333
[22:33:55] {train_network.py:326} INFO - Validating...
[22:33:58] {train_network.py:329} INFO - 82/89 = 0.921348
[22:33:58] {train_network.py:317} INFO - Beginning Epoch 45
[22:34:19] {train_network.py:175} INFO - Epoch: 45, Batch: 100, Loss: 0.0268
[22:34:39] {train_network.py:175} INFO - Epoch: 45, Batch: 200, Loss: 0.0311
[22:35:00] {train_network.py:175} INFO - Epoch: 45, Batch: 300, Loss: 0.0485
[22:35:21] {train_network.py:175} INFO - Epoch: 45, Batch: 400, Loss: 0.0394
[22:35:41] {train_network.py:175} INFO - Epoch: 45, Batch: 500, Loss: 0.0391
[22:36:02] {train_network.py:175} INFO - Epoch: 45, Batch: 600, Loss: 0.0652
[22:36:22] {train_network.py:175} INFO - Epoch: 45, Batch: 700, Loss: 0.0316
[22:36:43] {train_network.py:175} INFO - Epoch: 45, Batch: 800, Loss: 0.0293
[22:37:03] {train_network.py:175} INFO - Epoch: 45, Batch: 900, Loss: 0.0304
[22:37:25] {train_network.py:326} INFO - Validating...
[22:37:28] {train_network.py:329} INFO - 75/89 = 0.842697
[22:37:28] {train_network.py:317} INFO - Beginning Epoch 46
[22:37:49] {train_network.py:175} INFO - Epoch: 46, Batch: 100, Loss: 0.0310
[22:38:10] {train_network.py:175} INFO - Epoch: 46, Batch: 200, Loss: 0.0695
[22:38:30] {train_network.py:175} INFO - Epoch: 46, Batch: 300, Loss: 0.0356
[22:38:50] {train_network.py:175} INFO - Epoch: 46, Batch: 400, Loss: 0.0395
[22:39:11] {train_network.py:175} INFO - Epoch: 46, Batch: 500, Loss: 0.0419
[22:39:32] {train_network.py:175} INFO - Epoch: 46, Batch: 600, Loss: 0.0289
[22:39:52] {train_network.py:175} INFO - Epoch: 46, Batch: 700, Loss: 0.0293
[22:40:13] {train_network.py:175} INFO - Epoch: 46, Batch: 800, Loss: 0.0866
[22:40:33] {train_network.py:175} INFO - Epoch: 46, Batch: 900, Loss: 0.0400
[22:40:55] {train_network.py:326} INFO - Validating...
[22:40:58] {train_network.py:329} INFO - 83/89 = 0.932584
[22:40:58] {train_network.py:317} INFO - Beginning Epoch 47
[22:41:19] {train_network.py:175} INFO - Epoch: 47, Batch: 100, Loss: 0.0194
[22:41:39] {train_network.py:175} INFO - Epoch: 47, Batch: 200, Loss: 0.0357
[22:42:00] {train_network.py:175} INFO - Epoch: 47, Batch: 300, Loss: 0.0554
[22:42:20] {train_network.py:175} INFO - Epoch: 47, Batch: 400, Loss: 0.0614
[22:42:41] {train_network.py:175} INFO - Epoch: 47, Batch: 500, Loss: 0.0289
[22:43:02] {train_network.py:175} INFO - Epoch: 47, Batch: 600, Loss: 0.0449
[22:43:22] {train_network.py:175} INFO - Epoch: 47, Batch: 700, Loss: 0.0887
[22:43:43] {train_network.py:175} INFO - Epoch: 47, Batch: 800, Loss: 0.0506
[22:44:03] {train_network.py:175} INFO - Epoch: 47, Batch: 900, Loss: 0.0364
[22:44:25] {train_network.py:326} INFO - Validating...
[22:44:28] {train_network.py:329} INFO - 80/89 = 0.898876
[22:44:28] {train_network.py:317} INFO - Beginning Epoch 48
[22:44:49] {train_network.py:175} INFO - Epoch: 48, Batch: 100, Loss: 0.0499
[22:45:09] {train_network.py:175} INFO - Epoch: 48, Batch: 200, Loss: 0.0276
[22:45:30] {train_network.py:175} INFO - Epoch: 48, Batch: 300, Loss: 0.0266
[22:45:50] {train_network.py:175} INFO - Epoch: 48, Batch: 400, Loss: 0.0269
[22:46:11] {train_network.py:175} INFO - Epoch: 48, Batch: 500, Loss: 0.0465
[22:46:32] {train_network.py:175} INFO - Epoch: 48, Batch: 600, Loss: 0.0268
[22:46:52] {train_network.py:175} INFO - Epoch: 48, Batch: 700, Loss: 0.0446
[22:47:13] {train_network.py:175} INFO - Epoch: 48, Batch: 800, Loss: 0.0567
[22:47:34] {train_network.py:175} INFO - Epoch: 48, Batch: 900, Loss: 0.0388
[22:47:55] {train_network.py:326} INFO - Validating...
[22:47:59] {train_network.py:329} INFO - 85/89 = 0.955056
[22:47:59] {train_network.py:317} INFO - Beginning Epoch 49
[22:48:19] {train_network.py:175} INFO - Epoch: 49, Batch: 100, Loss: 0.0284
[22:48:40] {train_network.py:175} INFO - Epoch: 49, Batch: 200, Loss: 0.0618
[22:49:00] {train_network.py:175} INFO - Epoch: 49, Batch: 300, Loss: 0.0205
[22:49:21] {train_network.py:175} INFO - Epoch: 49, Batch: 400, Loss: 0.0253
[22:49:42] {train_network.py:175} INFO - Epoch: 49, Batch: 500, Loss: 0.0266
[22:50:02] {train_network.py:175} INFO - Epoch: 49, Batch: 600, Loss: 0.0439
[22:50:23] {train_network.py:175} INFO - Epoch: 49, Batch: 700, Loss: 0.0267
[22:50:43] {train_network.py:175} INFO - Epoch: 49, Batch: 800, Loss: 0.0728
[22:51:04] {train_network.py:175} INFO - Epoch: 49, Batch: 900, Loss: 0.0294
[22:51:26] {train_network.py:326} INFO - Validating...
[22:51:29] {train_network.py:329} INFO - 70/89 = 0.786517
