[04:00:28] {/workspace/KIidP-Gruppe-4/hardware/device.py:11} INFO - CUDA detected. Running with GPU acceleration.
[04:00:28] {train_network.py:249} INFO - Loading Cornell Dataset...
[04:00:29] {train_network.py:258} INFO - Dataset size is 885
[04:00:29] {train_network.py:267} INFO - Training size: 796
[04:00:29] {train_network.py:268} INFO - Validation size: 89
[04:00:29] {train_network.py:286} INFO - Done
[04:00:29] {train_network.py:289} INFO - Loading Network...
[04:00:29] {train_network.py:300} INFO - Done
[04:00:30] {train_network.py:319} INFO - Beginning Epoch 00
[04:00:51] {train_network.py:177} INFO - Epoch: 0, Batch: 100, Loss: 0.0508
[04:01:11] {train_network.py:177} INFO - Epoch: 0, Batch: 200, Loss: 0.0934
[04:01:32] {train_network.py:177} INFO - Epoch: 0, Batch: 300, Loss: 0.0757
[04:01:53] {train_network.py:177} INFO - Epoch: 0, Batch: 400, Loss: 0.1684
[04:02:14] {train_network.py:177} INFO - Epoch: 0, Batch: 500, Loss: 0.0752
[04:02:34] {train_network.py:177} INFO - Epoch: 0, Batch: 600, Loss: 0.0593
[04:02:55] {train_network.py:177} INFO - Epoch: 0, Batch: 700, Loss: 0.0865
[04:03:16] {train_network.py:177} INFO - Epoch: 0, Batch: 800, Loss: 0.0720
[04:03:37] {train_network.py:177} INFO - Epoch: 0, Batch: 900, Loss: 0.1433
[04:04:00] {train_network.py:328} INFO - Validating...
[04:04:02] {train_network.py:331} INFO - 79/89 = 0.887640
[04:04:02] {train_network.py:319} INFO - Beginning Epoch 01
[04:04:23] {train_network.py:177} INFO - Epoch: 1, Batch: 100, Loss: 0.1281
[04:04:44] {train_network.py:177} INFO - Epoch: 1, Batch: 200, Loss: 0.0544
[04:05:05] {train_network.py:177} INFO - Epoch: 1, Batch: 300, Loss: 0.1258
[04:05:26] {train_network.py:177} INFO - Epoch: 1, Batch: 400, Loss: 0.0414
[04:05:47] {train_network.py:177} INFO - Epoch: 1, Batch: 500, Loss: 0.0438
[04:06:08] {train_network.py:177} INFO - Epoch: 1, Batch: 600, Loss: 0.0497
[04:06:28] {train_network.py:177} INFO - Epoch: 1, Batch: 700, Loss: 0.0382
[04:06:49] {train_network.py:177} INFO - Epoch: 1, Batch: 800, Loss: 0.0388
[04:07:10] {train_network.py:177} INFO - Epoch: 1, Batch: 900, Loss: 0.0312
[04:07:32] {train_network.py:328} INFO - Validating...
[04:07:35] {train_network.py:331} INFO - 65/89 = 0.730337
[04:07:35] {train_network.py:319} INFO - Beginning Epoch 02
[04:07:56] {train_network.py:177} INFO - Epoch: 2, Batch: 100, Loss: 0.0722
[04:08:16] {train_network.py:177} INFO - Epoch: 2, Batch: 200, Loss: 0.0721
[04:08:37] {train_network.py:177} INFO - Epoch: 2, Batch: 300, Loss: 0.0144
[04:08:58] {train_network.py:177} INFO - Epoch: 2, Batch: 400, Loss: 0.0385
[04:09:19] {train_network.py:177} INFO - Epoch: 2, Batch: 500, Loss: 0.0509
[04:09:40] {train_network.py:177} INFO - Epoch: 2, Batch: 600, Loss: 0.0323
[04:10:01] {train_network.py:177} INFO - Epoch: 2, Batch: 700, Loss: 0.0230
[04:10:22] {train_network.py:177} INFO - Epoch: 2, Batch: 800, Loss: 0.0514
[04:10:42] {train_network.py:177} INFO - Epoch: 2, Batch: 900, Loss: 0.0437
[04:11:04] {train_network.py:328} INFO - Validating...
[04:11:07] {train_network.py:331} INFO - 75/89 = 0.842697
[04:11:07] {train_network.py:319} INFO - Beginning Epoch 03
[04:11:28] {train_network.py:177} INFO - Epoch: 3, Batch: 100, Loss: 0.0644
[04:11:49] {train_network.py:177} INFO - Epoch: 3, Batch: 200, Loss: 0.0322
[04:12:10] {train_network.py:177} INFO - Epoch: 3, Batch: 300, Loss: 0.0939
[04:12:30] {train_network.py:177} INFO - Epoch: 3, Batch: 400, Loss: 0.1010
[04:12:51] {train_network.py:177} INFO - Epoch: 3, Batch: 500, Loss: 0.0781
[04:13:12] {train_network.py:177} INFO - Epoch: 3, Batch: 600, Loss: 0.0154
[04:13:33] {train_network.py:177} INFO - Epoch: 3, Batch: 700, Loss: 0.0744
[04:13:54] {train_network.py:177} INFO - Epoch: 3, Batch: 800, Loss: 0.0286
[04:14:15] {train_network.py:177} INFO - Epoch: 3, Batch: 900, Loss: 0.0588
[04:14:37] {train_network.py:328} INFO - Validating...
[04:14:40] {train_network.py:331} INFO - 77/89 = 0.865169
[04:14:40] {train_network.py:319} INFO - Beginning Epoch 04
[04:15:00] {train_network.py:177} INFO - Epoch: 4, Batch: 100, Loss: 0.0608
[04:15:21] {train_network.py:177} INFO - Epoch: 4, Batch: 200, Loss: 0.0769
[04:15:42] {train_network.py:177} INFO - Epoch: 4, Batch: 300, Loss: 0.0948
[04:16:03] {train_network.py:177} INFO - Epoch: 4, Batch: 400, Loss: 0.1499
[04:16:24] {train_network.py:177} INFO - Epoch: 4, Batch: 500, Loss: 0.0611
[04:16:45] {train_network.py:177} INFO - Epoch: 4, Batch: 600, Loss: 0.0467
[04:17:06] {train_network.py:177} INFO - Epoch: 4, Batch: 700, Loss: 0.0734
[04:17:27] {train_network.py:177} INFO - Epoch: 4, Batch: 800, Loss: 0.1163
[04:17:48] {train_network.py:177} INFO - Epoch: 4, Batch: 900, Loss: 0.0348
[04:18:10] {train_network.py:328} INFO - Validating...
[04:18:12] {train_network.py:331} INFO - 81/89 = 0.910112
[04:18:12] {train_network.py:319} INFO - Beginning Epoch 05
[04:18:33] {train_network.py:177} INFO - Epoch: 5, Batch: 100, Loss: 0.0561
[04:18:54] {train_network.py:177} INFO - Epoch: 5, Batch: 200, Loss: 0.1466
[04:19:15] {train_network.py:177} INFO - Epoch: 5, Batch: 300, Loss: 0.0774
[04:19:36] {train_network.py:177} INFO - Epoch: 5, Batch: 400, Loss: 0.0408
[04:19:57] {train_network.py:177} INFO - Epoch: 5, Batch: 500, Loss: 0.0405
[04:20:18] {train_network.py:177} INFO - Epoch: 5, Batch: 600, Loss: 0.0656
[04:20:38] {train_network.py:177} INFO - Epoch: 5, Batch: 700, Loss: 0.0974
[04:20:59] {train_network.py:177} INFO - Epoch: 5, Batch: 800, Loss: 0.0651
[04:21:20] {train_network.py:177} INFO - Epoch: 5, Batch: 900, Loss: 0.0912
[04:21:42] {train_network.py:328} INFO - Validating...
[04:21:45] {train_network.py:331} INFO - 82/89 = 0.921348
[04:21:45] {train_network.py:319} INFO - Beginning Epoch 06
[04:22:06] {train_network.py:177} INFO - Epoch: 6, Batch: 100, Loss: 0.0297
[04:22:27] {train_network.py:177} INFO - Epoch: 6, Batch: 200, Loss: 0.0808
[04:22:48] {train_network.py:177} INFO - Epoch: 6, Batch: 300, Loss: 0.0732
[04:23:08] {train_network.py:177} INFO - Epoch: 6, Batch: 400, Loss: 0.0644
[04:23:29] {train_network.py:177} INFO - Epoch: 6, Batch: 500, Loss: 0.0469
[04:23:50] {train_network.py:177} INFO - Epoch: 6, Batch: 600, Loss: 0.0411
[04:24:11] {train_network.py:177} INFO - Epoch: 6, Batch: 700, Loss: 0.0231
[04:24:32] {train_network.py:177} INFO - Epoch: 6, Batch: 800, Loss: 0.0418
[04:24:53] {train_network.py:177} INFO - Epoch: 6, Batch: 900, Loss: 0.0178
[04:25:15] {train_network.py:328} INFO - Validating...
[04:25:18] {train_network.py:331} INFO - 77/89 = 0.865169
[04:25:18] {train_network.py:319} INFO - Beginning Epoch 07
[04:25:39] {train_network.py:177} INFO - Epoch: 7, Batch: 100, Loss: 0.0437
[04:25:59] {train_network.py:177} INFO - Epoch: 7, Batch: 200, Loss: 0.0243
[04:26:20] {train_network.py:177} INFO - Epoch: 7, Batch: 300, Loss: 0.1493
[04:26:41] {train_network.py:177} INFO - Epoch: 7, Batch: 400, Loss: 0.0660
[04:27:02] {train_network.py:177} INFO - Epoch: 7, Batch: 500, Loss: 0.0233
[04:27:23] {train_network.py:177} INFO - Epoch: 7, Batch: 600, Loss: 0.0329
[04:27:44] {train_network.py:177} INFO - Epoch: 7, Batch: 700, Loss: 0.1169
[04:28:05] {train_network.py:177} INFO - Epoch: 7, Batch: 800, Loss: 0.1366
[04:28:26] {train_network.py:177} INFO - Epoch: 7, Batch: 900, Loss: 0.0392
[04:28:48] {train_network.py:328} INFO - Validating...
[04:28:51] {train_network.py:331} INFO - 84/89 = 0.943820
[04:28:51] {train_network.py:319} INFO - Beginning Epoch 08
[04:29:11] {train_network.py:177} INFO - Epoch: 8, Batch: 100, Loss: 0.0700
[04:29:32] {train_network.py:177} INFO - Epoch: 8, Batch: 200, Loss: 0.0842
[04:29:53] {train_network.py:177} INFO - Epoch: 8, Batch: 300, Loss: 0.0523
[04:30:14] {train_network.py:177} INFO - Epoch: 8, Batch: 400, Loss: 0.0542
[04:30:35] {train_network.py:177} INFO - Epoch: 8, Batch: 500, Loss: 0.1418
[04:30:56] {train_network.py:177} INFO - Epoch: 8, Batch: 600, Loss: 0.1219
[04:31:17] {train_network.py:177} INFO - Epoch: 8, Batch: 700, Loss: 0.0968
[04:31:38] {train_network.py:177} INFO - Epoch: 8, Batch: 800, Loss: 0.0877
[04:31:59] {train_network.py:177} INFO - Epoch: 8, Batch: 900, Loss: 0.0201
[04:32:21] {train_network.py:328} INFO - Validating...
[04:32:23] {train_network.py:331} INFO - 79/89 = 0.887640
[04:32:23] {train_network.py:319} INFO - Beginning Epoch 09
[04:32:44] {train_network.py:177} INFO - Epoch: 9, Batch: 100, Loss: 0.0560
[04:33:05] {train_network.py:177} INFO - Epoch: 9, Batch: 200, Loss: 0.0431
[04:33:26] {train_network.py:177} INFO - Epoch: 9, Batch: 300, Loss: 0.0390
[04:33:47] {train_network.py:177} INFO - Epoch: 9, Batch: 400, Loss: 0.0469
[04:34:08] {train_network.py:177} INFO - Epoch: 9, Batch: 500, Loss: 0.0983
[04:34:29] {train_network.py:177} INFO - Epoch: 9, Batch: 600, Loss: 0.0381
[04:34:50] {train_network.py:177} INFO - Epoch: 9, Batch: 700, Loss: 0.0414
[04:35:11] {train_network.py:177} INFO - Epoch: 9, Batch: 800, Loss: 0.0567
[04:35:32] {train_network.py:177} INFO - Epoch: 9, Batch: 900, Loss: 0.0482
[04:35:55] {train_network.py:328} INFO - Validating...
[04:35:57] {train_network.py:331} INFO - 84/89 = 0.943820
[04:35:57] {train_network.py:319} INFO - Beginning Epoch 10
[04:36:18] {train_network.py:177} INFO - Epoch: 10, Batch: 100, Loss: 0.0403
[04:36:39] {train_network.py:177} INFO - Epoch: 10, Batch: 200, Loss: 0.0300
[04:36:59] {train_network.py:177} INFO - Epoch: 10, Batch: 300, Loss: 0.0393
[04:37:20] {train_network.py:177} INFO - Epoch: 10, Batch: 400, Loss: 0.0617
[04:37:41] {train_network.py:177} INFO - Epoch: 10, Batch: 500, Loss: 0.0480
[04:38:02] {train_network.py:177} INFO - Epoch: 10, Batch: 600, Loss: 0.0735
[04:38:23] {train_network.py:177} INFO - Epoch: 10, Batch: 700, Loss: 0.0416
[04:38:44] {train_network.py:177} INFO - Epoch: 10, Batch: 800, Loss: 0.0495
[04:39:05] {train_network.py:177} INFO - Epoch: 10, Batch: 900, Loss: 0.0398
[04:39:27] {train_network.py:328} INFO - Validating...
[04:39:30] {train_network.py:331} INFO - 85/89 = 0.955056
[04:39:30] {train_network.py:319} INFO - Beginning Epoch 11
[04:39:51] {train_network.py:177} INFO - Epoch: 11, Batch: 100, Loss: 0.0303
[04:40:11] {train_network.py:177} INFO - Epoch: 11, Batch: 200, Loss: 0.0587
[04:40:32] {train_network.py:177} INFO - Epoch: 11, Batch: 300, Loss: 0.0442
[04:40:53] {train_network.py:177} INFO - Epoch: 11, Batch: 400, Loss: 0.0723
[04:41:14] {train_network.py:177} INFO - Epoch: 11, Batch: 500, Loss: 0.0837
[04:41:35] {train_network.py:177} INFO - Epoch: 11, Batch: 600, Loss: 0.0754
[04:41:56] {train_network.py:177} INFO - Epoch: 11, Batch: 700, Loss: 0.0621
[04:42:16] {train_network.py:177} INFO - Epoch: 11, Batch: 800, Loss: 0.0524
[04:42:37] {train_network.py:177} INFO - Epoch: 11, Batch: 900, Loss: 0.0862
[04:42:59] {train_network.py:328} INFO - Validating...
[04:43:02] {train_network.py:331} INFO - 84/89 = 0.943820
[04:43:02] {train_network.py:319} INFO - Beginning Epoch 12
[04:43:23] {train_network.py:177} INFO - Epoch: 12, Batch: 100, Loss: 0.0798
[04:43:44] {train_network.py:177} INFO - Epoch: 12, Batch: 200, Loss: 0.0630
[04:44:04] {train_network.py:177} INFO - Epoch: 12, Batch: 300, Loss: 0.0452
[04:44:25] {train_network.py:177} INFO - Epoch: 12, Batch: 400, Loss: 0.0558
[04:44:46] {train_network.py:177} INFO - Epoch: 12, Batch: 500, Loss: 0.0500
[04:45:07] {train_network.py:177} INFO - Epoch: 12, Batch: 600, Loss: 0.0438
[04:45:28] {train_network.py:177} INFO - Epoch: 12, Batch: 700, Loss: 0.0408
[04:45:49] {train_network.py:177} INFO - Epoch: 12, Batch: 800, Loss: 0.0229
[04:46:10] {train_network.py:177} INFO - Epoch: 12, Batch: 900, Loss: 0.0545
[04:46:32] {train_network.py:328} INFO - Validating...
[04:46:35] {train_network.py:331} INFO - 83/89 = 0.932584
[04:46:35] {train_network.py:319} INFO - Beginning Epoch 13
[04:46:56] {train_network.py:177} INFO - Epoch: 13, Batch: 100, Loss: 0.0446
[04:47:16] {train_network.py:177} INFO - Epoch: 13, Batch: 200, Loss: 0.0207
[04:47:37] {train_network.py:177} INFO - Epoch: 13, Batch: 300, Loss: 0.0466
[04:47:58] {train_network.py:177} INFO - Epoch: 13, Batch: 400, Loss: 0.0269
[04:48:19] {train_network.py:177} INFO - Epoch: 13, Batch: 500, Loss: 0.0361
[04:48:40] {train_network.py:177} INFO - Epoch: 13, Batch: 600, Loss: 0.0665
[04:49:01] {train_network.py:177} INFO - Epoch: 13, Batch: 700, Loss: 0.0418
[04:49:22] {train_network.py:177} INFO - Epoch: 13, Batch: 800, Loss: 0.0839
[04:49:42] {train_network.py:177} INFO - Epoch: 13, Batch: 900, Loss: 0.0541
[04:50:05] {train_network.py:328} INFO - Validating...
[04:50:07] {train_network.py:331} INFO - 85/89 = 0.955056
[04:50:07] {train_network.py:319} INFO - Beginning Epoch 14
[04:50:28] {train_network.py:177} INFO - Epoch: 14, Batch: 100, Loss: 0.0822
[04:50:48] {train_network.py:177} INFO - Epoch: 14, Batch: 200, Loss: 0.0799
[04:51:09] {train_network.py:177} INFO - Epoch: 14, Batch: 300, Loss: 0.0516
[04:51:30] {train_network.py:177} INFO - Epoch: 14, Batch: 400, Loss: 0.0553
[04:51:51] {train_network.py:177} INFO - Epoch: 14, Batch: 500, Loss: 0.0841
[04:52:12] {train_network.py:177} INFO - Epoch: 14, Batch: 600, Loss: 0.0754
[04:52:33] {train_network.py:177} INFO - Epoch: 14, Batch: 700, Loss: 0.0351
[04:52:54] {train_network.py:177} INFO - Epoch: 14, Batch: 800, Loss: 0.1228
[04:53:15] {train_network.py:177} INFO - Epoch: 14, Batch: 900, Loss: 0.0304
[04:53:37] {train_network.py:328} INFO - Validating...
[04:53:40] {train_network.py:331} INFO - 78/89 = 0.876404
[04:53:40] {train_network.py:319} INFO - Beginning Epoch 15
[04:54:00] {train_network.py:177} INFO - Epoch: 15, Batch: 100, Loss: 0.0732
[04:54:21] {train_network.py:177} INFO - Epoch: 15, Batch: 200, Loss: 0.1018
[04:54:42] {train_network.py:177} INFO - Epoch: 15, Batch: 300, Loss: 0.1614
[04:55:03] {train_network.py:177} INFO - Epoch: 15, Batch: 400, Loss: 0.0617
[04:55:23] {train_network.py:177} INFO - Epoch: 15, Batch: 500, Loss: 0.0806
[04:55:44] {train_network.py:177} INFO - Epoch: 15, Batch: 600, Loss: 0.0649
[04:56:05] {train_network.py:177} INFO - Epoch: 15, Batch: 700, Loss: 0.0207
[04:56:26] {train_network.py:177} INFO - Epoch: 15, Batch: 800, Loss: 0.0470
[04:56:47] {train_network.py:177} INFO - Epoch: 15, Batch: 900, Loss: 0.0265
[04:57:09] {train_network.py:328} INFO - Validating...
[04:57:12] {train_network.py:331} INFO - 84/89 = 0.943820
[04:57:12] {train_network.py:319} INFO - Beginning Epoch 16
[04:57:33] {train_network.py:177} INFO - Epoch: 16, Batch: 100, Loss: 0.0370
[04:57:54] {train_network.py:177} INFO - Epoch: 16, Batch: 200, Loss: 0.0347
[04:58:14] {train_network.py:177} INFO - Epoch: 16, Batch: 300, Loss: 0.0479
[04:58:35] {train_network.py:177} INFO - Epoch: 16, Batch: 400, Loss: 0.0419
[04:58:56] {train_network.py:177} INFO - Epoch: 16, Batch: 500, Loss: 0.0619
[04:59:17] {train_network.py:177} INFO - Epoch: 16, Batch: 600, Loss: 0.0167
[04:59:38] {train_network.py:177} INFO - Epoch: 16, Batch: 700, Loss: 0.0987
[04:59:58] {train_network.py:177} INFO - Epoch: 16, Batch: 800, Loss: 0.0519
[05:00:19] {train_network.py:177} INFO - Epoch: 16, Batch: 900, Loss: 0.1338
[05:00:42] {train_network.py:328} INFO - Validating...
[05:00:44] {train_network.py:331} INFO - 85/89 = 0.955056
[05:00:44] {train_network.py:319} INFO - Beginning Epoch 17
[05:01:05] {train_network.py:177} INFO - Epoch: 17, Batch: 100, Loss: 0.0498
[05:01:26] {train_network.py:177} INFO - Epoch: 17, Batch: 200, Loss: 0.0567
[05:01:47] {train_network.py:177} INFO - Epoch: 17, Batch: 300, Loss: 0.0241
[05:02:08] {train_network.py:177} INFO - Epoch: 17, Batch: 400, Loss: 0.0275
[05:02:29] {train_network.py:177} INFO - Epoch: 17, Batch: 500, Loss: 0.0266
[05:02:49] {train_network.py:177} INFO - Epoch: 17, Batch: 600, Loss: 0.0608
[05:03:10] {train_network.py:177} INFO - Epoch: 17, Batch: 700, Loss: 0.0583
[05:03:31] {train_network.py:177} INFO - Epoch: 17, Batch: 800, Loss: 0.0575
[05:03:52] {train_network.py:177} INFO - Epoch: 17, Batch: 900, Loss: 0.0175
[05:04:14] {train_network.py:328} INFO - Validating...
[05:04:17] {train_network.py:331} INFO - 83/89 = 0.932584
[05:04:17] {train_network.py:319} INFO - Beginning Epoch 18
[05:04:38] {train_network.py:177} INFO - Epoch: 18, Batch: 100, Loss: 0.0519
[05:04:59] {train_network.py:177} INFO - Epoch: 18, Batch: 200, Loss: 0.0659
[05:05:20] {train_network.py:177} INFO - Epoch: 18, Batch: 300, Loss: 0.0456
[05:05:40] {train_network.py:177} INFO - Epoch: 18, Batch: 400, Loss: 0.0611
[05:06:01] {train_network.py:177} INFO - Epoch: 18, Batch: 500, Loss: 0.1311
[05:06:22] {train_network.py:177} INFO - Epoch: 18, Batch: 600, Loss: 0.0426
[05:06:43] {train_network.py:177} INFO - Epoch: 18, Batch: 700, Loss: 0.0397
[05:07:04] {train_network.py:177} INFO - Epoch: 18, Batch: 800, Loss: 0.0437
[05:07:25] {train_network.py:177} INFO - Epoch: 18, Batch: 900, Loss: 0.0953
[05:07:47] {train_network.py:328} INFO - Validating...
[05:07:50] {train_network.py:331} INFO - 83/89 = 0.932584
[05:07:50] {train_network.py:319} INFO - Beginning Epoch 19
[05:08:10] {train_network.py:177} INFO - Epoch: 19, Batch: 100, Loss: 0.0314
[05:08:31] {train_network.py:177} INFO - Epoch: 19, Batch: 200, Loss: 0.0294
[05:08:52] {train_network.py:177} INFO - Epoch: 19, Batch: 300, Loss: 0.0338
[05:09:13] {train_network.py:177} INFO - Epoch: 19, Batch: 400, Loss: 0.0809
[05:09:34] {train_network.py:177} INFO - Epoch: 19, Batch: 500, Loss: 0.0474
[05:09:55] {train_network.py:177} INFO - Epoch: 19, Batch: 600, Loss: 0.0532
[05:10:16] {train_network.py:177} INFO - Epoch: 19, Batch: 700, Loss: 0.0216
[05:10:37] {train_network.py:177} INFO - Epoch: 19, Batch: 800, Loss: 0.0408
[05:10:58] {train_network.py:177} INFO - Epoch: 19, Batch: 900, Loss: 0.0385
[05:11:20] {train_network.py:328} INFO - Validating...
[05:11:22] {train_network.py:331} INFO - 79/89 = 0.887640
[05:11:22] {train_network.py:319} INFO - Beginning Epoch 20
[05:11:43] {train_network.py:177} INFO - Epoch: 20, Batch: 100, Loss: 0.0732
[05:12:04] {train_network.py:177} INFO - Epoch: 20, Batch: 200, Loss: 0.0350
[05:12:25] {train_network.py:177} INFO - Epoch: 20, Batch: 300, Loss: 0.0305
[05:12:46] {train_network.py:177} INFO - Epoch: 20, Batch: 400, Loss: 0.1040
[05:13:07] {train_network.py:177} INFO - Epoch: 20, Batch: 500, Loss: 0.0449
[05:13:27] {train_network.py:177} INFO - Epoch: 20, Batch: 600, Loss: 0.0666
[05:13:48] {train_network.py:177} INFO - Epoch: 20, Batch: 700, Loss: 0.0694
[05:14:09] {train_network.py:177} INFO - Epoch: 20, Batch: 800, Loss: 0.0198
[05:14:30] {train_network.py:177} INFO - Epoch: 20, Batch: 900, Loss: 0.0198
[05:14:52] {train_network.py:328} INFO - Validating...
[05:14:55] {train_network.py:331} INFO - 82/89 = 0.921348
[05:14:55] {train_network.py:319} INFO - Beginning Epoch 21
[05:15:16] {train_network.py:177} INFO - Epoch: 21, Batch: 100, Loss: 0.0435
[05:15:37] {train_network.py:177} INFO - Epoch: 21, Batch: 200, Loss: 0.0319
[05:15:57] {train_network.py:177} INFO - Epoch: 21, Batch: 300, Loss: 0.0481
[05:16:19] {train_network.py:177} INFO - Epoch: 21, Batch: 400, Loss: 0.1078
[05:16:39] {train_network.py:177} INFO - Epoch: 21, Batch: 500, Loss: 0.0351
[05:17:00] {train_network.py:177} INFO - Epoch: 21, Batch: 600, Loss: 0.0459
[05:17:21] {train_network.py:177} INFO - Epoch: 21, Batch: 700, Loss: 0.0558
[05:17:42] {train_network.py:177} INFO - Epoch: 21, Batch: 800, Loss: 0.0632
[05:18:03] {train_network.py:177} INFO - Epoch: 21, Batch: 900, Loss: 0.0656
[05:18:25] {train_network.py:328} INFO - Validating...
[05:18:28] {train_network.py:331} INFO - 82/89 = 0.921348
[05:18:28] {train_network.py:319} INFO - Beginning Epoch 22
[05:18:49] {train_network.py:177} INFO - Epoch: 22, Batch: 100, Loss: 0.0551
[05:19:09] {train_network.py:177} INFO - Epoch: 22, Batch: 200, Loss: 0.0357
[05:19:30] {train_network.py:177} INFO - Epoch: 22, Batch: 300, Loss: 0.0551
[05:19:51] {train_network.py:177} INFO - Epoch: 22, Batch: 400, Loss: 0.0718
[05:20:12] {train_network.py:177} INFO - Epoch: 22, Batch: 500, Loss: 0.0564
[05:20:33] {train_network.py:177} INFO - Epoch: 22, Batch: 600, Loss: 0.0390
[05:20:53] {train_network.py:177} INFO - Epoch: 22, Batch: 700, Loss: 0.0569
[05:21:14] {train_network.py:177} INFO - Epoch: 22, Batch: 800, Loss: 0.0850
[05:21:35] {train_network.py:177} INFO - Epoch: 22, Batch: 900, Loss: 0.0355
[05:21:57] {train_network.py:328} INFO - Validating...
[05:22:00] {train_network.py:331} INFO - 80/89 = 0.898876
[05:22:00] {train_network.py:319} INFO - Beginning Epoch 23
[05:22:21] {train_network.py:177} INFO - Epoch: 23, Batch: 100, Loss: 0.0642
[05:22:41] {train_network.py:177} INFO - Epoch: 23, Batch: 200, Loss: 0.0209
[05:23:02] {train_network.py:177} INFO - Epoch: 23, Batch: 300, Loss: 0.0197
[05:23:23] {train_network.py:177} INFO - Epoch: 23, Batch: 400, Loss: 0.0396
[05:23:44] {train_network.py:177} INFO - Epoch: 23, Batch: 500, Loss: 0.0559
[05:24:05] {train_network.py:177} INFO - Epoch: 23, Batch: 600, Loss: 0.0566
[05:24:26] {train_network.py:177} INFO - Epoch: 23, Batch: 700, Loss: 0.0299
[05:24:47] {train_network.py:177} INFO - Epoch: 23, Batch: 800, Loss: 0.0512
[05:25:08] {train_network.py:177} INFO - Epoch: 23, Batch: 900, Loss: 0.0295
[05:25:30] {train_network.py:328} INFO - Validating...
[05:25:33] {train_network.py:331} INFO - 84/89 = 0.943820
[05:25:33] {train_network.py:319} INFO - Beginning Epoch 24
[05:25:54] {train_network.py:177} INFO - Epoch: 24, Batch: 100, Loss: 0.0518
[05:26:15] {train_network.py:177} INFO - Epoch: 24, Batch: 200, Loss: 0.0444
[05:26:36] {train_network.py:177} INFO - Epoch: 24, Batch: 300, Loss: 0.0645
[05:26:57] {train_network.py:177} INFO - Epoch: 24, Batch: 400, Loss: 0.0219
[05:27:17] {train_network.py:177} INFO - Epoch: 24, Batch: 500, Loss: 0.0545
[05:27:38] {train_network.py:177} INFO - Epoch: 24, Batch: 600, Loss: 0.0985
[05:27:59] {train_network.py:177} INFO - Epoch: 24, Batch: 700, Loss: 0.0195
[05:28:20] {train_network.py:177} INFO - Epoch: 24, Batch: 800, Loss: 0.0436
[05:28:40] {train_network.py:177} INFO - Epoch: 24, Batch: 900, Loss: 0.0691
[05:29:02] {train_network.py:328} INFO - Validating...
[05:29:05] {train_network.py:331} INFO - 83/89 = 0.932584
[05:29:05] {train_network.py:319} INFO - Beginning Epoch 25
[05:29:26] {train_network.py:177} INFO - Epoch: 25, Batch: 100, Loss: 0.0506
[05:29:47] {train_network.py:177} INFO - Epoch: 25, Batch: 200, Loss: 0.0371
[05:30:08] {train_network.py:177} INFO - Epoch: 25, Batch: 300, Loss: 0.0286
[05:30:28] {train_network.py:177} INFO - Epoch: 25, Batch: 400, Loss: 0.0747
[05:30:49] {train_network.py:177} INFO - Epoch: 25, Batch: 500, Loss: 0.0262
[05:31:10] {train_network.py:177} INFO - Epoch: 25, Batch: 600, Loss: 0.0248
[05:31:31] {train_network.py:177} INFO - Epoch: 25, Batch: 700, Loss: 0.0161
[05:31:52] {train_network.py:177} INFO - Epoch: 25, Batch: 800, Loss: 0.0167
[05:32:13] {train_network.py:177} INFO - Epoch: 25, Batch: 900, Loss: 0.0363
[05:32:35] {train_network.py:328} INFO - Validating...
[05:32:38] {train_network.py:331} INFO - 84/89 = 0.943820
[05:32:38] {train_network.py:319} INFO - Beginning Epoch 26
[05:32:59] {train_network.py:177} INFO - Epoch: 26, Batch: 100, Loss: 0.0193
[05:33:19] {train_network.py:177} INFO - Epoch: 26, Batch: 200, Loss: 0.0611
[05:33:40] {train_network.py:177} INFO - Epoch: 26, Batch: 300, Loss: 0.0418
[05:34:01] {train_network.py:177} INFO - Epoch: 26, Batch: 400, Loss: 0.0370
[05:34:22] {train_network.py:177} INFO - Epoch: 26, Batch: 500, Loss: 0.0421
[05:34:43] {train_network.py:177} INFO - Epoch: 26, Batch: 600, Loss: 0.0388
[05:35:03] {train_network.py:177} INFO - Epoch: 26, Batch: 700, Loss: 0.0962
[05:35:24] {train_network.py:177} INFO - Epoch: 26, Batch: 800, Loss: 0.0725
[05:35:45] {train_network.py:177} INFO - Epoch: 26, Batch: 900, Loss: 0.0254
[05:36:08] {train_network.py:328} INFO - Validating...
[05:36:11] {train_network.py:331} INFO - 84/89 = 0.943820
[05:36:11] {train_network.py:319} INFO - Beginning Epoch 27
[05:36:31] {train_network.py:177} INFO - Epoch: 27, Batch: 100, Loss: 0.0318
[05:36:52] {train_network.py:177} INFO - Epoch: 27, Batch: 200, Loss: 0.0621
[05:37:13] {train_network.py:177} INFO - Epoch: 27, Batch: 300, Loss: 0.0824
[05:37:34] {train_network.py:177} INFO - Epoch: 27, Batch: 400, Loss: 0.0839
[05:37:55] {train_network.py:177} INFO - Epoch: 27, Batch: 500, Loss: 0.0219
[05:38:16] {train_network.py:177} INFO - Epoch: 27, Batch: 600, Loss: 0.0590
[05:38:36] {train_network.py:177} INFO - Epoch: 27, Batch: 700, Loss: 0.0434
[05:38:57] {train_network.py:177} INFO - Epoch: 27, Batch: 800, Loss: 0.0493
[05:39:18] {train_network.py:177} INFO - Epoch: 27, Batch: 900, Loss: 0.0467
[05:39:41] {train_network.py:328} INFO - Validating...
[05:39:43] {train_network.py:331} INFO - 84/89 = 0.943820
[05:39:43] {train_network.py:319} INFO - Beginning Epoch 28
[05:40:04] {train_network.py:177} INFO - Epoch: 28, Batch: 100, Loss: 0.1342
[05:40:25] {train_network.py:177} INFO - Epoch: 28, Batch: 200, Loss: 0.0430
[05:40:46] {train_network.py:177} INFO - Epoch: 28, Batch: 300, Loss: 0.2291
[05:41:07] {train_network.py:177} INFO - Epoch: 28, Batch: 400, Loss: 0.0818
[05:41:28] {train_network.py:177} INFO - Epoch: 28, Batch: 500, Loss: 0.1093
[05:41:49] {train_network.py:177} INFO - Epoch: 28, Batch: 600, Loss: 0.0528
[05:42:10] {train_network.py:177} INFO - Epoch: 28, Batch: 700, Loss: 0.0991
[05:42:31] {train_network.py:177} INFO - Epoch: 28, Batch: 800, Loss: 0.0504
[05:42:52] {train_network.py:177} INFO - Epoch: 28, Batch: 900, Loss: 0.0422
[05:43:14] {train_network.py:328} INFO - Validating...
[05:43:16] {train_network.py:331} INFO - 79/89 = 0.887640
[05:43:16] {train_network.py:319} INFO - Beginning Epoch 29
[05:43:37] {train_network.py:177} INFO - Epoch: 29, Batch: 100, Loss: 0.0399
[05:43:58] {train_network.py:177} INFO - Epoch: 29, Batch: 200, Loss: 0.0292
[05:44:18] {train_network.py:177} INFO - Epoch: 29, Batch: 300, Loss: 0.1602
[05:44:40] {train_network.py:177} INFO - Epoch: 29, Batch: 400, Loss: 0.0297
[05:45:01] {train_network.py:177} INFO - Epoch: 29, Batch: 500, Loss: 0.0356
[05:45:22] {train_network.py:177} INFO - Epoch: 29, Batch: 600, Loss: 0.0563
[05:45:42] {train_network.py:177} INFO - Epoch: 29, Batch: 700, Loss: 0.0191
[05:46:03] {train_network.py:177} INFO - Epoch: 29, Batch: 800, Loss: 0.0506
[05:46:24] {train_network.py:177} INFO - Epoch: 29, Batch: 900, Loss: 0.0538
[05:46:47] {train_network.py:328} INFO - Validating...
[05:46:49] {train_network.py:331} INFO - 82/89 = 0.921348
[05:46:49] {train_network.py:319} INFO - Beginning Epoch 30
[05:47:10] {train_network.py:177} INFO - Epoch: 30, Batch: 100, Loss: 0.0312
[05:47:31] {train_network.py:177} INFO - Epoch: 30, Batch: 200, Loss: 0.0144
[05:47:52] {train_network.py:177} INFO - Epoch: 30, Batch: 300, Loss: 0.0605
[05:48:13] {train_network.py:177} INFO - Epoch: 30, Batch: 400, Loss: 0.0281
[05:48:34] {train_network.py:177} INFO - Epoch: 30, Batch: 500, Loss: 0.0573
[05:48:55] {train_network.py:177} INFO - Epoch: 30, Batch: 600, Loss: 0.0266
[05:49:16] {train_network.py:177} INFO - Epoch: 30, Batch: 700, Loss: 0.0373
[05:49:36] {train_network.py:177} INFO - Epoch: 30, Batch: 800, Loss: 0.0606
[05:49:57] {train_network.py:177} INFO - Epoch: 30, Batch: 900, Loss: 0.0609
[05:50:20] {train_network.py:328} INFO - Validating...
[05:50:22] {train_network.py:331} INFO - 79/89 = 0.887640
[05:50:22] {train_network.py:319} INFO - Beginning Epoch 31
[05:50:43] {train_network.py:177} INFO - Epoch: 31, Batch: 100, Loss: 0.0627
[05:51:04] {train_network.py:177} INFO - Epoch: 31, Batch: 200, Loss: 0.0718
[05:51:25] {train_network.py:177} INFO - Epoch: 31, Batch: 300, Loss: 0.0279
[05:51:46] {train_network.py:177} INFO - Epoch: 31, Batch: 400, Loss: 0.1100
[05:52:06] {train_network.py:177} INFO - Epoch: 31, Batch: 500, Loss: 0.0387
[05:52:27] {train_network.py:177} INFO - Epoch: 31, Batch: 600, Loss: 0.0530
[05:52:48] {train_network.py:177} INFO - Epoch: 31, Batch: 700, Loss: 0.0172
[05:53:09] {train_network.py:177} INFO - Epoch: 31, Batch: 800, Loss: 0.0428
[05:53:30] {train_network.py:177} INFO - Epoch: 31, Batch: 900, Loss: 0.0262
[05:53:52] {train_network.py:328} INFO - Validating...
[05:53:54] {train_network.py:331} INFO - 81/89 = 0.910112
[05:53:54] {train_network.py:319} INFO - Beginning Epoch 32
[05:54:15] {train_network.py:177} INFO - Epoch: 32, Batch: 100, Loss: 0.0573
[05:54:36] {train_network.py:177} INFO - Epoch: 32, Batch: 200, Loss: 0.0715
[05:54:57] {train_network.py:177} INFO - Epoch: 32, Batch: 300, Loss: 0.0143
[05:55:18] {train_network.py:177} INFO - Epoch: 32, Batch: 400, Loss: 0.0567
[05:55:38] {train_network.py:177} INFO - Epoch: 32, Batch: 500, Loss: 0.0261
[05:55:59] {train_network.py:177} INFO - Epoch: 32, Batch: 600, Loss: 0.0385
[05:56:20] {train_network.py:177} INFO - Epoch: 32, Batch: 700, Loss: 0.0317
[05:56:41] {train_network.py:177} INFO - Epoch: 32, Batch: 800, Loss: 0.0396
[05:57:02] {train_network.py:177} INFO - Epoch: 32, Batch: 900, Loss: 0.0333
[05:57:24] {train_network.py:328} INFO - Validating...
[05:57:27] {train_network.py:331} INFO - 81/89 = 0.910112
[05:57:27] {train_network.py:319} INFO - Beginning Epoch 33
[05:57:48] {train_network.py:177} INFO - Epoch: 33, Batch: 100, Loss: 0.0444
[05:58:08] {train_network.py:177} INFO - Epoch: 33, Batch: 200, Loss: 0.0267
[05:58:29] {train_network.py:177} INFO - Epoch: 33, Batch: 300, Loss: 0.0632
[05:58:50] {train_network.py:177} INFO - Epoch: 33, Batch: 400, Loss: 0.0400
[05:59:11] {train_network.py:177} INFO - Epoch: 33, Batch: 500, Loss: 0.0767
[05:59:32] {train_network.py:177} INFO - Epoch: 33, Batch: 600, Loss: 0.0452
[05:59:53] {train_network.py:177} INFO - Epoch: 33, Batch: 700, Loss: 0.1468
[06:00:14] {train_network.py:177} INFO - Epoch: 33, Batch: 800, Loss: 0.0286
[06:00:35] {train_network.py:177} INFO - Epoch: 33, Batch: 900, Loss: 0.0431
[06:00:57] {train_network.py:328} INFO - Validating...
[06:00:59] {train_network.py:331} INFO - 77/89 = 0.865169
[06:00:59] {train_network.py:319} INFO - Beginning Epoch 34
[06:01:20] {train_network.py:177} INFO - Epoch: 34, Batch: 100, Loss: 0.0344
[06:01:41] {train_network.py:177} INFO - Epoch: 34, Batch: 200, Loss: 0.0663
[06:02:02] {train_network.py:177} INFO - Epoch: 34, Batch: 300, Loss: 0.0603
[06:02:23] {train_network.py:177} INFO - Epoch: 34, Batch: 400, Loss: 0.0587
[06:02:44] {train_network.py:177} INFO - Epoch: 34, Batch: 500, Loss: 0.0553
[06:03:05] {train_network.py:177} INFO - Epoch: 34, Batch: 600, Loss: 0.0415
[06:03:26] {train_network.py:177} INFO - Epoch: 34, Batch: 700, Loss: 0.0445
[06:03:47] {train_network.py:177} INFO - Epoch: 34, Batch: 800, Loss: 0.0778
[06:04:08] {train_network.py:177} INFO - Epoch: 34, Batch: 900, Loss: 0.0420
[06:04:30] {train_network.py:328} INFO - Validating...
[06:04:32] {train_network.py:331} INFO - 71/89 = 0.797753
[06:04:32] {train_network.py:319} INFO - Beginning Epoch 35
[06:04:53] {train_network.py:177} INFO - Epoch: 35, Batch: 100, Loss: 0.0538
[06:05:14] {train_network.py:177} INFO - Epoch: 35, Batch: 200, Loss: 0.0676
[06:05:35] {train_network.py:177} INFO - Epoch: 35, Batch: 300, Loss: 0.1294
[06:05:56] {train_network.py:177} INFO - Epoch: 35, Batch: 400, Loss: 0.0413
[06:06:16] {train_network.py:177} INFO - Epoch: 35, Batch: 500, Loss: 0.0466
[06:06:37] {train_network.py:177} INFO - Epoch: 35, Batch: 600, Loss: 0.0600
[06:06:58] {train_network.py:177} INFO - Epoch: 35, Batch: 700, Loss: 0.0750
[06:07:19] {train_network.py:177} INFO - Epoch: 35, Batch: 800, Loss: 0.0424
[06:07:40] {train_network.py:177} INFO - Epoch: 35, Batch: 900, Loss: 0.0254
[06:08:02] {train_network.py:328} INFO - Validating...
[06:08:05] {train_network.py:331} INFO - 83/89 = 0.932584
[06:08:05] {train_network.py:319} INFO - Beginning Epoch 36
[06:08:25] {train_network.py:177} INFO - Epoch: 36, Batch: 100, Loss: 0.0161
[06:08:46] {train_network.py:177} INFO - Epoch: 36, Batch: 200, Loss: 0.0599
[06:09:07] {train_network.py:177} INFO - Epoch: 36, Batch: 300, Loss: 0.0299
[06:09:28] {train_network.py:177} INFO - Epoch: 36, Batch: 400, Loss: 0.0459
[06:09:49] {train_network.py:177} INFO - Epoch: 36, Batch: 500, Loss: 0.1076
[06:10:10] {train_network.py:177} INFO - Epoch: 36, Batch: 600, Loss: 0.0811
[06:10:31] {train_network.py:177} INFO - Epoch: 36, Batch: 700, Loss: 0.0619
[06:10:51] {train_network.py:177} INFO - Epoch: 36, Batch: 800, Loss: 0.0435
[06:11:12] {train_network.py:177} INFO - Epoch: 36, Batch: 900, Loss: 0.0218
[06:11:35] {train_network.py:328} INFO - Validating...
[06:11:37] {train_network.py:331} INFO - 81/89 = 0.910112
[06:11:37] {train_network.py:319} INFO - Beginning Epoch 37
[06:11:58] {train_network.py:177} INFO - Epoch: 37, Batch: 100, Loss: 0.0149
[06:12:19] {train_network.py:177} INFO - Epoch: 37, Batch: 200, Loss: 0.0333
[06:12:40] {train_network.py:177} INFO - Epoch: 37, Batch: 300, Loss: 0.0530
[06:13:01] {train_network.py:177} INFO - Epoch: 37, Batch: 400, Loss: 0.0835
[06:13:22] {train_network.py:177} INFO - Epoch: 37, Batch: 500, Loss: 0.0535
[06:13:42] {train_network.py:177} INFO - Epoch: 37, Batch: 600, Loss: 0.0613
[06:14:03] {train_network.py:177} INFO - Epoch: 37, Batch: 700, Loss: 0.0477
[06:14:24] {train_network.py:177} INFO - Epoch: 37, Batch: 800, Loss: 0.0417
[06:14:45] {train_network.py:177} INFO - Epoch: 37, Batch: 900, Loss: 0.0338
[06:15:07] {train_network.py:328} INFO - Validating...
[06:15:10] {train_network.py:331} INFO - 82/89 = 0.921348
[06:15:10] {train_network.py:319} INFO - Beginning Epoch 38
[06:15:31] {train_network.py:177} INFO - Epoch: 38, Batch: 100, Loss: 0.0334
[06:15:52] {train_network.py:177} INFO - Epoch: 38, Batch: 200, Loss: 0.0273
[06:16:12] {train_network.py:177} INFO - Epoch: 38, Batch: 300, Loss: 0.0471
[06:16:33] {train_network.py:177} INFO - Epoch: 38, Batch: 400, Loss: 0.1033
[06:16:54] {train_network.py:177} INFO - Epoch: 38, Batch: 500, Loss: 0.0247
[06:17:15] {train_network.py:177} INFO - Epoch: 38, Batch: 600, Loss: 0.0299
[06:17:36] {train_network.py:177} INFO - Epoch: 38, Batch: 700, Loss: 0.0197
[06:17:56] {train_network.py:177} INFO - Epoch: 38, Batch: 800, Loss: 0.0255
[06:18:17] {train_network.py:177} INFO - Epoch: 38, Batch: 900, Loss: 0.0539
[06:18:40] {train_network.py:328} INFO - Validating...
[06:18:43] {train_network.py:331} INFO - 75/89 = 0.842697
[06:18:43] {train_network.py:319} INFO - Beginning Epoch 39
[06:19:03] {train_network.py:177} INFO - Epoch: 39, Batch: 100, Loss: 0.0554
[06:19:24] {train_network.py:177} INFO - Epoch: 39, Batch: 200, Loss: 0.0401
[06:19:45] {train_network.py:177} INFO - Epoch: 39, Batch: 300, Loss: 0.0671
[06:20:06] {train_network.py:177} INFO - Epoch: 39, Batch: 400, Loss: 0.0760
[06:20:27] {train_network.py:177} INFO - Epoch: 39, Batch: 500, Loss: 0.0343
[06:20:48] {train_network.py:177} INFO - Epoch: 39, Batch: 600, Loss: 0.0435
[06:21:09] {train_network.py:177} INFO - Epoch: 39, Batch: 700, Loss: 0.0176
[06:21:30] {train_network.py:177} INFO - Epoch: 39, Batch: 800, Loss: 0.0504
[06:21:51] {train_network.py:177} INFO - Epoch: 39, Batch: 900, Loss: 0.0715
[06:22:13] {train_network.py:328} INFO - Validating...
[06:22:16] {train_network.py:331} INFO - 79/89 = 0.887640
[06:22:16] {train_network.py:319} INFO - Beginning Epoch 40
[06:22:36] {train_network.py:177} INFO - Epoch: 40, Batch: 100, Loss: 0.0476
[06:22:57] {train_network.py:177} INFO - Epoch: 40, Batch: 200, Loss: 0.0433
[06:23:18] {train_network.py:177} INFO - Epoch: 40, Batch: 300, Loss: 0.0248
[06:23:39] {train_network.py:177} INFO - Epoch: 40, Batch: 400, Loss: 0.0516
[06:24:00] {train_network.py:177} INFO - Epoch: 40, Batch: 500, Loss: 0.1473
[06:24:21] {train_network.py:177} INFO - Epoch: 40, Batch: 600, Loss: 0.0607
[06:24:42] {train_network.py:177} INFO - Epoch: 40, Batch: 700, Loss: 0.1557
[06:25:03] {train_network.py:177} INFO - Epoch: 40, Batch: 800, Loss: 0.0326
[06:25:24] {train_network.py:177} INFO - Epoch: 40, Batch: 900, Loss: 0.0158
[06:25:46] {train_network.py:328} INFO - Validating...
[06:25:48] {train_network.py:331} INFO - 82/89 = 0.921348
[06:25:48] {train_network.py:319} INFO - Beginning Epoch 41
[06:26:09] {train_network.py:177} INFO - Epoch: 41, Batch: 100, Loss: 0.0431
[06:26:30] {train_network.py:177} INFO - Epoch: 41, Batch: 200, Loss: 0.0274
[06:26:51] {train_network.py:177} INFO - Epoch: 41, Batch: 300, Loss: 0.0318
[06:27:12] {train_network.py:177} INFO - Epoch: 41, Batch: 400, Loss: 0.0620
[06:27:33] {train_network.py:177} INFO - Epoch: 41, Batch: 500, Loss: 0.0269
[06:27:54] {train_network.py:177} INFO - Epoch: 41, Batch: 600, Loss: 0.0187
[06:28:14] {train_network.py:177} INFO - Epoch: 41, Batch: 700, Loss: 0.0568
[06:28:35] {train_network.py:177} INFO - Epoch: 41, Batch: 800, Loss: 0.0122
[06:28:56] {train_network.py:177} INFO - Epoch: 41, Batch: 900, Loss: 0.0342
[06:29:18] {train_network.py:328} INFO - Validating...
[06:29:21] {train_network.py:331} INFO - 73/89 = 0.820225
[06:29:21] {train_network.py:319} INFO - Beginning Epoch 42
[06:29:42] {train_network.py:177} INFO - Epoch: 42, Batch: 100, Loss: 0.0455
[06:30:03] {train_network.py:177} INFO - Epoch: 42, Batch: 200, Loss: 0.0320
[06:30:23] {train_network.py:177} INFO - Epoch: 42, Batch: 300, Loss: 0.0302
[06:30:44] {train_network.py:177} INFO - Epoch: 42, Batch: 400, Loss: 0.0400
[06:31:05] {train_network.py:177} INFO - Epoch: 42, Batch: 500, Loss: 0.0149
[06:31:26] {train_network.py:177} INFO - Epoch: 42, Batch: 600, Loss: 0.0192
[06:31:47] {train_network.py:177} INFO - Epoch: 42, Batch: 700, Loss: 0.0474
[06:32:08] {train_network.py:177} INFO - Epoch: 42, Batch: 800, Loss: 0.0731
[06:32:29] {train_network.py:177} INFO - Epoch: 42, Batch: 900, Loss: 0.0702
[06:32:51] {train_network.py:328} INFO - Validating...
[06:32:53] {train_network.py:331} INFO - 80/89 = 0.898876
[06:32:53] {train_network.py:319} INFO - Beginning Epoch 43
[06:33:14] {train_network.py:177} INFO - Epoch: 43, Batch: 100, Loss: 0.0604
[06:33:35] {train_network.py:177} INFO - Epoch: 43, Batch: 200, Loss: 0.0258
[06:33:56] {train_network.py:177} INFO - Epoch: 43, Batch: 300, Loss: 0.0419
[06:34:17] {train_network.py:177} INFO - Epoch: 43, Batch: 400, Loss: 0.0287
[06:34:38] {train_network.py:177} INFO - Epoch: 43, Batch: 500, Loss: 0.0287
[06:34:59] {train_network.py:177} INFO - Epoch: 43, Batch: 600, Loss: 0.0598
[06:35:20] {train_network.py:177} INFO - Epoch: 43, Batch: 700, Loss: 0.0280
[06:35:40] {train_network.py:177} INFO - Epoch: 43, Batch: 800, Loss: 0.0784
[06:36:01] {train_network.py:177} INFO - Epoch: 43, Batch: 900, Loss: 0.0486
[06:36:24] {train_network.py:328} INFO - Validating...
[06:36:26] {train_network.py:331} INFO - 76/89 = 0.853933
[06:36:26] {train_network.py:319} INFO - Beginning Epoch 44
[06:36:47] {train_network.py:177} INFO - Epoch: 44, Batch: 100, Loss: 0.0114
[06:37:08] {train_network.py:177} INFO - Epoch: 44, Batch: 200, Loss: 0.0261
[06:37:29] {train_network.py:177} INFO - Epoch: 44, Batch: 300, Loss: 0.0502
[06:37:50] {train_network.py:177} INFO - Epoch: 44, Batch: 400, Loss: 0.0523
[06:38:11] {train_network.py:177} INFO - Epoch: 44, Batch: 500, Loss: 0.0620
[06:38:32] {train_network.py:177} INFO - Epoch: 44, Batch: 600, Loss: 0.0720
[06:38:53] {train_network.py:177} INFO - Epoch: 44, Batch: 700, Loss: 0.1282
[06:39:13] {train_network.py:177} INFO - Epoch: 44, Batch: 800, Loss: 0.0792
[06:39:34] {train_network.py:177} INFO - Epoch: 44, Batch: 900, Loss: 0.0103
[06:39:56] {train_network.py:328} INFO - Validating...
[06:39:59] {train_network.py:331} INFO - 78/89 = 0.876404
[06:39:59] {train_network.py:319} INFO - Beginning Epoch 45
[06:40:20] {train_network.py:177} INFO - Epoch: 45, Batch: 100, Loss: 0.0471
[06:40:41] {train_network.py:177} INFO - Epoch: 45, Batch: 200, Loss: 0.0287
[06:41:02] {train_network.py:177} INFO - Epoch: 45, Batch: 300, Loss: 0.0295
[06:41:22] {train_network.py:177} INFO - Epoch: 45, Batch: 400, Loss: 0.0908
[06:41:43] {train_network.py:177} INFO - Epoch: 45, Batch: 500, Loss: 0.0719
[06:42:04] {train_network.py:177} INFO - Epoch: 45, Batch: 600, Loss: 0.0343
[06:42:25] {train_network.py:177} INFO - Epoch: 45, Batch: 700, Loss: 0.0552
[06:42:46] {train_network.py:177} INFO - Epoch: 45, Batch: 800, Loss: 0.0508
[06:43:07] {train_network.py:177} INFO - Epoch: 45, Batch: 900, Loss: 0.0285
[06:43:29] {train_network.py:328} INFO - Validating...
[06:43:32] {train_network.py:331} INFO - 72/89 = 0.808989
[06:43:32] {train_network.py:319} INFO - Beginning Epoch 46
[06:43:53] {train_network.py:177} INFO - Epoch: 46, Batch: 100, Loss: 0.0989
[06:44:14] {train_network.py:177} INFO - Epoch: 46, Batch: 200, Loss: 0.0341
[06:44:35] {train_network.py:177} INFO - Epoch: 46, Batch: 300, Loss: 0.0448
[06:44:56] {train_network.py:177} INFO - Epoch: 46, Batch: 400, Loss: 0.0212
[06:45:17] {train_network.py:177} INFO - Epoch: 46, Batch: 500, Loss: 0.0159
[06:45:38] {train_network.py:177} INFO - Epoch: 46, Batch: 600, Loss: 0.0669
[06:45:58] {train_network.py:177} INFO - Epoch: 46, Batch: 700, Loss: 0.0648
[06:46:19] {train_network.py:177} INFO - Epoch: 46, Batch: 800, Loss: 0.0573
[06:46:40] {train_network.py:177} INFO - Epoch: 46, Batch: 900, Loss: 0.0336
[06:47:03] {train_network.py:328} INFO - Validating...
[06:47:06] {train_network.py:331} INFO - 76/89 = 0.853933
[06:47:06] {train_network.py:319} INFO - Beginning Epoch 47
[06:47:26] {train_network.py:177} INFO - Epoch: 47, Batch: 100, Loss: 0.0432
[06:47:47] {train_network.py:177} INFO - Epoch: 47, Batch: 200, Loss: 0.0570
[06:48:08] {train_network.py:177} INFO - Epoch: 47, Batch: 300, Loss: 0.0401
[06:48:29] {train_network.py:177} INFO - Epoch: 47, Batch: 400, Loss: 0.0621
[06:48:50] {train_network.py:177} INFO - Epoch: 47, Batch: 500, Loss: 0.0357
[06:49:11] {train_network.py:177} INFO - Epoch: 47, Batch: 600, Loss: 0.0434
[06:49:31] {train_network.py:177} INFO - Epoch: 47, Batch: 700, Loss: 0.0323
[06:49:52] {train_network.py:177} INFO - Epoch: 47, Batch: 800, Loss: 0.0157
[06:50:13] {train_network.py:177} INFO - Epoch: 47, Batch: 900, Loss: 0.0302
[06:50:35] {train_network.py:328} INFO - Validating...
[06:50:38] {train_network.py:331} INFO - 75/89 = 0.842697
[06:50:38] {train_network.py:319} INFO - Beginning Epoch 48
[06:50:59] {train_network.py:177} INFO - Epoch: 48, Batch: 100, Loss: 0.0316
[06:51:20] {train_network.py:177} INFO - Epoch: 48, Batch: 200, Loss: 0.0500
[06:51:41] {train_network.py:177} INFO - Epoch: 48, Batch: 300, Loss: 0.0387
[06:52:02] {train_network.py:177} INFO - Epoch: 48, Batch: 400, Loss: 0.0507
[06:52:23] {train_network.py:177} INFO - Epoch: 48, Batch: 500, Loss: 0.1197
[06:52:43] {train_network.py:177} INFO - Epoch: 48, Batch: 600, Loss: 0.0311
[06:53:04] {train_network.py:177} INFO - Epoch: 48, Batch: 700, Loss: 0.0303
[06:53:25] {train_network.py:177} INFO - Epoch: 48, Batch: 800, Loss: 0.0184
[06:53:46] {train_network.py:177} INFO - Epoch: 48, Batch: 900, Loss: 0.0561
[06:54:08] {train_network.py:328} INFO - Validating...
[06:54:11] {train_network.py:331} INFO - 72/89 = 0.808989
[06:54:11] {train_network.py:319} INFO - Beginning Epoch 49
[06:54:32] {train_network.py:177} INFO - Epoch: 49, Batch: 100, Loss: 0.0587
[06:54:53] {train_network.py:177} INFO - Epoch: 49, Batch: 200, Loss: 0.0297
[06:55:14] {train_network.py:177} INFO - Epoch: 49, Batch: 300, Loss: 0.0968
[06:55:35] {train_network.py:177} INFO - Epoch: 49, Batch: 400, Loss: 0.0214
[06:55:56] {train_network.py:177} INFO - Epoch: 49, Batch: 500, Loss: 0.0606
[06:56:17] {train_network.py:177} INFO - Epoch: 49, Batch: 600, Loss: 0.0495
[06:56:38] {train_network.py:177} INFO - Epoch: 49, Batch: 700, Loss: 0.0490
[06:56:58] {train_network.py:177} INFO - Epoch: 49, Batch: 800, Loss: 0.0408
[06:57:19] {train_network.py:177} INFO - Epoch: 49, Batch: 900, Loss: 0.0543
[06:57:41] {train_network.py:328} INFO - Validating...
[06:57:44] {train_network.py:331} INFO - 79/89 = 0.887640
