[13:04:10] {/workspace/KIidP-Gruppe-4/hardware/device.py:11} INFO - CUDA detected. Running with GPU acceleration.
[13:04:10] {train_network.py:247} INFO - Loading Cornell Dataset...
[13:04:10] {train_network.py:256} INFO - Dataset size is 885
[13:04:10] {train_network.py:265} INFO - Training size: 796
[13:04:10] {train_network.py:266} INFO - Validation size: 89
[13:04:10] {train_network.py:284} INFO - Done
[13:04:10] {train_network.py:287} INFO - Loading Network...
[13:04:11] {train_network.py:298} INFO - Done
[13:04:12] {train_network.py:317} INFO - Beginning Epoch 00
[13:04:22] {train_network.py:175} INFO - Epoch: 0, Batch: 100, Loss: 0.0905
[13:04:32] {train_network.py:175} INFO - Epoch: 0, Batch: 200, Loss: 0.0686
[13:04:42] {train_network.py:175} INFO - Epoch: 0, Batch: 300, Loss: 0.0802
[13:04:52] {train_network.py:175} INFO - Epoch: 0, Batch: 400, Loss: 0.1282
[13:05:02] {train_network.py:175} INFO - Epoch: 0, Batch: 500, Loss: 0.1458
[13:05:12] {train_network.py:175} INFO - Epoch: 0, Batch: 600, Loss: 0.0564
[13:05:22] {train_network.py:175} INFO - Epoch: 0, Batch: 700, Loss: 0.0473
[13:05:32] {train_network.py:175} INFO - Epoch: 0, Batch: 800, Loss: 0.0660
[13:05:41] {train_network.py:175} INFO - Epoch: 0, Batch: 900, Loss: 0.0597
[13:05:53] {train_network.py:326} INFO - Validating...
[13:05:55] {train_network.py:329} INFO - 80/89 = 0.898876
[13:05:55] {train_network.py:317} INFO - Beginning Epoch 01
[13:06:05] {train_network.py:175} INFO - Epoch: 1, Batch: 100, Loss: 0.0848
[13:06:15] {train_network.py:175} INFO - Epoch: 1, Batch: 200, Loss: 0.0372
[13:06:24] {train_network.py:175} INFO - Epoch: 1, Batch: 300, Loss: 0.0999
[13:06:34] {train_network.py:175} INFO - Epoch: 1, Batch: 400, Loss: 0.1096
[13:06:44] {train_network.py:175} INFO - Epoch: 1, Batch: 500, Loss: 0.1288
[13:06:54] {train_network.py:175} INFO - Epoch: 1, Batch: 600, Loss: 0.0332
[13:07:04] {train_network.py:175} INFO - Epoch: 1, Batch: 700, Loss: 0.0761
[13:07:14] {train_network.py:175} INFO - Epoch: 1, Batch: 800, Loss: 0.1052
[13:07:23] {train_network.py:175} INFO - Epoch: 1, Batch: 900, Loss: 0.0359
[13:07:34] {train_network.py:326} INFO - Validating...
[13:07:37] {train_network.py:329} INFO - 85/89 = 0.955056
[13:07:37] {train_network.py:317} INFO - Beginning Epoch 02
[13:07:46] {train_network.py:175} INFO - Epoch: 2, Batch: 100, Loss: 0.1156
[13:07:56] {train_network.py:175} INFO - Epoch: 2, Batch: 200, Loss: 0.0428
[13:08:06] {train_network.py:175} INFO - Epoch: 2, Batch: 300, Loss: 0.0690
[13:08:16] {train_network.py:175} INFO - Epoch: 2, Batch: 400, Loss: 0.0479
[13:08:26] {train_network.py:175} INFO - Epoch: 2, Batch: 500, Loss: 0.1001
[13:08:35] {train_network.py:175} INFO - Epoch: 2, Batch: 600, Loss: 0.0900
[13:08:45] {train_network.py:175} INFO - Epoch: 2, Batch: 700, Loss: 0.0556
[13:08:55] {train_network.py:175} INFO - Epoch: 2, Batch: 800, Loss: 0.0589
[13:09:05] {train_network.py:175} INFO - Epoch: 2, Batch: 900, Loss: 0.1205
[13:09:17] {train_network.py:326} INFO - Validating...
[13:09:19] {train_network.py:329} INFO - 80/89 = 0.898876
[13:09:19] {train_network.py:317} INFO - Beginning Epoch 03
[13:09:29] {train_network.py:175} INFO - Epoch: 3, Batch: 100, Loss: 0.0503
[13:09:39] {train_network.py:175} INFO - Epoch: 3, Batch: 200, Loss: 0.0739
[13:09:49] {train_network.py:175} INFO - Epoch: 3, Batch: 300, Loss: 0.0306
[13:09:59] {train_network.py:175} INFO - Epoch: 3, Batch: 400, Loss: 0.0666
[13:10:09] {train_network.py:175} INFO - Epoch: 3, Batch: 500, Loss: 0.0420
[13:10:18] {train_network.py:175} INFO - Epoch: 3, Batch: 600, Loss: 0.0444
[13:10:28] {train_network.py:175} INFO - Epoch: 3, Batch: 700, Loss: 0.0400
[13:10:38] {train_network.py:175} INFO - Epoch: 3, Batch: 800, Loss: 0.0562
[13:10:48] {train_network.py:175} INFO - Epoch: 3, Batch: 900, Loss: 0.0531
[13:10:59] {train_network.py:326} INFO - Validating...
[13:11:02] {train_network.py:329} INFO - 83/89 = 0.932584
[13:11:02] {train_network.py:317} INFO - Beginning Epoch 04
[13:11:12] {train_network.py:175} INFO - Epoch: 4, Batch: 100, Loss: 0.0404
[13:11:22] {train_network.py:175} INFO - Epoch: 4, Batch: 200, Loss: 0.0511
[13:11:32] {train_network.py:175} INFO - Epoch: 4, Batch: 300, Loss: 0.0456
[13:11:41] {train_network.py:175} INFO - Epoch: 4, Batch: 400, Loss: 0.0818
[13:11:51] {train_network.py:175} INFO - Epoch: 4, Batch: 500, Loss: 0.0859
[13:12:01] {train_network.py:175} INFO - Epoch: 4, Batch: 600, Loss: 0.0170
[13:12:11] {train_network.py:175} INFO - Epoch: 4, Batch: 700, Loss: 0.0489
[13:12:21] {train_network.py:175} INFO - Epoch: 4, Batch: 800, Loss: 0.0522
[13:12:31] {train_network.py:175} INFO - Epoch: 4, Batch: 900, Loss: 0.0472
[13:12:43] {train_network.py:326} INFO - Validating...
[13:12:45] {train_network.py:329} INFO - 82/89 = 0.921348
[13:12:45] {train_network.py:317} INFO - Beginning Epoch 05
[13:12:55] {train_network.py:175} INFO - Epoch: 5, Batch: 100, Loss: 0.0517
[13:13:05] {train_network.py:175} INFO - Epoch: 5, Batch: 200, Loss: 0.0137
[13:13:15] {train_network.py:175} INFO - Epoch: 5, Batch: 300, Loss: 0.0422
[13:13:25] {train_network.py:175} INFO - Epoch: 5, Batch: 400, Loss: 0.0589
[13:13:35] {train_network.py:175} INFO - Epoch: 5, Batch: 500, Loss: 0.0535
[13:13:45] {train_network.py:175} INFO - Epoch: 5, Batch: 600, Loss: 0.0399
[13:13:54] {train_network.py:175} INFO - Epoch: 5, Batch: 700, Loss: 0.0657
[13:14:04] {train_network.py:175} INFO - Epoch: 5, Batch: 800, Loss: 0.0368
[13:14:14] {train_network.py:175} INFO - Epoch: 5, Batch: 900, Loss: 0.0687
[13:14:26] {train_network.py:326} INFO - Validating...
[13:14:28] {train_network.py:329} INFO - 83/89 = 0.932584
[13:14:28] {train_network.py:317} INFO - Beginning Epoch 06
[13:14:38] {train_network.py:175} INFO - Epoch: 6, Batch: 100, Loss: 0.0824
[13:14:48] {train_network.py:175} INFO - Epoch: 6, Batch: 200, Loss: 0.0196
[13:14:58] {train_network.py:175} INFO - Epoch: 6, Batch: 300, Loss: 0.0417
[13:15:08] {train_network.py:175} INFO - Epoch: 6, Batch: 400, Loss: 0.0512
[13:15:18] {train_network.py:175} INFO - Epoch: 6, Batch: 500, Loss: 0.0328
[13:15:28] {train_network.py:175} INFO - Epoch: 6, Batch: 600, Loss: 0.0831
[13:15:37] {train_network.py:175} INFO - Epoch: 6, Batch: 700, Loss: 0.0541
[13:15:47] {train_network.py:175} INFO - Epoch: 6, Batch: 800, Loss: 0.0579
[13:15:57] {train_network.py:175} INFO - Epoch: 6, Batch: 900, Loss: 0.0586
[13:16:08] {train_network.py:326} INFO - Validating...
[13:16:11] {train_network.py:329} INFO - 82/89 = 0.921348
[13:16:11] {train_network.py:317} INFO - Beginning Epoch 07
[13:16:20] {train_network.py:175} INFO - Epoch: 7, Batch: 100, Loss: 0.0485
[13:16:30] {train_network.py:175} INFO - Epoch: 7, Batch: 200, Loss: 0.0727
[13:16:40] {train_network.py:175} INFO - Epoch: 7, Batch: 300, Loss: 0.0923
[13:16:50] {train_network.py:175} INFO - Epoch: 7, Batch: 400, Loss: 0.0377
[13:17:00] {train_network.py:175} INFO - Epoch: 7, Batch: 500, Loss: 0.0858
[13:17:10] {train_network.py:175} INFO - Epoch: 7, Batch: 600, Loss: 0.0971
[13:17:19] {train_network.py:175} INFO - Epoch: 7, Batch: 700, Loss: 0.0394
[13:17:29] {train_network.py:175} INFO - Epoch: 7, Batch: 800, Loss: 0.0817
[13:17:39] {train_network.py:175} INFO - Epoch: 7, Batch: 900, Loss: 0.0408
[13:17:50] {train_network.py:326} INFO - Validating...
[13:17:53] {train_network.py:329} INFO - 75/89 = 0.842697
[13:17:53] {train_network.py:317} INFO - Beginning Epoch 08
[13:18:03] {train_network.py:175} INFO - Epoch: 8, Batch: 100, Loss: 0.0569
[13:18:12] {train_network.py:175} INFO - Epoch: 8, Batch: 200, Loss: 0.0479
[13:18:23] {train_network.py:175} INFO - Epoch: 8, Batch: 300, Loss: 0.0352
[13:18:32] {train_network.py:175} INFO - Epoch: 8, Batch: 400, Loss: 0.1114
[13:18:42] {train_network.py:175} INFO - Epoch: 8, Batch: 500, Loss: 0.0513
[13:18:52] {train_network.py:175} INFO - Epoch: 8, Batch: 600, Loss: 0.0728
[13:19:02] {train_network.py:175} INFO - Epoch: 8, Batch: 700, Loss: 0.0659
[13:19:11] {train_network.py:175} INFO - Epoch: 8, Batch: 800, Loss: 0.0416
[13:19:22] {train_network.py:175} INFO - Epoch: 8, Batch: 900, Loss: 0.0544
[13:19:33] {train_network.py:326} INFO - Validating...
[13:19:35] {train_network.py:329} INFO - 82/89 = 0.921348
[13:19:35] {train_network.py:317} INFO - Beginning Epoch 09
[13:19:45] {train_network.py:175} INFO - Epoch: 9, Batch: 100, Loss: 0.0529
[13:19:55] {train_network.py:175} INFO - Epoch: 9, Batch: 200, Loss: 0.0516
[13:20:05] {train_network.py:175} INFO - Epoch: 9, Batch: 300, Loss: 0.0377
[13:20:15] {train_network.py:175} INFO - Epoch: 9, Batch: 400, Loss: 0.0583
[13:20:25] {train_network.py:175} INFO - Epoch: 9, Batch: 500, Loss: 0.0416
[13:20:34] {train_network.py:175} INFO - Epoch: 9, Batch: 600, Loss: 0.0794
[13:20:44] {train_network.py:175} INFO - Epoch: 9, Batch: 700, Loss: 0.0723
[13:20:54] {train_network.py:175} INFO - Epoch: 9, Batch: 800, Loss: 0.0435
[13:21:04] {train_network.py:175} INFO - Epoch: 9, Batch: 900, Loss: 0.0919
[13:21:15] {train_network.py:326} INFO - Validating...
[13:21:18] {train_network.py:329} INFO - 85/89 = 0.955056
[13:21:18] {train_network.py:317} INFO - Beginning Epoch 10
[13:21:27] {train_network.py:175} INFO - Epoch: 10, Batch: 100, Loss: 0.0281
[13:21:37] {train_network.py:175} INFO - Epoch: 10, Batch: 200, Loss: 0.0392
[13:21:47] {train_network.py:175} INFO - Epoch: 10, Batch: 300, Loss: 0.0475
[13:21:57] {train_network.py:175} INFO - Epoch: 10, Batch: 400, Loss: 0.0723
[13:22:07] {train_network.py:175} INFO - Epoch: 10, Batch: 500, Loss: 0.1129
[13:22:16] {train_network.py:175} INFO - Epoch: 10, Batch: 600, Loss: 0.0837
[13:22:26] {train_network.py:175} INFO - Epoch: 10, Batch: 700, Loss: 0.0449
[13:22:36] {train_network.py:175} INFO - Epoch: 10, Batch: 800, Loss: 0.0409
[13:22:45] {train_network.py:175} INFO - Epoch: 10, Batch: 900, Loss: 0.0147
[13:22:56] {train_network.py:326} INFO - Validating...
[13:22:59] {train_network.py:329} INFO - 85/89 = 0.955056
[13:22:59] {train_network.py:317} INFO - Beginning Epoch 11
[13:23:08] {train_network.py:175} INFO - Epoch: 11, Batch: 100, Loss: 0.0333
[13:23:18] {train_network.py:175} INFO - Epoch: 11, Batch: 200, Loss: 0.0268
[13:23:28] {train_network.py:175} INFO - Epoch: 11, Batch: 300, Loss: 0.0322
[13:23:38] {train_network.py:175} INFO - Epoch: 11, Batch: 400, Loss: 0.0965
[13:23:48] {train_network.py:175} INFO - Epoch: 11, Batch: 500, Loss: 0.0436
[13:23:58] {train_network.py:175} INFO - Epoch: 11, Batch: 600, Loss: 0.0567
[13:24:08] {train_network.py:175} INFO - Epoch: 11, Batch: 700, Loss: 0.0620
[13:24:17] {train_network.py:175} INFO - Epoch: 11, Batch: 800, Loss: 0.0447
[13:24:27] {train_network.py:175} INFO - Epoch: 11, Batch: 900, Loss: 0.0613
[13:24:38] {train_network.py:326} INFO - Validating...
[13:24:41] {train_network.py:329} INFO - 81/89 = 0.910112
[13:24:41] {train_network.py:317} INFO - Beginning Epoch 12
[13:24:51] {train_network.py:175} INFO - Epoch: 12, Batch: 100, Loss: 0.0280
[13:25:01] {train_network.py:175} INFO - Epoch: 12, Batch: 200, Loss: 0.0198
[13:25:11] {train_network.py:175} INFO - Epoch: 12, Batch: 300, Loss: 0.0574
[13:25:21] {train_network.py:175} INFO - Epoch: 12, Batch: 400, Loss: 0.0324
[13:25:31] {train_network.py:175} INFO - Epoch: 12, Batch: 500, Loss: 0.0171
[13:25:41] {train_network.py:175} INFO - Epoch: 12, Batch: 600, Loss: 0.0581
[13:25:51] {train_network.py:175} INFO - Epoch: 12, Batch: 700, Loss: 0.0346
[13:26:01] {train_network.py:175} INFO - Epoch: 12, Batch: 800, Loss: 0.0282
[13:26:11] {train_network.py:175} INFO - Epoch: 12, Batch: 900, Loss: 0.0341
[13:26:22] {train_network.py:326} INFO - Validating...
[13:26:25] {train_network.py:329} INFO - 79/89 = 0.887640
[13:26:25] {train_network.py:317} INFO - Beginning Epoch 13
[13:26:34] {train_network.py:175} INFO - Epoch: 13, Batch: 100, Loss: 0.0556
[13:26:44] {train_network.py:175} INFO - Epoch: 13, Batch: 200, Loss: 0.0306
[13:26:54] {train_network.py:175} INFO - Epoch: 13, Batch: 300, Loss: 0.1085
[13:27:04] {train_network.py:175} INFO - Epoch: 13, Batch: 400, Loss: 0.0373
[13:27:14] {train_network.py:175} INFO - Epoch: 13, Batch: 500, Loss: 0.0604
[13:27:23] {train_network.py:175} INFO - Epoch: 13, Batch: 600, Loss: 0.0242
[13:27:33] {train_network.py:175} INFO - Epoch: 13, Batch: 700, Loss: 0.0457
[13:27:43] {train_network.py:175} INFO - Epoch: 13, Batch: 800, Loss: 0.0229
[13:27:54] {train_network.py:175} INFO - Epoch: 13, Batch: 900, Loss: 0.0538
[13:28:05] {train_network.py:326} INFO - Validating...
[13:28:07] {train_network.py:329} INFO - 85/89 = 0.955056
[13:28:07] {train_network.py:317} INFO - Beginning Epoch 14
[13:28:17] {train_network.py:175} INFO - Epoch: 14, Batch: 100, Loss: 0.0462
[13:28:26] {train_network.py:175} INFO - Epoch: 14, Batch: 200, Loss: 0.0501
[13:28:37] {train_network.py:175} INFO - Epoch: 14, Batch: 300, Loss: 0.0489
[13:28:46] {train_network.py:175} INFO - Epoch: 14, Batch: 400, Loss: 0.0791
[13:28:56] {train_network.py:175} INFO - Epoch: 14, Batch: 500, Loss: 0.0422
[13:29:06] {train_network.py:175} INFO - Epoch: 14, Batch: 600, Loss: 0.0487
[13:29:16] {train_network.py:175} INFO - Epoch: 14, Batch: 700, Loss: 0.1034
[13:29:26] {train_network.py:175} INFO - Epoch: 14, Batch: 800, Loss: 0.0395
[13:29:36] {train_network.py:175} INFO - Epoch: 14, Batch: 900, Loss: 0.0354
[13:29:48] {train_network.py:326} INFO - Validating...
[13:29:50] {train_network.py:329} INFO - 83/89 = 0.932584
[13:29:50] {train_network.py:317} INFO - Beginning Epoch 15
[13:30:00] {train_network.py:175} INFO - Epoch: 15, Batch: 100, Loss: 0.0154
[13:30:10] {train_network.py:175} INFO - Epoch: 15, Batch: 200, Loss: 0.0323
[13:30:20] {train_network.py:175} INFO - Epoch: 15, Batch: 300, Loss: 0.0238
[13:30:30] {train_network.py:175} INFO - Epoch: 15, Batch: 400, Loss: 0.0700
[13:30:40] {train_network.py:175} INFO - Epoch: 15, Batch: 500, Loss: 0.0913
[13:30:49] {train_network.py:175} INFO - Epoch: 15, Batch: 600, Loss: 0.0561
[13:30:59] {train_network.py:175} INFO - Epoch: 15, Batch: 700, Loss: 0.0297
[13:31:09] {train_network.py:175} INFO - Epoch: 15, Batch: 800, Loss: 0.0305
[13:31:19] {train_network.py:175} INFO - Epoch: 15, Batch: 900, Loss: 0.0601
[13:31:30] {train_network.py:326} INFO - Validating...
[13:31:32] {train_network.py:329} INFO - 82/89 = 0.921348
[13:31:32] {train_network.py:317} INFO - Beginning Epoch 16
[13:31:42] {train_network.py:175} INFO - Epoch: 16, Batch: 100, Loss: 0.0529
[13:31:52] {train_network.py:175} INFO - Epoch: 16, Batch: 200, Loss: 0.0467
[13:32:02] {train_network.py:175} INFO - Epoch: 16, Batch: 300, Loss: 0.0733
[13:32:11] {train_network.py:175} INFO - Epoch: 16, Batch: 400, Loss: 0.0387
[13:32:21] {train_network.py:175} INFO - Epoch: 16, Batch: 500, Loss: 0.0177
[13:32:31] {train_network.py:175} INFO - Epoch: 16, Batch: 600, Loss: 0.0826
[13:32:41] {train_network.py:175} INFO - Epoch: 16, Batch: 700, Loss: 0.0471
[13:32:51] {train_network.py:175} INFO - Epoch: 16, Batch: 800, Loss: 0.0289
[13:33:01] {train_network.py:175} INFO - Epoch: 16, Batch: 900, Loss: 0.0814
[13:33:12] {train_network.py:326} INFO - Validating...
[13:33:15] {train_network.py:329} INFO - 87/89 = 0.977528
[13:33:15] {train_network.py:317} INFO - Beginning Epoch 17
[13:33:24] {train_network.py:175} INFO - Epoch: 17, Batch: 100, Loss: 0.0262
[13:33:34] {train_network.py:175} INFO - Epoch: 17, Batch: 200, Loss: 0.0410
[13:33:44] {train_network.py:175} INFO - Epoch: 17, Batch: 300, Loss: 0.0651
[13:33:54] {train_network.py:175} INFO - Epoch: 17, Batch: 400, Loss: 0.0591
[13:34:04] {train_network.py:175} INFO - Epoch: 17, Batch: 500, Loss: 0.0289
[13:34:14] {train_network.py:175} INFO - Epoch: 17, Batch: 600, Loss: 0.0398
[13:34:24] {train_network.py:175} INFO - Epoch: 17, Batch: 700, Loss: 0.0833
[13:34:34] {train_network.py:175} INFO - Epoch: 17, Batch: 800, Loss: 0.0440
[13:34:44] {train_network.py:175} INFO - Epoch: 17, Batch: 900, Loss: 0.0123
[13:34:55] {train_network.py:326} INFO - Validating...
[13:34:58] {train_network.py:329} INFO - 87/89 = 0.977528
[13:34:58] {train_network.py:317} INFO - Beginning Epoch 18
[13:35:07] {train_network.py:175} INFO - Epoch: 18, Batch: 100, Loss: 0.0368
[13:35:17] {train_network.py:175} INFO - Epoch: 18, Batch: 200, Loss: 0.0356
[13:35:27] {train_network.py:175} INFO - Epoch: 18, Batch: 300, Loss: 0.0241
[13:35:37] {train_network.py:175} INFO - Epoch: 18, Batch: 400, Loss: 0.0319
[13:35:47] {train_network.py:175} INFO - Epoch: 18, Batch: 500, Loss: 0.0101
[13:35:57] {train_network.py:175} INFO - Epoch: 18, Batch: 600, Loss: 0.0593
[13:36:07] {train_network.py:175} INFO - Epoch: 18, Batch: 700, Loss: 0.0408
[13:36:17] {train_network.py:175} INFO - Epoch: 18, Batch: 800, Loss: 0.0911
[13:36:27] {train_network.py:175} INFO - Epoch: 18, Batch: 900, Loss: 0.0375
[13:36:38] {train_network.py:326} INFO - Validating...
[13:36:40] {train_network.py:329} INFO - 83/89 = 0.932584
[13:36:40] {train_network.py:317} INFO - Beginning Epoch 19
[13:36:50] {train_network.py:175} INFO - Epoch: 19, Batch: 100, Loss: 0.1024
[13:37:00] {train_network.py:175} INFO - Epoch: 19, Batch: 200, Loss: 0.0686
[13:37:10] {train_network.py:175} INFO - Epoch: 19, Batch: 300, Loss: 0.0393
[13:37:19] {train_network.py:175} INFO - Epoch: 19, Batch: 400, Loss: 0.0659
[13:37:29] {train_network.py:175} INFO - Epoch: 19, Batch: 500, Loss: 0.0418
[13:37:39] {train_network.py:175} INFO - Epoch: 19, Batch: 600, Loss: 0.0532
[13:37:49] {train_network.py:175} INFO - Epoch: 19, Batch: 700, Loss: 0.0583
[13:37:59] {train_network.py:175} INFO - Epoch: 19, Batch: 800, Loss: 0.0361
[13:38:09] {train_network.py:175} INFO - Epoch: 19, Batch: 900, Loss: 0.0853
[13:38:20] {train_network.py:326} INFO - Validating...
[13:38:22] {train_network.py:329} INFO - 80/89 = 0.898876
[13:38:22] {train_network.py:317} INFO - Beginning Epoch 20
[13:38:32] {train_network.py:175} INFO - Epoch: 20, Batch: 100, Loss: 0.0701
[13:38:42] {train_network.py:175} INFO - Epoch: 20, Batch: 200, Loss: 0.0281
[13:38:52] {train_network.py:175} INFO - Epoch: 20, Batch: 300, Loss: 0.0382
[13:39:02] {train_network.py:175} INFO - Epoch: 20, Batch: 400, Loss: 0.0371
[13:39:12] {train_network.py:175} INFO - Epoch: 20, Batch: 500, Loss: 0.0225
[13:39:21] {train_network.py:175} INFO - Epoch: 20, Batch: 600, Loss: 0.0230
[13:39:31] {train_network.py:175} INFO - Epoch: 20, Batch: 700, Loss: 0.0688
[13:39:41] {train_network.py:175} INFO - Epoch: 20, Batch: 800, Loss: 0.0367
[13:39:51] {train_network.py:175} INFO - Epoch: 20, Batch: 900, Loss: 0.0296
[13:40:02] {train_network.py:326} INFO - Validating...
[13:40:05] {train_network.py:329} INFO - 82/89 = 0.921348
[13:40:05] {train_network.py:317} INFO - Beginning Epoch 21
[13:40:14] {train_network.py:175} INFO - Epoch: 21, Batch: 100, Loss: 0.0372
[13:40:24] {train_network.py:175} INFO - Epoch: 21, Batch: 200, Loss: 0.0382
[13:40:34] {train_network.py:175} INFO - Epoch: 21, Batch: 300, Loss: 0.0544
[13:40:44] {train_network.py:175} INFO - Epoch: 21, Batch: 400, Loss: 0.0360
[13:40:54] {train_network.py:175} INFO - Epoch: 21, Batch: 500, Loss: 0.0463
[13:41:03] {train_network.py:175} INFO - Epoch: 21, Batch: 600, Loss: 0.0105
[13:41:13] {train_network.py:175} INFO - Epoch: 21, Batch: 700, Loss: 0.0446
[13:41:23] {train_network.py:175} INFO - Epoch: 21, Batch: 800, Loss: 0.0344
[13:41:33] {train_network.py:175} INFO - Epoch: 21, Batch: 900, Loss: 0.0493
[13:41:44] {train_network.py:326} INFO - Validating...
[13:41:47] {train_network.py:329} INFO - 84/89 = 0.943820
[13:41:47] {train_network.py:317} INFO - Beginning Epoch 22
[13:41:57] {train_network.py:175} INFO - Epoch: 22, Batch: 100, Loss: 0.0131
[13:42:06] {train_network.py:175} INFO - Epoch: 22, Batch: 200, Loss: 0.0579
[13:42:16] {train_network.py:175} INFO - Epoch: 22, Batch: 300, Loss: 0.0590
[13:42:26] {train_network.py:175} INFO - Epoch: 22, Batch: 400, Loss: 0.0431
[13:42:35] {train_network.py:175} INFO - Epoch: 22, Batch: 500, Loss: 0.0415
[13:42:45] {train_network.py:175} INFO - Epoch: 22, Batch: 600, Loss: 0.0643
[13:42:55] {train_network.py:175} INFO - Epoch: 22, Batch: 700, Loss: 0.0609
[13:43:05] {train_network.py:175} INFO - Epoch: 22, Batch: 800, Loss: 0.0791
[13:43:14] {train_network.py:175} INFO - Epoch: 22, Batch: 900, Loss: 0.0824
[13:43:26] {train_network.py:326} INFO - Validating...
[13:43:28] {train_network.py:329} INFO - 82/89 = 0.921348
[13:43:28] {train_network.py:317} INFO - Beginning Epoch 23
[13:43:38] {train_network.py:175} INFO - Epoch: 23, Batch: 100, Loss: 0.0313
[13:43:48] {train_network.py:175} INFO - Epoch: 23, Batch: 200, Loss: 0.0178
[13:43:58] {train_network.py:175} INFO - Epoch: 23, Batch: 300, Loss: 0.0468
[13:44:07] {train_network.py:175} INFO - Epoch: 23, Batch: 400, Loss: 0.0348
[13:44:17] {train_network.py:175} INFO - Epoch: 23, Batch: 500, Loss: 0.0423
[13:44:27] {train_network.py:175} INFO - Epoch: 23, Batch: 600, Loss: 0.0239
[13:44:37] {train_network.py:175} INFO - Epoch: 23, Batch: 700, Loss: 0.0522
[13:44:47] {train_network.py:175} INFO - Epoch: 23, Batch: 800, Loss: 0.0331
[13:44:56] {train_network.py:175} INFO - Epoch: 23, Batch: 900, Loss: 0.0419
[13:45:08] {train_network.py:326} INFO - Validating...
[13:45:10] {train_network.py:329} INFO - 79/89 = 0.887640
[13:45:10] {train_network.py:317} INFO - Beginning Epoch 24
[13:45:20] {train_network.py:175} INFO - Epoch: 24, Batch: 100, Loss: 0.0759
[13:45:29] {train_network.py:175} INFO - Epoch: 24, Batch: 200, Loss: 0.0514
[13:45:39] {train_network.py:175} INFO - Epoch: 24, Batch: 300, Loss: 0.0943
[13:45:49] {train_network.py:175} INFO - Epoch: 24, Batch: 400, Loss: 0.0440
[13:45:59] {train_network.py:175} INFO - Epoch: 24, Batch: 500, Loss: 0.0455
[13:46:09] {train_network.py:175} INFO - Epoch: 24, Batch: 600, Loss: 0.1449
[13:46:18] {train_network.py:175} INFO - Epoch: 24, Batch: 700, Loss: 0.0286
[13:46:28] {train_network.py:175} INFO - Epoch: 24, Batch: 800, Loss: 0.0223
[13:46:38] {train_network.py:175} INFO - Epoch: 24, Batch: 900, Loss: 0.0367
[13:46:50] {train_network.py:326} INFO - Validating...
[13:46:52] {train_network.py:329} INFO - 77/89 = 0.865169
[13:46:52] {train_network.py:317} INFO - Beginning Epoch 25
[13:47:02] {train_network.py:175} INFO - Epoch: 25, Batch: 100, Loss: 0.0446
[13:47:12] {train_network.py:175} INFO - Epoch: 25, Batch: 200, Loss: 0.0277
[13:47:21] {train_network.py:175} INFO - Epoch: 25, Batch: 300, Loss: 0.0210
[13:47:31] {train_network.py:175} INFO - Epoch: 25, Batch: 400, Loss: 0.0215
[13:47:41] {train_network.py:175} INFO - Epoch: 25, Batch: 500, Loss: 0.0500
[13:47:51] {train_network.py:175} INFO - Epoch: 25, Batch: 600, Loss: 0.0512
[13:48:01] {train_network.py:175} INFO - Epoch: 25, Batch: 700, Loss: 0.0328
[13:48:11] {train_network.py:175} INFO - Epoch: 25, Batch: 800, Loss: 0.0373
[13:48:21] {train_network.py:175} INFO - Epoch: 25, Batch: 900, Loss: 0.0481
[13:48:32] {train_network.py:326} INFO - Validating...
[13:48:34] {train_network.py:329} INFO - 84/89 = 0.943820
[13:48:34] {train_network.py:317} INFO - Beginning Epoch 26
[13:48:44] {train_network.py:175} INFO - Epoch: 26, Batch: 100, Loss: 0.0385
[13:48:54] {train_network.py:175} INFO - Epoch: 26, Batch: 200, Loss: 0.0307
[13:49:03] {train_network.py:175} INFO - Epoch: 26, Batch: 300, Loss: 0.0538
[13:49:13] {train_network.py:175} INFO - Epoch: 26, Batch: 400, Loss: 0.0248
[13:49:23] {train_network.py:175} INFO - Epoch: 26, Batch: 500, Loss: 0.0224
[13:49:33] {train_network.py:175} INFO - Epoch: 26, Batch: 600, Loss: 0.0204
[13:49:43] {train_network.py:175} INFO - Epoch: 26, Batch: 700, Loss: 0.0191
[13:49:53] {train_network.py:175} INFO - Epoch: 26, Batch: 800, Loss: 0.0175
[13:50:03] {train_network.py:175} INFO - Epoch: 26, Batch: 900, Loss: 0.0287
[13:50:14] {train_network.py:326} INFO - Validating...
[13:50:16] {train_network.py:329} INFO - 79/89 = 0.887640
[13:50:16] {train_network.py:317} INFO - Beginning Epoch 27
[13:50:26] {train_network.py:175} INFO - Epoch: 27, Batch: 100, Loss: 0.0407
[13:50:36] {train_network.py:175} INFO - Epoch: 27, Batch: 200, Loss: 0.0576
[13:50:46] {train_network.py:175} INFO - Epoch: 27, Batch: 300, Loss: 0.0131
[13:50:55] {train_network.py:175} INFO - Epoch: 27, Batch: 400, Loss: 0.0276
[13:51:06] {train_network.py:175} INFO - Epoch: 27, Batch: 500, Loss: 0.0321
[13:51:15] {train_network.py:175} INFO - Epoch: 27, Batch: 600, Loss: 0.0227
[13:51:25] {train_network.py:175} INFO - Epoch: 27, Batch: 700, Loss: 0.0275
[13:51:35] {train_network.py:175} INFO - Epoch: 27, Batch: 800, Loss: 0.0241
[13:51:45] {train_network.py:175} INFO - Epoch: 27, Batch: 900, Loss: 0.0361
[13:51:56] {train_network.py:326} INFO - Validating...
[13:51:58] {train_network.py:329} INFO - 76/89 = 0.853933
[13:51:58] {train_network.py:317} INFO - Beginning Epoch 28
[13:52:08] {train_network.py:175} INFO - Epoch: 28, Batch: 100, Loss: 0.0296
[13:52:18] {train_network.py:175} INFO - Epoch: 28, Batch: 200, Loss: 0.0439
[13:52:28] {train_network.py:175} INFO - Epoch: 28, Batch: 300, Loss: 0.0413
[13:52:38] {train_network.py:175} INFO - Epoch: 28, Batch: 400, Loss: 0.0156
[13:52:48] {train_network.py:175} INFO - Epoch: 28, Batch: 500, Loss: 0.0316
[13:52:57] {train_network.py:175} INFO - Epoch: 28, Batch: 600, Loss: 0.0477
[13:53:07] {train_network.py:175} INFO - Epoch: 28, Batch: 700, Loss: 0.0257
[13:53:17] {train_network.py:175} INFO - Epoch: 28, Batch: 800, Loss: 0.0480
[13:53:27] {train_network.py:175} INFO - Epoch: 28, Batch: 900, Loss: 0.0154
[13:53:38] {train_network.py:326} INFO - Validating...
[13:53:40] {train_network.py:329} INFO - 80/89 = 0.898876
[13:53:40] {train_network.py:317} INFO - Beginning Epoch 29
[13:53:50] {train_network.py:175} INFO - Epoch: 29, Batch: 100, Loss: 0.0301
[13:54:00] {train_network.py:175} INFO - Epoch: 29, Batch: 200, Loss: 0.0369
[13:54:10] {train_network.py:175} INFO - Epoch: 29, Batch: 300, Loss: 0.0476
[13:54:20] {train_network.py:175} INFO - Epoch: 29, Batch: 400, Loss: 0.0467
[13:54:30] {train_network.py:175} INFO - Epoch: 29, Batch: 500, Loss: 0.0562
[13:54:40] {train_network.py:175} INFO - Epoch: 29, Batch: 600, Loss: 0.0458
[13:54:49] {train_network.py:175} INFO - Epoch: 29, Batch: 700, Loss: 0.0325
[13:54:59] {train_network.py:175} INFO - Epoch: 29, Batch: 800, Loss: 0.1024
[13:55:09] {train_network.py:175} INFO - Epoch: 29, Batch: 900, Loss: 0.0243
[13:55:20] {train_network.py:326} INFO - Validating...
[13:55:23] {train_network.py:329} INFO - 74/89 = 0.831461
[13:55:23] {train_network.py:317} INFO - Beginning Epoch 30
[13:55:33] {train_network.py:175} INFO - Epoch: 30, Batch: 100, Loss: 0.0717
[13:55:42] {train_network.py:175} INFO - Epoch: 30, Batch: 200, Loss: 0.0218
[13:55:52] {train_network.py:175} INFO - Epoch: 30, Batch: 300, Loss: 0.0096
[13:56:02] {train_network.py:175} INFO - Epoch: 30, Batch: 400, Loss: 0.0243
[13:56:11] {train_network.py:175} INFO - Epoch: 30, Batch: 500, Loss: 0.0330
[13:56:21] {train_network.py:175} INFO - Epoch: 30, Batch: 600, Loss: 0.0533
[13:56:31] {train_network.py:175} INFO - Epoch: 30, Batch: 700, Loss: 0.0475
[13:56:41] {train_network.py:175} INFO - Epoch: 30, Batch: 800, Loss: 0.0405
[13:56:51] {train_network.py:175} INFO - Epoch: 30, Batch: 900, Loss: 0.0117
[13:57:02] {train_network.py:326} INFO - Validating...
[13:57:04] {train_network.py:329} INFO - 81/89 = 0.910112
[13:57:04] {train_network.py:317} INFO - Beginning Epoch 31
[13:57:14] {train_network.py:175} INFO - Epoch: 31, Batch: 100, Loss: 0.0185
[13:57:24] {train_network.py:175} INFO - Epoch: 31, Batch: 200, Loss: 0.0358
[13:57:34] {train_network.py:175} INFO - Epoch: 31, Batch: 300, Loss: 0.0508
[13:57:44] {train_network.py:175} INFO - Epoch: 31, Batch: 400, Loss: 0.0352
[13:57:53] {train_network.py:175} INFO - Epoch: 31, Batch: 500, Loss: 0.0577
[13:58:03] {train_network.py:175} INFO - Epoch: 31, Batch: 600, Loss: 0.0201
[13:58:13] {train_network.py:175} INFO - Epoch: 31, Batch: 700, Loss: 0.0174
[13:58:23] {train_network.py:175} INFO - Epoch: 31, Batch: 800, Loss: 0.0258
[13:58:33] {train_network.py:175} INFO - Epoch: 31, Batch: 900, Loss: 0.0279
[13:58:45] {train_network.py:326} INFO - Validating...
[13:58:48] {train_network.py:329} INFO - 72/89 = 0.808989
[13:58:48] {train_network.py:317} INFO - Beginning Epoch 32
[13:58:57] {train_network.py:175} INFO - Epoch: 32, Batch: 100, Loss: 0.0399
[13:59:07] {train_network.py:175} INFO - Epoch: 32, Batch: 200, Loss: 0.0258
[13:59:17] {train_network.py:175} INFO - Epoch: 32, Batch: 300, Loss: 0.1389
[13:59:27] {train_network.py:175} INFO - Epoch: 32, Batch: 400, Loss: 0.0421
[13:59:37] {train_network.py:175} INFO - Epoch: 32, Batch: 500, Loss: 0.0496
[13:59:46] {train_network.py:175} INFO - Epoch: 32, Batch: 600, Loss: 0.0288
[13:59:56] {train_network.py:175} INFO - Epoch: 32, Batch: 700, Loss: 0.0347
[14:00:06] {train_network.py:175} INFO - Epoch: 32, Batch: 800, Loss: 0.0296
[14:00:16] {train_network.py:175} INFO - Epoch: 32, Batch: 900, Loss: 0.0641
[14:00:27] {train_network.py:326} INFO - Validating...
[14:00:30] {train_network.py:329} INFO - 73/89 = 0.820225
[14:00:30] {train_network.py:317} INFO - Beginning Epoch 33
[14:00:39] {train_network.py:175} INFO - Epoch: 33, Batch: 100, Loss: 0.0435
[14:00:49] {train_network.py:175} INFO - Epoch: 33, Batch: 200, Loss: 0.0513
[14:00:59] {train_network.py:175} INFO - Epoch: 33, Batch: 300, Loss: 0.0325
[14:01:08] {train_network.py:175} INFO - Epoch: 33, Batch: 400, Loss: 0.0352
[14:01:18] {train_network.py:175} INFO - Epoch: 33, Batch: 500, Loss: 0.0441
[14:01:28] {train_network.py:175} INFO - Epoch: 33, Batch: 600, Loss: 0.0094
[14:01:38] {train_network.py:175} INFO - Epoch: 33, Batch: 700, Loss: 0.0754
[14:01:48] {train_network.py:175} INFO - Epoch: 33, Batch: 800, Loss: 0.0258
[14:01:58] {train_network.py:175} INFO - Epoch: 33, Batch: 900, Loss: 0.0616
[14:02:09] {train_network.py:326} INFO - Validating...
[14:02:11] {train_network.py:329} INFO - 83/89 = 0.932584
[14:02:11] {train_network.py:317} INFO - Beginning Epoch 34
[14:02:21] {train_network.py:175} INFO - Epoch: 34, Batch: 100, Loss: 0.0250
[14:02:31] {train_network.py:175} INFO - Epoch: 34, Batch: 200, Loss: 0.0129
[14:02:40] {train_network.py:175} INFO - Epoch: 34, Batch: 300, Loss: 0.0333
[14:02:50] {train_network.py:175} INFO - Epoch: 34, Batch: 400, Loss: 0.0298
[14:03:00] {train_network.py:175} INFO - Epoch: 34, Batch: 500, Loss: 0.0320
[14:03:10] {train_network.py:175} INFO - Epoch: 34, Batch: 600, Loss: 0.0320
[14:03:20] {train_network.py:175} INFO - Epoch: 34, Batch: 700, Loss: 0.0417
[14:03:30] {train_network.py:175} INFO - Epoch: 34, Batch: 800, Loss: 0.0344
[14:03:40] {train_network.py:175} INFO - Epoch: 34, Batch: 900, Loss: 0.0450
[14:03:51] {train_network.py:326} INFO - Validating...
[14:03:53] {train_network.py:329} INFO - 74/89 = 0.831461
[14:03:53] {train_network.py:317} INFO - Beginning Epoch 35
[14:04:03] {train_network.py:175} INFO - Epoch: 35, Batch: 100, Loss: 0.0484
[14:04:13] {train_network.py:175} INFO - Epoch: 35, Batch: 200, Loss: 0.0172
[14:04:23] {train_network.py:175} INFO - Epoch: 35, Batch: 300, Loss: 0.0426
[14:04:32] {train_network.py:175} INFO - Epoch: 35, Batch: 400, Loss: 0.0116
[14:04:42] {train_network.py:175} INFO - Epoch: 35, Batch: 500, Loss: 0.0360
[14:04:52] {train_network.py:175} INFO - Epoch: 35, Batch: 600, Loss: 0.0291
[14:05:02] {train_network.py:175} INFO - Epoch: 35, Batch: 700, Loss: 0.0306
[14:05:12] {train_network.py:175} INFO - Epoch: 35, Batch: 800, Loss: 0.0279
[14:05:22] {train_network.py:175} INFO - Epoch: 35, Batch: 900, Loss: 0.0251
[14:05:33] {train_network.py:326} INFO - Validating...
[14:05:36] {train_network.py:329} INFO - 77/89 = 0.865169
[14:05:36] {train_network.py:317} INFO - Beginning Epoch 36
[14:05:45] {train_network.py:175} INFO - Epoch: 36, Batch: 100, Loss: 0.0112
[14:05:55] {train_network.py:175} INFO - Epoch: 36, Batch: 200, Loss: 0.0461
[14:06:05] {train_network.py:175} INFO - Epoch: 36, Batch: 300, Loss: 0.0515
[14:06:15] {train_network.py:175} INFO - Epoch: 36, Batch: 400, Loss: 0.0613
[14:06:24] {train_network.py:175} INFO - Epoch: 36, Batch: 500, Loss: 0.0368
[14:06:34] {train_network.py:175} INFO - Epoch: 36, Batch: 600, Loss: 0.0367
[14:06:44] {train_network.py:175} INFO - Epoch: 36, Batch: 700, Loss: 0.0331
[14:06:54] {train_network.py:175} INFO - Epoch: 36, Batch: 800, Loss: 0.0231
[14:07:04] {train_network.py:175} INFO - Epoch: 36, Batch: 900, Loss: 0.0183
[14:07:15] {train_network.py:326} INFO - Validating...
[14:07:18] {train_network.py:329} INFO - 77/89 = 0.865169
[14:07:18] {train_network.py:317} INFO - Beginning Epoch 37
[14:07:27] {train_network.py:175} INFO - Epoch: 37, Batch: 100, Loss: 0.0431
[14:07:37] {train_network.py:175} INFO - Epoch: 37, Batch: 200, Loss: 0.0203
[14:07:47] {train_network.py:175} INFO - Epoch: 37, Batch: 300, Loss: 0.0270
[14:07:57] {train_network.py:175} INFO - Epoch: 37, Batch: 400, Loss: 0.0181
[14:08:06] {train_network.py:175} INFO - Epoch: 37, Batch: 500, Loss: 0.0301
[14:08:16] {train_network.py:175} INFO - Epoch: 37, Batch: 600, Loss: 0.0317
[14:08:26] {train_network.py:175} INFO - Epoch: 37, Batch: 700, Loss: 0.0398
[14:08:36] {train_network.py:175} INFO - Epoch: 37, Batch: 800, Loss: 0.0344
[14:08:46] {train_network.py:175} INFO - Epoch: 37, Batch: 900, Loss: 0.0341
[14:08:57] {train_network.py:326} INFO - Validating...
[14:09:00] {train_network.py:329} INFO - 78/89 = 0.876404
[14:09:00] {train_network.py:317} INFO - Beginning Epoch 38
[14:09:09] {train_network.py:175} INFO - Epoch: 38, Batch: 100, Loss: 0.0226
[14:09:19] {train_network.py:175} INFO - Epoch: 38, Batch: 200, Loss: 0.0479
[14:09:29] {train_network.py:175} INFO - Epoch: 38, Batch: 300, Loss: 0.0218
[14:09:39] {train_network.py:175} INFO - Epoch: 38, Batch: 400, Loss: 0.0790
[14:09:49] {train_network.py:175} INFO - Epoch: 38, Batch: 500, Loss: 0.0277
[14:09:58] {train_network.py:175} INFO - Epoch: 38, Batch: 600, Loss: 0.0193
[14:10:08] {train_network.py:175} INFO - Epoch: 38, Batch: 700, Loss: 0.0176
[14:10:18] {train_network.py:175} INFO - Epoch: 38, Batch: 800, Loss: 0.0371
[14:10:28] {train_network.py:175} INFO - Epoch: 38, Batch: 900, Loss: 0.0476
[14:10:40] {train_network.py:326} INFO - Validating...
[14:10:42] {train_network.py:329} INFO - 79/89 = 0.887640
[14:10:42] {train_network.py:317} INFO - Beginning Epoch 39
[14:10:52] {train_network.py:175} INFO - Epoch: 39, Batch: 100, Loss: 0.0316
[14:11:02] {train_network.py:175} INFO - Epoch: 39, Batch: 200, Loss: 0.0258
[14:11:12] {train_network.py:175} INFO - Epoch: 39, Batch: 300, Loss: 0.0801
[14:11:21] {train_network.py:175} INFO - Epoch: 39, Batch: 400, Loss: 0.0369
[14:11:31] {train_network.py:175} INFO - Epoch: 39, Batch: 500, Loss: 0.0430
[14:11:41] {train_network.py:175} INFO - Epoch: 39, Batch: 600, Loss: 0.0402
[14:11:51] {train_network.py:175} INFO - Epoch: 39, Batch: 700, Loss: 0.1459
[14:12:00] {train_network.py:175} INFO - Epoch: 39, Batch: 800, Loss: 0.0286
[14:12:10] {train_network.py:175} INFO - Epoch: 39, Batch: 900, Loss: 0.0300
[14:12:22] {train_network.py:326} INFO - Validating...
[14:12:25] {train_network.py:329} INFO - 82/89 = 0.921348
[14:12:25] {train_network.py:317} INFO - Beginning Epoch 40
[14:12:35] {train_network.py:175} INFO - Epoch: 40, Batch: 100, Loss: 0.0242
[14:12:45] {train_network.py:175} INFO - Epoch: 40, Batch: 200, Loss: 0.0351
[14:12:55] {train_network.py:175} INFO - Epoch: 40, Batch: 300, Loss: 0.0350
[14:13:05] {train_network.py:175} INFO - Epoch: 40, Batch: 400, Loss: 0.0130
[14:13:15] {train_network.py:175} INFO - Epoch: 40, Batch: 500, Loss: 0.0451
[14:13:25] {train_network.py:175} INFO - Epoch: 40, Batch: 600, Loss: 0.0190
[14:13:35] {train_network.py:175} INFO - Epoch: 40, Batch: 700, Loss: 0.0377
[14:13:44] {train_network.py:175} INFO - Epoch: 40, Batch: 800, Loss: 0.0298
[14:13:54] {train_network.py:175} INFO - Epoch: 40, Batch: 900, Loss: 0.0407
[14:14:06] {train_network.py:326} INFO - Validating...
[14:14:08] {train_network.py:329} INFO - 82/89 = 0.921348
[14:14:08] {train_network.py:317} INFO - Beginning Epoch 41
[14:14:18] {train_network.py:175} INFO - Epoch: 41, Batch: 100, Loss: 0.0195
[14:14:28] {train_network.py:175} INFO - Epoch: 41, Batch: 200, Loss: 0.0428
[14:14:38] {train_network.py:175} INFO - Epoch: 41, Batch: 300, Loss: 0.0195
[14:14:48] {train_network.py:175} INFO - Epoch: 41, Batch: 400, Loss: 0.0313
[14:14:58] {train_network.py:175} INFO - Epoch: 41, Batch: 500, Loss: 0.0313
[14:15:08] {train_network.py:175} INFO - Epoch: 41, Batch: 600, Loss: 0.0306
[14:15:17] {train_network.py:175} INFO - Epoch: 41, Batch: 700, Loss: 0.0310
[14:15:27] {train_network.py:175} INFO - Epoch: 41, Batch: 800, Loss: 0.0292
[14:15:37] {train_network.py:175} INFO - Epoch: 41, Batch: 900, Loss: 0.0276
[14:15:49] {train_network.py:326} INFO - Validating...
[14:15:52] {train_network.py:329} INFO - 78/89 = 0.876404
[14:15:52] {train_network.py:317} INFO - Beginning Epoch 42
[14:16:01] {train_network.py:175} INFO - Epoch: 42, Batch: 100, Loss: 0.0368
[14:16:11] {train_network.py:175} INFO - Epoch: 42, Batch: 200, Loss: 0.0207
[14:16:21] {train_network.py:175} INFO - Epoch: 42, Batch: 300, Loss: 0.0333
[14:16:31] {train_network.py:175} INFO - Epoch: 42, Batch: 400, Loss: 0.0338
[14:16:40] {train_network.py:175} INFO - Epoch: 42, Batch: 500, Loss: 0.0357
[14:16:50] {train_network.py:175} INFO - Epoch: 42, Batch: 600, Loss: 0.0294
[14:17:00] {train_network.py:175} INFO - Epoch: 42, Batch: 700, Loss: 0.0262
[14:17:10] {train_network.py:175} INFO - Epoch: 42, Batch: 800, Loss: 0.0510
[14:17:20] {train_network.py:175} INFO - Epoch: 42, Batch: 900, Loss: 0.0192
[14:17:31] {train_network.py:326} INFO - Validating...
[14:17:33] {train_network.py:329} INFO - 75/89 = 0.842697
[14:17:33] {train_network.py:317} INFO - Beginning Epoch 43
[14:17:43] {train_network.py:175} INFO - Epoch: 43, Batch: 100, Loss: 0.0264
[14:17:53] {train_network.py:175} INFO - Epoch: 43, Batch: 200, Loss: 0.0361
[14:18:03] {train_network.py:175} INFO - Epoch: 43, Batch: 300, Loss: 0.0130
[14:18:12] {train_network.py:175} INFO - Epoch: 43, Batch: 400, Loss: 0.0318
[14:18:22] {train_network.py:175} INFO - Epoch: 43, Batch: 500, Loss: 0.0420
[14:18:32] {train_network.py:175} INFO - Epoch: 43, Batch: 600, Loss: 0.0701
[14:18:42] {train_network.py:175} INFO - Epoch: 43, Batch: 700, Loss: 0.0134
[14:18:52] {train_network.py:175} INFO - Epoch: 43, Batch: 800, Loss: 0.0286
[14:19:02] {train_network.py:175} INFO - Epoch: 43, Batch: 900, Loss: 0.0258
[14:19:13] {train_network.py:326} INFO - Validating...
[14:19:16] {train_network.py:329} INFO - 77/89 = 0.865169
[14:19:16] {train_network.py:317} INFO - Beginning Epoch 44
[14:19:26] {train_network.py:175} INFO - Epoch: 44, Batch: 100, Loss: 0.0078
[14:19:36] {train_network.py:175} INFO - Epoch: 44, Batch: 200, Loss: 0.0098
[14:19:46] {train_network.py:175} INFO - Epoch: 44, Batch: 300, Loss: 0.0755
[14:19:55] {train_network.py:175} INFO - Epoch: 44, Batch: 400, Loss: 0.0550
[14:20:05] {train_network.py:175} INFO - Epoch: 44, Batch: 500, Loss: 0.0150
[14:20:15] {train_network.py:175} INFO - Epoch: 44, Batch: 600, Loss: 0.0325
[14:20:25] {train_network.py:175} INFO - Epoch: 44, Batch: 700, Loss: 0.0185
[14:20:35] {train_network.py:175} INFO - Epoch: 44, Batch: 800, Loss: 0.0201
[14:20:45] {train_network.py:175} INFO - Epoch: 44, Batch: 900, Loss: 0.0243
[14:20:56] {train_network.py:326} INFO - Validating...
[14:20:58] {train_network.py:329} INFO - 80/89 = 0.898876
[14:20:58] {train_network.py:317} INFO - Beginning Epoch 45
[14:21:08] {train_network.py:175} INFO - Epoch: 45, Batch: 100, Loss: 0.0892
[14:21:18] {train_network.py:175} INFO - Epoch: 45, Batch: 200, Loss: 0.0251
[14:21:28] {train_network.py:175} INFO - Epoch: 45, Batch: 300, Loss: 0.0424
[14:21:38] {train_network.py:175} INFO - Epoch: 45, Batch: 400, Loss: 0.0102
[14:21:47] {train_network.py:175} INFO - Epoch: 45, Batch: 500, Loss: 0.0119
[14:21:57] {train_network.py:175} INFO - Epoch: 45, Batch: 600, Loss: 0.0317
[14:22:07] {train_network.py:175} INFO - Epoch: 45, Batch: 700, Loss: 0.0220
[14:22:17] {train_network.py:175} INFO - Epoch: 45, Batch: 800, Loss: 0.0328
[14:22:27] {train_network.py:175} INFO - Epoch: 45, Batch: 900, Loss: 0.0689
[14:22:38] {train_network.py:326} INFO - Validating...
[14:22:41] {train_network.py:329} INFO - 79/89 = 0.887640
[14:22:41] {train_network.py:317} INFO - Beginning Epoch 46
[14:22:51] {train_network.py:175} INFO - Epoch: 46, Batch: 100, Loss: 0.0452
[14:23:00] {train_network.py:175} INFO - Epoch: 46, Batch: 200, Loss: 0.0332
[14:23:10] {train_network.py:175} INFO - Epoch: 46, Batch: 300, Loss: 0.0324
[14:23:20] {train_network.py:175} INFO - Epoch: 46, Batch: 400, Loss: 0.0233
[14:23:30] {train_network.py:175} INFO - Epoch: 46, Batch: 500, Loss: 0.0154
[14:23:40] {train_network.py:175} INFO - Epoch: 46, Batch: 600, Loss: 0.0498
[14:23:50] {train_network.py:175} INFO - Epoch: 46, Batch: 700, Loss: 0.0363
[14:24:00] {train_network.py:175} INFO - Epoch: 46, Batch: 800, Loss: 0.0333
[14:24:09] {train_network.py:175} INFO - Epoch: 46, Batch: 900, Loss: 0.0166
[14:24:21] {train_network.py:326} INFO - Validating...
[14:24:23] {train_network.py:329} INFO - 74/89 = 0.831461
[14:24:23] {train_network.py:317} INFO - Beginning Epoch 47
[14:24:33] {train_network.py:175} INFO - Epoch: 47, Batch: 100, Loss: 0.0598
[14:24:43] {train_network.py:175} INFO - Epoch: 47, Batch: 200, Loss: 0.0312
[14:24:52] {train_network.py:175} INFO - Epoch: 47, Batch: 300, Loss: 0.0196
[14:25:02] {train_network.py:175} INFO - Epoch: 47, Batch: 400, Loss: 0.0420
[14:25:12] {train_network.py:175} INFO - Epoch: 47, Batch: 500, Loss: 0.0354
[14:25:22] {train_network.py:175} INFO - Epoch: 47, Batch: 600, Loss: 0.0301
[14:25:32] {train_network.py:175} INFO - Epoch: 47, Batch: 700, Loss: 0.0168
[14:25:42] {train_network.py:175} INFO - Epoch: 47, Batch: 800, Loss: 0.0245
[14:25:52] {train_network.py:175} INFO - Epoch: 47, Batch: 900, Loss: 0.0575
[14:26:03] {train_network.py:326} INFO - Validating...
[14:26:06] {train_network.py:329} INFO - 79/89 = 0.887640
[14:26:06] {train_network.py:317} INFO - Beginning Epoch 48
[14:26:15] {train_network.py:175} INFO - Epoch: 48, Batch: 100, Loss: 0.0254
[14:26:25] {train_network.py:175} INFO - Epoch: 48, Batch: 200, Loss: 0.0540
[14:26:35] {train_network.py:175} INFO - Epoch: 48, Batch: 300, Loss: 0.0066
[14:26:45] {train_network.py:175} INFO - Epoch: 48, Batch: 400, Loss: 0.0276
[14:26:55] {train_network.py:175} INFO - Epoch: 48, Batch: 500, Loss: 0.0224
[14:27:05] {train_network.py:175} INFO - Epoch: 48, Batch: 600, Loss: 0.0242
[14:27:14] {train_network.py:175} INFO - Epoch: 48, Batch: 700, Loss: 0.0397
[14:27:24] {train_network.py:175} INFO - Epoch: 48, Batch: 800, Loss: 0.0441
[14:27:34] {train_network.py:175} INFO - Epoch: 48, Batch: 900, Loss: 0.0264
[14:27:46] {train_network.py:326} INFO - Validating...
[14:27:48] {train_network.py:329} INFO - 74/89 = 0.831461
[14:27:48] {train_network.py:317} INFO - Beginning Epoch 49
[14:27:58] {train_network.py:175} INFO - Epoch: 49, Batch: 100, Loss: 0.0327
[14:28:08] {train_network.py:175} INFO - Epoch: 49, Batch: 200, Loss: 0.0339
[14:28:18] {train_network.py:175} INFO - Epoch: 49, Batch: 300, Loss: 0.0316
[14:28:28] {train_network.py:175} INFO - Epoch: 49, Batch: 400, Loss: 0.0163
[14:28:37] {train_network.py:175} INFO - Epoch: 49, Batch: 500, Loss: 0.0278
[14:28:47] {train_network.py:175} INFO - Epoch: 49, Batch: 600, Loss: 0.0342
[14:28:57] {train_network.py:175} INFO - Epoch: 49, Batch: 700, Loss: 0.0184
[14:29:07] {train_network.py:175} INFO - Epoch: 49, Batch: 800, Loss: 0.0297
[14:29:16] {train_network.py:175} INFO - Epoch: 49, Batch: 900, Loss: 0.0101
[14:29:28] {train_network.py:326} INFO - Validating...
[14:29:30] {train_network.py:329} INFO - 75/89 = 0.842697
