[04:40:55] {/workspace/KIidP-Gruppe-4/hardware/device.py:11} INFO - CUDA detected. Running with GPU acceleration.
[04:40:55] {train_network.py:247} INFO - Loading Cornell Dataset...
[04:40:55] {train_network.py:256} INFO - Dataset size is 885
[04:40:55] {train_network.py:265} INFO - Training size: 796
[04:40:55] {train_network.py:266} INFO - Validation size: 89
[04:40:55] {train_network.py:284} INFO - Done
[04:40:55] {train_network.py:287} INFO - Loading Network...
[04:40:56] {train_network.py:298} INFO - Done
[04:40:56] {train_network.py:317} INFO - Beginning Epoch 00
[04:41:15] {train_network.py:175} INFO - Epoch: 0, Batch: 100, Loss: 0.1161
[04:41:34] {train_network.py:175} INFO - Epoch: 0, Batch: 200, Loss: 0.1541
[04:41:52] {train_network.py:175} INFO - Epoch: 0, Batch: 300, Loss: 0.0680
[04:42:11] {train_network.py:175} INFO - Epoch: 0, Batch: 400, Loss: 0.0997
[04:42:30] {train_network.py:175} INFO - Epoch: 0, Batch: 500, Loss: 0.0485
[04:42:48] {train_network.py:175} INFO - Epoch: 0, Batch: 600, Loss: 0.1094
[04:43:07] {train_network.py:175} INFO - Epoch: 0, Batch: 700, Loss: 0.1032
[04:43:26] {train_network.py:175} INFO - Epoch: 0, Batch: 800, Loss: 0.1249
[04:43:45] {train_network.py:175} INFO - Epoch: 0, Batch: 900, Loss: 0.1449
[04:44:06] {train_network.py:326} INFO - Validating...
[04:44:08] {train_network.py:329} INFO - 46/89 = 0.516854
[04:44:08] {train_network.py:317} INFO - Beginning Epoch 01
[04:44:27] {train_network.py:175} INFO - Epoch: 1, Batch: 100, Loss: 0.0983
[04:44:46] {train_network.py:175} INFO - Epoch: 1, Batch: 200, Loss: 0.0348
[04:45:05] {train_network.py:175} INFO - Epoch: 1, Batch: 300, Loss: 0.0595
[04:45:24] {train_network.py:175} INFO - Epoch: 1, Batch: 400, Loss: 0.2762
[04:45:43] {train_network.py:175} INFO - Epoch: 1, Batch: 500, Loss: 0.1627
[04:46:01] {train_network.py:175} INFO - Epoch: 1, Batch: 600, Loss: 0.0916
[04:46:20] {train_network.py:175} INFO - Epoch: 1, Batch: 700, Loss: 0.0637
[04:46:39] {train_network.py:175} INFO - Epoch: 1, Batch: 800, Loss: 0.0502
[04:46:58] {train_network.py:175} INFO - Epoch: 1, Batch: 900, Loss: 0.0513
[04:47:18] {train_network.py:326} INFO - Validating...
[04:47:21] {train_network.py:329} INFO - 68/89 = 0.764045
[04:47:21] {train_network.py:317} INFO - Beginning Epoch 02
[04:47:40] {train_network.py:175} INFO - Epoch: 2, Batch: 100, Loss: 0.0385
[04:47:59] {train_network.py:175} INFO - Epoch: 2, Batch: 200, Loss: 0.0599
[04:48:18] {train_network.py:175} INFO - Epoch: 2, Batch: 300, Loss: 0.0679
[04:48:36] {train_network.py:175} INFO - Epoch: 2, Batch: 400, Loss: 0.0718
[04:48:55] {train_network.py:175} INFO - Epoch: 2, Batch: 500, Loss: 0.0436
[04:49:14] {train_network.py:175} INFO - Epoch: 2, Batch: 600, Loss: 0.0310
[04:49:33] {train_network.py:175} INFO - Epoch: 2, Batch: 700, Loss: 0.1090
[04:49:52] {train_network.py:175} INFO - Epoch: 2, Batch: 800, Loss: 0.1572
[04:50:11] {train_network.py:175} INFO - Epoch: 2, Batch: 900, Loss: 0.0784
[04:50:31] {train_network.py:326} INFO - Validating...
[04:50:33] {train_network.py:329} INFO - 31/89 = 0.348315
[04:50:33] {train_network.py:317} INFO - Beginning Epoch 03
[04:50:52] {train_network.py:175} INFO - Epoch: 3, Batch: 100, Loss: 0.1891
[04:51:11] {train_network.py:175} INFO - Epoch: 3, Batch: 200, Loss: 0.0700
[04:51:29] {train_network.py:175} INFO - Epoch: 3, Batch: 300, Loss: 0.0457
[04:51:48] {train_network.py:175} INFO - Epoch: 3, Batch: 400, Loss: 0.0582
[04:52:07] {train_network.py:175} INFO - Epoch: 3, Batch: 500, Loss: 0.1080
[04:52:26] {train_network.py:175} INFO - Epoch: 3, Batch: 600, Loss: 0.0345
[04:52:44] {train_network.py:175} INFO - Epoch: 3, Batch: 700, Loss: 0.0819
[04:53:03] {train_network.py:175} INFO - Epoch: 3, Batch: 800, Loss: 0.0625
[04:53:22] {train_network.py:175} INFO - Epoch: 3, Batch: 900, Loss: 0.0900
[04:53:42] {train_network.py:326} INFO - Validating...
[04:53:44] {train_network.py:329} INFO - 58/89 = 0.651685
[04:53:44] {train_network.py:317} INFO - Beginning Epoch 04
[04:54:03] {train_network.py:175} INFO - Epoch: 4, Batch: 100, Loss: 0.0686
[04:54:22] {train_network.py:175} INFO - Epoch: 4, Batch: 200, Loss: 0.0936
[04:54:40] {train_network.py:175} INFO - Epoch: 4, Batch: 300, Loss: 0.0442
[04:54:59] {train_network.py:175} INFO - Epoch: 4, Batch: 400, Loss: 0.0748
[04:55:18] {train_network.py:175} INFO - Epoch: 4, Batch: 500, Loss: 0.0890
[04:55:37] {train_network.py:175} INFO - Epoch: 4, Batch: 600, Loss: 0.0367
[04:55:56] {train_network.py:175} INFO - Epoch: 4, Batch: 700, Loss: 0.1006
[04:56:14] {train_network.py:175} INFO - Epoch: 4, Batch: 800, Loss: 0.0825
[04:56:33] {train_network.py:175} INFO - Epoch: 4, Batch: 900, Loss: 0.0443
[04:56:53] {train_network.py:326} INFO - Validating...
[04:56:56] {train_network.py:329} INFO - 67/89 = 0.752809
[04:56:56] {train_network.py:317} INFO - Beginning Epoch 05
[04:57:15] {train_network.py:175} INFO - Epoch: 5, Batch: 100, Loss: 0.0642
[04:57:33] {train_network.py:175} INFO - Epoch: 5, Batch: 200, Loss: 0.1251
[04:57:52] {train_network.py:175} INFO - Epoch: 5, Batch: 300, Loss: 0.1444
[04:58:11] {train_network.py:175} INFO - Epoch: 5, Batch: 400, Loss: 0.0352
[04:58:30] {train_network.py:175} INFO - Epoch: 5, Batch: 500, Loss: 0.0517
[04:58:49] {train_network.py:175} INFO - Epoch: 5, Batch: 600, Loss: 0.0937
[04:59:07] {train_network.py:175} INFO - Epoch: 5, Batch: 700, Loss: 0.0647
[04:59:26] {train_network.py:175} INFO - Epoch: 5, Batch: 800, Loss: 0.0637
[04:59:45] {train_network.py:175} INFO - Epoch: 5, Batch: 900, Loss: 0.1068
[05:00:05] {train_network.py:326} INFO - Validating...
[05:00:08] {train_network.py:329} INFO - 76/89 = 0.853933
[05:00:08] {train_network.py:317} INFO - Beginning Epoch 06
[05:00:27] {train_network.py:175} INFO - Epoch: 6, Batch: 100, Loss: 0.0435
[05:00:46] {train_network.py:175} INFO - Epoch: 6, Batch: 200, Loss: 0.0517
[05:01:04] {train_network.py:175} INFO - Epoch: 6, Batch: 300, Loss: 0.0793
[05:01:23] {train_network.py:175} INFO - Epoch: 6, Batch: 400, Loss: 0.0485
[05:01:41] {train_network.py:175} INFO - Epoch: 6, Batch: 500, Loss: 0.0646
[05:02:00] {train_network.py:175} INFO - Epoch: 6, Batch: 600, Loss: 0.0580
[05:02:19] {train_network.py:175} INFO - Epoch: 6, Batch: 700, Loss: 0.0589
[05:02:38] {train_network.py:175} INFO - Epoch: 6, Batch: 800, Loss: 0.0438
[05:02:56] {train_network.py:175} INFO - Epoch: 6, Batch: 900, Loss: 0.0357
[05:03:17] {train_network.py:326} INFO - Validating...
[05:03:20] {train_network.py:329} INFO - 81/89 = 0.910112
[05:03:20] {train_network.py:317} INFO - Beginning Epoch 07
[05:03:39] {train_network.py:175} INFO - Epoch: 7, Batch: 100, Loss: 0.0492
[05:03:57] {train_network.py:175} INFO - Epoch: 7, Batch: 200, Loss: 0.0374
[05:04:16] {train_network.py:175} INFO - Epoch: 7, Batch: 300, Loss: 0.0444
[05:04:35] {train_network.py:175} INFO - Epoch: 7, Batch: 400, Loss: 0.0681
[05:04:54] {train_network.py:175} INFO - Epoch: 7, Batch: 500, Loss: 0.0841
[05:05:13] {train_network.py:175} INFO - Epoch: 7, Batch: 600, Loss: 0.1236
[05:05:31] {train_network.py:175} INFO - Epoch: 7, Batch: 700, Loss: 0.1861
[05:05:50] {train_network.py:175} INFO - Epoch: 7, Batch: 800, Loss: 0.1522
[05:06:09] {train_network.py:175} INFO - Epoch: 7, Batch: 900, Loss: 0.0518
[05:06:29] {train_network.py:326} INFO - Validating...
[05:06:32] {train_network.py:329} INFO - 83/89 = 0.932584
[05:06:32] {train_network.py:317} INFO - Beginning Epoch 08
[05:06:51] {train_network.py:175} INFO - Epoch: 8, Batch: 100, Loss: 0.2440
[05:07:09] {train_network.py:175} INFO - Epoch: 8, Batch: 200, Loss: 0.0380
[05:07:28] {train_network.py:175} INFO - Epoch: 8, Batch: 300, Loss: 0.1127
[05:07:47] {train_network.py:175} INFO - Epoch: 8, Batch: 400, Loss: 0.2660
[05:08:06] {train_network.py:175} INFO - Epoch: 8, Batch: 500, Loss: 0.0260
[05:08:25] {train_network.py:175} INFO - Epoch: 8, Batch: 600, Loss: 0.0359
[05:08:43] {train_network.py:175} INFO - Epoch: 8, Batch: 700, Loss: 0.0849
[05:09:02] {train_network.py:175} INFO - Epoch: 8, Batch: 800, Loss: 0.0693
[05:09:21] {train_network.py:175} INFO - Epoch: 8, Batch: 900, Loss: 0.1173
[05:09:41] {train_network.py:326} INFO - Validating...
[05:09:44] {train_network.py:329} INFO - 79/89 = 0.887640
[05:09:44] {train_network.py:317} INFO - Beginning Epoch 09
[05:10:03] {train_network.py:175} INFO - Epoch: 9, Batch: 100, Loss: 0.0589
[05:10:22] {train_network.py:175} INFO - Epoch: 9, Batch: 200, Loss: 0.0609
[05:10:41] {train_network.py:175} INFO - Epoch: 9, Batch: 300, Loss: 0.0942
[05:10:59] {train_network.py:175} INFO - Epoch: 9, Batch: 400, Loss: 0.0547
[05:11:18] {train_network.py:175} INFO - Epoch: 9, Batch: 500, Loss: 0.0815
[05:11:37] {train_network.py:175} INFO - Epoch: 9, Batch: 600, Loss: 0.0720
[05:11:56] {train_network.py:175} INFO - Epoch: 9, Batch: 700, Loss: 0.0627
[05:12:15] {train_network.py:175} INFO - Epoch: 9, Batch: 800, Loss: 0.1477
[05:12:33] {train_network.py:175} INFO - Epoch: 9, Batch: 900, Loss: 0.1298
[05:12:54] {train_network.py:326} INFO - Validating...
[05:12:56] {train_network.py:329} INFO - 81/89 = 0.910112
[05:12:56] {train_network.py:317} INFO - Beginning Epoch 10
[05:13:15] {train_network.py:175} INFO - Epoch: 10, Batch: 100, Loss: 0.0571
[05:13:34] {train_network.py:175} INFO - Epoch: 10, Batch: 200, Loss: 0.0642
[05:13:53] {train_network.py:175} INFO - Epoch: 10, Batch: 300, Loss: 0.0575
[05:14:12] {train_network.py:175} INFO - Epoch: 10, Batch: 400, Loss: 0.1429
[05:14:31] {train_network.py:175} INFO - Epoch: 10, Batch: 500, Loss: 0.1267
[05:14:49] {train_network.py:175} INFO - Epoch: 10, Batch: 600, Loss: 0.0746
[05:15:08] {train_network.py:175} INFO - Epoch: 10, Batch: 700, Loss: 0.0521
[05:15:27] {train_network.py:175} INFO - Epoch: 10, Batch: 800, Loss: 0.0365
[05:15:46] {train_network.py:175} INFO - Epoch: 10, Batch: 900, Loss: 0.0542
[05:16:05] {train_network.py:326} INFO - Validating...
[05:16:08] {train_network.py:329} INFO - 79/89 = 0.887640
[05:16:08] {train_network.py:317} INFO - Beginning Epoch 11
[05:16:27] {train_network.py:175} INFO - Epoch: 11, Batch: 100, Loss: 0.0372
[05:16:46] {train_network.py:175} INFO - Epoch: 11, Batch: 200, Loss: 0.0502
[05:17:05] {train_network.py:175} INFO - Epoch: 11, Batch: 300, Loss: 0.0902
[05:17:24] {train_network.py:175} INFO - Epoch: 11, Batch: 400, Loss: 0.0857
[05:17:43] {train_network.py:175} INFO - Epoch: 11, Batch: 500, Loss: 0.0370
[05:18:01] {train_network.py:175} INFO - Epoch: 11, Batch: 600, Loss: 0.0741
[05:18:20] {train_network.py:175} INFO - Epoch: 11, Batch: 700, Loss: 0.0402
[05:18:39] {train_network.py:175} INFO - Epoch: 11, Batch: 800, Loss: 0.1655
[05:18:57] {train_network.py:175} INFO - Epoch: 11, Batch: 900, Loss: 0.0779
[05:19:17] {train_network.py:326} INFO - Validating...
[05:19:21] {train_network.py:329} INFO - 83/89 = 0.932584
[05:19:21] {train_network.py:317} INFO - Beginning Epoch 12
[05:19:39] {train_network.py:175} INFO - Epoch: 12, Batch: 100, Loss: 0.0546
[05:19:58] {train_network.py:175} INFO - Epoch: 12, Batch: 200, Loss: 0.0256
[05:20:17] {train_network.py:175} INFO - Epoch: 12, Batch: 300, Loss: 0.0796
[05:20:36] {train_network.py:175} INFO - Epoch: 12, Batch: 400, Loss: 0.1033
[05:20:54] {train_network.py:175} INFO - Epoch: 12, Batch: 500, Loss: 0.0797
[05:21:13] {train_network.py:175} INFO - Epoch: 12, Batch: 600, Loss: 0.0853
[05:21:32] {train_network.py:175} INFO - Epoch: 12, Batch: 700, Loss: 0.0273
[05:21:51] {train_network.py:175} INFO - Epoch: 12, Batch: 800, Loss: 0.0210
[05:22:10] {train_network.py:175} INFO - Epoch: 12, Batch: 900, Loss: 0.0428
[05:22:30] {train_network.py:326} INFO - Validating...
[05:22:33] {train_network.py:329} INFO - 81/89 = 0.910112
[05:22:33] {train_network.py:317} INFO - Beginning Epoch 13
[05:22:51] {train_network.py:175} INFO - Epoch: 13, Batch: 100, Loss: 0.0799
[05:23:10] {train_network.py:175} INFO - Epoch: 13, Batch: 200, Loss: 0.1622
[05:23:29] {train_network.py:175} INFO - Epoch: 13, Batch: 300, Loss: 0.0307
[05:23:48] {train_network.py:175} INFO - Epoch: 13, Batch: 400, Loss: 0.1160
[05:24:07] {train_network.py:175} INFO - Epoch: 13, Batch: 500, Loss: 0.1130
[05:24:25] {train_network.py:175} INFO - Epoch: 13, Batch: 600, Loss: 0.0469
[05:24:44] {train_network.py:175} INFO - Epoch: 13, Batch: 700, Loss: 0.0363
[05:25:03] {train_network.py:175} INFO - Epoch: 13, Batch: 800, Loss: 0.0839
[05:25:21] {train_network.py:175} INFO - Epoch: 13, Batch: 900, Loss: 0.0445
[05:25:42] {train_network.py:326} INFO - Validating...
[05:25:45] {train_network.py:329} INFO - 79/89 = 0.887640
[05:25:45] {train_network.py:317} INFO - Beginning Epoch 14
[05:26:03] {train_network.py:175} INFO - Epoch: 14, Batch: 100, Loss: 0.0489
[05:26:22] {train_network.py:175} INFO - Epoch: 14, Batch: 200, Loss: 0.0681
[05:26:41] {train_network.py:175} INFO - Epoch: 14, Batch: 300, Loss: 0.0235
[05:27:00] {train_network.py:175} INFO - Epoch: 14, Batch: 400, Loss: 0.1404
[05:27:19] {train_network.py:175} INFO - Epoch: 14, Batch: 500, Loss: 0.0474
[05:27:37] {train_network.py:175} INFO - Epoch: 14, Batch: 600, Loss: 0.0984
[05:27:56] {train_network.py:175} INFO - Epoch: 14, Batch: 700, Loss: 0.0757
[05:28:15] {train_network.py:175} INFO - Epoch: 14, Batch: 800, Loss: 0.0414
[05:28:33] {train_network.py:175} INFO - Epoch: 14, Batch: 900, Loss: 0.0634
[05:28:54] {train_network.py:326} INFO - Validating...
[05:28:57] {train_network.py:329} INFO - 81/89 = 0.910112
[05:28:57] {train_network.py:317} INFO - Beginning Epoch 15
[05:29:16] {train_network.py:175} INFO - Epoch: 15, Batch: 100, Loss: 0.1338
[05:29:34] {train_network.py:175} INFO - Epoch: 15, Batch: 200, Loss: 0.0516
[05:29:53] {train_network.py:175} INFO - Epoch: 15, Batch: 300, Loss: 0.0668
[05:30:12] {train_network.py:175} INFO - Epoch: 15, Batch: 400, Loss: 0.0590
[05:30:31] {train_network.py:175} INFO - Epoch: 15, Batch: 500, Loss: 0.0320
[05:30:49] {train_network.py:175} INFO - Epoch: 15, Batch: 600, Loss: 0.0611
[05:31:08] {train_network.py:175} INFO - Epoch: 15, Batch: 700, Loss: 0.0413
[05:31:27] {train_network.py:175} INFO - Epoch: 15, Batch: 800, Loss: 0.0265
[05:31:46] {train_network.py:175} INFO - Epoch: 15, Batch: 900, Loss: 0.0316
[05:32:05] {train_network.py:326} INFO - Validating...
[05:32:08] {train_network.py:329} INFO - 76/89 = 0.853933
[05:32:08] {train_network.py:317} INFO - Beginning Epoch 16
[05:32:27] {train_network.py:175} INFO - Epoch: 16, Batch: 100, Loss: 0.0791
[05:32:46] {train_network.py:175} INFO - Epoch: 16, Batch: 200, Loss: 0.0492
[05:33:05] {train_network.py:175} INFO - Epoch: 16, Batch: 300, Loss: 0.0638
[05:33:23] {train_network.py:175} INFO - Epoch: 16, Batch: 400, Loss: 0.0482
[05:33:42] {train_network.py:175} INFO - Epoch: 16, Batch: 500, Loss: 0.0295
[05:34:01] {train_network.py:175} INFO - Epoch: 16, Batch: 600, Loss: 0.0225
[05:34:19] {train_network.py:175} INFO - Epoch: 16, Batch: 700, Loss: 0.0718
[05:34:38] {train_network.py:175} INFO - Epoch: 16, Batch: 800, Loss: 0.0672
[05:34:57] {train_network.py:175} INFO - Epoch: 16, Batch: 900, Loss: 0.0365
[05:35:17] {train_network.py:326} INFO - Validating...
[05:35:20] {train_network.py:329} INFO - 85/89 = 0.955056
[05:35:20] {train_network.py:317} INFO - Beginning Epoch 17
[05:35:39] {train_network.py:175} INFO - Epoch: 17, Batch: 100, Loss: 0.0415
[05:35:58] {train_network.py:175} INFO - Epoch: 17, Batch: 200, Loss: 0.0630
[05:36:16] {train_network.py:175} INFO - Epoch: 17, Batch: 300, Loss: 0.0394
[05:36:35] {train_network.py:175} INFO - Epoch: 17, Batch: 400, Loss: 0.1820
[05:36:54] {train_network.py:175} INFO - Epoch: 17, Batch: 500, Loss: 0.0348
[05:37:12] {train_network.py:175} INFO - Epoch: 17, Batch: 600, Loss: 0.0387
[05:37:31] {train_network.py:175} INFO - Epoch: 17, Batch: 700, Loss: 0.0507
[05:37:50] {train_network.py:175} INFO - Epoch: 17, Batch: 800, Loss: 0.0843
[05:38:09] {train_network.py:175} INFO - Epoch: 17, Batch: 900, Loss: 0.0548
[05:38:29] {train_network.py:326} INFO - Validating...
[05:38:32] {train_network.py:329} INFO - 80/89 = 0.898876
[05:38:32] {train_network.py:317} INFO - Beginning Epoch 18
[05:38:51] {train_network.py:175} INFO - Epoch: 18, Batch: 100, Loss: 0.0623
[05:39:09] {train_network.py:175} INFO - Epoch: 18, Batch: 200, Loss: 0.1176
[05:39:28] {train_network.py:175} INFO - Epoch: 18, Batch: 300, Loss: 0.0743
[05:39:47] {train_network.py:175} INFO - Epoch: 18, Batch: 400, Loss: 0.0565
[05:40:05] {train_network.py:175} INFO - Epoch: 18, Batch: 500, Loss: 0.0424
[05:40:24] {train_network.py:175} INFO - Epoch: 18, Batch: 600, Loss: 0.0422
[05:40:43] {train_network.py:175} INFO - Epoch: 18, Batch: 700, Loss: 0.0667
[05:41:02] {train_network.py:175} INFO - Epoch: 18, Batch: 800, Loss: 0.0358
[05:41:21] {train_network.py:175} INFO - Epoch: 18, Batch: 900, Loss: 0.0309
[05:41:41] {train_network.py:326} INFO - Validating...
[05:41:44] {train_network.py:329} INFO - 82/89 = 0.921348
[05:41:44] {train_network.py:317} INFO - Beginning Epoch 19
[05:42:03] {train_network.py:175} INFO - Epoch: 19, Batch: 100, Loss: 0.0356
[05:42:22] {train_network.py:175} INFO - Epoch: 19, Batch: 200, Loss: 0.1179
[05:42:40] {train_network.py:175} INFO - Epoch: 19, Batch: 300, Loss: 0.0721
[05:42:59] {train_network.py:175} INFO - Epoch: 19, Batch: 400, Loss: 0.0270
[05:43:18] {train_network.py:175} INFO - Epoch: 19, Batch: 500, Loss: 0.0746
[05:43:37] {train_network.py:175} INFO - Epoch: 19, Batch: 600, Loss: 0.0644
[05:43:55] {train_network.py:175} INFO - Epoch: 19, Batch: 700, Loss: 0.0878
[05:44:14] {train_network.py:175} INFO - Epoch: 19, Batch: 800, Loss: 0.0452
[05:44:33] {train_network.py:175} INFO - Epoch: 19, Batch: 900, Loss: 0.0326
[05:44:53] {train_network.py:326} INFO - Validating...
[05:44:56] {train_network.py:329} INFO - 81/89 = 0.910112
[05:44:56] {train_network.py:317} INFO - Beginning Epoch 20
[05:45:14] {train_network.py:175} INFO - Epoch: 20, Batch: 100, Loss: 0.0472
[05:45:33] {train_network.py:175} INFO - Epoch: 20, Batch: 200, Loss: 0.0267
[05:45:52] {train_network.py:175} INFO - Epoch: 20, Batch: 300, Loss: 0.0694
[05:46:11] {train_network.py:175} INFO - Epoch: 20, Batch: 400, Loss: 0.0484
[05:46:29] {train_network.py:175} INFO - Epoch: 20, Batch: 500, Loss: 0.0541
[05:46:48] {train_network.py:175} INFO - Epoch: 20, Batch: 600, Loss: 0.0464
[05:47:07] {train_network.py:175} INFO - Epoch: 20, Batch: 700, Loss: 0.0232
[05:47:25] {train_network.py:175} INFO - Epoch: 20, Batch: 800, Loss: 0.0340
[05:47:44] {train_network.py:175} INFO - Epoch: 20, Batch: 900, Loss: 0.0271
[05:48:05] {train_network.py:326} INFO - Validating...
[05:48:08] {train_network.py:329} INFO - 87/89 = 0.977528
[05:48:08] {train_network.py:317} INFO - Beginning Epoch 21
[05:48:26] {train_network.py:175} INFO - Epoch: 21, Batch: 100, Loss: 0.0630
[05:48:45] {train_network.py:175} INFO - Epoch: 21, Batch: 200, Loss: 0.1030
[05:49:04] {train_network.py:175} INFO - Epoch: 21, Batch: 300, Loss: 0.0793
[05:49:22] {train_network.py:175} INFO - Epoch: 21, Batch: 400, Loss: 0.0484
[05:49:41] {train_network.py:175} INFO - Epoch: 21, Batch: 500, Loss: 0.0411
[05:50:00] {train_network.py:175} INFO - Epoch: 21, Batch: 600, Loss: 0.1282
[05:50:19] {train_network.py:175} INFO - Epoch: 21, Batch: 700, Loss: 0.0491
[05:50:37] {train_network.py:175} INFO - Epoch: 21, Batch: 800, Loss: 0.0953
[05:50:56] {train_network.py:175} INFO - Epoch: 21, Batch: 900, Loss: 0.0833
[05:51:17] {train_network.py:326} INFO - Validating...
[05:51:20] {train_network.py:329} INFO - 80/89 = 0.898876
[05:51:20] {train_network.py:317} INFO - Beginning Epoch 22
[05:51:38] {train_network.py:175} INFO - Epoch: 22, Batch: 100, Loss: 0.0403
[05:51:57] {train_network.py:175} INFO - Epoch: 22, Batch: 200, Loss: 0.0507
[05:52:16] {train_network.py:175} INFO - Epoch: 22, Batch: 300, Loss: 0.0565
[05:52:35] {train_network.py:175} INFO - Epoch: 22, Batch: 400, Loss: 0.1473
[05:52:53] {train_network.py:175} INFO - Epoch: 22, Batch: 500, Loss: 0.0722
[05:53:12] {train_network.py:175} INFO - Epoch: 22, Batch: 600, Loss: 0.0503
[05:53:31] {train_network.py:175} INFO - Epoch: 22, Batch: 700, Loss: 0.0356
[05:53:49] {train_network.py:175} INFO - Epoch: 22, Batch: 800, Loss: 0.0384
[05:54:08] {train_network.py:175} INFO - Epoch: 22, Batch: 900, Loss: 0.1399
[05:54:29] {train_network.py:326} INFO - Validating...
[05:54:32] {train_network.py:329} INFO - 83/89 = 0.932584
[05:54:32] {train_network.py:317} INFO - Beginning Epoch 23
[05:54:50] {train_network.py:175} INFO - Epoch: 23, Batch: 100, Loss: 0.0261
[05:55:09] {train_network.py:175} INFO - Epoch: 23, Batch: 200, Loss: 0.0242
[05:55:28] {train_network.py:175} INFO - Epoch: 23, Batch: 300, Loss: 0.0318
[05:55:46] {train_network.py:175} INFO - Epoch: 23, Batch: 400, Loss: 0.0402
[05:56:05] {train_network.py:175} INFO - Epoch: 23, Batch: 500, Loss: 0.0443
[05:56:24] {train_network.py:175} INFO - Epoch: 23, Batch: 600, Loss: 0.0669
[05:56:43] {train_network.py:175} INFO - Epoch: 23, Batch: 700, Loss: 0.0384
[05:57:01] {train_network.py:175} INFO - Epoch: 23, Batch: 800, Loss: 0.0568
[05:57:20] {train_network.py:175} INFO - Epoch: 23, Batch: 900, Loss: 0.0581
[05:57:40] {train_network.py:326} INFO - Validating...
[05:57:43] {train_network.py:329} INFO - 80/89 = 0.898876
[05:57:43] {train_network.py:317} INFO - Beginning Epoch 24
[05:58:02] {train_network.py:175} INFO - Epoch: 24, Batch: 100, Loss: 0.0354
[05:58:21] {train_network.py:175} INFO - Epoch: 24, Batch: 200, Loss: 0.0958
[05:58:39] {train_network.py:175} INFO - Epoch: 24, Batch: 300, Loss: 0.0802
[05:58:58] {train_network.py:175} INFO - Epoch: 24, Batch: 400, Loss: 0.1460
[05:59:17] {train_network.py:175} INFO - Epoch: 24, Batch: 500, Loss: 0.0323
[05:59:36] {train_network.py:175} INFO - Epoch: 24, Batch: 600, Loss: 0.0817
[05:59:54] {train_network.py:175} INFO - Epoch: 24, Batch: 700, Loss: 0.0728
[06:00:13] {train_network.py:175} INFO - Epoch: 24, Batch: 800, Loss: 0.0492
[06:00:32] {train_network.py:175} INFO - Epoch: 24, Batch: 900, Loss: 0.0335
[06:00:52] {train_network.py:326} INFO - Validating...
[06:00:55] {train_network.py:329} INFO - 83/89 = 0.932584
[06:00:55] {train_network.py:317} INFO - Beginning Epoch 25
[06:01:13] {train_network.py:175} INFO - Epoch: 25, Batch: 100, Loss: 0.0502
[06:01:32] {train_network.py:175} INFO - Epoch: 25, Batch: 200, Loss: 0.0484
[06:01:51] {train_network.py:175} INFO - Epoch: 25, Batch: 300, Loss: 0.0282
[06:02:09] {train_network.py:175} INFO - Epoch: 25, Batch: 400, Loss: 0.0279
[06:02:28] {train_network.py:175} INFO - Epoch: 25, Batch: 500, Loss: 0.1039
[06:02:47] {train_network.py:175} INFO - Epoch: 25, Batch: 600, Loss: 0.0617
[06:03:06] {train_network.py:175} INFO - Epoch: 25, Batch: 700, Loss: 0.0490
[06:03:25] {train_network.py:175} INFO - Epoch: 25, Batch: 800, Loss: 0.0190
[06:03:44] {train_network.py:175} INFO - Epoch: 25, Batch: 900, Loss: 0.0510
[06:04:04] {train_network.py:326} INFO - Validating...
[06:04:07] {train_network.py:329} INFO - 82/89 = 0.921348
[06:04:07] {train_network.py:317} INFO - Beginning Epoch 26
[06:04:25] {train_network.py:175} INFO - Epoch: 26, Batch: 100, Loss: 0.0256
[06:04:44] {train_network.py:175} INFO - Epoch: 26, Batch: 200, Loss: 0.0431
[06:05:03] {train_network.py:175} INFO - Epoch: 26, Batch: 300, Loss: 0.0377
[06:05:22] {train_network.py:175} INFO - Epoch: 26, Batch: 400, Loss: 0.0236
[06:05:40] {train_network.py:175} INFO - Epoch: 26, Batch: 500, Loss: 0.0720
[06:05:59] {train_network.py:175} INFO - Epoch: 26, Batch: 600, Loss: 0.0469
[06:06:18] {train_network.py:175} INFO - Epoch: 26, Batch: 700, Loss: 0.0186
[06:06:37] {train_network.py:175} INFO - Epoch: 26, Batch: 800, Loss: 0.0499
[06:06:55] {train_network.py:175} INFO - Epoch: 26, Batch: 900, Loss: 0.0287
[06:07:16] {train_network.py:326} INFO - Validating...
[06:07:19] {train_network.py:329} INFO - 78/89 = 0.876404
[06:07:19] {train_network.py:317} INFO - Beginning Epoch 27
[06:07:37] {train_network.py:175} INFO - Epoch: 27, Batch: 100, Loss: 0.0512
[06:07:56] {train_network.py:175} INFO - Epoch: 27, Batch: 200, Loss: 0.0510
[06:08:15] {train_network.py:175} INFO - Epoch: 27, Batch: 300, Loss: 0.0309
[06:08:33] {train_network.py:175} INFO - Epoch: 27, Batch: 400, Loss: 0.0850
[06:08:52] {train_network.py:175} INFO - Epoch: 27, Batch: 500, Loss: 0.0585
[06:09:10] {train_network.py:175} INFO - Epoch: 27, Batch: 600, Loss: 0.0371
[06:09:29] {train_network.py:175} INFO - Epoch: 27, Batch: 700, Loss: 0.0916
[06:09:48] {train_network.py:175} INFO - Epoch: 27, Batch: 800, Loss: 0.0391
[06:10:07] {train_network.py:175} INFO - Epoch: 27, Batch: 900, Loss: 0.0339
[06:10:27] {train_network.py:326} INFO - Validating...
[06:10:30] {train_network.py:329} INFO - 81/89 = 0.910112
[06:10:30] {train_network.py:317} INFO - Beginning Epoch 28
[06:10:48] {train_network.py:175} INFO - Epoch: 28, Batch: 100, Loss: 0.0315
[06:11:07] {train_network.py:175} INFO - Epoch: 28, Batch: 200, Loss: 0.0386
[06:11:26] {train_network.py:175} INFO - Epoch: 28, Batch: 300, Loss: 0.0225
[06:11:45] {train_network.py:175} INFO - Epoch: 28, Batch: 400, Loss: 0.0784
[06:12:04] {train_network.py:175} INFO - Epoch: 28, Batch: 500, Loss: 0.0257
[06:12:22] {train_network.py:175} INFO - Epoch: 28, Batch: 600, Loss: 0.0286
[06:12:41] {train_network.py:175} INFO - Epoch: 28, Batch: 700, Loss: 0.0411
[06:13:00] {train_network.py:175} INFO - Epoch: 28, Batch: 800, Loss: 0.0178
[06:13:19] {train_network.py:175} INFO - Epoch: 28, Batch: 900, Loss: 0.0272
[06:13:39] {train_network.py:326} INFO - Validating...
[06:13:41] {train_network.py:329} INFO - 79/89 = 0.887640
[06:13:41] {train_network.py:317} INFO - Beginning Epoch 29
[06:14:00] {train_network.py:175} INFO - Epoch: 29, Batch: 100, Loss: 0.0244
[06:14:19] {train_network.py:175} INFO - Epoch: 29, Batch: 200, Loss: 0.0523
[06:14:38] {train_network.py:175} INFO - Epoch: 29, Batch: 300, Loss: 0.0554
[06:14:57] {train_network.py:175} INFO - Epoch: 29, Batch: 400, Loss: 0.0356
[06:15:15] {train_network.py:175} INFO - Epoch: 29, Batch: 500, Loss: 0.0383
[06:15:34] {train_network.py:175} INFO - Epoch: 29, Batch: 600, Loss: 0.0343
[06:15:53] {train_network.py:175} INFO - Epoch: 29, Batch: 700, Loss: 0.0725
[06:16:11] {train_network.py:175} INFO - Epoch: 29, Batch: 800, Loss: 0.0367
[06:16:30] {train_network.py:175} INFO - Epoch: 29, Batch: 900, Loss: 0.0625
[06:16:50] {train_network.py:326} INFO - Validating...
[06:16:53] {train_network.py:329} INFO - 82/89 = 0.921348
[06:16:53] {train_network.py:317} INFO - Beginning Epoch 30
[06:17:12] {train_network.py:175} INFO - Epoch: 30, Batch: 100, Loss: 0.0363
[06:17:31] {train_network.py:175} INFO - Epoch: 30, Batch: 200, Loss: 0.0365
[06:17:50] {train_network.py:175} INFO - Epoch: 30, Batch: 300, Loss: 0.1166
[06:18:09] {train_network.py:175} INFO - Epoch: 30, Batch: 400, Loss: 0.0476
[06:18:27] {train_network.py:175} INFO - Epoch: 30, Batch: 500, Loss: 0.0169
[06:18:46] {train_network.py:175} INFO - Epoch: 30, Batch: 600, Loss: 0.0762
[06:19:05] {train_network.py:175} INFO - Epoch: 30, Batch: 700, Loss: 0.1091
[06:19:24] {train_network.py:175} INFO - Epoch: 30, Batch: 800, Loss: 0.0549
[06:19:43] {train_network.py:175} INFO - Epoch: 30, Batch: 900, Loss: 0.0304
[06:20:03] {train_network.py:326} INFO - Validating...
[06:20:06] {train_network.py:329} INFO - 80/89 = 0.898876
[06:20:06] {train_network.py:317} INFO - Beginning Epoch 31
[06:20:25] {train_network.py:175} INFO - Epoch: 31, Batch: 100, Loss: 0.0398
[06:20:44] {train_network.py:175} INFO - Epoch: 31, Batch: 200, Loss: 0.0901
[06:21:02] {train_network.py:175} INFO - Epoch: 31, Batch: 300, Loss: 0.0342
[06:21:21] {train_network.py:175} INFO - Epoch: 31, Batch: 400, Loss: 0.0222
[06:21:40] {train_network.py:175} INFO - Epoch: 31, Batch: 500, Loss: 0.1935
[06:21:59] {train_network.py:175} INFO - Epoch: 31, Batch: 600, Loss: 0.1701
[06:22:17] {train_network.py:175} INFO - Epoch: 31, Batch: 700, Loss: 0.0405
[06:22:36] {train_network.py:175} INFO - Epoch: 31, Batch: 800, Loss: 0.0255
[06:22:55] {train_network.py:175} INFO - Epoch: 31, Batch: 900, Loss: 0.0563
[06:23:15] {train_network.py:326} INFO - Validating...
[06:23:18] {train_network.py:329} INFO - 81/89 = 0.910112
[06:23:18] {train_network.py:317} INFO - Beginning Epoch 32
[06:23:37] {train_network.py:175} INFO - Epoch: 32, Batch: 100, Loss: 0.0447
[06:23:56] {train_network.py:175} INFO - Epoch: 32, Batch: 200, Loss: 0.0647
[06:24:15] {train_network.py:175} INFO - Epoch: 32, Batch: 300, Loss: 0.0420
[06:24:33] {train_network.py:175} INFO - Epoch: 32, Batch: 400, Loss: 0.0167
[06:24:52] {train_network.py:175} INFO - Epoch: 32, Batch: 500, Loss: 0.0289
[06:25:11] {train_network.py:175} INFO - Epoch: 32, Batch: 600, Loss: 0.0293
[06:25:30] {train_network.py:175} INFO - Epoch: 32, Batch: 700, Loss: 0.0230
[06:25:48] {train_network.py:175} INFO - Epoch: 32, Batch: 800, Loss: 0.0468
[06:26:07] {train_network.py:175} INFO - Epoch: 32, Batch: 900, Loss: 0.0215
[06:26:27] {train_network.py:326} INFO - Validating...
[06:26:30] {train_network.py:329} INFO - 76/89 = 0.853933
[06:26:30] {train_network.py:317} INFO - Beginning Epoch 33
[06:26:49] {train_network.py:175} INFO - Epoch: 33, Batch: 100, Loss: 0.0445
[06:27:08] {train_network.py:175} INFO - Epoch: 33, Batch: 200, Loss: 0.0444
[06:27:26] {train_network.py:175} INFO - Epoch: 33, Batch: 300, Loss: 0.0309
[06:27:45] {train_network.py:175} INFO - Epoch: 33, Batch: 400, Loss: 0.0321
[06:28:04] {train_network.py:175} INFO - Epoch: 33, Batch: 500, Loss: 0.0191
[06:28:22] {train_network.py:175} INFO - Epoch: 33, Batch: 600, Loss: 0.0502
[06:28:41] {train_network.py:175} INFO - Epoch: 33, Batch: 700, Loss: 0.0733
[06:29:00] {train_network.py:175} INFO - Epoch: 33, Batch: 800, Loss: 0.0925
[06:29:19] {train_network.py:175} INFO - Epoch: 33, Batch: 900, Loss: 0.0733
[06:29:39] {train_network.py:326} INFO - Validating...
[06:29:42] {train_network.py:329} INFO - 78/89 = 0.876404
[06:29:42] {train_network.py:317} INFO - Beginning Epoch 34
[06:30:01] {train_network.py:175} INFO - Epoch: 34, Batch: 100, Loss: 0.0618
[06:30:20] {train_network.py:175} INFO - Epoch: 34, Batch: 200, Loss: 0.0399
[06:30:38] {train_network.py:175} INFO - Epoch: 34, Batch: 300, Loss: 0.0912
[06:30:57] {train_network.py:175} INFO - Epoch: 34, Batch: 400, Loss: 0.0424
[06:31:16] {train_network.py:175} INFO - Epoch: 34, Batch: 500, Loss: 0.0945
[06:31:35] {train_network.py:175} INFO - Epoch: 34, Batch: 600, Loss: 0.0394
[06:31:54] {train_network.py:175} INFO - Epoch: 34, Batch: 700, Loss: 0.0809
[06:32:12] {train_network.py:175} INFO - Epoch: 34, Batch: 800, Loss: 0.0680
[06:32:31] {train_network.py:175} INFO - Epoch: 34, Batch: 900, Loss: 0.0974
[06:32:51] {train_network.py:326} INFO - Validating...
[06:32:54] {train_network.py:329} INFO - 76/89 = 0.853933
[06:32:54] {train_network.py:317} INFO - Beginning Epoch 35
[06:33:13] {train_network.py:175} INFO - Epoch: 35, Batch: 100, Loss: 0.0289
[06:33:32] {train_network.py:175} INFO - Epoch: 35, Batch: 200, Loss: 0.0275
[06:33:50] {train_network.py:175} INFO - Epoch: 35, Batch: 300, Loss: 0.0829
[06:34:09] {train_network.py:175} INFO - Epoch: 35, Batch: 400, Loss: 0.0527
[06:34:28] {train_network.py:175} INFO - Epoch: 35, Batch: 500, Loss: 0.0456
[06:34:47] {train_network.py:175} INFO - Epoch: 35, Batch: 600, Loss: 0.0997
[06:35:05] {train_network.py:175} INFO - Epoch: 35, Batch: 700, Loss: 0.0611
[06:35:24] {train_network.py:175} INFO - Epoch: 35, Batch: 800, Loss: 0.0607
[06:35:43] {train_network.py:175} INFO - Epoch: 35, Batch: 900, Loss: 0.0418
[06:36:03] {train_network.py:326} INFO - Validating...
[06:36:06] {train_network.py:329} INFO - 74/89 = 0.831461
[06:36:06] {train_network.py:317} INFO - Beginning Epoch 36
[06:36:25] {train_network.py:175} INFO - Epoch: 36, Batch: 100, Loss: 0.0504
[06:36:43] {train_network.py:175} INFO - Epoch: 36, Batch: 200, Loss: 0.1212
[06:37:02] {train_network.py:175} INFO - Epoch: 36, Batch: 300, Loss: 0.0454
[06:37:21] {train_network.py:175} INFO - Epoch: 36, Batch: 400, Loss: 0.0454
[06:37:39] {train_network.py:175} INFO - Epoch: 36, Batch: 500, Loss: 0.0774
[06:37:58] {train_network.py:175} INFO - Epoch: 36, Batch: 600, Loss: 0.0354
[06:38:17] {train_network.py:175} INFO - Epoch: 36, Batch: 700, Loss: 0.0459
[06:38:36] {train_network.py:175} INFO - Epoch: 36, Batch: 800, Loss: 0.0190
[06:38:55] {train_network.py:175} INFO - Epoch: 36, Batch: 900, Loss: 0.0915
[06:39:15] {train_network.py:326} INFO - Validating...
[06:39:18] {train_network.py:329} INFO - 77/89 = 0.865169
[06:39:18] {train_network.py:317} INFO - Beginning Epoch 37
[06:39:36] {train_network.py:175} INFO - Epoch: 37, Batch: 100, Loss: 0.0398
[06:39:55] {train_network.py:175} INFO - Epoch: 37, Batch: 200, Loss: 0.0278
[06:40:14] {train_network.py:175} INFO - Epoch: 37, Batch: 300, Loss: 0.0269
[06:40:33] {train_network.py:175} INFO - Epoch: 37, Batch: 400, Loss: 0.0910
[06:40:51] {train_network.py:175} INFO - Epoch: 37, Batch: 500, Loss: 0.0626
[06:41:10] {train_network.py:175} INFO - Epoch: 37, Batch: 600, Loss: 0.0364
[06:41:29] {train_network.py:175} INFO - Epoch: 37, Batch: 700, Loss: 0.0651
[06:41:48] {train_network.py:175} INFO - Epoch: 37, Batch: 800, Loss: 0.0178
[06:42:06] {train_network.py:175} INFO - Epoch: 37, Batch: 900, Loss: 0.0617
[06:42:26] {train_network.py:326} INFO - Validating...
[06:42:29] {train_network.py:329} INFO - 73/89 = 0.820225
[06:42:29] {train_network.py:317} INFO - Beginning Epoch 38
[06:42:48] {train_network.py:175} INFO - Epoch: 38, Batch: 100, Loss: 0.0639
[06:43:07] {train_network.py:175} INFO - Epoch: 38, Batch: 200, Loss: 0.0473
[06:43:26] {train_network.py:175} INFO - Epoch: 38, Batch: 300, Loss: 0.0462
[06:43:44] {train_network.py:175} INFO - Epoch: 38, Batch: 400, Loss: 0.0985
[06:44:03] {train_network.py:175} INFO - Epoch: 38, Batch: 500, Loss: 0.0677
[06:44:22] {train_network.py:175} INFO - Epoch: 38, Batch: 600, Loss: 0.0620
[06:44:41] {train_network.py:175} INFO - Epoch: 38, Batch: 700, Loss: 0.0258
[06:45:00] {train_network.py:175} INFO - Epoch: 38, Batch: 800, Loss: 0.0370
[06:45:18] {train_network.py:175} INFO - Epoch: 38, Batch: 900, Loss: 0.0812
[06:45:38] {train_network.py:326} INFO - Validating...
[06:45:41] {train_network.py:329} INFO - 76/89 = 0.853933
[06:45:41] {train_network.py:317} INFO - Beginning Epoch 39
[06:46:00] {train_network.py:175} INFO - Epoch: 39, Batch: 100, Loss: 0.0606
[06:46:19] {train_network.py:175} INFO - Epoch: 39, Batch: 200, Loss: 0.0431
[06:46:37] {train_network.py:175} INFO - Epoch: 39, Batch: 300, Loss: 0.0746
[06:46:56] {train_network.py:175} INFO - Epoch: 39, Batch: 400, Loss: 0.0468
[06:47:15] {train_network.py:175} INFO - Epoch: 39, Batch: 500, Loss: 0.0438
[06:47:34] {train_network.py:175} INFO - Epoch: 39, Batch: 600, Loss: 0.0357
[06:47:52] {train_network.py:175} INFO - Epoch: 39, Batch: 700, Loss: 0.0340
[06:48:11] {train_network.py:175} INFO - Epoch: 39, Batch: 800, Loss: 0.0330
[06:48:30] {train_network.py:175} INFO - Epoch: 39, Batch: 900, Loss: 0.0301
[06:48:50] {train_network.py:326} INFO - Validating...
[06:48:53] {train_network.py:329} INFO - 82/89 = 0.921348
[06:48:53] {train_network.py:317} INFO - Beginning Epoch 40
[06:49:12] {train_network.py:175} INFO - Epoch: 40, Batch: 100, Loss: 0.0501
[06:49:30] {train_network.py:175} INFO - Epoch: 40, Batch: 200, Loss: 0.0612
[06:49:49] {train_network.py:175} INFO - Epoch: 40, Batch: 300, Loss: 0.0263
[06:50:08] {train_network.py:175} INFO - Epoch: 40, Batch: 400, Loss: 0.0585
[06:50:27] {train_network.py:175} INFO - Epoch: 40, Batch: 500, Loss: 0.0421
[06:50:46] {train_network.py:175} INFO - Epoch: 40, Batch: 600, Loss: 0.1147
[06:51:04] {train_network.py:175} INFO - Epoch: 40, Batch: 700, Loss: 0.0372
[06:51:23] {train_network.py:175} INFO - Epoch: 40, Batch: 800, Loss: 0.1179
[06:51:42] {train_network.py:175} INFO - Epoch: 40, Batch: 900, Loss: 0.0288
[06:52:02] {train_network.py:326} INFO - Validating...
[06:52:05] {train_network.py:329} INFO - 76/89 = 0.853933
[06:52:05] {train_network.py:317} INFO - Beginning Epoch 41
[06:52:24] {train_network.py:175} INFO - Epoch: 41, Batch: 100, Loss: 0.0339
[06:52:42] {train_network.py:175} INFO - Epoch: 41, Batch: 200, Loss: 0.1734
[06:53:01] {train_network.py:175} INFO - Epoch: 41, Batch: 300, Loss: 0.0269
[06:53:20] {train_network.py:175} INFO - Epoch: 41, Batch: 400, Loss: 0.0395
[06:53:39] {train_network.py:175} INFO - Epoch: 41, Batch: 500, Loss: 0.0320
[06:53:57] {train_network.py:175} INFO - Epoch: 41, Batch: 600, Loss: 0.0547
[06:54:16] {train_network.py:175} INFO - Epoch: 41, Batch: 700, Loss: 0.0892
[06:54:35] {train_network.py:175} INFO - Epoch: 41, Batch: 800, Loss: 0.0643
[06:54:54] {train_network.py:175} INFO - Epoch: 41, Batch: 900, Loss: 0.0309
[06:55:14] {train_network.py:326} INFO - Validating...
[06:55:17] {train_network.py:329} INFO - 77/89 = 0.865169
[06:55:17] {train_network.py:317} INFO - Beginning Epoch 42
[06:55:36] {train_network.py:175} INFO - Epoch: 42, Batch: 100, Loss: 0.0408
[06:55:54] {train_network.py:175} INFO - Epoch: 42, Batch: 200, Loss: 0.0410
[06:56:13] {train_network.py:175} INFO - Epoch: 42, Batch: 300, Loss: 0.0384
[06:56:32] {train_network.py:175} INFO - Epoch: 42, Batch: 400, Loss: 0.0379
[06:56:51] {train_network.py:175} INFO - Epoch: 42, Batch: 500, Loss: 0.0260
[06:57:10] {train_network.py:175} INFO - Epoch: 42, Batch: 600, Loss: 0.0251
[06:57:28] {train_network.py:175} INFO - Epoch: 42, Batch: 700, Loss: 0.0808
[06:57:48] {train_network.py:175} INFO - Epoch: 42, Batch: 800, Loss: 0.0671
[06:58:06] {train_network.py:175} INFO - Epoch: 42, Batch: 900, Loss: 0.1093
[06:58:27] {train_network.py:326} INFO - Validating...
[06:58:30] {train_network.py:329} INFO - 82/89 = 0.921348
[06:58:30] {train_network.py:317} INFO - Beginning Epoch 43
[06:58:49] {train_network.py:175} INFO - Epoch: 43, Batch: 100, Loss: 0.0510
[06:59:07] {train_network.py:175} INFO - Epoch: 43, Batch: 200, Loss: 0.0220
[06:59:26] {train_network.py:175} INFO - Epoch: 43, Batch: 300, Loss: 0.0296
[06:59:45] {train_network.py:175} INFO - Epoch: 43, Batch: 400, Loss: 0.0493
[07:00:04] {train_network.py:175} INFO - Epoch: 43, Batch: 500, Loss: 0.0320
[07:00:23] {train_network.py:175} INFO - Epoch: 43, Batch: 600, Loss: 0.0305
[07:00:42] {train_network.py:175} INFO - Epoch: 43, Batch: 700, Loss: 0.0600
[07:01:01] {train_network.py:175} INFO - Epoch: 43, Batch: 800, Loss: 0.0440
[07:01:20] {train_network.py:175} INFO - Epoch: 43, Batch: 900, Loss: 0.0293
[07:01:40] {train_network.py:326} INFO - Validating...
[07:01:43] {train_network.py:329} INFO - 79/89 = 0.887640
[07:01:43] {train_network.py:317} INFO - Beginning Epoch 44
[07:02:02] {train_network.py:175} INFO - Epoch: 44, Batch: 100, Loss: 0.0646
[07:02:22] {train_network.py:175} INFO - Epoch: 44, Batch: 200, Loss: 0.0463
[07:02:41] {train_network.py:175} INFO - Epoch: 44, Batch: 300, Loss: 0.0889
[07:03:00] {train_network.py:175} INFO - Epoch: 44, Batch: 400, Loss: 0.0538
[07:03:19] {train_network.py:175} INFO - Epoch: 44, Batch: 500, Loss: 0.0539
[07:03:37] {train_network.py:175} INFO - Epoch: 44, Batch: 600, Loss: 0.0310
[07:03:56] {train_network.py:175} INFO - Epoch: 44, Batch: 700, Loss: 0.0550
[07:04:15] {train_network.py:175} INFO - Epoch: 44, Batch: 800, Loss: 0.0500
[07:04:34] {train_network.py:175} INFO - Epoch: 44, Batch: 900, Loss: 0.0429
[07:04:55] {train_network.py:326} INFO - Validating...
[07:04:58] {train_network.py:329} INFO - 76/89 = 0.853933
[07:04:58] {train_network.py:317} INFO - Beginning Epoch 45
[07:05:17] {train_network.py:175} INFO - Epoch: 45, Batch: 100, Loss: 0.0897
[07:05:36] {train_network.py:175} INFO - Epoch: 45, Batch: 200, Loss: 0.0307
[07:05:55] {train_network.py:175} INFO - Epoch: 45, Batch: 300, Loss: 0.1064
[07:06:14] {train_network.py:175} INFO - Epoch: 45, Batch: 400, Loss: 0.0528
[07:06:33] {train_network.py:175} INFO - Epoch: 45, Batch: 500, Loss: 0.0180
[07:06:52] {train_network.py:175} INFO - Epoch: 45, Batch: 600, Loss: 0.0833
[07:07:11] {train_network.py:175} INFO - Epoch: 45, Batch: 700, Loss: 0.0674
[07:07:30] {train_network.py:175} INFO - Epoch: 45, Batch: 800, Loss: 0.0262
