[22:51:56] {/workspace/KIidP-Gruppe-4/hardware/device.py:11} INFO - CUDA detected. Running with GPU acceleration.
[22:51:56] {train_network.py:247} INFO - Loading Cornell Dataset...
[22:51:56] {train_network.py:256} INFO - Dataset size is 885
[22:51:56] {train_network.py:265} INFO - Training size: 796
[22:51:56] {train_network.py:266} INFO - Validation size: 89
[22:51:56] {train_network.py:284} INFO - Done
[22:51:56] {train_network.py:287} INFO - Loading Network...
[22:51:57] {train_network.py:298} INFO - Done
[22:51:58] {train_network.py:317} INFO - Beginning Epoch 00
[22:52:17] {train_network.py:175} INFO - Epoch: 0, Batch: 100, Loss: 0.1243
[22:52:35] {train_network.py:175} INFO - Epoch: 0, Batch: 200, Loss: 0.1151
[22:52:54] {train_network.py:175} INFO - Epoch: 0, Batch: 300, Loss: 0.0592
[22:53:13] {train_network.py:175} INFO - Epoch: 0, Batch: 400, Loss: 0.0826
[22:53:32] {train_network.py:175} INFO - Epoch: 0, Batch: 500, Loss: 0.0736
[22:53:51] {train_network.py:175} INFO - Epoch: 0, Batch: 600, Loss: 0.0262
[22:54:10] {train_network.py:175} INFO - Epoch: 0, Batch: 700, Loss: 0.0312
[22:54:28] {train_network.py:175} INFO - Epoch: 0, Batch: 800, Loss: 0.1294
[22:54:47] {train_network.py:175} INFO - Epoch: 0, Batch: 900, Loss: 0.0459
[22:55:08] {train_network.py:326} INFO - Validating...
[22:55:11] {train_network.py:329} INFO - 36/89 = 0.404494
[22:55:11] {train_network.py:317} INFO - Beginning Epoch 01
[22:55:29] {train_network.py:175} INFO - Epoch: 1, Batch: 100, Loss: 0.0830
[22:55:48] {train_network.py:175} INFO - Epoch: 1, Batch: 200, Loss: 0.0539
[22:56:07] {train_network.py:175} INFO - Epoch: 1, Batch: 300, Loss: 0.0519
[22:56:26] {train_network.py:175} INFO - Epoch: 1, Batch: 400, Loss: 0.1435
[22:56:45] {train_network.py:175} INFO - Epoch: 1, Batch: 500, Loss: 0.0930
[22:57:04] {train_network.py:175} INFO - Epoch: 1, Batch: 600, Loss: 0.0866
[22:57:23] {train_network.py:175} INFO - Epoch: 1, Batch: 700, Loss: 0.0463
[22:57:42] {train_network.py:175} INFO - Epoch: 1, Batch: 800, Loss: 0.0487
[22:58:00] {train_network.py:175} INFO - Epoch: 1, Batch: 900, Loss: 0.0942
[22:58:21] {train_network.py:326} INFO - Validating...
[22:58:24] {train_network.py:329} INFO - 64/89 = 0.719101
[22:58:24] {train_network.py:317} INFO - Beginning Epoch 02
[22:58:42] {train_network.py:175} INFO - Epoch: 2, Batch: 100, Loss: 0.0663
[22:59:01] {train_network.py:175} INFO - Epoch: 2, Batch: 200, Loss: 0.0714
[22:59:20] {train_network.py:175} INFO - Epoch: 2, Batch: 300, Loss: 0.0821
[22:59:39] {train_network.py:175} INFO - Epoch: 2, Batch: 400, Loss: 0.2511
[22:59:58] {train_network.py:175} INFO - Epoch: 2, Batch: 500, Loss: 0.0927
[23:00:17] {train_network.py:175} INFO - Epoch: 2, Batch: 600, Loss: 0.1592
[23:00:35] {train_network.py:175} INFO - Epoch: 2, Batch: 700, Loss: 0.0591
[23:00:54] {train_network.py:175} INFO - Epoch: 2, Batch: 800, Loss: 0.0554
[23:01:13] {train_network.py:175} INFO - Epoch: 2, Batch: 900, Loss: 0.0484
[23:01:34] {train_network.py:326} INFO - Validating...
[23:01:37] {train_network.py:329} INFO - 69/89 = 0.775281
[23:01:37] {train_network.py:317} INFO - Beginning Epoch 03
[23:01:56] {train_network.py:175} INFO - Epoch: 3, Batch: 100, Loss: 0.1367
[23:02:14] {train_network.py:175} INFO - Epoch: 3, Batch: 200, Loss: 0.1156
[23:02:33] {train_network.py:175} INFO - Epoch: 3, Batch: 300, Loss: 0.0777
[23:02:52] {train_network.py:175} INFO - Epoch: 3, Batch: 400, Loss: 0.0445
[23:03:11] {train_network.py:175} INFO - Epoch: 3, Batch: 500, Loss: 0.0362
[23:03:30] {train_network.py:175} INFO - Epoch: 3, Batch: 600, Loss: 0.0738
[23:03:49] {train_network.py:175} INFO - Epoch: 3, Batch: 700, Loss: 0.0404
[23:04:07] {train_network.py:175} INFO - Epoch: 3, Batch: 800, Loss: 0.0942
[23:04:26] {train_network.py:175} INFO - Epoch: 3, Batch: 900, Loss: 0.0524
[23:04:46] {train_network.py:326} INFO - Validating...
[23:04:49] {train_network.py:329} INFO - 75/89 = 0.842697
[23:04:49] {train_network.py:317} INFO - Beginning Epoch 04
[23:05:08] {train_network.py:175} INFO - Epoch: 4, Batch: 100, Loss: 0.0574
[23:05:27] {train_network.py:175} INFO - Epoch: 4, Batch: 200, Loss: 0.1351
[23:05:46] {train_network.py:175} INFO - Epoch: 4, Batch: 300, Loss: 0.0726
[23:06:05] {train_network.py:175} INFO - Epoch: 4, Batch: 400, Loss: 0.0436
[23:06:24] {train_network.py:175} INFO - Epoch: 4, Batch: 500, Loss: 0.0634
[23:06:43] {train_network.py:175} INFO - Epoch: 4, Batch: 600, Loss: 0.0452
[23:07:01] {train_network.py:175} INFO - Epoch: 4, Batch: 700, Loss: 0.0565
[23:07:20] {train_network.py:175} INFO - Epoch: 4, Batch: 800, Loss: 0.0916
[23:07:39] {train_network.py:175} INFO - Epoch: 4, Batch: 900, Loss: 0.0359
[23:07:59] {train_network.py:326} INFO - Validating...
[23:08:02] {train_network.py:329} INFO - 83/89 = 0.932584
[23:08:02] {train_network.py:317} INFO - Beginning Epoch 05
[23:08:21] {train_network.py:175} INFO - Epoch: 5, Batch: 100, Loss: 0.0421
[23:08:39] {train_network.py:175} INFO - Epoch: 5, Batch: 200, Loss: 0.0526
[23:08:58] {train_network.py:175} INFO - Epoch: 5, Batch: 300, Loss: 0.0931
[23:09:17] {train_network.py:175} INFO - Epoch: 5, Batch: 400, Loss: 0.0683
[23:09:36] {train_network.py:175} INFO - Epoch: 5, Batch: 500, Loss: 0.0555
[23:09:55] {train_network.py:175} INFO - Epoch: 5, Batch: 600, Loss: 0.0880
[23:10:13] {train_network.py:175} INFO - Epoch: 5, Batch: 700, Loss: 0.0296
[23:10:32] {train_network.py:175} INFO - Epoch: 5, Batch: 800, Loss: 0.0415
[23:10:51] {train_network.py:175} INFO - Epoch: 5, Batch: 900, Loss: 0.0325
[23:11:11] {train_network.py:326} INFO - Validating...
[23:11:14] {train_network.py:329} INFO - 82/89 = 0.921348
[23:11:14] {train_network.py:317} INFO - Beginning Epoch 06
[23:11:33] {train_network.py:175} INFO - Epoch: 6, Batch: 100, Loss: 0.0298
[23:11:52] {train_network.py:175} INFO - Epoch: 6, Batch: 200, Loss: 0.1310
[23:12:11] {train_network.py:175} INFO - Epoch: 6, Batch: 300, Loss: 0.0817
[23:12:30] {train_network.py:175} INFO - Epoch: 6, Batch: 400, Loss: 0.0970
[23:12:49] {train_network.py:175} INFO - Epoch: 6, Batch: 500, Loss: 0.0731
[23:13:07] {train_network.py:175} INFO - Epoch: 6, Batch: 600, Loss: 0.0824
[23:13:26] {train_network.py:175} INFO - Epoch: 6, Batch: 700, Loss: 0.0542
[23:13:45] {train_network.py:175} INFO - Epoch: 6, Batch: 800, Loss: 0.0288
[23:14:04] {train_network.py:175} INFO - Epoch: 6, Batch: 900, Loss: 0.0546
[23:14:24] {train_network.py:326} INFO - Validating...
[23:14:27] {train_network.py:329} INFO - 84/89 = 0.943820
[23:14:27] {train_network.py:317} INFO - Beginning Epoch 07
[23:14:46] {train_network.py:175} INFO - Epoch: 7, Batch: 100, Loss: 0.0303
[23:15:05] {train_network.py:175} INFO - Epoch: 7, Batch: 200, Loss: 0.0268
[23:15:24] {train_network.py:175} INFO - Epoch: 7, Batch: 300, Loss: 0.0700
[23:15:43] {train_network.py:175} INFO - Epoch: 7, Batch: 400, Loss: 0.0409
[23:16:02] {train_network.py:175} INFO - Epoch: 7, Batch: 500, Loss: 0.0318
[23:16:21] {train_network.py:175} INFO - Epoch: 7, Batch: 600, Loss: 0.0378
[23:16:40] {train_network.py:175} INFO - Epoch: 7, Batch: 700, Loss: 0.0781
[23:16:59] {train_network.py:175} INFO - Epoch: 7, Batch: 800, Loss: 0.0781
[23:17:18] {train_network.py:175} INFO - Epoch: 7, Batch: 900, Loss: 0.0820
[23:17:38] {train_network.py:326} INFO - Validating...
[23:17:41] {train_network.py:329} INFO - 82/89 = 0.921348
[23:17:41] {train_network.py:317} INFO - Beginning Epoch 08
[23:18:00] {train_network.py:175} INFO - Epoch: 8, Batch: 100, Loss: 0.0367
[23:18:19] {train_network.py:175} INFO - Epoch: 8, Batch: 200, Loss: 0.0445
[23:18:38] {train_network.py:175} INFO - Epoch: 8, Batch: 300, Loss: 0.0389
[23:18:56] {train_network.py:175} INFO - Epoch: 8, Batch: 400, Loss: 0.0729
[23:19:15] {train_network.py:175} INFO - Epoch: 8, Batch: 500, Loss: 0.0446
[23:19:34] {train_network.py:175} INFO - Epoch: 8, Batch: 600, Loss: 0.0669
[23:19:53] {train_network.py:175} INFO - Epoch: 8, Batch: 700, Loss: 0.1117
[23:20:12] {train_network.py:175} INFO - Epoch: 8, Batch: 800, Loss: 0.0638
[23:20:30] {train_network.py:175} INFO - Epoch: 8, Batch: 900, Loss: 0.1254
[23:20:51] {train_network.py:326} INFO - Validating...
[23:20:54] {train_network.py:329} INFO - 80/89 = 0.898876
[23:20:54] {train_network.py:317} INFO - Beginning Epoch 09
[23:21:13] {train_network.py:175} INFO - Epoch: 9, Batch: 100, Loss: 0.0713
[23:21:31] {train_network.py:175} INFO - Epoch: 9, Batch: 200, Loss: 0.1531
[23:21:50] {train_network.py:175} INFO - Epoch: 9, Batch: 300, Loss: 0.0412
[23:22:09] {train_network.py:175} INFO - Epoch: 9, Batch: 400, Loss: 0.0813
[23:22:28] {train_network.py:175} INFO - Epoch: 9, Batch: 500, Loss: 0.0408
[23:22:47] {train_network.py:175} INFO - Epoch: 9, Batch: 600, Loss: 0.0739
[23:23:05] {train_network.py:175} INFO - Epoch: 9, Batch: 700, Loss: 0.0541
[23:23:24] {train_network.py:175} INFO - Epoch: 9, Batch: 800, Loss: 0.1214
[23:23:43] {train_network.py:175} INFO - Epoch: 9, Batch: 900, Loss: 0.0489
[23:24:04] {train_network.py:326} INFO - Validating...
[23:24:07] {train_network.py:329} INFO - 77/89 = 0.865169
[23:24:07] {train_network.py:317} INFO - Beginning Epoch 10
[23:24:25] {train_network.py:175} INFO - Epoch: 10, Batch: 100, Loss: 0.0440
[23:24:44] {train_network.py:175} INFO - Epoch: 10, Batch: 200, Loss: 0.0740
[23:25:03] {train_network.py:175} INFO - Epoch: 10, Batch: 300, Loss: 0.0583
[23:25:22] {train_network.py:175} INFO - Epoch: 10, Batch: 400, Loss: 0.1381
[23:25:41] {train_network.py:175} INFO - Epoch: 10, Batch: 500, Loss: 0.0395
[23:26:00] {train_network.py:175} INFO - Epoch: 10, Batch: 600, Loss: 0.0531
[23:26:19] {train_network.py:175} INFO - Epoch: 10, Batch: 700, Loss: 0.0719
[23:26:37] {train_network.py:175} INFO - Epoch: 10, Batch: 800, Loss: 0.0351
[23:26:56] {train_network.py:175} INFO - Epoch: 10, Batch: 900, Loss: 0.0509
[23:27:16] {train_network.py:326} INFO - Validating...
[23:27:19] {train_network.py:329} INFO - 82/89 = 0.921348
[23:27:19] {train_network.py:317} INFO - Beginning Epoch 11
[23:27:38] {train_network.py:175} INFO - Epoch: 11, Batch: 100, Loss: 0.2714
[23:27:57] {train_network.py:175} INFO - Epoch: 11, Batch: 200, Loss: 0.0733
[23:28:16] {train_network.py:175} INFO - Epoch: 11, Batch: 300, Loss: 0.0266
[23:28:35] {train_network.py:175} INFO - Epoch: 11, Batch: 400, Loss: 0.0793
[23:28:54] {train_network.py:175} INFO - Epoch: 11, Batch: 500, Loss: 0.0698
[23:29:12] {train_network.py:175} INFO - Epoch: 11, Batch: 600, Loss: 0.0386
[23:29:31] {train_network.py:175} INFO - Epoch: 11, Batch: 700, Loss: 0.0567
[23:29:50] {train_network.py:175} INFO - Epoch: 11, Batch: 800, Loss: 0.0361
[23:30:09] {train_network.py:175} INFO - Epoch: 11, Batch: 900, Loss: 0.0934
[23:30:29] {train_network.py:326} INFO - Validating...
[23:30:32] {train_network.py:329} INFO - 80/89 = 0.898876
[23:30:32] {train_network.py:317} INFO - Beginning Epoch 12
[23:30:51] {train_network.py:175} INFO - Epoch: 12, Batch: 100, Loss: 0.0278
[23:31:10] {train_network.py:175} INFO - Epoch: 12, Batch: 200, Loss: 0.1112
[23:31:29] {train_network.py:175} INFO - Epoch: 12, Batch: 300, Loss: 0.0469
[23:31:47] {train_network.py:175} INFO - Epoch: 12, Batch: 400, Loss: 0.0746
[23:32:06] {train_network.py:175} INFO - Epoch: 12, Batch: 500, Loss: 0.0884
[23:32:25] {train_network.py:175} INFO - Epoch: 12, Batch: 600, Loss: 0.0556
[23:32:44] {train_network.py:175} INFO - Epoch: 12, Batch: 700, Loss: 0.0914
[23:33:03] {train_network.py:175} INFO - Epoch: 12, Batch: 800, Loss: 0.0878
[23:33:22] {train_network.py:175} INFO - Epoch: 12, Batch: 900, Loss: 0.0393
[23:33:42] {train_network.py:326} INFO - Validating...
[23:33:45] {train_network.py:329} INFO - 80/89 = 0.898876
[23:33:45] {train_network.py:317} INFO - Beginning Epoch 13
[23:34:04] {train_network.py:175} INFO - Epoch: 13, Batch: 100, Loss: 0.0815
[23:34:23] {train_network.py:175} INFO - Epoch: 13, Batch: 200, Loss: 0.0301
[23:34:42] {train_network.py:175} INFO - Epoch: 13, Batch: 300, Loss: 0.0378
[23:35:01] {train_network.py:175} INFO - Epoch: 13, Batch: 400, Loss: 0.0483
[23:35:20] {train_network.py:175} INFO - Epoch: 13, Batch: 500, Loss: 0.0419
[23:35:39] {train_network.py:175} INFO - Epoch: 13, Batch: 600, Loss: 0.0526
[23:35:58] {train_network.py:175} INFO - Epoch: 13, Batch: 700, Loss: 0.0909
[23:36:17] {train_network.py:175} INFO - Epoch: 13, Batch: 800, Loss: 0.0873
[23:36:36] {train_network.py:175} INFO - Epoch: 13, Batch: 900, Loss: 0.0364
[23:36:56] {train_network.py:326} INFO - Validating...
[23:36:59] {train_network.py:329} INFO - 83/89 = 0.932584
[23:36:59] {train_network.py:317} INFO - Beginning Epoch 14
[23:37:18] {train_network.py:175} INFO - Epoch: 14, Batch: 100, Loss: 0.0429
[23:37:37] {train_network.py:175} INFO - Epoch: 14, Batch: 200, Loss: 0.0644
[23:37:56] {train_network.py:175} INFO - Epoch: 14, Batch: 300, Loss: 0.0457
[23:38:14] {train_network.py:175} INFO - Epoch: 14, Batch: 400, Loss: 0.0531
[23:38:33] {train_network.py:175} INFO - Epoch: 14, Batch: 500, Loss: 0.0161
[23:38:52] {train_network.py:175} INFO - Epoch: 14, Batch: 600, Loss: 0.0381
[23:39:11] {train_network.py:175} INFO - Epoch: 14, Batch: 700, Loss: 0.0576
[23:39:30] {train_network.py:175} INFO - Epoch: 14, Batch: 800, Loss: 0.0524
[23:39:49] {train_network.py:175} INFO - Epoch: 14, Batch: 900, Loss: 0.0491
[23:40:09] {train_network.py:326} INFO - Validating...
[23:40:12] {train_network.py:329} INFO - 83/89 = 0.932584
[23:40:12] {train_network.py:317} INFO - Beginning Epoch 15
[23:40:31] {train_network.py:175} INFO - Epoch: 15, Batch: 100, Loss: 0.0948
[23:40:49] {train_network.py:175} INFO - Epoch: 15, Batch: 200, Loss: 0.0629
[23:41:08] {train_network.py:175} INFO - Epoch: 15, Batch: 300, Loss: 0.0948
[23:41:27] {train_network.py:175} INFO - Epoch: 15, Batch: 400, Loss: 0.0620
[23:41:46] {train_network.py:175} INFO - Epoch: 15, Batch: 500, Loss: 0.0868
[23:42:05] {train_network.py:175} INFO - Epoch: 15, Batch: 600, Loss: 0.0435
[23:42:24] {train_network.py:175} INFO - Epoch: 15, Batch: 700, Loss: 0.0297
[23:42:42] {train_network.py:175} INFO - Epoch: 15, Batch: 800, Loss: 0.0249
[23:43:01] {train_network.py:175} INFO - Epoch: 15, Batch: 900, Loss: 0.0478
[23:43:21] {train_network.py:326} INFO - Validating...
[23:43:24] {train_network.py:329} INFO - 84/89 = 0.943820
[23:43:25] {train_network.py:317} INFO - Beginning Epoch 16
[23:43:43] {train_network.py:175} INFO - Epoch: 16, Batch: 100, Loss: 0.0365
[23:44:02] {train_network.py:175} INFO - Epoch: 16, Batch: 200, Loss: 0.0587
[23:44:21] {train_network.py:175} INFO - Epoch: 16, Batch: 300, Loss: 0.0518
[23:44:40] {train_network.py:175} INFO - Epoch: 16, Batch: 400, Loss: 0.0858
[23:44:59] {train_network.py:175} INFO - Epoch: 16, Batch: 500, Loss: 0.0752
[23:45:17] {train_network.py:175} INFO - Epoch: 16, Batch: 600, Loss: 0.0369
[23:45:36] {train_network.py:175} INFO - Epoch: 16, Batch: 700, Loss: 0.0376
[23:45:55] {train_network.py:175} INFO - Epoch: 16, Batch: 800, Loss: 0.0631
[23:46:14] {train_network.py:175} INFO - Epoch: 16, Batch: 900, Loss: 0.0237
[23:46:34] {train_network.py:326} INFO - Validating...
[23:46:37] {train_network.py:329} INFO - 80/89 = 0.898876
[23:46:37] {train_network.py:317} INFO - Beginning Epoch 17
[23:46:56] {train_network.py:175} INFO - Epoch: 17, Batch: 100, Loss: 0.0461
[23:47:15] {train_network.py:175} INFO - Epoch: 17, Batch: 200, Loss: 0.0933
[23:47:34] {train_network.py:175} INFO - Epoch: 17, Batch: 300, Loss: 0.0746
[23:47:53] {train_network.py:175} INFO - Epoch: 17, Batch: 400, Loss: 0.1387
[23:48:12] {train_network.py:175} INFO - Epoch: 17, Batch: 500, Loss: 0.0199
[23:48:30] {train_network.py:175} INFO - Epoch: 17, Batch: 600, Loss: 0.0979
[23:48:49] {train_network.py:175} INFO - Epoch: 17, Batch: 700, Loss: 0.0286
[23:49:08] {train_network.py:175} INFO - Epoch: 17, Batch: 800, Loss: 0.0371
[23:49:27] {train_network.py:175} INFO - Epoch: 17, Batch: 900, Loss: 0.0470
[23:49:47] {train_network.py:326} INFO - Validating...
[23:49:50] {train_network.py:329} INFO - 81/89 = 0.910112
[23:49:50] {train_network.py:317} INFO - Beginning Epoch 18
[23:50:09] {train_network.py:175} INFO - Epoch: 18, Batch: 100, Loss: 0.0431
[23:50:28] {train_network.py:175} INFO - Epoch: 18, Batch: 200, Loss: 0.0541
[23:50:47] {train_network.py:175} INFO - Epoch: 18, Batch: 300, Loss: 0.0580
[23:51:05] {train_network.py:175} INFO - Epoch: 18, Batch: 400, Loss: 0.1148
[23:51:24] {train_network.py:175} INFO - Epoch: 18, Batch: 500, Loss: 0.0746
[23:51:43] {train_network.py:175} INFO - Epoch: 18, Batch: 600, Loss: 0.0502
[23:52:02] {train_network.py:175} INFO - Epoch: 18, Batch: 700, Loss: 0.0963
[23:52:21] {train_network.py:175} INFO - Epoch: 18, Batch: 800, Loss: 0.0624
[23:52:40] {train_network.py:175} INFO - Epoch: 18, Batch: 900, Loss: 0.0766
[23:53:00] {train_network.py:326} INFO - Validating...
[23:53:03] {train_network.py:329} INFO - 78/89 = 0.876404
[23:53:03] {train_network.py:317} INFO - Beginning Epoch 19
[23:53:22] {train_network.py:175} INFO - Epoch: 19, Batch: 100, Loss: 0.0626
[23:53:40] {train_network.py:175} INFO - Epoch: 19, Batch: 200, Loss: 0.0485
[23:53:59] {train_network.py:175} INFO - Epoch: 19, Batch: 300, Loss: 0.0710
[23:54:18] {train_network.py:175} INFO - Epoch: 19, Batch: 400, Loss: 0.0561
[23:54:37] {train_network.py:175} INFO - Epoch: 19, Batch: 500, Loss: 0.1107
[23:54:56] {train_network.py:175} INFO - Epoch: 19, Batch: 600, Loss: 0.0737
[23:55:15] {train_network.py:175} INFO - Epoch: 19, Batch: 700, Loss: 0.0378
[23:55:34] {train_network.py:175} INFO - Epoch: 19, Batch: 800, Loss: 0.0508
[23:55:52] {train_network.py:175} INFO - Epoch: 19, Batch: 900, Loss: 0.0485
[23:56:13] {train_network.py:326} INFO - Validating...
[23:56:16] {train_network.py:329} INFO - 81/89 = 0.910112
[23:56:16] {train_network.py:317} INFO - Beginning Epoch 20
[23:56:35] {train_network.py:175} INFO - Epoch: 20, Batch: 100, Loss: 0.0563
[23:56:53] {train_network.py:175} INFO - Epoch: 20, Batch: 200, Loss: 0.1041
[23:57:12] {train_network.py:175} INFO - Epoch: 20, Batch: 300, Loss: 0.1240
[23:57:31] {train_network.py:175} INFO - Epoch: 20, Batch: 400, Loss: 0.0591
[23:57:50] {train_network.py:175} INFO - Epoch: 20, Batch: 500, Loss: 0.0406
[23:58:08] {train_network.py:175} INFO - Epoch: 20, Batch: 600, Loss: 0.0497
[23:58:27] {train_network.py:175} INFO - Epoch: 20, Batch: 700, Loss: 0.0743
[23:58:46] {train_network.py:175} INFO - Epoch: 20, Batch: 800, Loss: 0.0495
[23:59:05] {train_network.py:175} INFO - Epoch: 20, Batch: 900, Loss: 0.1337
[23:59:25] {train_network.py:326} INFO - Validating...
[23:59:28] {train_network.py:329} INFO - 74/89 = 0.831461
[23:59:28] {train_network.py:317} INFO - Beginning Epoch 21
[23:59:46] {train_network.py:175} INFO - Epoch: 21, Batch: 100, Loss: 0.0393
[00:00:05] {train_network.py:175} INFO - Epoch: 21, Batch: 200, Loss: 0.0377
[00:00:24] {train_network.py:175} INFO - Epoch: 21, Batch: 300, Loss: 0.0726
[00:00:43] {train_network.py:175} INFO - Epoch: 21, Batch: 400, Loss: 0.0371
[00:01:02] {train_network.py:175} INFO - Epoch: 21, Batch: 500, Loss: 0.0532
[00:01:21] {train_network.py:175} INFO - Epoch: 21, Batch: 600, Loss: 0.0316
[00:01:40] {train_network.py:175} INFO - Epoch: 21, Batch: 700, Loss: 0.0295
[00:01:59] {train_network.py:175} INFO - Epoch: 21, Batch: 800, Loss: 0.0394
[00:02:18] {train_network.py:175} INFO - Epoch: 21, Batch: 900, Loss: 0.0356
[00:02:38] {train_network.py:326} INFO - Validating...
[00:02:41] {train_network.py:329} INFO - 82/89 = 0.921348
[00:02:41] {train_network.py:317} INFO - Beginning Epoch 22
[00:03:00] {train_network.py:175} INFO - Epoch: 22, Batch: 100, Loss: 0.0551
[00:03:19] {train_network.py:175} INFO - Epoch: 22, Batch: 200, Loss: 0.0605
[00:03:38] {train_network.py:175} INFO - Epoch: 22, Batch: 300, Loss: 0.0276
[00:03:57] {train_network.py:175} INFO - Epoch: 22, Batch: 400, Loss: 0.1144
[00:04:15] {train_network.py:175} INFO - Epoch: 22, Batch: 500, Loss: 0.0704
[00:04:34] {train_network.py:175} INFO - Epoch: 22, Batch: 600, Loss: 0.0324
[00:04:53] {train_network.py:175} INFO - Epoch: 22, Batch: 700, Loss: 0.0530
[00:05:12] {train_network.py:175} INFO - Epoch: 22, Batch: 800, Loss: 0.1062
[00:05:31] {train_network.py:175} INFO - Epoch: 22, Batch: 900, Loss: 0.0774
[00:05:51] {train_network.py:326} INFO - Validating...
[00:05:54] {train_network.py:329} INFO - 81/89 = 0.910112
[00:05:54] {train_network.py:317} INFO - Beginning Epoch 23
[00:06:13] {train_network.py:175} INFO - Epoch: 23, Batch: 100, Loss: 0.0741
[00:06:31] {train_network.py:175} INFO - Epoch: 23, Batch: 200, Loss: 0.0384
[00:06:50] {train_network.py:175} INFO - Epoch: 23, Batch: 300, Loss: 0.0786
[00:07:09] {train_network.py:175} INFO - Epoch: 23, Batch: 400, Loss: 0.1242
[00:07:28] {train_network.py:175} INFO - Epoch: 23, Batch: 500, Loss: 0.0344
[00:07:47] {train_network.py:175} INFO - Epoch: 23, Batch: 600, Loss: 0.0599
[00:08:06] {train_network.py:175} INFO - Epoch: 23, Batch: 700, Loss: 0.0547
[00:08:25] {train_network.py:175} INFO - Epoch: 23, Batch: 800, Loss: 0.0662
[00:08:44] {train_network.py:175} INFO - Epoch: 23, Batch: 900, Loss: 0.0431
[00:09:04] {train_network.py:326} INFO - Validating...
[00:09:07] {train_network.py:329} INFO - 83/89 = 0.932584
[00:09:07] {train_network.py:317} INFO - Beginning Epoch 24
[00:09:26] {train_network.py:175} INFO - Epoch: 24, Batch: 100, Loss: 0.0200
[00:09:44] {train_network.py:175} INFO - Epoch: 24, Batch: 200, Loss: 0.0264
[00:10:03] {train_network.py:175} INFO - Epoch: 24, Batch: 300, Loss: 0.0820
[00:10:22] {train_network.py:175} INFO - Epoch: 24, Batch: 400, Loss: 0.0485
[00:10:41] {train_network.py:175} INFO - Epoch: 24, Batch: 500, Loss: 0.0333
[00:11:00] {train_network.py:175} INFO - Epoch: 24, Batch: 600, Loss: 0.0354
[00:11:19] {train_network.py:175} INFO - Epoch: 24, Batch: 700, Loss: 0.0753
[00:11:38] {train_network.py:175} INFO - Epoch: 24, Batch: 800, Loss: 0.1171
[00:11:57] {train_network.py:175} INFO - Epoch: 24, Batch: 900, Loss: 0.0500
[00:12:17] {train_network.py:326} INFO - Validating...
[00:12:20] {train_network.py:329} INFO - 80/89 = 0.898876
[00:12:20] {train_network.py:317} INFO - Beginning Epoch 25
[00:12:39] {train_network.py:175} INFO - Epoch: 25, Batch: 100, Loss: 0.0277
[00:12:58] {train_network.py:175} INFO - Epoch: 25, Batch: 200, Loss: 0.0343
[00:13:17] {train_network.py:175} INFO - Epoch: 25, Batch: 300, Loss: 0.0786
[00:13:36] {train_network.py:175} INFO - Epoch: 25, Batch: 400, Loss: 0.0465
[00:13:55] {train_network.py:175} INFO - Epoch: 25, Batch: 500, Loss: 0.0856
[00:14:13] {train_network.py:175} INFO - Epoch: 25, Batch: 600, Loss: 0.0648
[00:14:32] {train_network.py:175} INFO - Epoch: 25, Batch: 700, Loss: 0.0508
[00:14:51] {train_network.py:175} INFO - Epoch: 25, Batch: 800, Loss: 0.0607
[00:15:10] {train_network.py:175} INFO - Epoch: 25, Batch: 900, Loss: 0.0498
[00:15:30] {train_network.py:326} INFO - Validating...
[00:15:33] {train_network.py:329} INFO - 81/89 = 0.910112
[00:15:33] {train_network.py:317} INFO - Beginning Epoch 26
[00:15:52] {train_network.py:175} INFO - Epoch: 26, Batch: 100, Loss: 0.0499
[00:16:10] {train_network.py:175} INFO - Epoch: 26, Batch: 200, Loss: 0.0240
[00:16:29] {train_network.py:175} INFO - Epoch: 26, Batch: 300, Loss: 0.0393
[00:16:48] {train_network.py:175} INFO - Epoch: 26, Batch: 400, Loss: 0.0390
[00:17:07] {train_network.py:175} INFO - Epoch: 26, Batch: 500, Loss: 0.0389
[00:17:26] {train_network.py:175} INFO - Epoch: 26, Batch: 600, Loss: 0.1243
[00:17:45] {train_network.py:175} INFO - Epoch: 26, Batch: 700, Loss: 0.0446
[00:18:04] {train_network.py:175} INFO - Epoch: 26, Batch: 800, Loss: 0.0351
[00:18:22] {train_network.py:175} INFO - Epoch: 26, Batch: 900, Loss: 0.0347
[00:18:43] {train_network.py:326} INFO - Validating...
[00:18:46] {train_network.py:329} INFO - 82/89 = 0.921348
[00:18:46] {train_network.py:317} INFO - Beginning Epoch 27
[00:19:05] {train_network.py:175} INFO - Epoch: 27, Batch: 100, Loss: 0.1052
[00:19:23] {train_network.py:175} INFO - Epoch: 27, Batch: 200, Loss: 0.0171
[00:19:42] {train_network.py:175} INFO - Epoch: 27, Batch: 300, Loss: 0.1210
[00:20:01] {train_network.py:175} INFO - Epoch: 27, Batch: 400, Loss: 0.0333
[00:20:20] {train_network.py:175} INFO - Epoch: 27, Batch: 500, Loss: 0.0524
[00:20:39] {train_network.py:175} INFO - Epoch: 27, Batch: 600, Loss: 0.0549
[00:20:57] {train_network.py:175} INFO - Epoch: 27, Batch: 700, Loss: 0.0269
[00:21:16] {train_network.py:175} INFO - Epoch: 27, Batch: 800, Loss: 0.0796
[00:21:35] {train_network.py:175} INFO - Epoch: 27, Batch: 900, Loss: 0.0410
[00:21:55] {train_network.py:326} INFO - Validating...
[00:21:58] {train_network.py:329} INFO - 80/89 = 0.898876
[00:21:58] {train_network.py:317} INFO - Beginning Epoch 28
[00:22:17] {train_network.py:175} INFO - Epoch: 28, Batch: 100, Loss: 0.0495
[00:22:36] {train_network.py:175} INFO - Epoch: 28, Batch: 200, Loss: 0.0405
[00:22:55] {train_network.py:175} INFO - Epoch: 28, Batch: 300, Loss: 0.0638
[00:23:14] {train_network.py:175} INFO - Epoch: 28, Batch: 400, Loss: 0.0213
[00:23:33] {train_network.py:175} INFO - Epoch: 28, Batch: 500, Loss: 0.0242
[00:23:52] {train_network.py:175} INFO - Epoch: 28, Batch: 600, Loss: 0.0803
[00:24:11] {train_network.py:175} INFO - Epoch: 28, Batch: 700, Loss: 0.0583
[00:24:29] {train_network.py:175} INFO - Epoch: 28, Batch: 800, Loss: 0.0562
[00:24:48] {train_network.py:175} INFO - Epoch: 28, Batch: 900, Loss: 0.0566
[00:25:09] {train_network.py:326} INFO - Validating...
[00:25:12] {train_network.py:329} INFO - 82/89 = 0.921348
[00:25:12] {train_network.py:317} INFO - Beginning Epoch 29
[00:25:31] {train_network.py:175} INFO - Epoch: 29, Batch: 100, Loss: 0.0471
[00:25:49] {train_network.py:175} INFO - Epoch: 29, Batch: 200, Loss: 0.0485
[00:26:08] {train_network.py:175} INFO - Epoch: 29, Batch: 300, Loss: 0.0798
[00:26:27] {train_network.py:175} INFO - Epoch: 29, Batch: 400, Loss: 0.0622
[00:26:46] {train_network.py:175} INFO - Epoch: 29, Batch: 500, Loss: 0.0221
[00:27:05] {train_network.py:175} INFO - Epoch: 29, Batch: 600, Loss: 0.0499
[00:27:24] {train_network.py:175} INFO - Epoch: 29, Batch: 700, Loss: 0.0324
[00:27:43] {train_network.py:175} INFO - Epoch: 29, Batch: 800, Loss: 0.0249
[00:28:02] {train_network.py:175} INFO - Epoch: 29, Batch: 900, Loss: 0.0887
[00:28:22] {train_network.py:326} INFO - Validating...
[00:28:25] {train_network.py:329} INFO - 81/89 = 0.910112
[00:28:25] {train_network.py:317} INFO - Beginning Epoch 30
[00:28:44] {train_network.py:175} INFO - Epoch: 30, Batch: 100, Loss: 0.0395
[00:29:03] {train_network.py:175} INFO - Epoch: 30, Batch: 200, Loss: 0.0984
[00:29:22] {train_network.py:175} INFO - Epoch: 30, Batch: 300, Loss: 0.0468
[00:29:40] {train_network.py:175} INFO - Epoch: 30, Batch: 400, Loss: 0.0731
[00:29:59] {train_network.py:175} INFO - Epoch: 30, Batch: 500, Loss: 0.0702
[00:30:18] {train_network.py:175} INFO - Epoch: 30, Batch: 600, Loss: 0.0578
[00:30:37] {train_network.py:175} INFO - Epoch: 30, Batch: 700, Loss: 0.0465
[00:30:56] {train_network.py:175} INFO - Epoch: 30, Batch: 800, Loss: 0.0609
[00:31:15] {train_network.py:175} INFO - Epoch: 30, Batch: 900, Loss: 0.0458
[00:31:35] {train_network.py:326} INFO - Validating...
[00:31:38] {train_network.py:329} INFO - 81/89 = 0.910112
[00:31:38] {train_network.py:317} INFO - Beginning Epoch 31
[00:31:57] {train_network.py:175} INFO - Epoch: 31, Batch: 100, Loss: 0.0576
[00:32:16] {train_network.py:175} INFO - Epoch: 31, Batch: 200, Loss: 0.0421
[00:32:35] {train_network.py:175} INFO - Epoch: 31, Batch: 300, Loss: 0.0424
[00:32:54] {train_network.py:175} INFO - Epoch: 31, Batch: 400, Loss: 0.0937
[00:33:13] {train_network.py:175} INFO - Epoch: 31, Batch: 500, Loss: 0.1220
[00:33:32] {train_network.py:175} INFO - Epoch: 31, Batch: 600, Loss: 0.0276
[00:33:51] {train_network.py:175} INFO - Epoch: 31, Batch: 700, Loss: 0.0541
[00:34:09] {train_network.py:175} INFO - Epoch: 31, Batch: 800, Loss: 0.0496
[00:34:28] {train_network.py:175} INFO - Epoch: 31, Batch: 900, Loss: 0.0185
[00:34:49] {train_network.py:326} INFO - Validating...
[00:34:52] {train_network.py:329} INFO - 84/89 = 0.943820
[00:34:52] {train_network.py:317} INFO - Beginning Epoch 32
[00:35:10] {train_network.py:175} INFO - Epoch: 32, Batch: 100, Loss: 0.0319
[00:35:29] {train_network.py:175} INFO - Epoch: 32, Batch: 200, Loss: 0.0202
[00:35:48] {train_network.py:175} INFO - Epoch: 32, Batch: 300, Loss: 0.0480
[00:36:07] {train_network.py:175} INFO - Epoch: 32, Batch: 400, Loss: 0.0641
[00:36:26] {train_network.py:175} INFO - Epoch: 32, Batch: 500, Loss: 0.0407
[00:36:45] {train_network.py:175} INFO - Epoch: 32, Batch: 600, Loss: 0.0525
[00:37:03] {train_network.py:175} INFO - Epoch: 32, Batch: 700, Loss: 0.0677
[00:37:22] {train_network.py:175} INFO - Epoch: 32, Batch: 800, Loss: 0.0300
[00:37:41] {train_network.py:175} INFO - Epoch: 32, Batch: 900, Loss: 0.0884
[00:38:02] {train_network.py:326} INFO - Validating...
[00:38:05] {train_network.py:329} INFO - 80/89 = 0.898876
[00:38:05] {train_network.py:317} INFO - Beginning Epoch 33
[00:38:24] {train_network.py:175} INFO - Epoch: 33, Batch: 100, Loss: 0.0509
[00:38:43] {train_network.py:175} INFO - Epoch: 33, Batch: 200, Loss: 0.0406
[00:39:01] {train_network.py:175} INFO - Epoch: 33, Batch: 300, Loss: 0.0267
[00:39:20] {train_network.py:175} INFO - Epoch: 33, Batch: 400, Loss: 0.0510
[00:39:39] {train_network.py:175} INFO - Epoch: 33, Batch: 500, Loss: 0.0459
[00:39:58] {train_network.py:175} INFO - Epoch: 33, Batch: 600, Loss: 0.0459
[00:40:16] {train_network.py:175} INFO - Epoch: 33, Batch: 700, Loss: 0.0388
[00:40:35] {train_network.py:175} INFO - Epoch: 33, Batch: 800, Loss: 0.0926
[00:40:54] {train_network.py:175} INFO - Epoch: 33, Batch: 900, Loss: 0.0491
[00:41:15] {train_network.py:326} INFO - Validating...
[00:41:18] {train_network.py:329} INFO - 81/89 = 0.910112
[00:41:18] {train_network.py:317} INFO - Beginning Epoch 34
[00:41:37] {train_network.py:175} INFO - Epoch: 34, Batch: 100, Loss: 0.0642
[00:41:56] {train_network.py:175} INFO - Epoch: 34, Batch: 200, Loss: 0.0832
[00:42:15] {train_network.py:175} INFO - Epoch: 34, Batch: 300, Loss: 0.0517
[00:42:33] {train_network.py:175} INFO - Epoch: 34, Batch: 400, Loss: 0.0520
[00:42:52] {train_network.py:175} INFO - Epoch: 34, Batch: 500, Loss: 0.0726
[00:43:11] {train_network.py:175} INFO - Epoch: 34, Batch: 600, Loss: 0.0504
[00:43:30] {train_network.py:175} INFO - Epoch: 34, Batch: 700, Loss: 0.0211
[00:43:49] {train_network.py:175} INFO - Epoch: 34, Batch: 800, Loss: 0.0392
[00:44:08] {train_network.py:175} INFO - Epoch: 34, Batch: 900, Loss: 0.0289
[00:44:28] {train_network.py:326} INFO - Validating...
[00:44:31] {train_network.py:329} INFO - 84/89 = 0.943820
[00:44:31] {train_network.py:317} INFO - Beginning Epoch 35
[00:44:50] {train_network.py:175} INFO - Epoch: 35, Batch: 100, Loss: 0.0741
[00:45:09] {train_network.py:175} INFO - Epoch: 35, Batch: 200, Loss: 0.0188
[00:45:27] {train_network.py:175} INFO - Epoch: 35, Batch: 300, Loss: 0.0737
[00:45:46] {train_network.py:175} INFO - Epoch: 35, Batch: 400, Loss: 0.0443
[00:46:05] {train_network.py:175} INFO - Epoch: 35, Batch: 500, Loss: 0.0223
[00:46:24] {train_network.py:175} INFO - Epoch: 35, Batch: 600, Loss: 0.0403
[00:46:43] {train_network.py:175} INFO - Epoch: 35, Batch: 700, Loss: 0.0443
[00:47:02] {train_network.py:175} INFO - Epoch: 35, Batch: 800, Loss: 0.0973
[00:47:21] {train_network.py:175} INFO - Epoch: 35, Batch: 900, Loss: 0.0371
[00:47:41] {train_network.py:326} INFO - Validating...
[00:47:44] {train_network.py:329} INFO - 75/89 = 0.842697
[00:47:44] {train_network.py:317} INFO - Beginning Epoch 36
[00:48:03] {train_network.py:175} INFO - Epoch: 36, Batch: 100, Loss: 0.0628
[00:48:22] {train_network.py:175} INFO - Epoch: 36, Batch: 200, Loss: 0.0370
[00:48:41] {train_network.py:175} INFO - Epoch: 36, Batch: 300, Loss: 0.0355
[00:49:00] {train_network.py:175} INFO - Epoch: 36, Batch: 400, Loss: 0.0577
[00:49:19] {train_network.py:175} INFO - Epoch: 36, Batch: 500, Loss: 0.0919
[00:49:38] {train_network.py:175} INFO - Epoch: 36, Batch: 600, Loss: 0.0414
[00:49:56] {train_network.py:175} INFO - Epoch: 36, Batch: 700, Loss: 0.0397
[00:50:15] {train_network.py:175} INFO - Epoch: 36, Batch: 800, Loss: 0.0242
[00:50:34] {train_network.py:175} INFO - Epoch: 36, Batch: 900, Loss: 0.0512
[00:50:55] {train_network.py:326} INFO - Validating...
[00:50:58] {train_network.py:329} INFO - 80/89 = 0.898876
[00:50:58] {train_network.py:317} INFO - Beginning Epoch 37
[00:51:17] {train_network.py:175} INFO - Epoch: 37, Batch: 100, Loss: 0.0143
[00:51:35] {train_network.py:175} INFO - Epoch: 37, Batch: 200, Loss: 0.0173
[00:51:54] {train_network.py:175} INFO - Epoch: 37, Batch: 300, Loss: 0.0389
[00:52:13] {train_network.py:175} INFO - Epoch: 37, Batch: 400, Loss: 0.0305
[00:52:32] {train_network.py:175} INFO - Epoch: 37, Batch: 500, Loss: 0.0376
[00:52:51] {train_network.py:175} INFO - Epoch: 37, Batch: 600, Loss: 0.0388
[00:53:09] {train_network.py:175} INFO - Epoch: 37, Batch: 700, Loss: 0.0500
[00:53:28] {train_network.py:175} INFO - Epoch: 37, Batch: 800, Loss: 0.0455
[00:53:47] {train_network.py:175} INFO - Epoch: 37, Batch: 900, Loss: 0.1082
[00:54:07] {train_network.py:326} INFO - Validating...
[00:54:10] {train_network.py:329} INFO - 82/89 = 0.921348
[00:54:10] {train_network.py:317} INFO - Beginning Epoch 38
[00:54:29] {train_network.py:175} INFO - Epoch: 38, Batch: 100, Loss: 0.0312
[00:54:47] {train_network.py:175} INFO - Epoch: 38, Batch: 200, Loss: 0.0549
[00:55:06] {train_network.py:175} INFO - Epoch: 38, Batch: 300, Loss: 0.1023
[00:55:25] {train_network.py:175} INFO - Epoch: 38, Batch: 400, Loss: 0.1021
[00:55:44] {train_network.py:175} INFO - Epoch: 38, Batch: 500, Loss: 0.0831
[00:56:03] {train_network.py:175} INFO - Epoch: 38, Batch: 600, Loss: 0.0685
[00:56:22] {train_network.py:175} INFO - Epoch: 38, Batch: 700, Loss: 0.0526
[00:56:41] {train_network.py:175} INFO - Epoch: 38, Batch: 800, Loss: 0.0507
[00:57:00] {train_network.py:175} INFO - Epoch: 38, Batch: 900, Loss: 0.0359
[00:57:20] {train_network.py:326} INFO - Validating...
[00:57:23] {train_network.py:329} INFO - 75/89 = 0.842697
[00:57:23] {train_network.py:317} INFO - Beginning Epoch 39
[00:57:42] {train_network.py:175} INFO - Epoch: 39, Batch: 100, Loss: 0.0297
[00:58:01] {train_network.py:175} INFO - Epoch: 39, Batch: 200, Loss: 0.0357
[00:58:20] {train_network.py:175} INFO - Epoch: 39, Batch: 300, Loss: 0.0655
[00:58:39] {train_network.py:175} INFO - Epoch: 39, Batch: 400, Loss: 0.0388
[00:58:58] {train_network.py:175} INFO - Epoch: 39, Batch: 500, Loss: 0.0366
[00:59:16] {train_network.py:175} INFO - Epoch: 39, Batch: 600, Loss: 0.0239
[00:59:35] {train_network.py:175} INFO - Epoch: 39, Batch: 700, Loss: 0.0742
[00:59:54] {train_network.py:175} INFO - Epoch: 39, Batch: 800, Loss: 0.0272
[01:00:13] {train_network.py:175} INFO - Epoch: 39, Batch: 900, Loss: 0.0340
[01:00:33] {train_network.py:326} INFO - Validating...
[01:00:36] {train_network.py:329} INFO - 81/89 = 0.910112
[01:00:36] {train_network.py:317} INFO - Beginning Epoch 40
[01:00:55] {train_network.py:175} INFO - Epoch: 40, Batch: 100, Loss: 0.0558
[01:01:14] {train_network.py:175} INFO - Epoch: 40, Batch: 200, Loss: 0.0227
[01:01:33] {train_network.py:175} INFO - Epoch: 40, Batch: 300, Loss: 0.0718
[01:01:52] {train_network.py:175} INFO - Epoch: 40, Batch: 400, Loss: 0.0304
[01:02:11] {train_network.py:175} INFO - Epoch: 40, Batch: 500, Loss: 0.0406
[01:02:29] {train_network.py:175} INFO - Epoch: 40, Batch: 600, Loss: 0.0347
[01:02:48] {train_network.py:175} INFO - Epoch: 40, Batch: 700, Loss: 0.0321
[01:03:07] {train_network.py:175} INFO - Epoch: 40, Batch: 800, Loss: 0.0203
[01:03:26] {train_network.py:175} INFO - Epoch: 40, Batch: 900, Loss: 0.0465
[01:03:46] {train_network.py:326} INFO - Validating...
[01:03:49] {train_network.py:329} INFO - 77/89 = 0.865169
[01:03:49] {train_network.py:317} INFO - Beginning Epoch 41
[01:04:08] {train_network.py:175} INFO - Epoch: 41, Batch: 100, Loss: 0.0451
[01:04:27] {train_network.py:175} INFO - Epoch: 41, Batch: 200, Loss: 0.0391
[01:04:46] {train_network.py:175} INFO - Epoch: 41, Batch: 300, Loss: 0.1101
[01:05:05] {train_network.py:175} INFO - Epoch: 41, Batch: 400, Loss: 0.0456
[01:05:24] {train_network.py:175} INFO - Epoch: 41, Batch: 500, Loss: 0.0759
[01:05:43] {train_network.py:175} INFO - Epoch: 41, Batch: 600, Loss: 0.0391
[01:06:01] {train_network.py:175} INFO - Epoch: 41, Batch: 700, Loss: 0.0231
[01:06:20] {train_network.py:175} INFO - Epoch: 41, Batch: 800, Loss: 0.0680
[01:06:39] {train_network.py:175} INFO - Epoch: 41, Batch: 900, Loss: 0.0478
[01:07:00] {train_network.py:326} INFO - Validating...
[01:07:03] {train_network.py:329} INFO - 76/89 = 0.853933
[01:07:03] {train_network.py:317} INFO - Beginning Epoch 42
[01:07:21] {train_network.py:175} INFO - Epoch: 42, Batch: 100, Loss: 0.0169
[01:07:40] {train_network.py:175} INFO - Epoch: 42, Batch: 200, Loss: 0.0394
[01:07:59] {train_network.py:175} INFO - Epoch: 42, Batch: 300, Loss: 0.0459
[01:08:18] {train_network.py:175} INFO - Epoch: 42, Batch: 400, Loss: 0.0332
[01:08:36] {train_network.py:175} INFO - Epoch: 42, Batch: 500, Loss: 0.0717
[01:08:55] {train_network.py:175} INFO - Epoch: 42, Batch: 600, Loss: 0.0595
[01:09:14] {train_network.py:175} INFO - Epoch: 42, Batch: 700, Loss: 0.0352
[01:09:33] {train_network.py:175} INFO - Epoch: 42, Batch: 800, Loss: 0.0456
[01:09:52] {train_network.py:175} INFO - Epoch: 42, Batch: 900, Loss: 0.0733
[01:10:12] {train_network.py:326} INFO - Validating...
[01:10:15] {train_network.py:329} INFO - 75/89 = 0.842697
[01:10:15] {train_network.py:317} INFO - Beginning Epoch 43
[01:10:34] {train_network.py:175} INFO - Epoch: 43, Batch: 100, Loss: 0.0356
[01:10:53] {train_network.py:175} INFO - Epoch: 43, Batch: 200, Loss: 0.0323
[01:11:12] {train_network.py:175} INFO - Epoch: 43, Batch: 300, Loss: 0.0112
[01:11:31] {train_network.py:175} INFO - Epoch: 43, Batch: 400, Loss: 0.0501
[01:11:50] {train_network.py:175} INFO - Epoch: 43, Batch: 500, Loss: 0.0431
[01:12:08] {train_network.py:175} INFO - Epoch: 43, Batch: 600, Loss: 0.0433
[01:12:27] {train_network.py:175} INFO - Epoch: 43, Batch: 700, Loss: 0.0503
[01:12:46] {train_network.py:175} INFO - Epoch: 43, Batch: 800, Loss: 0.0215
[01:13:05] {train_network.py:175} INFO - Epoch: 43, Batch: 900, Loss: 0.1166
[01:13:25] {train_network.py:326} INFO - Validating...
[01:13:28] {train_network.py:329} INFO - 74/89 = 0.831461
[01:13:28] {train_network.py:317} INFO - Beginning Epoch 44
[01:13:47] {train_network.py:175} INFO - Epoch: 44, Batch: 100, Loss: 0.0396
[01:14:05] {train_network.py:175} INFO - Epoch: 44, Batch: 200, Loss: 0.0461
[01:14:24] {train_network.py:175} INFO - Epoch: 44, Batch: 300, Loss: 0.0864
[01:14:43] {train_network.py:175} INFO - Epoch: 44, Batch: 400, Loss: 0.0380
[01:15:02] {train_network.py:175} INFO - Epoch: 44, Batch: 500, Loss: 0.0650
[01:15:21] {train_network.py:175} INFO - Epoch: 44, Batch: 600, Loss: 0.0561
[01:15:39] {train_network.py:175} INFO - Epoch: 44, Batch: 700, Loss: 0.0612
[01:15:58] {train_network.py:175} INFO - Epoch: 44, Batch: 800, Loss: 0.0255
[01:16:17] {train_network.py:175} INFO - Epoch: 44, Batch: 900, Loss: 0.0903
[01:16:37] {train_network.py:326} INFO - Validating...
[01:16:40] {train_network.py:329} INFO - 81/89 = 0.910112
[01:16:40] {train_network.py:317} INFO - Beginning Epoch 45
[01:16:59] {train_network.py:175} INFO - Epoch: 45, Batch: 100, Loss: 0.1145
[01:17:18] {train_network.py:175} INFO - Epoch: 45, Batch: 200, Loss: 0.0834
[01:17:37] {train_network.py:175} INFO - Epoch: 45, Batch: 300, Loss: 0.0545
[01:17:56] {train_network.py:175} INFO - Epoch: 45, Batch: 400, Loss: 0.0422
[01:18:15] {train_network.py:175} INFO - Epoch: 45, Batch: 500, Loss: 0.0297
[01:18:34] {train_network.py:175} INFO - Epoch: 45, Batch: 600, Loss: 0.0185
[01:18:53] {train_network.py:175} INFO - Epoch: 45, Batch: 700, Loss: 0.0361
[01:19:12] {train_network.py:175} INFO - Epoch: 45, Batch: 800, Loss: 0.1186
[01:19:30] {train_network.py:175} INFO - Epoch: 45, Batch: 900, Loss: 0.0285
[01:19:51] {train_network.py:326} INFO - Validating...
[01:19:54] {train_network.py:329} INFO - 80/89 = 0.898876
[01:19:54] {train_network.py:317} INFO - Beginning Epoch 46
[01:20:12] {train_network.py:175} INFO - Epoch: 46, Batch: 100, Loss: 0.0312
[01:20:31] {train_network.py:175} INFO - Epoch: 46, Batch: 200, Loss: 0.0496
[01:20:50] {train_network.py:175} INFO - Epoch: 46, Batch: 300, Loss: 0.0627
[01:21:09] {train_network.py:175} INFO - Epoch: 46, Batch: 400, Loss: 0.0653
[01:21:28] {train_network.py:175} INFO - Epoch: 46, Batch: 500, Loss: 0.0297
[01:21:47] {train_network.py:175} INFO - Epoch: 46, Batch: 600, Loss: 0.0739
[01:22:06] {train_network.py:175} INFO - Epoch: 46, Batch: 700, Loss: 0.0511
[01:22:25] {train_network.py:175} INFO - Epoch: 46, Batch: 800, Loss: 0.0582
[01:22:43] {train_network.py:175} INFO - Epoch: 46, Batch: 900, Loss: 0.0202
[01:23:04] {train_network.py:326} INFO - Validating...
[01:23:07] {train_network.py:329} INFO - 75/89 = 0.842697
[01:23:07] {train_network.py:317} INFO - Beginning Epoch 47
[01:23:26] {train_network.py:175} INFO - Epoch: 47, Batch: 100, Loss: 0.0729
[01:23:45] {train_network.py:175} INFO - Epoch: 47, Batch: 200, Loss: 0.0985
[01:24:04] {train_network.py:175} INFO - Epoch: 47, Batch: 300, Loss: 0.0210
[01:24:23] {train_network.py:175} INFO - Epoch: 47, Batch: 400, Loss: 0.0337
[01:24:42] {train_network.py:175} INFO - Epoch: 47, Batch: 500, Loss: 0.0492
[01:25:00] {train_network.py:175} INFO - Epoch: 47, Batch: 600, Loss: 0.0644
[01:25:19] {train_network.py:175} INFO - Epoch: 47, Batch: 700, Loss: 0.0343
[01:25:38] {train_network.py:175} INFO - Epoch: 47, Batch: 800, Loss: 0.0522
[01:25:57] {train_network.py:175} INFO - Epoch: 47, Batch: 900, Loss: 0.0379
[01:26:18] {train_network.py:326} INFO - Validating...
[01:26:21] {train_network.py:329} INFO - 79/89 = 0.887640
[01:26:21] {train_network.py:317} INFO - Beginning Epoch 48
[01:26:39] {train_network.py:175} INFO - Epoch: 48, Batch: 100, Loss: 0.0381
[01:26:58] {train_network.py:175} INFO - Epoch: 48, Batch: 200, Loss: 0.0672
[01:27:17] {train_network.py:175} INFO - Epoch: 48, Batch: 300, Loss: 0.0375
[01:27:36] {train_network.py:175} INFO - Epoch: 48, Batch: 400, Loss: 0.0716
[01:27:55] {train_network.py:175} INFO - Epoch: 48, Batch: 500, Loss: 0.0625
[01:28:13] {train_network.py:175} INFO - Epoch: 48, Batch: 600, Loss: 0.0308
[01:28:32] {train_network.py:175} INFO - Epoch: 48, Batch: 700, Loss: 0.0341
[01:28:51] {train_network.py:175} INFO - Epoch: 48, Batch: 800, Loss: 0.0372
[01:29:10] {train_network.py:175} INFO - Epoch: 48, Batch: 900, Loss: 0.0227
[01:29:31] {train_network.py:326} INFO - Validating...
[01:29:34] {train_network.py:329} INFO - 80/89 = 0.898876
[01:29:34] {train_network.py:317} INFO - Beginning Epoch 49
[01:29:53] {train_network.py:175} INFO - Epoch: 49, Batch: 100, Loss: 0.0330
[01:30:12] {train_network.py:175} INFO - Epoch: 49, Batch: 200, Loss: 0.0564
[01:30:30] {train_network.py:175} INFO - Epoch: 49, Batch: 300, Loss: 0.0253
[01:30:49] {train_network.py:175} INFO - Epoch: 49, Batch: 400, Loss: 0.0445
[01:31:08] {train_network.py:175} INFO - Epoch: 49, Batch: 500, Loss: 0.0219
[01:31:27] {train_network.py:175} INFO - Epoch: 49, Batch: 600, Loss: 0.0345
[01:31:46] {train_network.py:175} INFO - Epoch: 49, Batch: 700, Loss: 0.0620
[01:32:05] {train_network.py:175} INFO - Epoch: 49, Batch: 800, Loss: 0.0348
[01:32:23] {train_network.py:175} INFO - Epoch: 49, Batch: 900, Loss: 0.0261
[01:32:44] {train_network.py:326} INFO - Validating...
[01:32:47] {train_network.py:329} INFO - 75/89 = 0.842697
