[16:40:27] {/workspace/KIidP-Gruppe-4/hardware/device.py:11} INFO - CUDA detected. Running with GPU acceleration.
[16:40:27] {train_network.py:247} INFO - Loading Cornell Dataset...
[16:40:27] {train_network.py:256} INFO - Dataset size is 885
[16:40:27] {train_network.py:265} INFO - Training size: 796
[16:40:27] {train_network.py:266} INFO - Validation size: 89
[16:40:27] {train_network.py:284} INFO - Done
[16:40:27] {train_network.py:287} INFO - Loading Network...
[16:40:28] {train_network.py:298} INFO - Done
[16:40:30] {train_network.py:317} INFO - Beginning Epoch 00
[16:40:42] {train_network.py:175} INFO - Epoch: 0, Batch: 100, Loss: 0.0575
[16:40:54] {train_network.py:175} INFO - Epoch: 0, Batch: 200, Loss: 0.3411
[16:41:06] {train_network.py:175} INFO - Epoch: 0, Batch: 300, Loss: 0.0646
[16:41:18] {train_network.py:175} INFO - Epoch: 0, Batch: 400, Loss: 0.1917
[16:41:30] {train_network.py:175} INFO - Epoch: 0, Batch: 500, Loss: 0.0652
[16:41:41] {train_network.py:175} INFO - Epoch: 0, Batch: 600, Loss: 0.1015
[16:41:53] {train_network.py:175} INFO - Epoch: 0, Batch: 700, Loss: 0.0543
[16:42:05] {train_network.py:175} INFO - Epoch: 0, Batch: 800, Loss: 0.0817
[16:42:16] {train_network.py:175} INFO - Epoch: 0, Batch: 900, Loss: 0.0818
[16:42:29] {train_network.py:326} INFO - Validating...
[16:42:31] {train_network.py:329} INFO - 52/89 = 0.584270
[16:42:31] {train_network.py:317} INFO - Beginning Epoch 01
[16:42:43] {train_network.py:175} INFO - Epoch: 1, Batch: 100, Loss: 0.0619
[16:42:54] {train_network.py:175} INFO - Epoch: 1, Batch: 200, Loss: 0.1186
[16:43:06] {train_network.py:175} INFO - Epoch: 1, Batch: 300, Loss: 0.0445
[16:43:18] {train_network.py:175} INFO - Epoch: 1, Batch: 400, Loss: 0.0770
[16:43:30] {train_network.py:175} INFO - Epoch: 1, Batch: 500, Loss: 0.0468
[16:43:42] {train_network.py:175} INFO - Epoch: 1, Batch: 600, Loss: 0.1339
[16:43:53] {train_network.py:175} INFO - Epoch: 1, Batch: 700, Loss: 0.0606
[16:44:05] {train_network.py:175} INFO - Epoch: 1, Batch: 800, Loss: 0.2023
[16:44:17] {train_network.py:175} INFO - Epoch: 1, Batch: 900, Loss: 0.0368
[16:44:30] {train_network.py:326} INFO - Validating...
[16:44:32] {train_network.py:329} INFO - 54/89 = 0.606742
[16:44:32] {train_network.py:317} INFO - Beginning Epoch 02
[16:44:44] {train_network.py:175} INFO - Epoch: 2, Batch: 100, Loss: 0.1292
[16:44:56] {train_network.py:175} INFO - Epoch: 2, Batch: 200, Loss: 0.1080
[16:45:08] {train_network.py:175} INFO - Epoch: 2, Batch: 300, Loss: 0.0644
[16:45:20] {train_network.py:175} INFO - Epoch: 2, Batch: 400, Loss: 0.0609
[16:45:31] {train_network.py:175} INFO - Epoch: 2, Batch: 500, Loss: 0.0405
[16:45:43] {train_network.py:175} INFO - Epoch: 2, Batch: 600, Loss: 0.0597
[16:45:55] {train_network.py:175} INFO - Epoch: 2, Batch: 700, Loss: 0.0711
[16:46:07] {train_network.py:175} INFO - Epoch: 2, Batch: 800, Loss: 0.0487
[16:46:18] {train_network.py:175} INFO - Epoch: 2, Batch: 900, Loss: 0.0536
[16:46:32] {train_network.py:326} INFO - Validating...
[16:46:34] {train_network.py:329} INFO - 44/89 = 0.494382
[16:46:34] {train_network.py:317} INFO - Beginning Epoch 03
[16:46:45] {train_network.py:175} INFO - Epoch: 3, Batch: 100, Loss: 0.0306
[16:46:57] {train_network.py:175} INFO - Epoch: 3, Batch: 200, Loss: 0.0930
[16:47:09] {train_network.py:175} INFO - Epoch: 3, Batch: 300, Loss: 0.0656
[16:47:21] {train_network.py:175} INFO - Epoch: 3, Batch: 400, Loss: 0.0656
[16:47:33] {train_network.py:175} INFO - Epoch: 3, Batch: 500, Loss: 0.0218
[16:47:44] {train_network.py:175} INFO - Epoch: 3, Batch: 600, Loss: 0.0343
[16:47:56] {train_network.py:175} INFO - Epoch: 3, Batch: 700, Loss: 0.0343
[16:48:07] {train_network.py:175} INFO - Epoch: 3, Batch: 800, Loss: 0.0803
[16:48:19] {train_network.py:175} INFO - Epoch: 3, Batch: 900, Loss: 0.1028
[16:48:32] {train_network.py:326} INFO - Validating...
[16:48:34] {train_network.py:329} INFO - 57/89 = 0.640449
[16:48:34] {train_network.py:317} INFO - Beginning Epoch 04
[16:48:46] {train_network.py:175} INFO - Epoch: 4, Batch: 100, Loss: 0.0755
[16:48:58] {train_network.py:175} INFO - Epoch: 4, Batch: 200, Loss: 0.0368
[16:49:09] {train_network.py:175} INFO - Epoch: 4, Batch: 300, Loss: 0.0715
[16:49:21] {train_network.py:175} INFO - Epoch: 4, Batch: 400, Loss: 0.0648
[16:49:33] {train_network.py:175} INFO - Epoch: 4, Batch: 500, Loss: 0.0799
[16:49:45] {train_network.py:175} INFO - Epoch: 4, Batch: 600, Loss: 0.0589
[16:49:56] {train_network.py:175} INFO - Epoch: 4, Batch: 700, Loss: 0.0669
[16:50:08] {train_network.py:175} INFO - Epoch: 4, Batch: 800, Loss: 0.1041
[16:50:19] {train_network.py:175} INFO - Epoch: 4, Batch: 900, Loss: 0.0473
[16:50:33] {train_network.py:326} INFO - Validating...
[16:50:35] {train_network.py:329} INFO - 55/89 = 0.617978
[16:50:35] {train_network.py:317} INFO - Beginning Epoch 05
[16:50:47] {train_network.py:175} INFO - Epoch: 5, Batch: 100, Loss: 0.0615
[16:50:58] {train_network.py:175} INFO - Epoch: 5, Batch: 200, Loss: 0.0224
[16:51:10] {train_network.py:175} INFO - Epoch: 5, Batch: 300, Loss: 0.0327
[16:51:22] {train_network.py:175} INFO - Epoch: 5, Batch: 400, Loss: 0.1074
[16:51:34] {train_network.py:175} INFO - Epoch: 5, Batch: 500, Loss: 0.0508
[16:51:45] {train_network.py:175} INFO - Epoch: 5, Batch: 600, Loss: 0.0638
[16:51:57] {train_network.py:175} INFO - Epoch: 5, Batch: 700, Loss: 0.0847
[16:52:09] {train_network.py:175} INFO - Epoch: 5, Batch: 800, Loss: 0.0195
[16:52:21] {train_network.py:175} INFO - Epoch: 5, Batch: 900, Loss: 0.0601
[16:52:34] {train_network.py:326} INFO - Validating...
[16:52:36] {train_network.py:329} INFO - 71/89 = 0.797753
[16:52:36] {train_network.py:317} INFO - Beginning Epoch 06
[16:52:48] {train_network.py:175} INFO - Epoch: 6, Batch: 100, Loss: 0.0494
[16:53:00] {train_network.py:175} INFO - Epoch: 6, Batch: 200, Loss: 0.0879
[16:53:11] {train_network.py:175} INFO - Epoch: 6, Batch: 300, Loss: 0.0372
[16:53:23] {train_network.py:175} INFO - Epoch: 6, Batch: 400, Loss: 0.2463
[16:53:35] {train_network.py:175} INFO - Epoch: 6, Batch: 500, Loss: 0.0404
[16:53:46] {train_network.py:175} INFO - Epoch: 6, Batch: 600, Loss: 0.0602
[16:53:58] {train_network.py:175} INFO - Epoch: 6, Batch: 700, Loss: 0.0411
[16:54:10] {train_network.py:175} INFO - Epoch: 6, Batch: 800, Loss: 0.0376
[16:54:22] {train_network.py:175} INFO - Epoch: 6, Batch: 900, Loss: 0.0478
[16:54:35] {train_network.py:326} INFO - Validating...
[16:54:37] {train_network.py:329} INFO - 46/89 = 0.516854
[16:54:37] {train_network.py:317} INFO - Beginning Epoch 07
[16:54:48] {train_network.py:175} INFO - Epoch: 7, Batch: 100, Loss: 0.1140
[16:55:00] {train_network.py:175} INFO - Epoch: 7, Batch: 200, Loss: 0.0392
[16:55:12] {train_network.py:175} INFO - Epoch: 7, Batch: 300, Loss: 0.0947
[16:55:23] {train_network.py:175} INFO - Epoch: 7, Batch: 400, Loss: 0.0339
[16:55:35] {train_network.py:175} INFO - Epoch: 7, Batch: 500, Loss: 0.0715
[16:55:47] {train_network.py:175} INFO - Epoch: 7, Batch: 600, Loss: 0.0542
[16:55:59] {train_network.py:175} INFO - Epoch: 7, Batch: 700, Loss: 0.0208
[16:56:11] {train_network.py:175} INFO - Epoch: 7, Batch: 800, Loss: 0.0555
[16:56:22] {train_network.py:175} INFO - Epoch: 7, Batch: 900, Loss: 0.0347
[16:56:36] {train_network.py:326} INFO - Validating...
[16:56:38] {train_network.py:329} INFO - 67/89 = 0.752809
[16:56:38] {train_network.py:317} INFO - Beginning Epoch 08
[16:56:50] {train_network.py:175} INFO - Epoch: 8, Batch: 100, Loss: 0.0218
[16:57:01] {train_network.py:175} INFO - Epoch: 8, Batch: 200, Loss: 0.0359
[16:57:13] {train_network.py:175} INFO - Epoch: 8, Batch: 300, Loss: 0.0534
[16:57:25] {train_network.py:175} INFO - Epoch: 8, Batch: 400, Loss: 0.0529
[16:57:36] {train_network.py:175} INFO - Epoch: 8, Batch: 500, Loss: 0.0568
[16:57:48] {train_network.py:175} INFO - Epoch: 8, Batch: 600, Loss: 0.1201
[16:57:59] {train_network.py:175} INFO - Epoch: 8, Batch: 700, Loss: 0.0755
[16:58:11] {train_network.py:175} INFO - Epoch: 8, Batch: 800, Loss: 0.0620
[16:58:23] {train_network.py:175} INFO - Epoch: 8, Batch: 900, Loss: 0.0469
[16:58:37] {train_network.py:326} INFO - Validating...
[16:58:39] {train_network.py:329} INFO - 52/89 = 0.584270
[16:58:39] {train_network.py:317} INFO - Beginning Epoch 09
[16:58:51] {train_network.py:175} INFO - Epoch: 9, Batch: 100, Loss: 0.0489
[16:59:02] {train_network.py:175} INFO - Epoch: 9, Batch: 200, Loss: 0.0501
[16:59:14] {train_network.py:175} INFO - Epoch: 9, Batch: 300, Loss: 0.0347
[16:59:26] {train_network.py:175} INFO - Epoch: 9, Batch: 400, Loss: 0.0722
[16:59:38] {train_network.py:175} INFO - Epoch: 9, Batch: 500, Loss: 0.0237
[16:59:50] {train_network.py:175} INFO - Epoch: 9, Batch: 600, Loss: 0.1581
[17:00:01] {train_network.py:175} INFO - Epoch: 9, Batch: 700, Loss: 0.0294
[17:00:13] {train_network.py:175} INFO - Epoch: 9, Batch: 800, Loss: 0.1094
[17:00:25] {train_network.py:175} INFO - Epoch: 9, Batch: 900, Loss: 0.0453
[17:00:38] {train_network.py:326} INFO - Validating...
[17:00:40] {train_network.py:329} INFO - 60/89 = 0.674157
[17:00:40] {train_network.py:317} INFO - Beginning Epoch 10
[17:00:52] {train_network.py:175} INFO - Epoch: 10, Batch: 100, Loss: 0.0552
[17:01:04] {train_network.py:175} INFO - Epoch: 10, Batch: 200, Loss: 0.0417
[17:01:16] {train_network.py:175} INFO - Epoch: 10, Batch: 300, Loss: 0.0412
[17:01:27] {train_network.py:175} INFO - Epoch: 10, Batch: 400, Loss: 0.0431
[17:01:39] {train_network.py:175} INFO - Epoch: 10, Batch: 500, Loss: 0.0686
[17:01:51] {train_network.py:175} INFO - Epoch: 10, Batch: 600, Loss: 0.0396
[17:02:03] {train_network.py:175} INFO - Epoch: 10, Batch: 700, Loss: 0.1138
[17:02:14] {train_network.py:175} INFO - Epoch: 10, Batch: 800, Loss: 0.0510
[17:02:26] {train_network.py:175} INFO - Epoch: 10, Batch: 900, Loss: 0.0495
[17:02:39] {train_network.py:326} INFO - Validating...
[17:02:41] {train_network.py:329} INFO - 48/89 = 0.539326
[17:02:41] {train_network.py:317} INFO - Beginning Epoch 11
[17:02:53] {train_network.py:175} INFO - Epoch: 11, Batch: 100, Loss: 0.0676
[17:03:05] {train_network.py:175} INFO - Epoch: 11, Batch: 200, Loss: 0.0529
[17:03:17] {train_network.py:175} INFO - Epoch: 11, Batch: 300, Loss: 0.0599
[17:03:28] {train_network.py:175} INFO - Epoch: 11, Batch: 400, Loss: 0.1517
[17:03:40] {train_network.py:175} INFO - Epoch: 11, Batch: 500, Loss: 0.0412
[17:03:52] {train_network.py:175} INFO - Epoch: 11, Batch: 600, Loss: 0.0557
[17:04:03] {train_network.py:175} INFO - Epoch: 11, Batch: 700, Loss: 0.0369
[17:04:15] {train_network.py:175} INFO - Epoch: 11, Batch: 800, Loss: 0.0567
[17:04:27] {train_network.py:175} INFO - Epoch: 11, Batch: 900, Loss: 0.0494
[17:04:40] {train_network.py:326} INFO - Validating...
[17:04:42] {train_network.py:329} INFO - 72/89 = 0.808989
[17:04:42] {train_network.py:317} INFO - Beginning Epoch 12
[17:04:54] {train_network.py:175} INFO - Epoch: 12, Batch: 100, Loss: 0.0358
[17:05:06] {train_network.py:175} INFO - Epoch: 12, Batch: 200, Loss: 0.1137
[17:05:18] {train_network.py:175} INFO - Epoch: 12, Batch: 300, Loss: 0.0647
[17:05:30] {train_network.py:175} INFO - Epoch: 12, Batch: 400, Loss: 0.0755
[17:05:42] {train_network.py:175} INFO - Epoch: 12, Batch: 500, Loss: 0.0475
[17:05:53] {train_network.py:175} INFO - Epoch: 12, Batch: 600, Loss: 0.1033
[17:06:05] {train_network.py:175} INFO - Epoch: 12, Batch: 700, Loss: 0.0245
[17:06:17] {train_network.py:175} INFO - Epoch: 12, Batch: 800, Loss: 0.0357
[17:06:29] {train_network.py:175} INFO - Epoch: 12, Batch: 900, Loss: 0.0628
[17:06:41] {train_network.py:326} INFO - Validating...
[17:06:44] {train_network.py:329} INFO - 67/89 = 0.752809
[17:06:44] {train_network.py:317} INFO - Beginning Epoch 13
[17:06:56] {train_network.py:175} INFO - Epoch: 13, Batch: 100, Loss: 0.0467
[17:07:07] {train_network.py:175} INFO - Epoch: 13, Batch: 200, Loss: 0.0250
[17:07:19] {train_network.py:175} INFO - Epoch: 13, Batch: 300, Loss: 0.0454
[17:07:31] {train_network.py:175} INFO - Epoch: 13, Batch: 400, Loss: 0.0277
[17:07:43] {train_network.py:175} INFO - Epoch: 13, Batch: 500, Loss: 0.0437
[17:07:54] {train_network.py:175} INFO - Epoch: 13, Batch: 600, Loss: 0.0337
[17:08:06] {train_network.py:175} INFO - Epoch: 13, Batch: 700, Loss: 0.0958
[17:08:18] {train_network.py:175} INFO - Epoch: 13, Batch: 800, Loss: 0.0273
[17:08:30] {train_network.py:175} INFO - Epoch: 13, Batch: 900, Loss: 0.0675
[17:08:43] {train_network.py:326} INFO - Validating...
[17:08:45] {train_network.py:329} INFO - 78/89 = 0.876404
[17:08:45] {train_network.py:317} INFO - Beginning Epoch 14
[17:08:57] {train_network.py:175} INFO - Epoch: 14, Batch: 100, Loss: 0.0688
[17:09:09] {train_network.py:175} INFO - Epoch: 14, Batch: 200, Loss: 0.0390
[17:09:20] {train_network.py:175} INFO - Epoch: 14, Batch: 300, Loss: 0.0465
[17:09:32] {train_network.py:175} INFO - Epoch: 14, Batch: 400, Loss: 0.0722
[17:09:44] {train_network.py:175} INFO - Epoch: 14, Batch: 500, Loss: 0.0502
[17:09:56] {train_network.py:175} INFO - Epoch: 14, Batch: 600, Loss: 0.0289
[17:10:07] {train_network.py:175} INFO - Epoch: 14, Batch: 700, Loss: 0.1144
[17:10:19] {train_network.py:175} INFO - Epoch: 14, Batch: 800, Loss: 0.0219
[17:10:31] {train_network.py:175} INFO - Epoch: 14, Batch: 900, Loss: 0.0842
[17:10:44] {train_network.py:326} INFO - Validating...
[17:10:47] {train_network.py:329} INFO - 71/89 = 0.797753
[17:10:47] {train_network.py:317} INFO - Beginning Epoch 15
[17:10:58] {train_network.py:175} INFO - Epoch: 15, Batch: 100, Loss: 0.0243
[17:11:10] {train_network.py:175} INFO - Epoch: 15, Batch: 200, Loss: 0.1166
[17:11:22] {train_network.py:175} INFO - Epoch: 15, Batch: 300, Loss: 0.0256
[17:11:34] {train_network.py:175} INFO - Epoch: 15, Batch: 400, Loss: 0.0631
[17:11:46] {train_network.py:175} INFO - Epoch: 15, Batch: 500, Loss: 0.0947
[17:11:57] {train_network.py:175} INFO - Epoch: 15, Batch: 600, Loss: 0.1508
[17:12:09] {train_network.py:175} INFO - Epoch: 15, Batch: 700, Loss: 0.0286
[17:12:21] {train_network.py:175} INFO - Epoch: 15, Batch: 800, Loss: 0.0659
[17:12:33] {train_network.py:175} INFO - Epoch: 15, Batch: 900, Loss: 0.0588
[17:12:46] {train_network.py:326} INFO - Validating...
[17:12:48] {train_network.py:329} INFO - 73/89 = 0.820225
[17:12:48] {train_network.py:317} INFO - Beginning Epoch 16
[17:13:00] {train_network.py:175} INFO - Epoch: 16, Batch: 100, Loss: 0.0318
[17:13:11] {train_network.py:175} INFO - Epoch: 16, Batch: 200, Loss: 0.0805
[17:13:23] {train_network.py:175} INFO - Epoch: 16, Batch: 300, Loss: 0.1159
[17:13:35] {train_network.py:175} INFO - Epoch: 16, Batch: 400, Loss: 0.0671
[17:13:46] {train_network.py:175} INFO - Epoch: 16, Batch: 500, Loss: 0.0567
[17:13:58] {train_network.py:175} INFO - Epoch: 16, Batch: 600, Loss: 0.0122
[17:14:10] {train_network.py:175} INFO - Epoch: 16, Batch: 700, Loss: 0.0513
[17:14:22] {train_network.py:175} INFO - Epoch: 16, Batch: 800, Loss: 0.0526
[17:14:34] {train_network.py:175} INFO - Epoch: 16, Batch: 900, Loss: 0.0325
[17:14:47] {train_network.py:326} INFO - Validating...
[17:14:49] {train_network.py:329} INFO - 61/89 = 0.685393
[17:14:49] {train_network.py:317} INFO - Beginning Epoch 17
[17:15:01] {train_network.py:175} INFO - Epoch: 17, Batch: 100, Loss: 0.0733
[17:15:13] {train_network.py:175} INFO - Epoch: 17, Batch: 200, Loss: 0.0372
[17:15:25] {train_network.py:175} INFO - Epoch: 17, Batch: 300, Loss: 0.0885
[17:15:36] {train_network.py:175} INFO - Epoch: 17, Batch: 400, Loss: 0.0644
[17:15:48] {train_network.py:175} INFO - Epoch: 17, Batch: 500, Loss: 0.0364
[17:16:00] {train_network.py:175} INFO - Epoch: 17, Batch: 600, Loss: 0.0449
[17:16:12] {train_network.py:175} INFO - Epoch: 17, Batch: 700, Loss: 0.0885
[17:16:23] {train_network.py:175} INFO - Epoch: 17, Batch: 800, Loss: 0.0334
[17:16:35] {train_network.py:175} INFO - Epoch: 17, Batch: 900, Loss: 0.0641
[17:16:48] {train_network.py:326} INFO - Validating...
[17:16:50] {train_network.py:329} INFO - 71/89 = 0.797753
[17:16:50] {train_network.py:317} INFO - Beginning Epoch 18
[17:17:02] {train_network.py:175} INFO - Epoch: 18, Batch: 100, Loss: 0.0707
[17:17:14] {train_network.py:175} INFO - Epoch: 18, Batch: 200, Loss: 0.0589
[17:17:25] {train_network.py:175} INFO - Epoch: 18, Batch: 300, Loss: 0.0786
[17:17:37] {train_network.py:175} INFO - Epoch: 18, Batch: 400, Loss: 0.0244
[17:17:49] {train_network.py:175} INFO - Epoch: 18, Batch: 500, Loss: 0.0464
[17:18:01] {train_network.py:175} INFO - Epoch: 18, Batch: 600, Loss: 0.0520
[17:18:12] {train_network.py:175} INFO - Epoch: 18, Batch: 700, Loss: 0.0427
[17:18:24] {train_network.py:175} INFO - Epoch: 18, Batch: 800, Loss: 0.0835
[17:18:36] {train_network.py:175} INFO - Epoch: 18, Batch: 900, Loss: 0.0806
[17:18:49] {train_network.py:326} INFO - Validating...
[17:18:52] {train_network.py:329} INFO - 78/89 = 0.876404
[17:18:52] {train_network.py:317} INFO - Beginning Epoch 19
[17:19:03] {train_network.py:175} INFO - Epoch: 19, Batch: 100, Loss: 0.0634
[17:19:15] {train_network.py:175} INFO - Epoch: 19, Batch: 200, Loss: 0.0404
[17:19:27] {train_network.py:175} INFO - Epoch: 19, Batch: 300, Loss: 0.0505
[17:19:38] {train_network.py:175} INFO - Epoch: 19, Batch: 400, Loss: 0.0662
[17:19:50] {train_network.py:175} INFO - Epoch: 19, Batch: 500, Loss: 0.0349
[17:20:02] {train_network.py:175} INFO - Epoch: 19, Batch: 600, Loss: 0.0560
[17:20:14] {train_network.py:175} INFO - Epoch: 19, Batch: 700, Loss: 0.1395
[17:20:25] {train_network.py:175} INFO - Epoch: 19, Batch: 800, Loss: 0.0419
[17:20:37] {train_network.py:175} INFO - Epoch: 19, Batch: 900, Loss: 0.0231
[17:20:50] {train_network.py:326} INFO - Validating...
[17:20:52] {train_network.py:329} INFO - 70/89 = 0.786517
[17:20:52] {train_network.py:317} INFO - Beginning Epoch 20
[17:21:04] {train_network.py:175} INFO - Epoch: 20, Batch: 100, Loss: 0.0375
[17:21:16] {train_network.py:175} INFO - Epoch: 20, Batch: 200, Loss: 0.0390
[17:21:28] {train_network.py:175} INFO - Epoch: 20, Batch: 300, Loss: 0.0343
[17:21:39] {train_network.py:175} INFO - Epoch: 20, Batch: 400, Loss: 0.0572
[17:21:51] {train_network.py:175} INFO - Epoch: 20, Batch: 500, Loss: 0.0948
[17:22:03] {train_network.py:175} INFO - Epoch: 20, Batch: 600, Loss: 0.0676
[17:22:15] {train_network.py:175} INFO - Epoch: 20, Batch: 700, Loss: 0.0453
[17:22:26] {train_network.py:175} INFO - Epoch: 20, Batch: 800, Loss: 0.0418
[17:22:38] {train_network.py:175} INFO - Epoch: 20, Batch: 900, Loss: 0.0610
[17:22:51] {train_network.py:326} INFO - Validating...
[17:22:53] {train_network.py:329} INFO - 69/89 = 0.775281
[17:22:54] {train_network.py:317} INFO - Beginning Epoch 21
[17:23:05] {train_network.py:175} INFO - Epoch: 21, Batch: 100, Loss: 0.0230
[17:23:17] {train_network.py:175} INFO - Epoch: 21, Batch: 200, Loss: 0.0464
[17:23:29] {train_network.py:175} INFO - Epoch: 21, Batch: 300, Loss: 0.0422
[17:23:40] {train_network.py:175} INFO - Epoch: 21, Batch: 400, Loss: 0.0234
[17:23:52] {train_network.py:175} INFO - Epoch: 21, Batch: 500, Loss: 0.0497
[17:24:04] {train_network.py:175} INFO - Epoch: 21, Batch: 600, Loss: 0.0369
[17:24:15] {train_network.py:175} INFO - Epoch: 21, Batch: 700, Loss: 0.1026
[17:24:27] {train_network.py:175} INFO - Epoch: 21, Batch: 800, Loss: 0.0226
[17:24:39] {train_network.py:175} INFO - Epoch: 21, Batch: 900, Loss: 0.0384
[17:24:52] {train_network.py:326} INFO - Validating...
[17:24:54] {train_network.py:329} INFO - 44/89 = 0.494382
[17:24:54] {train_network.py:317} INFO - Beginning Epoch 22
[17:25:06] {train_network.py:175} INFO - Epoch: 22, Batch: 100, Loss: 0.0283
[17:25:18] {train_network.py:175} INFO - Epoch: 22, Batch: 200, Loss: 0.0633
[17:25:30] {train_network.py:175} INFO - Epoch: 22, Batch: 300, Loss: 0.0450
[17:25:41] {train_network.py:175} INFO - Epoch: 22, Batch: 400, Loss: 0.0209
[17:25:53] {train_network.py:175} INFO - Epoch: 22, Batch: 500, Loss: 0.0670
[17:26:05] {train_network.py:175} INFO - Epoch: 22, Batch: 600, Loss: 0.0531
[17:26:16] {train_network.py:175} INFO - Epoch: 22, Batch: 700, Loss: 0.0408
[17:26:28] {train_network.py:175} INFO - Epoch: 22, Batch: 800, Loss: 0.0501
[17:26:40] {train_network.py:175} INFO - Epoch: 22, Batch: 900, Loss: 0.0853
[17:26:53] {train_network.py:326} INFO - Validating...
[17:26:55] {train_network.py:329} INFO - 40/89 = 0.449438
[17:26:55] {train_network.py:317} INFO - Beginning Epoch 23
[17:27:07] {train_network.py:175} INFO - Epoch: 23, Batch: 100, Loss: 0.0635
[17:27:18] {train_network.py:175} INFO - Epoch: 23, Batch: 200, Loss: 0.0665
[17:27:30] {train_network.py:175} INFO - Epoch: 23, Batch: 300, Loss: 0.0238
[17:27:42] {train_network.py:175} INFO - Epoch: 23, Batch: 400, Loss: 0.0759
[17:27:54] {train_network.py:175} INFO - Epoch: 23, Batch: 500, Loss: 0.0317
[17:28:06] {train_network.py:175} INFO - Epoch: 23, Batch: 600, Loss: 0.0860
[17:28:17] {train_network.py:175} INFO - Epoch: 23, Batch: 700, Loss: 0.1062
[17:28:29] {train_network.py:175} INFO - Epoch: 23, Batch: 800, Loss: 0.0786
[17:28:41] {train_network.py:175} INFO - Epoch: 23, Batch: 900, Loss: 0.0472
[17:28:54] {train_network.py:326} INFO - Validating...
[17:28:56] {train_network.py:329} INFO - 38/89 = 0.426966
[17:28:56] {train_network.py:317} INFO - Beginning Epoch 24
[17:29:08] {train_network.py:175} INFO - Epoch: 24, Batch: 100, Loss: 0.0507
[17:29:19] {train_network.py:175} INFO - Epoch: 24, Batch: 200, Loss: 0.0958
[17:29:31] {train_network.py:175} INFO - Epoch: 24, Batch: 300, Loss: 0.0290
[17:29:43] {train_network.py:175} INFO - Epoch: 24, Batch: 400, Loss: 0.0707
[17:29:54] {train_network.py:175} INFO - Epoch: 24, Batch: 500, Loss: 0.0511
[17:30:06] {train_network.py:175} INFO - Epoch: 24, Batch: 600, Loss: 0.0278
[17:30:18] {train_network.py:175} INFO - Epoch: 24, Batch: 700, Loss: 0.0394
[17:30:30] {train_network.py:175} INFO - Epoch: 24, Batch: 800, Loss: 0.0859
[17:30:41] {train_network.py:175} INFO - Epoch: 24, Batch: 900, Loss: 0.0219
[17:30:54] {train_network.py:326} INFO - Validating...
[17:30:57] {train_network.py:329} INFO - 44/89 = 0.494382
[17:30:57] {train_network.py:317} INFO - Beginning Epoch 25
[17:31:08] {train_network.py:175} INFO - Epoch: 25, Batch: 100, Loss: 0.0709
[17:31:20] {train_network.py:175} INFO - Epoch: 25, Batch: 200, Loss: 0.0623
[17:31:32] {train_network.py:175} INFO - Epoch: 25, Batch: 300, Loss: 0.0192
[17:31:43] {train_network.py:175} INFO - Epoch: 25, Batch: 400, Loss: 0.0655
[17:31:55] {train_network.py:175} INFO - Epoch: 25, Batch: 500, Loss: 0.0430
[17:32:07] {train_network.py:175} INFO - Epoch: 25, Batch: 600, Loss: 0.0454
[17:32:19] {train_network.py:175} INFO - Epoch: 25, Batch: 700, Loss: 0.0623
[17:32:31] {train_network.py:175} INFO - Epoch: 25, Batch: 800, Loss: 0.0317
[17:32:42] {train_network.py:175} INFO - Epoch: 25, Batch: 900, Loss: 0.1055
[17:32:56] {train_network.py:326} INFO - Validating...
[17:32:58] {train_network.py:329} INFO - 42/89 = 0.471910
[17:32:58] {train_network.py:317} INFO - Beginning Epoch 26
[17:33:09] {train_network.py:175} INFO - Epoch: 26, Batch: 100, Loss: 0.0351
[17:33:21] {train_network.py:175} INFO - Epoch: 26, Batch: 200, Loss: 0.0395
[17:33:33] {train_network.py:175} INFO - Epoch: 26, Batch: 300, Loss: 0.0372
[17:33:45] {train_network.py:175} INFO - Epoch: 26, Batch: 400, Loss: 0.0684
[17:33:56] {train_network.py:175} INFO - Epoch: 26, Batch: 500, Loss: 0.0375
[17:34:08] {train_network.py:175} INFO - Epoch: 26, Batch: 600, Loss: 0.0136
[17:34:20] {train_network.py:175} INFO - Epoch: 26, Batch: 700, Loss: 0.0469
[17:34:32] {train_network.py:175} INFO - Epoch: 26, Batch: 800, Loss: 0.0174
[17:34:43] {train_network.py:175} INFO - Epoch: 26, Batch: 900, Loss: 0.0647
[17:34:57] {train_network.py:326} INFO - Validating...
[17:34:59] {train_network.py:329} INFO - 27/89 = 0.303371
[17:34:59] {train_network.py:317} INFO - Beginning Epoch 27
[17:35:10] {train_network.py:175} INFO - Epoch: 27, Batch: 100, Loss: 0.0329
[17:35:22] {train_network.py:175} INFO - Epoch: 27, Batch: 200, Loss: 0.0310
[17:35:34] {train_network.py:175} INFO - Epoch: 27, Batch: 300, Loss: 0.0628
[17:35:46] {train_network.py:175} INFO - Epoch: 27, Batch: 400, Loss: 0.0367
[17:35:57] {train_network.py:175} INFO - Epoch: 27, Batch: 500, Loss: 0.0150
[17:36:09] {train_network.py:175} INFO - Epoch: 27, Batch: 600, Loss: 0.0267
[17:36:21] {train_network.py:175} INFO - Epoch: 27, Batch: 700, Loss: 0.0796
[17:36:33] {train_network.py:175} INFO - Epoch: 27, Batch: 800, Loss: 0.0404
[17:36:44] {train_network.py:175} INFO - Epoch: 27, Batch: 900, Loss: 0.0420
[17:36:57] {train_network.py:326} INFO - Validating...
[17:37:00] {train_network.py:329} INFO - 38/89 = 0.426966
[17:37:00] {train_network.py:317} INFO - Beginning Epoch 28
[17:37:11] {train_network.py:175} INFO - Epoch: 28, Batch: 100, Loss: 0.0592
[17:37:23] {train_network.py:175} INFO - Epoch: 28, Batch: 200, Loss: 0.0321
[17:37:35] {train_network.py:175} INFO - Epoch: 28, Batch: 300, Loss: 0.0134
[17:37:47] {train_network.py:175} INFO - Epoch: 28, Batch: 400, Loss: 0.0323
[17:37:58] {train_network.py:175} INFO - Epoch: 28, Batch: 500, Loss: 0.0469
[17:38:10] {train_network.py:175} INFO - Epoch: 28, Batch: 600, Loss: 0.0474
[17:38:22] {train_network.py:175} INFO - Epoch: 28, Batch: 700, Loss: 0.0630
[17:38:33] {train_network.py:175} INFO - Epoch: 28, Batch: 800, Loss: 0.0833
[17:38:45] {train_network.py:175} INFO - Epoch: 28, Batch: 900, Loss: 0.0473
[17:38:58] {train_network.py:326} INFO - Validating...
[17:39:00] {train_network.py:329} INFO - 39/89 = 0.438202
[17:39:00] {train_network.py:317} INFO - Beginning Epoch 29
[17:39:12] {train_network.py:175} INFO - Epoch: 29, Batch: 100, Loss: 0.0251
[17:39:24] {train_network.py:175} INFO - Epoch: 29, Batch: 200, Loss: 0.0451
[17:39:35] {train_network.py:175} INFO - Epoch: 29, Batch: 300, Loss: 0.0221
[17:39:47] {train_network.py:175} INFO - Epoch: 29, Batch: 400, Loss: 0.0394
[17:39:59] {train_network.py:175} INFO - Epoch: 29, Batch: 500, Loss: 0.1167
[17:40:10] {train_network.py:175} INFO - Epoch: 29, Batch: 600, Loss: 0.0304
[17:40:22] {train_network.py:175} INFO - Epoch: 29, Batch: 700, Loss: 0.0858
[17:40:34] {train_network.py:175} INFO - Epoch: 29, Batch: 800, Loss: 0.0301
[17:40:45] {train_network.py:175} INFO - Epoch: 29, Batch: 900, Loss: 0.0811
[17:40:58] {train_network.py:326} INFO - Validating...
[17:41:00] {train_network.py:329} INFO - 36/89 = 0.404494
[17:41:00] {train_network.py:317} INFO - Beginning Epoch 30
[17:41:12] {train_network.py:175} INFO - Epoch: 30, Batch: 100, Loss: 0.0427
[17:41:23] {train_network.py:175} INFO - Epoch: 30, Batch: 200, Loss: 0.0490
[17:41:35] {train_network.py:175} INFO - Epoch: 30, Batch: 300, Loss: 0.0365
[17:41:47] {train_network.py:175} INFO - Epoch: 30, Batch: 400, Loss: 0.0251
[17:41:59] {train_network.py:175} INFO - Epoch: 30, Batch: 500, Loss: 0.0313
[17:42:10] {train_network.py:175} INFO - Epoch: 30, Batch: 600, Loss: 0.0609
[17:42:22] {train_network.py:175} INFO - Epoch: 30, Batch: 700, Loss: 0.0241
[17:42:34] {train_network.py:175} INFO - Epoch: 30, Batch: 800, Loss: 0.0303
[17:42:46] {train_network.py:175} INFO - Epoch: 30, Batch: 900, Loss: 0.0426
[17:42:59] {train_network.py:326} INFO - Validating...
[17:43:01] {train_network.py:329} INFO - 34/89 = 0.382022
[17:43:01] {train_network.py:317} INFO - Beginning Epoch 31
[17:43:12] {train_network.py:175} INFO - Epoch: 31, Batch: 100, Loss: 0.0596
[17:43:24] {train_network.py:175} INFO - Epoch: 31, Batch: 200, Loss: 0.0431
[17:43:36] {train_network.py:175} INFO - Epoch: 31, Batch: 300, Loss: 0.0212
[17:43:48] {train_network.py:175} INFO - Epoch: 31, Batch: 400, Loss: 0.0768
[17:44:00] {train_network.py:175} INFO - Epoch: 31, Batch: 500, Loss: 0.0241
[17:44:11] {train_network.py:175} INFO - Epoch: 31, Batch: 600, Loss: 0.0511
[17:44:23] {train_network.py:175} INFO - Epoch: 31, Batch: 700, Loss: 0.0443
[17:44:35] {train_network.py:175} INFO - Epoch: 31, Batch: 800, Loss: 0.0270
[17:44:47] {train_network.py:175} INFO - Epoch: 31, Batch: 900, Loss: 0.0262
[17:45:00] {train_network.py:326} INFO - Validating...
[17:45:02] {train_network.py:329} INFO - 31/89 = 0.348315
[17:45:02] {train_network.py:317} INFO - Beginning Epoch 32
[17:45:14] {train_network.py:175} INFO - Epoch: 32, Batch: 100, Loss: 0.0404
[17:45:25] {train_network.py:175} INFO - Epoch: 32, Batch: 200, Loss: 0.0262
[17:45:37] {train_network.py:175} INFO - Epoch: 32, Batch: 300, Loss: 0.1041
[17:45:48] {train_network.py:175} INFO - Epoch: 32, Batch: 400, Loss: 0.0595
[17:46:00] {train_network.py:175} INFO - Epoch: 32, Batch: 500, Loss: 0.0629
[17:46:12] {train_network.py:175} INFO - Epoch: 32, Batch: 600, Loss: 0.0415
[17:46:24] {train_network.py:175} INFO - Epoch: 32, Batch: 700, Loss: 0.0176
[17:46:35] {train_network.py:175} INFO - Epoch: 32, Batch: 800, Loss: 0.0500
[17:46:47] {train_network.py:175} INFO - Epoch: 32, Batch: 900, Loss: 0.1182
[17:47:00] {train_network.py:326} INFO - Validating...
[17:47:02] {train_network.py:329} INFO - 23/89 = 0.258427
[17:47:02] {train_network.py:317} INFO - Beginning Epoch 33
[17:47:14] {train_network.py:175} INFO - Epoch: 33, Batch: 100, Loss: 0.0520
[17:47:25] {train_network.py:175} INFO - Epoch: 33, Batch: 200, Loss: 0.0197
[17:47:37] {train_network.py:175} INFO - Epoch: 33, Batch: 300, Loss: 0.1451
[17:47:49] {train_network.py:175} INFO - Epoch: 33, Batch: 400, Loss: 0.0287
[17:48:01] {train_network.py:175} INFO - Epoch: 33, Batch: 500, Loss: 0.0573
[17:48:12] {train_network.py:175} INFO - Epoch: 33, Batch: 600, Loss: 0.0263
[17:48:24] {train_network.py:175} INFO - Epoch: 33, Batch: 700, Loss: 0.0346
[17:48:36] {train_network.py:175} INFO - Epoch: 33, Batch: 800, Loss: 0.0249
[17:48:48] {train_network.py:175} INFO - Epoch: 33, Batch: 900, Loss: 0.0492
[17:49:01] {train_network.py:326} INFO - Validating...
[17:49:03] {train_network.py:329} INFO - 22/89 = 0.247191
[17:49:03] {train_network.py:317} INFO - Beginning Epoch 34
[17:49:14] {train_network.py:175} INFO - Epoch: 34, Batch: 100, Loss: 0.0327
[17:49:26] {train_network.py:175} INFO - Epoch: 34, Batch: 200, Loss: 0.0827
[17:49:38] {train_network.py:175} INFO - Epoch: 34, Batch: 300, Loss: 0.0670
[17:49:49] {train_network.py:175} INFO - Epoch: 34, Batch: 400, Loss: 0.0266
[17:50:01] {train_network.py:175} INFO - Epoch: 34, Batch: 500, Loss: 0.0172
[17:50:13] {train_network.py:175} INFO - Epoch: 34, Batch: 600, Loss: 0.0142
[17:50:24] {train_network.py:175} INFO - Epoch: 34, Batch: 700, Loss: 0.0333
[17:50:36] {train_network.py:175} INFO - Epoch: 34, Batch: 800, Loss: 0.0664
[17:50:48] {train_network.py:175} INFO - Epoch: 34, Batch: 900, Loss: 0.0660
[17:51:01] {train_network.py:326} INFO - Validating...
[17:51:03] {train_network.py:329} INFO - 15/89 = 0.168539
[17:51:03] {train_network.py:317} INFO - Beginning Epoch 35
[17:51:15] {train_network.py:175} INFO - Epoch: 35, Batch: 100, Loss: 0.0237
[17:51:27] {train_network.py:175} INFO - Epoch: 35, Batch: 200, Loss: 0.0624
[17:51:38] {train_network.py:175} INFO - Epoch: 35, Batch: 300, Loss: 0.0570
[17:51:50] {train_network.py:175} INFO - Epoch: 35, Batch: 400, Loss: 0.0400
[17:52:02] {train_network.py:175} INFO - Epoch: 35, Batch: 500, Loss: 0.0181
[17:52:13] {train_network.py:175} INFO - Epoch: 35, Batch: 600, Loss: 0.0675
[17:52:25] {train_network.py:175} INFO - Epoch: 35, Batch: 700, Loss: 0.0254
[17:52:37] {train_network.py:175} INFO - Epoch: 35, Batch: 800, Loss: 0.0914
[17:52:48] {train_network.py:175} INFO - Epoch: 35, Batch: 900, Loss: 0.0748
[17:53:02] {train_network.py:326} INFO - Validating...
[17:53:04] {train_network.py:329} INFO - 3/89 = 0.033708
[17:53:04] {train_network.py:317} INFO - Beginning Epoch 36
[17:53:15] {train_network.py:175} INFO - Epoch: 36, Batch: 100, Loss: 0.0370
[17:53:27] {train_network.py:175} INFO - Epoch: 36, Batch: 200, Loss: 0.0709
[17:53:39] {train_network.py:175} INFO - Epoch: 36, Batch: 300, Loss: 0.0382
[17:53:51] {train_network.py:175} INFO - Epoch: 36, Batch: 400, Loss: 0.0656
[17:54:03] {train_network.py:175} INFO - Epoch: 36, Batch: 500, Loss: 0.0173
[17:54:14] {train_network.py:175} INFO - Epoch: 36, Batch: 600, Loss: 0.0852
[17:54:26] {train_network.py:175} INFO - Epoch: 36, Batch: 700, Loss: 0.0474
[17:54:38] {train_network.py:175} INFO - Epoch: 36, Batch: 800, Loss: 0.0483
[17:54:49] {train_network.py:175} INFO - Epoch: 36, Batch: 900, Loss: 0.0970
[17:55:02] {train_network.py:326} INFO - Validating...
[17:55:05] {train_network.py:329} INFO - 21/89 = 0.235955
[17:55:05] {train_network.py:317} INFO - Beginning Epoch 37
[17:55:16] {train_network.py:175} INFO - Epoch: 37, Batch: 100, Loss: 0.0436
[17:55:28] {train_network.py:175} INFO - Epoch: 37, Batch: 200, Loss: 0.0361
[17:55:40] {train_network.py:175} INFO - Epoch: 37, Batch: 300, Loss: 0.0645
[17:55:51] {train_network.py:175} INFO - Epoch: 37, Batch: 400, Loss: 0.0386
[17:56:03] {train_network.py:175} INFO - Epoch: 37, Batch: 500, Loss: 0.0437
[17:56:15] {train_network.py:175} INFO - Epoch: 37, Batch: 600, Loss: 0.0579
[17:56:27] {train_network.py:175} INFO - Epoch: 37, Batch: 700, Loss: 0.0888
[17:56:38] {train_network.py:175} INFO - Epoch: 37, Batch: 800, Loss: 0.0968
[17:56:50] {train_network.py:175} INFO - Epoch: 37, Batch: 900, Loss: 0.0441
[17:57:03] {train_network.py:326} INFO - Validating...
[17:57:05] {train_network.py:329} INFO - 22/89 = 0.247191
[17:57:05] {train_network.py:317} INFO - Beginning Epoch 38
[17:57:17] {train_network.py:175} INFO - Epoch: 38, Batch: 100, Loss: 0.0350
[17:57:29] {train_network.py:175} INFO - Epoch: 38, Batch: 200, Loss: 0.0442
[17:57:40] {train_network.py:175} INFO - Epoch: 38, Batch: 300, Loss: 0.0456
[17:57:52] {train_network.py:175} INFO - Epoch: 38, Batch: 400, Loss: 0.0445
[17:58:04] {train_network.py:175} INFO - Epoch: 38, Batch: 500, Loss: 0.0269
[17:58:15] {train_network.py:175} INFO - Epoch: 38, Batch: 600, Loss: 0.0326
[17:58:27] {train_network.py:175} INFO - Epoch: 38, Batch: 700, Loss: 0.0467
[17:58:39] {train_network.py:175} INFO - Epoch: 38, Batch: 800, Loss: 0.0464
[17:58:50] {train_network.py:175} INFO - Epoch: 38, Batch: 900, Loss: 0.0366
[17:59:04] {train_network.py:326} INFO - Validating...
[17:59:06] {train_network.py:329} INFO - 24/89 = 0.269663
[17:59:06] {train_network.py:317} INFO - Beginning Epoch 39
[17:59:18] {train_network.py:175} INFO - Epoch: 39, Batch: 100, Loss: 0.0277
[17:59:29] {train_network.py:175} INFO - Epoch: 39, Batch: 200, Loss: 0.0284
[17:59:41] {train_network.py:175} INFO - Epoch: 39, Batch: 300, Loss: 0.0556
[17:59:53] {train_network.py:175} INFO - Epoch: 39, Batch: 400, Loss: 0.0389
[18:00:04] {train_network.py:175} INFO - Epoch: 39, Batch: 500, Loss: 0.0387
[18:00:16] {train_network.py:175} INFO - Epoch: 39, Batch: 600, Loss: 0.0488
[18:00:27] {train_network.py:175} INFO - Epoch: 39, Batch: 700, Loss: 0.0579
[18:00:39] {train_network.py:175} INFO - Epoch: 39, Batch: 800, Loss: 0.0396
[18:00:51] {train_network.py:175} INFO - Epoch: 39, Batch: 900, Loss: 0.0379
[18:01:04] {train_network.py:326} INFO - Validating...
[18:01:06] {train_network.py:329} INFO - 19/89 = 0.213483
[18:01:06] {train_network.py:317} INFO - Beginning Epoch 40
[18:01:18] {train_network.py:175} INFO - Epoch: 40, Batch: 100, Loss: 0.0224
[18:01:29] {train_network.py:175} INFO - Epoch: 40, Batch: 200, Loss: 0.0208
[18:01:41] {train_network.py:175} INFO - Epoch: 40, Batch: 300, Loss: 0.0695
[18:01:53] {train_network.py:175} INFO - Epoch: 40, Batch: 400, Loss: 0.0299
[18:02:05] {train_network.py:175} INFO - Epoch: 40, Batch: 500, Loss: 0.0846
[18:02:16] {train_network.py:175} INFO - Epoch: 40, Batch: 600, Loss: 0.0537
[18:02:28] {train_network.py:175} INFO - Epoch: 40, Batch: 700, Loss: 0.0539
[18:02:40] {train_network.py:175} INFO - Epoch: 40, Batch: 800, Loss: 0.0688
[18:02:51] {train_network.py:175} INFO - Epoch: 40, Batch: 900, Loss: 0.0383
[18:03:05] {train_network.py:326} INFO - Validating...
[18:03:07] {train_network.py:329} INFO - 14/89 = 0.157303
[18:03:07] {train_network.py:317} INFO - Beginning Epoch 41
[18:03:18] {train_network.py:175} INFO - Epoch: 41, Batch: 100, Loss: 0.0509
[18:03:30] {train_network.py:175} INFO - Epoch: 41, Batch: 200, Loss: 0.0271
[18:03:42] {train_network.py:175} INFO - Epoch: 41, Batch: 300, Loss: 0.0985
[18:03:54] {train_network.py:175} INFO - Epoch: 41, Batch: 400, Loss: 0.0868
[18:04:05] {train_network.py:175} INFO - Epoch: 41, Batch: 500, Loss: 0.0816
[18:04:17] {train_network.py:175} INFO - Epoch: 41, Batch: 600, Loss: 0.0969
[18:04:29] {train_network.py:175} INFO - Epoch: 41, Batch: 700, Loss: 0.0391
[18:04:41] {train_network.py:175} INFO - Epoch: 41, Batch: 800, Loss: 0.0230
[18:04:52] {train_network.py:175} INFO - Epoch: 41, Batch: 900, Loss: 0.1057
[18:05:06] {train_network.py:326} INFO - Validating...
[18:05:08] {train_network.py:329} INFO - 26/89 = 0.292135
[18:05:08] {train_network.py:317} INFO - Beginning Epoch 42
[18:05:20] {train_network.py:175} INFO - Epoch: 42, Batch: 100, Loss: 0.0262
[18:05:31] {train_network.py:175} INFO - Epoch: 42, Batch: 200, Loss: 0.0619
[18:05:43] {train_network.py:175} INFO - Epoch: 42, Batch: 300, Loss: 0.0586
[18:05:55] {train_network.py:175} INFO - Epoch: 42, Batch: 400, Loss: 0.0941
[18:06:07] {train_network.py:175} INFO - Epoch: 42, Batch: 500, Loss: 0.0511
[18:06:19] {train_network.py:175} INFO - Epoch: 42, Batch: 600, Loss: 0.1048
[18:06:30] {train_network.py:175} INFO - Epoch: 42, Batch: 700, Loss: 0.0243
[18:06:42] {train_network.py:175} INFO - Epoch: 42, Batch: 800, Loss: 0.0260
[18:06:54] {train_network.py:175} INFO - Epoch: 42, Batch: 900, Loss: 0.0589
[18:07:07] {train_network.py:326} INFO - Validating...
[18:07:09] {train_network.py:329} INFO - 32/89 = 0.359551
[18:07:09] {train_network.py:317} INFO - Beginning Epoch 43
[18:07:21] {train_network.py:175} INFO - Epoch: 43, Batch: 100, Loss: 0.0243
[18:07:32] {train_network.py:175} INFO - Epoch: 43, Batch: 200, Loss: 0.0311
[18:07:44] {train_network.py:175} INFO - Epoch: 43, Batch: 300, Loss: 0.0526
[18:07:56] {train_network.py:175} INFO - Epoch: 43, Batch: 400, Loss: 0.0780
[18:08:07] {train_network.py:175} INFO - Epoch: 43, Batch: 500, Loss: 0.0280
[18:08:19] {train_network.py:175} INFO - Epoch: 43, Batch: 600, Loss: 0.0303
[18:08:31] {train_network.py:175} INFO - Epoch: 43, Batch: 700, Loss: 0.0330
[18:08:43] {train_network.py:175} INFO - Epoch: 43, Batch: 800, Loss: 0.0469
[18:08:54] {train_network.py:175} INFO - Epoch: 43, Batch: 900, Loss: 0.0309
[18:09:08] {train_network.py:326} INFO - Validating...
[18:09:10] {train_network.py:329} INFO - 32/89 = 0.359551
[18:09:10] {train_network.py:317} INFO - Beginning Epoch 44
[18:09:22] {train_network.py:175} INFO - Epoch: 44, Batch: 100, Loss: 0.0409
[18:09:33] {train_network.py:175} INFO - Epoch: 44, Batch: 200, Loss: 0.1151
[18:09:45] {train_network.py:175} INFO - Epoch: 44, Batch: 300, Loss: 0.0196
[18:09:57] {train_network.py:175} INFO - Epoch: 44, Batch: 400, Loss: 0.0555
[18:10:08] {train_network.py:175} INFO - Epoch: 44, Batch: 500, Loss: 0.0263
[18:10:20] {train_network.py:175} INFO - Epoch: 44, Batch: 600, Loss: 0.0350
[18:10:32] {train_network.py:175} INFO - Epoch: 44, Batch: 700, Loss: 0.0538
[18:10:43] {train_network.py:175} INFO - Epoch: 44, Batch: 800, Loss: 0.0550
[18:10:55] {train_network.py:175} INFO - Epoch: 44, Batch: 900, Loss: 0.0458
[18:11:08] {train_network.py:326} INFO - Validating...
[18:11:10] {train_network.py:329} INFO - 31/89 = 0.348315
[18:11:10] {train_network.py:317} INFO - Beginning Epoch 45
[18:11:22] {train_network.py:175} INFO - Epoch: 45, Batch: 100, Loss: 0.0573
[18:11:33] {train_network.py:175} INFO - Epoch: 45, Batch: 200, Loss: 0.1143
[18:11:45] {train_network.py:175} INFO - Epoch: 45, Batch: 300, Loss: 0.0339
[18:11:57] {train_network.py:175} INFO - Epoch: 45, Batch: 400, Loss: 0.0361
[18:12:08] {train_network.py:175} INFO - Epoch: 45, Batch: 500, Loss: 0.0184
[18:12:20] {train_network.py:175} INFO - Epoch: 45, Batch: 600, Loss: 0.0124
[18:12:32] {train_network.py:175} INFO - Epoch: 45, Batch: 700, Loss: 0.0226
[18:12:43] {train_network.py:175} INFO - Epoch: 45, Batch: 800, Loss: 0.0541
[18:12:55] {train_network.py:175} INFO - Epoch: 45, Batch: 900, Loss: 0.0368
[18:13:08] {train_network.py:326} INFO - Validating...
[18:13:10] {train_network.py:329} INFO - 28/89 = 0.314607
[18:13:10] {train_network.py:317} INFO - Beginning Epoch 46
[18:13:22] {train_network.py:175} INFO - Epoch: 46, Batch: 100, Loss: 0.0468
[18:13:33] {train_network.py:175} INFO - Epoch: 46, Batch: 200, Loss: 0.0372
[18:13:45] {train_network.py:175} INFO - Epoch: 46, Batch: 300, Loss: 0.0698
[18:13:57] {train_network.py:175} INFO - Epoch: 46, Batch: 400, Loss: 0.0487
[18:14:08] {train_network.py:175} INFO - Epoch: 46, Batch: 500, Loss: 0.0162
[18:14:20] {train_network.py:175} INFO - Epoch: 46, Batch: 600, Loss: 0.0450
[18:14:32] {train_network.py:175} INFO - Epoch: 46, Batch: 700, Loss: 0.0374
[18:14:44] {train_network.py:175} INFO - Epoch: 46, Batch: 800, Loss: 0.0430
[18:14:55] {train_network.py:175} INFO - Epoch: 46, Batch: 900, Loss: 0.0268
[18:15:08] {train_network.py:326} INFO - Validating...
[18:15:10] {train_network.py:329} INFO - 27/89 = 0.303371
[18:15:10] {train_network.py:317} INFO - Beginning Epoch 47
[18:15:22] {train_network.py:175} INFO - Epoch: 47, Batch: 100, Loss: 0.0812
[18:15:34] {train_network.py:175} INFO - Epoch: 47, Batch: 200, Loss: 0.0226
[18:15:46] {train_network.py:175} INFO - Epoch: 47, Batch: 300, Loss: 0.0393
[18:15:57] {train_network.py:175} INFO - Epoch: 47, Batch: 400, Loss: 0.0733
[18:16:09] {train_network.py:175} INFO - Epoch: 47, Batch: 500, Loss: 0.0194
[18:16:21] {train_network.py:175} INFO - Epoch: 47, Batch: 600, Loss: 0.0824
[18:16:32] {train_network.py:175} INFO - Epoch: 47, Batch: 700, Loss: 0.0400
[18:16:44] {train_network.py:175} INFO - Epoch: 47, Batch: 800, Loss: 0.0203
[18:16:56] {train_network.py:175} INFO - Epoch: 47, Batch: 900, Loss: 0.0249
[18:17:09] {train_network.py:326} INFO - Validating...
[18:17:11] {train_network.py:329} INFO - 28/89 = 0.314607
[18:17:11] {train_network.py:317} INFO - Beginning Epoch 48
[18:17:23] {train_network.py:175} INFO - Epoch: 48, Batch: 100, Loss: 0.0485
[18:17:34] {train_network.py:175} INFO - Epoch: 48, Batch: 200, Loss: 0.0459
[18:17:46] {train_network.py:175} INFO - Epoch: 48, Batch: 300, Loss: 0.0187
[18:17:58] {train_network.py:175} INFO - Epoch: 48, Batch: 400, Loss: 0.0352
[18:18:10] {train_network.py:175} INFO - Epoch: 48, Batch: 500, Loss: 0.0759
[18:18:21] {train_network.py:175} INFO - Epoch: 48, Batch: 600, Loss: 0.0790
[18:18:33] {train_network.py:175} INFO - Epoch: 48, Batch: 700, Loss: 0.0776
[18:18:45] {train_network.py:175} INFO - Epoch: 48, Batch: 800, Loss: 0.0559
[18:18:56] {train_network.py:175} INFO - Epoch: 48, Batch: 900, Loss: 0.0676
[18:19:10] {train_network.py:326} INFO - Validating...
[18:19:12] {train_network.py:329} INFO - 37/89 = 0.415730
[18:19:12] {train_network.py:317} INFO - Beginning Epoch 49
[18:19:24] {train_network.py:175} INFO - Epoch: 49, Batch: 100, Loss: 0.0251
[18:19:35] {train_network.py:175} INFO - Epoch: 49, Batch: 200, Loss: 0.0413
[18:19:47] {train_network.py:175} INFO - Epoch: 49, Batch: 300, Loss: 0.0338
[18:19:59] {train_network.py:175} INFO - Epoch: 49, Batch: 400, Loss: 0.0437
[18:20:11] {train_network.py:175} INFO - Epoch: 49, Batch: 500, Loss: 0.1059
[18:20:22] {train_network.py:175} INFO - Epoch: 49, Batch: 600, Loss: 0.0748
[18:20:34] {train_network.py:175} INFO - Epoch: 49, Batch: 700, Loss: 0.0844
[18:20:46] {train_network.py:175} INFO - Epoch: 49, Batch: 800, Loss: 0.0201
[18:20:57] {train_network.py:175} INFO - Epoch: 49, Batch: 900, Loss: 0.0366
[18:21:11] {train_network.py:326} INFO - Validating...
[18:21:13] {train_network.py:329} INFO - 25/89 = 0.280899
