[03:56:34] {/workspace/KIidP-Gruppe-4/hardware/device.py:11} INFO - CUDA detected. Running with GPU acceleration.
[03:56:34] {train_network.py:247} INFO - Loading Cornell Dataset...
[03:56:34] {train_network.py:256} INFO - Dataset size is 885
[03:56:34] {train_network.py:265} INFO - Training size: 796
[03:56:34] {train_network.py:266} INFO - Validation size: 89
[03:56:34] {train_network.py:284} INFO - Done
[03:56:34] {train_network.py:287} INFO - Loading Network...
[03:56:35] {train_network.py:298} INFO - Done
[03:56:36] {train_network.py:317} INFO - Beginning Epoch 00
[03:56:54] {train_network.py:175} INFO - Epoch: 0, Batch: 100, Loss: 0.1086
[03:57:12] {train_network.py:175} INFO - Epoch: 0, Batch: 200, Loss: 0.1548
[03:57:30] {train_network.py:175} INFO - Epoch: 0, Batch: 300, Loss: 0.1376
[03:57:49] {train_network.py:175} INFO - Epoch: 0, Batch: 400, Loss: 0.1398
[03:58:07] {train_network.py:175} INFO - Epoch: 0, Batch: 500, Loss: 0.0773
[03:58:25] {train_network.py:175} INFO - Epoch: 0, Batch: 600, Loss: 0.0991
[03:58:44] {train_network.py:175} INFO - Epoch: 0, Batch: 700, Loss: 0.1058
[03:59:02] {train_network.py:175} INFO - Epoch: 0, Batch: 800, Loss: 0.1009
[03:59:20] {train_network.py:175} INFO - Epoch: 0, Batch: 900, Loss: 0.0391
[03:59:40] {train_network.py:326} INFO - Validating...
[03:59:42] {train_network.py:329} INFO - 51/89 = 0.573034
[03:59:42] {train_network.py:317} INFO - Beginning Epoch 01
[04:00:01] {train_network.py:175} INFO - Epoch: 1, Batch: 100, Loss: 0.1616
[04:00:19] {train_network.py:175} INFO - Epoch: 1, Batch: 200, Loss: 0.0950
[04:00:38] {train_network.py:175} INFO - Epoch: 1, Batch: 300, Loss: 0.1094
[04:00:56] {train_network.py:175} INFO - Epoch: 1, Batch: 400, Loss: 0.0379
[04:01:14] {train_network.py:175} INFO - Epoch: 1, Batch: 500, Loss: 0.1101
[04:01:32] {train_network.py:175} INFO - Epoch: 1, Batch: 600, Loss: 0.1225
[04:01:51] {train_network.py:175} INFO - Epoch: 1, Batch: 700, Loss: 0.0820
[04:02:09] {train_network.py:175} INFO - Epoch: 1, Batch: 800, Loss: 0.1176
[04:02:27] {train_network.py:175} INFO - Epoch: 1, Batch: 900, Loss: 0.0469
[04:02:47] {train_network.py:326} INFO - Validating...
[04:02:50] {train_network.py:329} INFO - 72/89 = 0.808989
[04:02:50] {train_network.py:317} INFO - Beginning Epoch 02
[04:03:08] {train_network.py:175} INFO - Epoch: 2, Batch: 100, Loss: 0.1191
[04:03:27] {train_network.py:175} INFO - Epoch: 2, Batch: 200, Loss: 0.0703
[04:03:45] {train_network.py:175} INFO - Epoch: 2, Batch: 300, Loss: 0.0592
[04:04:04] {train_network.py:175} INFO - Epoch: 2, Batch: 400, Loss: 0.0907
[04:04:22] {train_network.py:175} INFO - Epoch: 2, Batch: 500, Loss: 0.0523
[04:04:40] {train_network.py:175} INFO - Epoch: 2, Batch: 600, Loss: 0.0859
[04:04:59] {train_network.py:175} INFO - Epoch: 2, Batch: 700, Loss: 0.1264
[04:05:17] {train_network.py:175} INFO - Epoch: 2, Batch: 800, Loss: 0.1667
[04:05:35] {train_network.py:175} INFO - Epoch: 2, Batch: 900, Loss: 0.0574
[04:05:55] {train_network.py:326} INFO - Validating...
[04:05:57] {train_network.py:329} INFO - 37/89 = 0.415730
[04:05:57] {train_network.py:317} INFO - Beginning Epoch 03
[04:06:16] {train_network.py:175} INFO - Epoch: 3, Batch: 100, Loss: 0.2108
[04:06:34] {train_network.py:175} INFO - Epoch: 3, Batch: 200, Loss: 0.0815
[04:06:52] {train_network.py:175} INFO - Epoch: 3, Batch: 300, Loss: 0.1466
[04:07:10] {train_network.py:175} INFO - Epoch: 3, Batch: 400, Loss: 0.0898
[04:07:29] {train_network.py:175} INFO - Epoch: 3, Batch: 500, Loss: 0.1012
[04:07:47] {train_network.py:175} INFO - Epoch: 3, Batch: 600, Loss: 0.0944
[04:08:05] {train_network.py:175} INFO - Epoch: 3, Batch: 700, Loss: 0.0843
[04:08:23] {train_network.py:175} INFO - Epoch: 3, Batch: 800, Loss: 0.0976
[04:08:42] {train_network.py:175} INFO - Epoch: 3, Batch: 900, Loss: 0.1049
[04:09:01] {train_network.py:326} INFO - Validating...
[04:09:04] {train_network.py:329} INFO - 50/89 = 0.561798
[04:09:04] {train_network.py:317} INFO - Beginning Epoch 04
[04:09:22] {train_network.py:175} INFO - Epoch: 4, Batch: 100, Loss: 0.0850
[04:09:40] {train_network.py:175} INFO - Epoch: 4, Batch: 200, Loss: 0.1685
[04:09:59] {train_network.py:175} INFO - Epoch: 4, Batch: 300, Loss: 0.0909
[04:10:17] {train_network.py:175} INFO - Epoch: 4, Batch: 400, Loss: 0.0613
[04:10:35] {train_network.py:175} INFO - Epoch: 4, Batch: 500, Loss: 0.1057
[04:10:54] {train_network.py:175} INFO - Epoch: 4, Batch: 600, Loss: 0.0735
[04:11:12] {train_network.py:175} INFO - Epoch: 4, Batch: 700, Loss: 0.1694
[04:11:30] {train_network.py:175} INFO - Epoch: 4, Batch: 800, Loss: 0.0738
[04:11:48] {train_network.py:175} INFO - Epoch: 4, Batch: 900, Loss: 0.0724
[04:12:08] {train_network.py:326} INFO - Validating...
[04:12:11] {train_network.py:329} INFO - 34/89 = 0.382022
[04:12:11] {train_network.py:317} INFO - Beginning Epoch 05
[04:12:29] {train_network.py:175} INFO - Epoch: 5, Batch: 100, Loss: 0.0400
[04:12:47] {train_network.py:175} INFO - Epoch: 5, Batch: 200, Loss: 0.0747
[04:13:05] {train_network.py:175} INFO - Epoch: 5, Batch: 300, Loss: 0.0747
[04:13:24] {train_network.py:175} INFO - Epoch: 5, Batch: 400, Loss: 0.0727
[04:13:42] {train_network.py:175} INFO - Epoch: 5, Batch: 500, Loss: 0.0375
[04:14:00] {train_network.py:175} INFO - Epoch: 5, Batch: 600, Loss: 0.0757
[04:14:18] {train_network.py:175} INFO - Epoch: 5, Batch: 700, Loss: 0.0818
[04:14:37] {train_network.py:175} INFO - Epoch: 5, Batch: 800, Loss: 0.0578
[04:14:55] {train_network.py:175} INFO - Epoch: 5, Batch: 900, Loss: 0.0508
[04:15:15] {train_network.py:326} INFO - Validating...
[04:15:18] {train_network.py:329} INFO - 44/89 = 0.494382
[04:15:18] {train_network.py:317} INFO - Beginning Epoch 06
[04:15:36] {train_network.py:175} INFO - Epoch: 6, Batch: 100, Loss: 0.0738
[04:15:54] {train_network.py:175} INFO - Epoch: 6, Batch: 200, Loss: 0.0577
[04:16:12] {train_network.py:175} INFO - Epoch: 6, Batch: 300, Loss: 0.0635
[04:16:31] {train_network.py:175} INFO - Epoch: 6, Batch: 400, Loss: 0.0866
[04:16:49] {train_network.py:175} INFO - Epoch: 6, Batch: 500, Loss: 0.0595
[04:17:07] {train_network.py:175} INFO - Epoch: 6, Batch: 600, Loss: 0.0390
[04:17:25] {train_network.py:175} INFO - Epoch: 6, Batch: 700, Loss: 0.0293
[04:17:44] {train_network.py:175} INFO - Epoch: 6, Batch: 800, Loss: 0.0430
[04:18:02] {train_network.py:175} INFO - Epoch: 6, Batch: 900, Loss: 0.0552
[04:18:22] {train_network.py:326} INFO - Validating...
[04:18:24] {train_network.py:329} INFO - 71/89 = 0.797753
[04:18:24] {train_network.py:317} INFO - Beginning Epoch 07
[04:18:43] {train_network.py:175} INFO - Epoch: 7, Batch: 100, Loss: 0.0871
[04:19:01] {train_network.py:175} INFO - Epoch: 7, Batch: 200, Loss: 0.0713
[04:19:19] {train_network.py:175} INFO - Epoch: 7, Batch: 300, Loss: 0.0354
[04:19:37] {train_network.py:175} INFO - Epoch: 7, Batch: 400, Loss: 0.0731
[04:19:56] {train_network.py:175} INFO - Epoch: 7, Batch: 500, Loss: 0.0376
[04:20:14] {train_network.py:175} INFO - Epoch: 7, Batch: 600, Loss: 0.0757
[04:20:32] {train_network.py:175} INFO - Epoch: 7, Batch: 700, Loss: 0.0618
[04:20:50] {train_network.py:175} INFO - Epoch: 7, Batch: 800, Loss: 0.0919
[04:21:09] {train_network.py:175} INFO - Epoch: 7, Batch: 900, Loss: 0.0744
[04:21:29] {train_network.py:326} INFO - Validating...
[04:21:31] {train_network.py:329} INFO - 66/89 = 0.741573
[04:21:31] {train_network.py:317} INFO - Beginning Epoch 08
[04:21:49] {train_network.py:175} INFO - Epoch: 8, Batch: 100, Loss: 0.0600
[04:22:08] {train_network.py:175} INFO - Epoch: 8, Batch: 200, Loss: 0.0631
[04:22:26] {train_network.py:175} INFO - Epoch: 8, Batch: 300, Loss: 0.0433
[04:22:45] {train_network.py:175} INFO - Epoch: 8, Batch: 400, Loss: 0.0872
[04:23:03] {train_network.py:175} INFO - Epoch: 8, Batch: 500, Loss: 0.0431
[04:23:21] {train_network.py:175} INFO - Epoch: 8, Batch: 600, Loss: 0.0496
[04:23:39] {train_network.py:175} INFO - Epoch: 8, Batch: 700, Loss: 0.0563
[04:23:58] {train_network.py:175} INFO - Epoch: 8, Batch: 800, Loss: 0.0479
[04:24:16] {train_network.py:175} INFO - Epoch: 8, Batch: 900, Loss: 0.0698
[04:24:36] {train_network.py:326} INFO - Validating...
[04:24:39] {train_network.py:329} INFO - 74/89 = 0.831461
[04:24:39] {train_network.py:317} INFO - Beginning Epoch 09
[04:24:57] {train_network.py:175} INFO - Epoch: 9, Batch: 100, Loss: 0.0498
[04:25:15] {train_network.py:175} INFO - Epoch: 9, Batch: 200, Loss: 0.0440
[04:25:34] {train_network.py:175} INFO - Epoch: 9, Batch: 300, Loss: 0.0473
[04:25:52] {train_network.py:175} INFO - Epoch: 9, Batch: 400, Loss: 0.1048
[04:26:10] {train_network.py:175} INFO - Epoch: 9, Batch: 500, Loss: 0.1340
[04:26:28] {train_network.py:175} INFO - Epoch: 9, Batch: 600, Loss: 0.0657
[04:26:47] {train_network.py:175} INFO - Epoch: 9, Batch: 700, Loss: 0.0446
[04:27:05] {train_network.py:175} INFO - Epoch: 9, Batch: 800, Loss: 0.1224
[04:27:23] {train_network.py:175} INFO - Epoch: 9, Batch: 900, Loss: 0.0722
[04:27:43] {train_network.py:326} INFO - Validating...
[04:27:46] {train_network.py:329} INFO - 81/89 = 0.910112
[04:27:46] {train_network.py:317} INFO - Beginning Epoch 10
[04:28:04] {train_network.py:175} INFO - Epoch: 10, Batch: 100, Loss: 0.0712
[04:28:22] {train_network.py:175} INFO - Epoch: 10, Batch: 200, Loss: 0.0591
[04:28:41] {train_network.py:175} INFO - Epoch: 10, Batch: 300, Loss: 0.0306
[04:28:59] {train_network.py:175} INFO - Epoch: 10, Batch: 400, Loss: 0.0464
[04:29:18] {train_network.py:175} INFO - Epoch: 10, Batch: 500, Loss: 0.0767
[04:29:36] {train_network.py:175} INFO - Epoch: 10, Batch: 600, Loss: 0.0517
[04:29:54] {train_network.py:175} INFO - Epoch: 10, Batch: 700, Loss: 0.0465
[04:30:12] {train_network.py:175} INFO - Epoch: 10, Batch: 800, Loss: 0.0534
[04:30:31] {train_network.py:175} INFO - Epoch: 10, Batch: 900, Loss: 0.0541
[04:30:51] {train_network.py:326} INFO - Validating...
[04:30:54] {train_network.py:329} INFO - 78/89 = 0.876404
[04:30:54] {train_network.py:317} INFO - Beginning Epoch 11
[04:31:12] {train_network.py:175} INFO - Epoch: 11, Batch: 100, Loss: 0.0857
[04:31:30] {train_network.py:175} INFO - Epoch: 11, Batch: 200, Loss: 0.0591
[04:31:48] {train_network.py:175} INFO - Epoch: 11, Batch: 300, Loss: 0.0820
[04:32:06] {train_network.py:175} INFO - Epoch: 11, Batch: 400, Loss: 0.0894
[04:32:25] {train_network.py:175} INFO - Epoch: 11, Batch: 500, Loss: 0.0432
[04:32:43] {train_network.py:175} INFO - Epoch: 11, Batch: 600, Loss: 0.1042
[04:33:01] {train_network.py:175} INFO - Epoch: 11, Batch: 700, Loss: 0.0254
[04:33:19] {train_network.py:175} INFO - Epoch: 11, Batch: 800, Loss: 0.0461
[04:33:38] {train_network.py:175} INFO - Epoch: 11, Batch: 900, Loss: 0.0456
[04:33:58] {train_network.py:326} INFO - Validating...
[04:34:01] {train_network.py:329} INFO - 79/89 = 0.887640
[04:34:01] {train_network.py:317} INFO - Beginning Epoch 12
[04:34:19] {train_network.py:175} INFO - Epoch: 12, Batch: 100, Loss: 0.0747
[04:34:37] {train_network.py:175} INFO - Epoch: 12, Batch: 200, Loss: 0.0693
[04:34:55] {train_network.py:175} INFO - Epoch: 12, Batch: 300, Loss: 0.0613
[04:35:13] {train_network.py:175} INFO - Epoch: 12, Batch: 400, Loss: 0.0739
[04:35:32] {train_network.py:175} INFO - Epoch: 12, Batch: 500, Loss: 0.0325
[04:35:50] {train_network.py:175} INFO - Epoch: 12, Batch: 600, Loss: 0.0723
[04:36:08] {train_network.py:175} INFO - Epoch: 12, Batch: 700, Loss: 0.0551
[04:36:27] {train_network.py:175} INFO - Epoch: 12, Batch: 800, Loss: 0.1101
[04:36:45] {train_network.py:175} INFO - Epoch: 12, Batch: 900, Loss: 0.0775
[04:37:05] {train_network.py:326} INFO - Validating...
[04:37:08] {train_network.py:329} INFO - 86/89 = 0.966292
[04:37:08] {train_network.py:317} INFO - Beginning Epoch 13
[04:37:26] {train_network.py:175} INFO - Epoch: 13, Batch: 100, Loss: 0.0585
[04:37:44] {train_network.py:175} INFO - Epoch: 13, Batch: 200, Loss: 0.0646
[04:38:02] {train_network.py:175} INFO - Epoch: 13, Batch: 300, Loss: 0.0954
[04:38:21] {train_network.py:175} INFO - Epoch: 13, Batch: 400, Loss: 0.1500
[04:38:39] {train_network.py:175} INFO - Epoch: 13, Batch: 500, Loss: 0.0423
[04:38:57] {train_network.py:175} INFO - Epoch: 13, Batch: 600, Loss: 0.0338
[04:39:15] {train_network.py:175} INFO - Epoch: 13, Batch: 700, Loss: 0.0857
[04:39:34] {train_network.py:175} INFO - Epoch: 13, Batch: 800, Loss: 0.0535
[04:39:52] {train_network.py:175} INFO - Epoch: 13, Batch: 900, Loss: 0.1124
[04:40:12] {train_network.py:326} INFO - Validating...
[04:40:15] {train_network.py:329} INFO - 86/89 = 0.966292
[04:40:15] {train_network.py:317} INFO - Beginning Epoch 14
[04:40:33] {train_network.py:175} INFO - Epoch: 14, Batch: 100, Loss: 0.1045
[04:40:51] {train_network.py:175} INFO - Epoch: 14, Batch: 200, Loss: 0.0328
[04:41:10] {train_network.py:175} INFO - Epoch: 14, Batch: 300, Loss: 0.0354
[04:41:28] {train_network.py:175} INFO - Epoch: 14, Batch: 400, Loss: 0.0719
[04:41:46] {train_network.py:175} INFO - Epoch: 14, Batch: 500, Loss: 0.1147
[04:42:05] {train_network.py:175} INFO - Epoch: 14, Batch: 600, Loss: 0.0415
[04:42:23] {train_network.py:175} INFO - Epoch: 14, Batch: 700, Loss: 0.0576
[04:42:42] {train_network.py:175} INFO - Epoch: 14, Batch: 800, Loss: 0.0404
[04:43:00] {train_network.py:175} INFO - Epoch: 14, Batch: 900, Loss: 0.0627
[04:43:20] {train_network.py:326} INFO - Validating...
[04:43:23] {train_network.py:329} INFO - 81/89 = 0.910112
[04:43:23] {train_network.py:317} INFO - Beginning Epoch 15
[04:43:41] {train_network.py:175} INFO - Epoch: 15, Batch: 100, Loss: 0.0943
[04:44:00] {train_network.py:175} INFO - Epoch: 15, Batch: 200, Loss: 0.0548
[04:44:18] {train_network.py:175} INFO - Epoch: 15, Batch: 300, Loss: 0.0415
[04:44:36] {train_network.py:175} INFO - Epoch: 15, Batch: 400, Loss: 0.0393
[04:44:55] {train_network.py:175} INFO - Epoch: 15, Batch: 500, Loss: 0.0529
[04:45:13] {train_network.py:175} INFO - Epoch: 15, Batch: 600, Loss: 0.0625
[04:45:31] {train_network.py:175} INFO - Epoch: 15, Batch: 700, Loss: 0.0266
[04:45:49] {train_network.py:175} INFO - Epoch: 15, Batch: 800, Loss: 0.2171
[04:46:07] {train_network.py:175} INFO - Epoch: 15, Batch: 900, Loss: 0.0464
[04:46:28] {train_network.py:326} INFO - Validating...
[04:46:30] {train_network.py:329} INFO - 84/89 = 0.943820
[04:46:30] {train_network.py:317} INFO - Beginning Epoch 16
[04:46:49] {train_network.py:175} INFO - Epoch: 16, Batch: 100, Loss: 0.0370
[04:47:07] {train_network.py:175} INFO - Epoch: 16, Batch: 200, Loss: 0.0327
[04:47:25] {train_network.py:175} INFO - Epoch: 16, Batch: 300, Loss: 0.1086
[04:47:43] {train_network.py:175} INFO - Epoch: 16, Batch: 400, Loss: 0.0674
[04:48:02] {train_network.py:175} INFO - Epoch: 16, Batch: 500, Loss: 0.0265
[04:48:20] {train_network.py:175} INFO - Epoch: 16, Batch: 600, Loss: 0.0512
[04:48:38] {train_network.py:175} INFO - Epoch: 16, Batch: 700, Loss: 0.0369
[04:48:56] {train_network.py:175} INFO - Epoch: 16, Batch: 800, Loss: 0.0464
[04:49:14] {train_network.py:175} INFO - Epoch: 16, Batch: 900, Loss: 0.0644
[04:49:34] {train_network.py:326} INFO - Validating...
[04:49:37] {train_network.py:329} INFO - 86/89 = 0.966292
[04:49:37] {train_network.py:317} INFO - Beginning Epoch 17
[04:49:55] {train_network.py:175} INFO - Epoch: 17, Batch: 100, Loss: 0.0309
[04:50:13] {train_network.py:175} INFO - Epoch: 17, Batch: 200, Loss: 0.0307
[04:50:32] {train_network.py:175} INFO - Epoch: 17, Batch: 300, Loss: 0.0834
[04:50:50] {train_network.py:175} INFO - Epoch: 17, Batch: 400, Loss: 0.0748
[04:51:08] {train_network.py:175} INFO - Epoch: 17, Batch: 500, Loss: 0.0434
[04:51:26] {train_network.py:175} INFO - Epoch: 17, Batch: 600, Loss: 0.1239
[04:51:45] {train_network.py:175} INFO - Epoch: 17, Batch: 700, Loss: 0.0519
[04:52:03] {train_network.py:175} INFO - Epoch: 17, Batch: 800, Loss: 0.0349
[04:52:21] {train_network.py:175} INFO - Epoch: 17, Batch: 900, Loss: 0.0208
[04:52:41] {train_network.py:326} INFO - Validating...
[04:52:44] {train_network.py:329} INFO - 84/89 = 0.943820
[04:52:44] {train_network.py:317} INFO - Beginning Epoch 18
[04:53:02] {train_network.py:175} INFO - Epoch: 18, Batch: 100, Loss: 0.0975
[04:53:20] {train_network.py:175} INFO - Epoch: 18, Batch: 200, Loss: 0.0554
[04:53:39] {train_network.py:175} INFO - Epoch: 18, Batch: 300, Loss: 0.0379
[04:53:57] {train_network.py:175} INFO - Epoch: 18, Batch: 400, Loss: 0.0737
[04:54:15] {train_network.py:175} INFO - Epoch: 18, Batch: 500, Loss: 0.0869
[04:54:33] {train_network.py:175} INFO - Epoch: 18, Batch: 600, Loss: 0.0634
[04:54:52] {train_network.py:175} INFO - Epoch: 18, Batch: 700, Loss: 0.2394
[04:55:10] {train_network.py:175} INFO - Epoch: 18, Batch: 800, Loss: 0.0431
[04:55:28] {train_network.py:175} INFO - Epoch: 18, Batch: 900, Loss: 0.0518
[04:55:48] {train_network.py:326} INFO - Validating...
[04:55:51] {train_network.py:329} INFO - 79/89 = 0.887640
[04:55:51] {train_network.py:317} INFO - Beginning Epoch 19
[04:56:09] {train_network.py:175} INFO - Epoch: 19, Batch: 100, Loss: 0.0267
[04:56:27] {train_network.py:175} INFO - Epoch: 19, Batch: 200, Loss: 0.0317
[04:56:45] {train_network.py:175} INFO - Epoch: 19, Batch: 300, Loss: 0.0130
[04:57:03] {train_network.py:175} INFO - Epoch: 19, Batch: 400, Loss: 0.0429
[04:57:22] {train_network.py:175} INFO - Epoch: 19, Batch: 500, Loss: 0.0313
[04:57:40] {train_network.py:175} INFO - Epoch: 19, Batch: 600, Loss: 0.0152
[04:57:58] {train_network.py:175} INFO - Epoch: 19, Batch: 700, Loss: 0.0552
[04:58:16] {train_network.py:175} INFO - Epoch: 19, Batch: 800, Loss: 0.0186
[04:58:35] {train_network.py:175} INFO - Epoch: 19, Batch: 900, Loss: 0.0215
[04:58:54] {train_network.py:326} INFO - Validating...
[04:58:57] {train_network.py:329} INFO - 81/89 = 0.910112
[04:58:57] {train_network.py:317} INFO - Beginning Epoch 20
[04:59:16] {train_network.py:175} INFO - Epoch: 20, Batch: 100, Loss: 0.0444
[04:59:34] {train_network.py:175} INFO - Epoch: 20, Batch: 200, Loss: 0.0541
[04:59:52] {train_network.py:175} INFO - Epoch: 20, Batch: 300, Loss: 0.0532
[05:00:10] {train_network.py:175} INFO - Epoch: 20, Batch: 400, Loss: 0.0238
[05:00:29] {train_network.py:175} INFO - Epoch: 20, Batch: 500, Loss: 0.0807
[05:00:47] {train_network.py:175} INFO - Epoch: 20, Batch: 600, Loss: 0.0154
[05:01:05] {train_network.py:175} INFO - Epoch: 20, Batch: 700, Loss: 0.0401
[05:01:23] {train_network.py:175} INFO - Epoch: 20, Batch: 800, Loss: 0.0685
[05:01:42] {train_network.py:175} INFO - Epoch: 20, Batch: 900, Loss: 0.0326
[05:02:01] {train_network.py:326} INFO - Validating...
[05:02:04] {train_network.py:329} INFO - 84/89 = 0.943820
[05:02:04] {train_network.py:317} INFO - Beginning Epoch 21
[05:02:22] {train_network.py:175} INFO - Epoch: 21, Batch: 100, Loss: 0.0235
[05:02:40] {train_network.py:175} INFO - Epoch: 21, Batch: 200, Loss: 0.2304
[05:02:59] {train_network.py:175} INFO - Epoch: 21, Batch: 300, Loss: 0.1279
[05:03:17] {train_network.py:175} INFO - Epoch: 21, Batch: 400, Loss: 0.0600
[05:03:35] {train_network.py:175} INFO - Epoch: 21, Batch: 500, Loss: 0.1501
[05:03:53] {train_network.py:175} INFO - Epoch: 21, Batch: 600, Loss: 0.0633
[05:04:12] {train_network.py:175} INFO - Epoch: 21, Batch: 700, Loss: 0.0416
[05:04:30] {train_network.py:175} INFO - Epoch: 21, Batch: 800, Loss: 0.0380
[05:04:48] {train_network.py:175} INFO - Epoch: 21, Batch: 900, Loss: 0.0337
[05:05:08] {train_network.py:326} INFO - Validating...
[05:05:11] {train_network.py:329} INFO - 86/89 = 0.966292
[05:05:11] {train_network.py:317} INFO - Beginning Epoch 22
[05:05:29] {train_network.py:175} INFO - Epoch: 22, Batch: 100, Loss: 0.0656
[05:05:47] {train_network.py:175} INFO - Epoch: 22, Batch: 200, Loss: 0.0681
[05:06:06] {train_network.py:175} INFO - Epoch: 22, Batch: 300, Loss: 0.1040
[05:06:24] {train_network.py:175} INFO - Epoch: 22, Batch: 400, Loss: 0.0352
[05:06:42] {train_network.py:175} INFO - Epoch: 22, Batch: 500, Loss: 0.0500
[05:07:00] {train_network.py:175} INFO - Epoch: 22, Batch: 600, Loss: 0.0511
[05:07:18] {train_network.py:175} INFO - Epoch: 22, Batch: 700, Loss: 0.0364
[05:07:37] {train_network.py:175} INFO - Epoch: 22, Batch: 800, Loss: 0.0362
[05:07:55] {train_network.py:175} INFO - Epoch: 22, Batch: 900, Loss: 0.0673
[05:08:15] {train_network.py:326} INFO - Validating...
[05:08:18] {train_network.py:329} INFO - 86/89 = 0.966292
[05:08:18] {train_network.py:317} INFO - Beginning Epoch 23
[05:08:36] {train_network.py:175} INFO - Epoch: 23, Batch: 100, Loss: 0.0660
[05:08:55] {train_network.py:175} INFO - Epoch: 23, Batch: 200, Loss: 0.0130
[05:09:13] {train_network.py:175} INFO - Epoch: 23, Batch: 300, Loss: 0.0886
[05:09:31] {train_network.py:175} INFO - Epoch: 23, Batch: 400, Loss: 0.0544
[05:09:49] {train_network.py:175} INFO - Epoch: 23, Batch: 500, Loss: 0.0878
[05:10:08] {train_network.py:175} INFO - Epoch: 23, Batch: 600, Loss: 0.0192
[05:10:26] {train_network.py:175} INFO - Epoch: 23, Batch: 700, Loss: 0.0570
[05:10:44] {train_network.py:175} INFO - Epoch: 23, Batch: 800, Loss: 0.0992
[05:11:02] {train_network.py:175} INFO - Epoch: 23, Batch: 900, Loss: 0.0497
[05:11:22] {train_network.py:326} INFO - Validating...
[05:11:25] {train_network.py:329} INFO - 81/89 = 0.910112
[05:11:25] {train_network.py:317} INFO - Beginning Epoch 24
[05:11:43] {train_network.py:175} INFO - Epoch: 24, Batch: 100, Loss: 0.1105
[05:12:01] {train_network.py:175} INFO - Epoch: 24, Batch: 200, Loss: 0.1129
[05:12:19] {train_network.py:175} INFO - Epoch: 24, Batch: 300, Loss: 0.0664
[05:12:38] {train_network.py:175} INFO - Epoch: 24, Batch: 400, Loss: 0.0745
[05:12:56] {train_network.py:175} INFO - Epoch: 24, Batch: 500, Loss: 0.1489
[05:13:14] {train_network.py:175} INFO - Epoch: 24, Batch: 600, Loss: 0.0271
[05:13:32] {train_network.py:175} INFO - Epoch: 24, Batch: 700, Loss: 0.0556
[05:13:51] {train_network.py:175} INFO - Epoch: 24, Batch: 800, Loss: 0.0416
[05:14:09] {train_network.py:175} INFO - Epoch: 24, Batch: 900, Loss: 0.0774
[05:14:28] {train_network.py:326} INFO - Validating...
[05:14:31] {train_network.py:329} INFO - 87/89 = 0.977528
[05:14:31] {train_network.py:317} INFO - Beginning Epoch 25
[05:14:49] {train_network.py:175} INFO - Epoch: 25, Batch: 100, Loss: 0.0414
[05:15:08] {train_network.py:175} INFO - Epoch: 25, Batch: 200, Loss: 0.0350
[05:15:26] {train_network.py:175} INFO - Epoch: 25, Batch: 300, Loss: 0.0467
[05:15:44] {train_network.py:175} INFO - Epoch: 25, Batch: 400, Loss: 0.0457
[05:16:03] {train_network.py:175} INFO - Epoch: 25, Batch: 500, Loss: 0.0326
[05:16:21] {train_network.py:175} INFO - Epoch: 25, Batch: 600, Loss: 0.0411
[05:16:39] {train_network.py:175} INFO - Epoch: 25, Batch: 700, Loss: 0.0488
[05:16:57] {train_network.py:175} INFO - Epoch: 25, Batch: 800, Loss: 0.0262
[05:17:16] {train_network.py:175} INFO - Epoch: 25, Batch: 900, Loss: 0.0639
[05:17:35] {train_network.py:326} INFO - Validating...
[05:17:38] {train_network.py:329} INFO - 80/89 = 0.898876
[05:17:38] {train_network.py:317} INFO - Beginning Epoch 26
[05:17:56] {train_network.py:175} INFO - Epoch: 26, Batch: 100, Loss: 0.0250
[05:18:14] {train_network.py:175} INFO - Epoch: 26, Batch: 200, Loss: 0.0375
[05:18:33] {train_network.py:175} INFO - Epoch: 26, Batch: 300, Loss: 0.0351
[05:18:51] {train_network.py:175} INFO - Epoch: 26, Batch: 400, Loss: 0.0111
[05:19:09] {train_network.py:175} INFO - Epoch: 26, Batch: 500, Loss: 0.0344
[05:19:27] {train_network.py:175} INFO - Epoch: 26, Batch: 600, Loss: 0.0421
[05:19:46] {train_network.py:175} INFO - Epoch: 26, Batch: 700, Loss: 0.0693
[05:20:04] {train_network.py:175} INFO - Epoch: 26, Batch: 800, Loss: 0.0596
[05:20:22] {train_network.py:175} INFO - Epoch: 26, Batch: 900, Loss: 0.0157
[05:20:42] {train_network.py:326} INFO - Validating...
[05:20:45] {train_network.py:329} INFO - 83/89 = 0.932584
[05:20:45] {train_network.py:317} INFO - Beginning Epoch 27
[05:21:03] {train_network.py:175} INFO - Epoch: 27, Batch: 100, Loss: 0.0770
[05:21:21] {train_network.py:175} INFO - Epoch: 27, Batch: 200, Loss: 0.0646
[05:21:40] {train_network.py:175} INFO - Epoch: 27, Batch: 300, Loss: 0.0250
[05:21:58] {train_network.py:175} INFO - Epoch: 27, Batch: 400, Loss: 0.0336
[05:22:16] {train_network.py:175} INFO - Epoch: 27, Batch: 500, Loss: 0.0458
[05:22:34] {train_network.py:175} INFO - Epoch: 27, Batch: 600, Loss: 0.0195
[05:22:53] {train_network.py:175} INFO - Epoch: 27, Batch: 700, Loss: 0.0321
[05:23:11] {train_network.py:175} INFO - Epoch: 27, Batch: 800, Loss: 0.1035
[05:23:29] {train_network.py:175} INFO - Epoch: 27, Batch: 900, Loss: 0.0458
[05:23:49] {train_network.py:326} INFO - Validating...
[05:23:52] {train_network.py:329} INFO - 84/89 = 0.943820
[05:23:52] {train_network.py:317} INFO - Beginning Epoch 28
[05:24:10] {train_network.py:175} INFO - Epoch: 28, Batch: 100, Loss: 0.1077
[05:24:28] {train_network.py:175} INFO - Epoch: 28, Batch: 200, Loss: 0.0101
[05:24:47] {train_network.py:175} INFO - Epoch: 28, Batch: 300, Loss: 0.0192
[05:25:05] {train_network.py:175} INFO - Epoch: 28, Batch: 400, Loss: 0.0667
[05:25:23] {train_network.py:175} INFO - Epoch: 28, Batch: 500, Loss: 0.0380
[05:25:42] {train_network.py:175} INFO - Epoch: 28, Batch: 600, Loss: 0.0425
[05:26:00] {train_network.py:175} INFO - Epoch: 28, Batch: 700, Loss: 0.0675
[05:26:18] {train_network.py:175} INFO - Epoch: 28, Batch: 800, Loss: 0.0685
[05:26:37] {train_network.py:175} INFO - Epoch: 28, Batch: 900, Loss: 0.0215
[05:26:57] {train_network.py:326} INFO - Validating...
[05:27:00] {train_network.py:329} INFO - 84/89 = 0.943820
[05:27:00] {train_network.py:317} INFO - Beginning Epoch 29
[05:27:18] {train_network.py:175} INFO - Epoch: 29, Batch: 100, Loss: 0.0449
[05:27:36] {train_network.py:175} INFO - Epoch: 29, Batch: 200, Loss: 0.0405
[05:27:55] {train_network.py:175} INFO - Epoch: 29, Batch: 300, Loss: 0.0897
[05:28:13] {train_network.py:175} INFO - Epoch: 29, Batch: 400, Loss: 0.1139
[05:28:31] {train_network.py:175} INFO - Epoch: 29, Batch: 500, Loss: 0.0568
[05:28:50] {train_network.py:175} INFO - Epoch: 29, Batch: 600, Loss: 0.1494
[05:29:08] {train_network.py:175} INFO - Epoch: 29, Batch: 700, Loss: 0.0901
[05:29:26] {train_network.py:175} INFO - Epoch: 29, Batch: 800, Loss: 0.0341
[05:29:44] {train_network.py:175} INFO - Epoch: 29, Batch: 900, Loss: 0.0805
[05:30:04] {train_network.py:326} INFO - Validating...
[05:30:07] {train_network.py:329} INFO - 84/89 = 0.943820
[05:30:07] {train_network.py:317} INFO - Beginning Epoch 30
[05:30:25] {train_network.py:175} INFO - Epoch: 30, Batch: 100, Loss: 0.1196
[05:30:44] {train_network.py:175} INFO - Epoch: 30, Batch: 200, Loss: 0.0680
[05:31:02] {train_network.py:175} INFO - Epoch: 30, Batch: 300, Loss: 0.0620
[05:31:20] {train_network.py:175} INFO - Epoch: 30, Batch: 400, Loss: 0.0374
[05:31:38] {train_network.py:175} INFO - Epoch: 30, Batch: 500, Loss: 0.0378
[05:31:57] {train_network.py:175} INFO - Epoch: 30, Batch: 600, Loss: 0.0222
[05:32:15] {train_network.py:175} INFO - Epoch: 30, Batch: 700, Loss: 0.0273
[05:32:33] {train_network.py:175} INFO - Epoch: 30, Batch: 800, Loss: 0.0384
[05:32:51] {train_network.py:175} INFO - Epoch: 30, Batch: 900, Loss: 0.0354
[05:33:11] {train_network.py:326} INFO - Validating...
[05:33:14] {train_network.py:329} INFO - 80/89 = 0.898876
[05:33:14] {train_network.py:317} INFO - Beginning Epoch 31
[05:33:32] {train_network.py:175} INFO - Epoch: 31, Batch: 100, Loss: 0.1281
[05:33:51] {train_network.py:175} INFO - Epoch: 31, Batch: 200, Loss: 0.0349
[05:34:09] {train_network.py:175} INFO - Epoch: 31, Batch: 300, Loss: 0.0375
[05:34:27] {train_network.py:175} INFO - Epoch: 31, Batch: 400, Loss: 0.0516
[05:34:45] {train_network.py:175} INFO - Epoch: 31, Batch: 500, Loss: 0.0330
[05:35:03] {train_network.py:175} INFO - Epoch: 31, Batch: 600, Loss: 0.0416
[05:35:22] {train_network.py:175} INFO - Epoch: 31, Batch: 700, Loss: 0.0235
[05:35:40] {train_network.py:175} INFO - Epoch: 31, Batch: 800, Loss: 0.0062
[05:35:58] {train_network.py:175} INFO - Epoch: 31, Batch: 900, Loss: 0.0391
[05:36:18] {train_network.py:326} INFO - Validating...
[05:36:21] {train_network.py:329} INFO - 83/89 = 0.932584
[05:36:21] {train_network.py:317} INFO - Beginning Epoch 32
[05:36:40] {train_network.py:175} INFO - Epoch: 32, Batch: 100, Loss: 0.0291
[05:36:58] {train_network.py:175} INFO - Epoch: 32, Batch: 200, Loss: 0.0480
[05:37:16] {train_network.py:175} INFO - Epoch: 32, Batch: 300, Loss: 0.0393
[05:37:35] {train_network.py:175} INFO - Epoch: 32, Batch: 400, Loss: 0.0656
[05:37:53] {train_network.py:175} INFO - Epoch: 32, Batch: 500, Loss: 0.0403
[05:38:11] {train_network.py:175} INFO - Epoch: 32, Batch: 600, Loss: 0.0942
[05:38:29] {train_network.py:175} INFO - Epoch: 32, Batch: 700, Loss: 0.0494
[05:38:47] {train_network.py:175} INFO - Epoch: 32, Batch: 800, Loss: 0.0520
[05:39:06] {train_network.py:175} INFO - Epoch: 32, Batch: 900, Loss: 0.0298
[05:39:26] {train_network.py:326} INFO - Validating...
[05:39:29] {train_network.py:329} INFO - 80/89 = 0.898876
[05:39:29] {train_network.py:317} INFO - Beginning Epoch 33
[05:39:47] {train_network.py:175} INFO - Epoch: 33, Batch: 100, Loss: 0.0765
[05:40:05] {train_network.py:175} INFO - Epoch: 33, Batch: 200, Loss: 0.0697
[05:40:23] {train_network.py:175} INFO - Epoch: 33, Batch: 300, Loss: 0.0947
[05:40:42] {train_network.py:175} INFO - Epoch: 33, Batch: 400, Loss: 0.0451
[05:41:00] {train_network.py:175} INFO - Epoch: 33, Batch: 500, Loss: 0.0279
[05:41:18] {train_network.py:175} INFO - Epoch: 33, Batch: 600, Loss: 0.0213
[05:41:36] {train_network.py:175} INFO - Epoch: 33, Batch: 700, Loss: 0.0592
[05:41:55] {train_network.py:175} INFO - Epoch: 33, Batch: 800, Loss: 0.0699
[05:42:13] {train_network.py:175} INFO - Epoch: 33, Batch: 900, Loss: 0.0813
[05:42:33] {train_network.py:326} INFO - Validating...
[05:42:36] {train_network.py:329} INFO - 83/89 = 0.932584
[05:42:36] {train_network.py:317} INFO - Beginning Epoch 34
[05:42:54] {train_network.py:175} INFO - Epoch: 34, Batch: 100, Loss: 0.0788
[05:43:12] {train_network.py:175} INFO - Epoch: 34, Batch: 200, Loss: 0.0272
[05:43:31] {train_network.py:175} INFO - Epoch: 34, Batch: 300, Loss: 0.0459
[05:43:49] {train_network.py:175} INFO - Epoch: 34, Batch: 400, Loss: 0.0747
[05:44:07] {train_network.py:175} INFO - Epoch: 34, Batch: 500, Loss: 0.0948
[05:44:25] {train_network.py:175} INFO - Epoch: 34, Batch: 600, Loss: 0.0281
[05:44:44] {train_network.py:175} INFO - Epoch: 34, Batch: 700, Loss: 0.0338
[05:45:02] {train_network.py:175} INFO - Epoch: 34, Batch: 800, Loss: 0.0622
[05:45:20] {train_network.py:175} INFO - Epoch: 34, Batch: 900, Loss: 0.0485
[05:45:40] {train_network.py:326} INFO - Validating...
[05:45:43] {train_network.py:329} INFO - 80/89 = 0.898876
[05:45:43] {train_network.py:317} INFO - Beginning Epoch 35
[05:46:01] {train_network.py:175} INFO - Epoch: 35, Batch: 100, Loss: 0.0765
[05:46:19] {train_network.py:175} INFO - Epoch: 35, Batch: 200, Loss: 0.0341
[05:46:37] {train_network.py:175} INFO - Epoch: 35, Batch: 300, Loss: 0.0186
[05:46:56] {train_network.py:175} INFO - Epoch: 35, Batch: 400, Loss: 0.1323
[05:47:14] {train_network.py:175} INFO - Epoch: 35, Batch: 500, Loss: 0.0384
[05:47:32] {train_network.py:175} INFO - Epoch: 35, Batch: 600, Loss: 0.0472
[05:47:50] {train_network.py:175} INFO - Epoch: 35, Batch: 700, Loss: 0.0557
[05:48:08] {train_network.py:175} INFO - Epoch: 35, Batch: 800, Loss: 0.0342
[05:48:27] {train_network.py:175} INFO - Epoch: 35, Batch: 900, Loss: 0.0178
[05:48:47] {train_network.py:326} INFO - Validating...
[05:48:50] {train_network.py:329} INFO - 85/89 = 0.955056
[05:48:50] {train_network.py:317} INFO - Beginning Epoch 36
[05:49:08] {train_network.py:175} INFO - Epoch: 36, Batch: 100, Loss: 0.0620
[05:49:26] {train_network.py:175} INFO - Epoch: 36, Batch: 200, Loss: 0.0353
[05:49:44] {train_network.py:175} INFO - Epoch: 36, Batch: 300, Loss: 0.1096
[05:50:03] {train_network.py:175} INFO - Epoch: 36, Batch: 400, Loss: 0.0298
[05:50:21] {train_network.py:175} INFO - Epoch: 36, Batch: 500, Loss: 0.0545
[05:50:39] {train_network.py:175} INFO - Epoch: 36, Batch: 600, Loss: 0.0634
[05:50:57] {train_network.py:175} INFO - Epoch: 36, Batch: 700, Loss: 0.0613
[05:51:16] {train_network.py:175} INFO - Epoch: 36, Batch: 800, Loss: 0.0802
[05:51:34] {train_network.py:175} INFO - Epoch: 36, Batch: 900, Loss: 0.0964
[05:51:54] {train_network.py:326} INFO - Validating...
[05:51:57] {train_network.py:329} INFO - 84/89 = 0.943820
[05:51:57] {train_network.py:317} INFO - Beginning Epoch 37
[05:52:15] {train_network.py:175} INFO - Epoch: 37, Batch: 100, Loss: 0.0290
[05:52:33] {train_network.py:175} INFO - Epoch: 37, Batch: 200, Loss: 0.0387
[05:52:51] {train_network.py:175} INFO - Epoch: 37, Batch: 300, Loss: 0.0528
[05:53:10] {train_network.py:175} INFO - Epoch: 37, Batch: 400, Loss: 0.0722
[05:53:28] {train_network.py:175} INFO - Epoch: 37, Batch: 500, Loss: 0.0646
[05:53:46] {train_network.py:175} INFO - Epoch: 37, Batch: 600, Loss: 0.0135
[05:54:05] {train_network.py:175} INFO - Epoch: 37, Batch: 700, Loss: 0.0419
[05:54:23] {train_network.py:175} INFO - Epoch: 37, Batch: 800, Loss: 0.0266
[05:54:41] {train_network.py:175} INFO - Epoch: 37, Batch: 900, Loss: 0.0184
[05:55:01] {train_network.py:326} INFO - Validating...
[05:55:04] {train_network.py:329} INFO - 84/89 = 0.943820
[05:55:04] {train_network.py:317} INFO - Beginning Epoch 38
[05:55:22] {train_network.py:175} INFO - Epoch: 38, Batch: 100, Loss: 0.0345
[05:55:40] {train_network.py:175} INFO - Epoch: 38, Batch: 200, Loss: 0.0771
[05:55:59] {train_network.py:175} INFO - Epoch: 38, Batch: 300, Loss: 0.0547
[05:56:17] {train_network.py:175} INFO - Epoch: 38, Batch: 400, Loss: 0.0670
[05:56:35] {train_network.py:175} INFO - Epoch: 38, Batch: 500, Loss: 0.0538
[05:56:53] {train_network.py:175} INFO - Epoch: 38, Batch: 600, Loss: 0.0259
[05:57:11] {train_network.py:175} INFO - Epoch: 38, Batch: 700, Loss: 0.0406
[05:57:30] {train_network.py:175} INFO - Epoch: 38, Batch: 800, Loss: 0.0180
[05:57:48] {train_network.py:175} INFO - Epoch: 38, Batch: 900, Loss: 0.0200
[05:58:08] {train_network.py:326} INFO - Validating...
[05:58:11] {train_network.py:329} INFO - 82/89 = 0.921348
[05:58:11] {train_network.py:317} INFO - Beginning Epoch 39
[05:58:29] {train_network.py:175} INFO - Epoch: 39, Batch: 100, Loss: 0.0344
[05:58:47] {train_network.py:175} INFO - Epoch: 39, Batch: 200, Loss: 0.0386
[05:59:06] {train_network.py:175} INFO - Epoch: 39, Batch: 300, Loss: 0.0654
[05:59:24] {train_network.py:175} INFO - Epoch: 39, Batch: 400, Loss: 0.0342
[05:59:42] {train_network.py:175} INFO - Epoch: 39, Batch: 500, Loss: 0.0521
[06:00:00] {train_network.py:175} INFO - Epoch: 39, Batch: 600, Loss: 0.1023
[06:00:19] {train_network.py:175} INFO - Epoch: 39, Batch: 700, Loss: 0.0313
[06:00:37] {train_network.py:175} INFO - Epoch: 39, Batch: 800, Loss: 0.0661
[06:00:55] {train_network.py:175} INFO - Epoch: 39, Batch: 900, Loss: 0.0406
[06:01:15] {train_network.py:326} INFO - Validating...
[06:01:18] {train_network.py:329} INFO - 80/89 = 0.898876
[06:01:18] {train_network.py:317} INFO - Beginning Epoch 40
[06:01:36] {train_network.py:175} INFO - Epoch: 40, Batch: 100, Loss: 0.0603
[06:01:54] {train_network.py:175} INFO - Epoch: 40, Batch: 200, Loss: 0.0221
[06:02:12] {train_network.py:175} INFO - Epoch: 40, Batch: 300, Loss: 0.0516
[06:02:30] {train_network.py:175} INFO - Epoch: 40, Batch: 400, Loss: 0.0662
[06:02:49] {train_network.py:175} INFO - Epoch: 40, Batch: 500, Loss: 0.0618
[06:03:07] {train_network.py:175} INFO - Epoch: 40, Batch: 600, Loss: 0.0520
[06:03:26] {train_network.py:175} INFO - Epoch: 40, Batch: 700, Loss: 0.0526
[06:03:44] {train_network.py:175} INFO - Epoch: 40, Batch: 800, Loss: 0.0240
[06:04:02] {train_network.py:175} INFO - Epoch: 40, Batch: 900, Loss: 0.0538
[06:04:22] {train_network.py:326} INFO - Validating...
[06:04:25] {train_network.py:329} INFO - 83/89 = 0.932584
[06:04:25] {train_network.py:317} INFO - Beginning Epoch 41
[06:04:43] {train_network.py:175} INFO - Epoch: 41, Batch: 100, Loss: 0.0358
[06:05:01] {train_network.py:175} INFO - Epoch: 41, Batch: 200, Loss: 0.0405
[06:05:19] {train_network.py:175} INFO - Epoch: 41, Batch: 300, Loss: 0.0352
[06:05:38] {train_network.py:175} INFO - Epoch: 41, Batch: 400, Loss: 0.0811
[06:05:56] {train_network.py:175} INFO - Epoch: 41, Batch: 500, Loss: 0.1097
[06:06:14] {train_network.py:175} INFO - Epoch: 41, Batch: 600, Loss: 0.0245
[06:06:32] {train_network.py:175} INFO - Epoch: 41, Batch: 700, Loss: 0.0240
[06:06:50] {train_network.py:175} INFO - Epoch: 41, Batch: 800, Loss: 0.0403
[06:07:09] {train_network.py:175} INFO - Epoch: 41, Batch: 900, Loss: 0.0282
[06:07:28] {train_network.py:326} INFO - Validating...
[06:07:31] {train_network.py:329} INFO - 81/89 = 0.910112
[06:07:31] {train_network.py:317} INFO - Beginning Epoch 42
[06:07:50] {train_network.py:175} INFO - Epoch: 42, Batch: 100, Loss: 0.0584
[06:08:08] {train_network.py:175} INFO - Epoch: 42, Batch: 200, Loss: 0.0435
[06:08:26] {train_network.py:175} INFO - Epoch: 42, Batch: 300, Loss: 0.0530
[06:08:44] {train_network.py:175} INFO - Epoch: 42, Batch: 400, Loss: 0.0480
[06:09:03] {train_network.py:175} INFO - Epoch: 42, Batch: 500, Loss: 0.0528
[06:09:21] {train_network.py:175} INFO - Epoch: 42, Batch: 600, Loss: 0.0650
[06:09:39] {train_network.py:175} INFO - Epoch: 42, Batch: 700, Loss: 0.1188
[06:09:58] {train_network.py:175} INFO - Epoch: 42, Batch: 800, Loss: 0.0366
[06:10:16] {train_network.py:175} INFO - Epoch: 42, Batch: 900, Loss: 0.0882
[06:10:36] {train_network.py:326} INFO - Validating...
[06:10:39] {train_network.py:329} INFO - 83/89 = 0.932584
[06:10:39] {train_network.py:317} INFO - Beginning Epoch 43
[06:10:57] {train_network.py:175} INFO - Epoch: 43, Batch: 100, Loss: 0.0243
[06:11:16] {train_network.py:175} INFO - Epoch: 43, Batch: 200, Loss: 0.0521
[06:11:34] {train_network.py:175} INFO - Epoch: 43, Batch: 300, Loss: 0.0433
[06:11:52] {train_network.py:175} INFO - Epoch: 43, Batch: 400, Loss: 0.0506
[06:12:10] {train_network.py:175} INFO - Epoch: 43, Batch: 500, Loss: 0.0645
[06:12:29] {train_network.py:175} INFO - Epoch: 43, Batch: 600, Loss: 0.0681
[06:12:47] {train_network.py:175} INFO - Epoch: 43, Batch: 700, Loss: 0.1507
[06:13:05] {train_network.py:175} INFO - Epoch: 43, Batch: 800, Loss: 0.0717
[06:13:23] {train_network.py:175} INFO - Epoch: 43, Batch: 900, Loss: 0.0567
[06:13:43] {train_network.py:326} INFO - Validating...
[06:13:46] {train_network.py:329} INFO - 79/89 = 0.887640
[06:13:46] {train_network.py:317} INFO - Beginning Epoch 44
[06:14:04] {train_network.py:175} INFO - Epoch: 44, Batch: 100, Loss: 0.0204
[06:14:22] {train_network.py:175} INFO - Epoch: 44, Batch: 200, Loss: 0.0654
[06:14:41] {train_network.py:175} INFO - Epoch: 44, Batch: 300, Loss: 0.0463
[06:14:59] {train_network.py:175} INFO - Epoch: 44, Batch: 400, Loss: 0.0453
[06:15:17] {train_network.py:175} INFO - Epoch: 44, Batch: 500, Loss: 0.0957
[06:15:36] {train_network.py:175} INFO - Epoch: 44, Batch: 600, Loss: 0.0331
[06:15:54] {train_network.py:175} INFO - Epoch: 44, Batch: 700, Loss: 0.0314
[06:16:12] {train_network.py:175} INFO - Epoch: 44, Batch: 800, Loss: 0.0655
[06:16:30] {train_network.py:175} INFO - Epoch: 44, Batch: 900, Loss: 0.0409
[06:16:50] {train_network.py:326} INFO - Validating...
[06:16:53] {train_network.py:329} INFO - 80/89 = 0.898876
[06:16:53] {train_network.py:317} INFO - Beginning Epoch 45
[06:17:11] {train_network.py:175} INFO - Epoch: 45, Batch: 100, Loss: 0.0893
[06:17:29] {train_network.py:175} INFO - Epoch: 45, Batch: 200, Loss: 0.0419
[06:17:47] {train_network.py:175} INFO - Epoch: 45, Batch: 300, Loss: 0.0733
[06:18:06] {train_network.py:175} INFO - Epoch: 45, Batch: 400, Loss: 0.0506
[06:18:24] {train_network.py:175} INFO - Epoch: 45, Batch: 500, Loss: 0.0373
[06:18:42] {train_network.py:175} INFO - Epoch: 45, Batch: 600, Loss: 0.0148
[06:19:00] {train_network.py:175} INFO - Epoch: 45, Batch: 700, Loss: 0.0479
[06:19:18] {train_network.py:175} INFO - Epoch: 45, Batch: 800, Loss: 0.0675
[06:19:37] {train_network.py:175} INFO - Epoch: 45, Batch: 900, Loss: 0.0397
[06:19:56] {train_network.py:326} INFO - Validating...
[06:19:59] {train_network.py:329} INFO - 80/89 = 0.898876
[06:19:59] {train_network.py:317} INFO - Beginning Epoch 46
[06:20:17] {train_network.py:175} INFO - Epoch: 46, Batch: 100, Loss: 0.0948
[06:20:36] {train_network.py:175} INFO - Epoch: 46, Batch: 200, Loss: 0.0724
[06:20:54] {train_network.py:175} INFO - Epoch: 46, Batch: 300, Loss: 0.0208
[06:21:12] {train_network.py:175} INFO - Epoch: 46, Batch: 400, Loss: 0.0293
[06:21:31] {train_network.py:175} INFO - Epoch: 46, Batch: 500, Loss: 0.0236
[06:21:49] {train_network.py:175} INFO - Epoch: 46, Batch: 600, Loss: 0.0403
[06:22:07] {train_network.py:175} INFO - Epoch: 46, Batch: 700, Loss: 0.0877
[06:22:25] {train_network.py:175} INFO - Epoch: 46, Batch: 800, Loss: 0.0155
[06:22:44] {train_network.py:175} INFO - Epoch: 46, Batch: 900, Loss: 0.0583
[06:23:03] {train_network.py:326} INFO - Validating...
[06:23:06] {train_network.py:329} INFO - 85/89 = 0.955056
[06:23:06] {train_network.py:317} INFO - Beginning Epoch 47
[06:23:24] {train_network.py:175} INFO - Epoch: 47, Batch: 100, Loss: 0.0797
[06:23:43] {train_network.py:175} INFO - Epoch: 47, Batch: 200, Loss: 0.0916
[06:24:01] {train_network.py:175} INFO - Epoch: 47, Batch: 300, Loss: 0.0697
[06:24:19] {train_network.py:175} INFO - Epoch: 47, Batch: 400, Loss: 0.0565
[06:24:38] {train_network.py:175} INFO - Epoch: 47, Batch: 500, Loss: 0.0268
[06:24:56] {train_network.py:175} INFO - Epoch: 47, Batch: 600, Loss: 0.0361
[06:25:14] {train_network.py:175} INFO - Epoch: 47, Batch: 700, Loss: 0.0903
[06:25:33] {train_network.py:175} INFO - Epoch: 47, Batch: 800, Loss: 0.0186
[06:25:51] {train_network.py:175} INFO - Epoch: 47, Batch: 900, Loss: 0.1553
[06:26:11] {train_network.py:326} INFO - Validating...
[06:26:14] {train_network.py:329} INFO - 77/89 = 0.865169
[06:26:14] {train_network.py:317} INFO - Beginning Epoch 48
[06:26:32] {train_network.py:175} INFO - Epoch: 48, Batch: 100, Loss: 0.1001
[06:26:50] {train_network.py:175} INFO - Epoch: 48, Batch: 200, Loss: 0.0526
[06:27:09] {train_network.py:175} INFO - Epoch: 48, Batch: 300, Loss: 0.0247
[06:27:27] {train_network.py:175} INFO - Epoch: 48, Batch: 400, Loss: 0.0616
[06:27:45] {train_network.py:175} INFO - Epoch: 48, Batch: 500, Loss: 0.0372
[06:28:03] {train_network.py:175} INFO - Epoch: 48, Batch: 600, Loss: 0.0505
[06:28:22] {train_network.py:175} INFO - Epoch: 48, Batch: 700, Loss: 0.0835
[06:28:40] {train_network.py:175} INFO - Epoch: 48, Batch: 800, Loss: 0.0760
[06:28:59] {train_network.py:175} INFO - Epoch: 48, Batch: 900, Loss: 0.0263
[06:29:19] {train_network.py:326} INFO - Validating...
[06:29:22] {train_network.py:329} INFO - 85/89 = 0.955056
[06:29:22] {train_network.py:317} INFO - Beginning Epoch 49
[06:29:40] {train_network.py:175} INFO - Epoch: 49, Batch: 100, Loss: 0.0536
[06:29:58] {train_network.py:175} INFO - Epoch: 49, Batch: 200, Loss: 0.0239
[06:30:16] {train_network.py:175} INFO - Epoch: 49, Batch: 300, Loss: 0.0266
[06:30:35] {train_network.py:175} INFO - Epoch: 49, Batch: 400, Loss: 0.0808
[06:30:53] {train_network.py:175} INFO - Epoch: 49, Batch: 500, Loss: 0.0954
[06:31:11] {train_network.py:175} INFO - Epoch: 49, Batch: 600, Loss: 0.0235
[06:31:30] {train_network.py:175} INFO - Epoch: 49, Batch: 700, Loss: 0.0582
[06:31:48] {train_network.py:175} INFO - Epoch: 49, Batch: 800, Loss: 0.0565
[06:32:06] {train_network.py:175} INFO - Epoch: 49, Batch: 900, Loss: 0.0180
[06:32:26] {train_network.py:326} INFO - Validating...
[06:32:29] {train_network.py:329} INFO - 79/89 = 0.887640
