[18:21:16] {/workspace/KIidP-Gruppe-4/hardware/device.py:11} INFO - CUDA detected. Running with GPU acceleration.
[18:21:16] {train_network.py:247} INFO - Loading Cornell Dataset...
[18:21:16] {train_network.py:256} INFO - Dataset size is 885
[18:21:16] {train_network.py:265} INFO - Training size: 796
[18:21:16] {train_network.py:266} INFO - Validation size: 89
[18:21:16] {train_network.py:284} INFO - Done
[18:21:16] {train_network.py:287} INFO - Loading Network...
[18:21:17] {train_network.py:298} INFO - Done
[18:21:17] {train_network.py:317} INFO - Beginning Epoch 00
[18:21:29] {train_network.py:175} INFO - Epoch: 0, Batch: 100, Loss: 0.1163
[18:21:41] {train_network.py:175} INFO - Epoch: 0, Batch: 200, Loss: 0.0570
[18:21:53] {train_network.py:175} INFO - Epoch: 0, Batch: 300, Loss: 0.0820
[18:22:04] {train_network.py:175} INFO - Epoch: 0, Batch: 400, Loss: 0.0850
[18:22:16] {train_network.py:175} INFO - Epoch: 0, Batch: 500, Loss: 0.2364
[18:22:28] {train_network.py:175} INFO - Epoch: 0, Batch: 600, Loss: 0.0500
[18:22:40] {train_network.py:175} INFO - Epoch: 0, Batch: 700, Loss: 0.1310
[18:22:52] {train_network.py:175} INFO - Epoch: 0, Batch: 800, Loss: 0.0391
[18:23:03] {train_network.py:175} INFO - Epoch: 0, Batch: 900, Loss: 0.0698
[18:23:17] {train_network.py:326} INFO - Validating...
[18:23:19] {train_network.py:329} INFO - 56/89 = 0.629213
[18:23:19] {train_network.py:317} INFO - Beginning Epoch 01
[18:23:30] {train_network.py:175} INFO - Epoch: 1, Batch: 100, Loss: 0.0626
[18:23:42] {train_network.py:175} INFO - Epoch: 1, Batch: 200, Loss: 0.0411
[18:23:54] {train_network.py:175} INFO - Epoch: 1, Batch: 300, Loss: 0.0928
[18:24:06] {train_network.py:175} INFO - Epoch: 1, Batch: 400, Loss: 0.0504
[18:24:17] {train_network.py:175} INFO - Epoch: 1, Batch: 500, Loss: 0.0421
[18:24:29] {train_network.py:175} INFO - Epoch: 1, Batch: 600, Loss: 0.0347
[18:24:41] {train_network.py:175} INFO - Epoch: 1, Batch: 700, Loss: 0.0413
[18:24:53] {train_network.py:175} INFO - Epoch: 1, Batch: 800, Loss: 0.1026
[18:25:04] {train_network.py:175} INFO - Epoch: 1, Batch: 900, Loss: 0.0799
[18:25:17] {train_network.py:326} INFO - Validating...
[18:25:20] {train_network.py:329} INFO - 36/89 = 0.404494
[18:25:20] {train_network.py:317} INFO - Beginning Epoch 02
[18:25:31] {train_network.py:175} INFO - Epoch: 2, Batch: 100, Loss: 0.0989
[18:25:43] {train_network.py:175} INFO - Epoch: 2, Batch: 200, Loss: 0.0331
[18:25:55] {train_network.py:175} INFO - Epoch: 2, Batch: 300, Loss: 0.0554
[18:26:07] {train_network.py:175} INFO - Epoch: 2, Batch: 400, Loss: 0.0478
[18:26:18] {train_network.py:175} INFO - Epoch: 2, Batch: 500, Loss: 0.0443
[18:26:30] {train_network.py:175} INFO - Epoch: 2, Batch: 600, Loss: 0.1545
[18:26:42] {train_network.py:175} INFO - Epoch: 2, Batch: 700, Loss: 0.0800
[18:26:54] {train_network.py:175} INFO - Epoch: 2, Batch: 800, Loss: 0.0976
[18:27:06] {train_network.py:175} INFO - Epoch: 2, Batch: 900, Loss: 0.0506
[18:27:19] {train_network.py:326} INFO - Validating...
[18:27:21] {train_network.py:329} INFO - 42/89 = 0.471910
[18:27:21] {train_network.py:317} INFO - Beginning Epoch 03
[18:27:33] {train_network.py:175} INFO - Epoch: 3, Batch: 100, Loss: 0.0581
[18:27:44] {train_network.py:175} INFO - Epoch: 3, Batch: 200, Loss: 0.1116
[18:27:56] {train_network.py:175} INFO - Epoch: 3, Batch: 300, Loss: 0.0301
[18:28:08] {train_network.py:175} INFO - Epoch: 3, Batch: 400, Loss: 0.0558
[18:28:20] {train_network.py:175} INFO - Epoch: 3, Batch: 500, Loss: 0.0823
[18:28:31] {train_network.py:175} INFO - Epoch: 3, Batch: 600, Loss: 0.1437
[18:28:43] {train_network.py:175} INFO - Epoch: 3, Batch: 700, Loss: 0.0793
[18:28:55] {train_network.py:175} INFO - Epoch: 3, Batch: 800, Loss: 0.0234
[18:29:07] {train_network.py:175} INFO - Epoch: 3, Batch: 900, Loss: 0.0711
[18:29:20] {train_network.py:326} INFO - Validating...
[18:29:22] {train_network.py:329} INFO - 26/89 = 0.292135
[18:29:22] {train_network.py:317} INFO - Beginning Epoch 04
[18:29:34] {train_network.py:175} INFO - Epoch: 4, Batch: 100, Loss: 0.0760
[18:29:46] {train_network.py:175} INFO - Epoch: 4, Batch: 200, Loss: 0.1001
[18:29:58] {train_network.py:175} INFO - Epoch: 4, Batch: 300, Loss: 0.1818
[18:30:09] {train_network.py:175} INFO - Epoch: 4, Batch: 400, Loss: 0.0365
[18:30:21] {train_network.py:175} INFO - Epoch: 4, Batch: 500, Loss: 0.0649
[18:30:33] {train_network.py:175} INFO - Epoch: 4, Batch: 600, Loss: 0.0536
[18:30:45] {train_network.py:175} INFO - Epoch: 4, Batch: 700, Loss: 0.0386
[18:30:56] {train_network.py:175} INFO - Epoch: 4, Batch: 800, Loss: 0.0625
[18:31:08] {train_network.py:175} INFO - Epoch: 4, Batch: 900, Loss: 0.0384
[18:31:21] {train_network.py:326} INFO - Validating...
[18:31:23] {train_network.py:329} INFO - 11/89 = 0.123596
[18:31:23] {train_network.py:317} INFO - Beginning Epoch 05
[18:31:35] {train_network.py:175} INFO - Epoch: 5, Batch: 100, Loss: 0.0188
[18:31:47] {train_network.py:175} INFO - Epoch: 5, Batch: 200, Loss: 0.2089
[18:31:58] {train_network.py:175} INFO - Epoch: 5, Batch: 300, Loss: 0.1376
[18:32:10] {train_network.py:175} INFO - Epoch: 5, Batch: 400, Loss: 0.0754
[18:32:22] {train_network.py:175} INFO - Epoch: 5, Batch: 500, Loss: 0.0611
[18:32:34] {train_network.py:175} INFO - Epoch: 5, Batch: 600, Loss: 0.0462
[18:32:45] {train_network.py:175} INFO - Epoch: 5, Batch: 700, Loss: 0.0852
[18:32:57] {train_network.py:175} INFO - Epoch: 5, Batch: 800, Loss: 0.0819
[18:33:09] {train_network.py:175} INFO - Epoch: 5, Batch: 900, Loss: 0.0772
[18:33:22] {train_network.py:326} INFO - Validating...
[18:33:24] {train_network.py:329} INFO - 50/89 = 0.561798
[18:33:24] {train_network.py:317} INFO - Beginning Epoch 06
[18:33:36] {train_network.py:175} INFO - Epoch: 6, Batch: 100, Loss: 0.0721
[18:33:48] {train_network.py:175} INFO - Epoch: 6, Batch: 200, Loss: 0.0859
[18:33:59] {train_network.py:175} INFO - Epoch: 6, Batch: 300, Loss: 0.0355
[18:34:11] {train_network.py:175} INFO - Epoch: 6, Batch: 400, Loss: 0.0500
[18:34:23] {train_network.py:175} INFO - Epoch: 6, Batch: 500, Loss: 0.0820
[18:34:34] {train_network.py:175} INFO - Epoch: 6, Batch: 600, Loss: 0.0810
[18:34:46] {train_network.py:175} INFO - Epoch: 6, Batch: 700, Loss: 0.0497
[18:34:58] {train_network.py:175} INFO - Epoch: 6, Batch: 800, Loss: 0.0296
[18:35:10] {train_network.py:175} INFO - Epoch: 6, Batch: 900, Loss: 0.0627
[18:35:23] {train_network.py:326} INFO - Validating...
[18:35:25] {train_network.py:329} INFO - 41/89 = 0.460674
[18:35:25] {train_network.py:317} INFO - Beginning Epoch 07
[18:35:36] {train_network.py:175} INFO - Epoch: 7, Batch: 100, Loss: 0.1060
[18:35:48] {train_network.py:175} INFO - Epoch: 7, Batch: 200, Loss: 0.0390
[18:36:00] {train_network.py:175} INFO - Epoch: 7, Batch: 300, Loss: 0.0194
[18:36:12] {train_network.py:175} INFO - Epoch: 7, Batch: 400, Loss: 0.0499
[18:36:23] {train_network.py:175} INFO - Epoch: 7, Batch: 500, Loss: 0.0395
[18:36:35] {train_network.py:175} INFO - Epoch: 7, Batch: 600, Loss: 0.0776
[18:36:47] {train_network.py:175} INFO - Epoch: 7, Batch: 700, Loss: 0.0782
[18:36:59] {train_network.py:175} INFO - Epoch: 7, Batch: 800, Loss: 0.0429
[18:37:10] {train_network.py:175} INFO - Epoch: 7, Batch: 900, Loss: 0.0668
[18:37:24] {train_network.py:326} INFO - Validating...
[18:37:26] {train_network.py:329} INFO - 50/89 = 0.561798
[18:37:26] {train_network.py:317} INFO - Beginning Epoch 08
[18:37:38] {train_network.py:175} INFO - Epoch: 8, Batch: 100, Loss: 0.0531
[18:37:50] {train_network.py:175} INFO - Epoch: 8, Batch: 200, Loss: 0.0968
[18:38:01] {train_network.py:175} INFO - Epoch: 8, Batch: 300, Loss: 0.0218
[18:38:13] {train_network.py:175} INFO - Epoch: 8, Batch: 400, Loss: 0.0164
[18:38:25] {train_network.py:175} INFO - Epoch: 8, Batch: 500, Loss: 0.0474
[18:38:37] {train_network.py:175} INFO - Epoch: 8, Batch: 600, Loss: 0.1577
[18:38:48] {train_network.py:175} INFO - Epoch: 8, Batch: 700, Loss: 0.0350
[18:39:00] {train_network.py:175} INFO - Epoch: 8, Batch: 800, Loss: 0.0701
[18:39:12] {train_network.py:175} INFO - Epoch: 8, Batch: 900, Loss: 0.0417
[18:39:25] {train_network.py:326} INFO - Validating...
[18:39:28] {train_network.py:329} INFO - 49/89 = 0.550562
[18:39:28] {train_network.py:317} INFO - Beginning Epoch 09
[18:39:39] {train_network.py:175} INFO - Epoch: 9, Batch: 100, Loss: 0.0319
[18:39:51] {train_network.py:175} INFO - Epoch: 9, Batch: 200, Loss: 0.0989
[18:40:03] {train_network.py:175} INFO - Epoch: 9, Batch: 300, Loss: 0.0194
[18:40:15] {train_network.py:175} INFO - Epoch: 9, Batch: 400, Loss: 0.0301
[18:40:26] {train_network.py:175} INFO - Epoch: 9, Batch: 500, Loss: 0.1064
[18:40:38] {train_network.py:175} INFO - Epoch: 9, Batch: 600, Loss: 0.0509
[18:40:50] {train_network.py:175} INFO - Epoch: 9, Batch: 700, Loss: 0.1701
[18:41:01] {train_network.py:175} INFO - Epoch: 9, Batch: 800, Loss: 0.0506
[18:41:13] {train_network.py:175} INFO - Epoch: 9, Batch: 900, Loss: 0.0286
[18:41:26] {train_network.py:326} INFO - Validating...
[18:41:28] {train_network.py:329} INFO - 38/89 = 0.426966
[18:41:28] {train_network.py:317} INFO - Beginning Epoch 10
[18:41:40] {train_network.py:175} INFO - Epoch: 10, Batch: 100, Loss: 0.2122
[18:41:51] {train_network.py:175} INFO - Epoch: 10, Batch: 200, Loss: 0.0808
[18:42:03] {train_network.py:175} INFO - Epoch: 10, Batch: 300, Loss: 0.0448
[18:42:15] {train_network.py:175} INFO - Epoch: 10, Batch: 400, Loss: 0.0206
[18:42:27] {train_network.py:175} INFO - Epoch: 10, Batch: 500, Loss: 0.0567
[18:42:38] {train_network.py:175} INFO - Epoch: 10, Batch: 600, Loss: 0.0480
[18:42:50] {train_network.py:175} INFO - Epoch: 10, Batch: 700, Loss: 0.0483
[18:43:02] {train_network.py:175} INFO - Epoch: 10, Batch: 800, Loss: 0.0217
[18:43:14] {train_network.py:175} INFO - Epoch: 10, Batch: 900, Loss: 0.0752
[18:43:27] {train_network.py:326} INFO - Validating...
[18:43:29] {train_network.py:329} INFO - 41/89 = 0.460674
[18:43:29] {train_network.py:317} INFO - Beginning Epoch 11
[18:43:41] {train_network.py:175} INFO - Epoch: 11, Batch: 100, Loss: 0.1261
[18:43:53] {train_network.py:175} INFO - Epoch: 11, Batch: 200, Loss: 0.0700
[18:44:05] {train_network.py:175} INFO - Epoch: 11, Batch: 300, Loss: 0.0759
[18:44:16] {train_network.py:175} INFO - Epoch: 11, Batch: 400, Loss: 0.0804
[18:44:28] {train_network.py:175} INFO - Epoch: 11, Batch: 500, Loss: 0.0327
[18:44:40] {train_network.py:175} INFO - Epoch: 11, Batch: 600, Loss: 0.0356
[18:44:52] {train_network.py:175} INFO - Epoch: 11, Batch: 700, Loss: 0.0597
[18:45:03] {train_network.py:175} INFO - Epoch: 11, Batch: 800, Loss: 0.1174
[18:45:15] {train_network.py:175} INFO - Epoch: 11, Batch: 900, Loss: 0.0926
[18:45:28] {train_network.py:326} INFO - Validating...
[18:45:31] {train_network.py:329} INFO - 55/89 = 0.617978
[18:45:31] {train_network.py:317} INFO - Beginning Epoch 12
[18:45:42] {train_network.py:175} INFO - Epoch: 12, Batch: 100, Loss: 0.0609
[18:45:54] {train_network.py:175} INFO - Epoch: 12, Batch: 200, Loss: 0.0952
[18:46:06] {train_network.py:175} INFO - Epoch: 12, Batch: 300, Loss: 0.0770
[18:46:18] {train_network.py:175} INFO - Epoch: 12, Batch: 400, Loss: 0.0401
[18:46:30] {train_network.py:175} INFO - Epoch: 12, Batch: 500, Loss: 0.0710
[18:46:41] {train_network.py:175} INFO - Epoch: 12, Batch: 600, Loss: 0.0692
[18:46:53] {train_network.py:175} INFO - Epoch: 12, Batch: 700, Loss: 0.1039
[18:47:05] {train_network.py:175} INFO - Epoch: 12, Batch: 800, Loss: 0.0707
[18:47:17] {train_network.py:175} INFO - Epoch: 12, Batch: 900, Loss: 0.0817
[18:47:30] {train_network.py:326} INFO - Validating...
[18:47:32] {train_network.py:329} INFO - 61/89 = 0.685393
[18:47:32] {train_network.py:317} INFO - Beginning Epoch 13
[18:47:44] {train_network.py:175} INFO - Epoch: 13, Batch: 100, Loss: 0.0324
[18:47:55] {train_network.py:175} INFO - Epoch: 13, Batch: 200, Loss: 0.0595
[18:48:07] {train_network.py:175} INFO - Epoch: 13, Batch: 300, Loss: 0.0795
[18:48:19] {train_network.py:175} INFO - Epoch: 13, Batch: 400, Loss: 0.0286
[18:48:31] {train_network.py:175} INFO - Epoch: 13, Batch: 500, Loss: 0.1507
[18:48:43] {train_network.py:175} INFO - Epoch: 13, Batch: 600, Loss: 0.0224
[18:48:55] {train_network.py:175} INFO - Epoch: 13, Batch: 700, Loss: 0.0698
[18:49:06] {train_network.py:175} INFO - Epoch: 13, Batch: 800, Loss: 0.0281
[18:49:18] {train_network.py:175} INFO - Epoch: 13, Batch: 900, Loss: 0.0407
[18:49:31] {train_network.py:326} INFO - Validating...
[18:49:34] {train_network.py:329} INFO - 49/89 = 0.550562
[18:49:34] {train_network.py:317} INFO - Beginning Epoch 14
[18:49:45] {train_network.py:175} INFO - Epoch: 14, Batch: 100, Loss: 0.0537
[18:49:57] {train_network.py:175} INFO - Epoch: 14, Batch: 200, Loss: 0.0736
[18:50:09] {train_network.py:175} INFO - Epoch: 14, Batch: 300, Loss: 0.0362
[18:50:21] {train_network.py:175} INFO - Epoch: 14, Batch: 400, Loss: 0.0310
[18:50:32] {train_network.py:175} INFO - Epoch: 14, Batch: 500, Loss: 0.1479
[18:50:44] {train_network.py:175} INFO - Epoch: 14, Batch: 600, Loss: 0.0861
[18:50:56] {train_network.py:175} INFO - Epoch: 14, Batch: 700, Loss: 0.0452
[18:51:07] {train_network.py:175} INFO - Epoch: 14, Batch: 800, Loss: 0.0489
[18:51:19] {train_network.py:175} INFO - Epoch: 14, Batch: 900, Loss: 0.0385
[18:51:32] {train_network.py:326} INFO - Validating...
[18:51:34] {train_network.py:329} INFO - 42/89 = 0.471910
[18:51:34] {train_network.py:317} INFO - Beginning Epoch 15
[18:51:46] {train_network.py:175} INFO - Epoch: 15, Batch: 100, Loss: 0.0748
[18:51:58] {train_network.py:175} INFO - Epoch: 15, Batch: 200, Loss: 0.0450
[18:52:09] {train_network.py:175} INFO - Epoch: 15, Batch: 300, Loss: 0.0269
[18:52:21] {train_network.py:175} INFO - Epoch: 15, Batch: 400, Loss: 0.0387
[18:52:33] {train_network.py:175} INFO - Epoch: 15, Batch: 500, Loss: 0.0716
[18:52:45] {train_network.py:175} INFO - Epoch: 15, Batch: 600, Loss: 0.0677
[18:52:56] {train_network.py:175} INFO - Epoch: 15, Batch: 700, Loss: 0.0538
[18:53:08] {train_network.py:175} INFO - Epoch: 15, Batch: 800, Loss: 0.0648
[18:53:20] {train_network.py:175} INFO - Epoch: 15, Batch: 900, Loss: 0.0883
[18:53:33] {train_network.py:326} INFO - Validating...
[18:53:35] {train_network.py:329} INFO - 41/89 = 0.460674
[18:53:35] {train_network.py:317} INFO - Beginning Epoch 16
[18:53:46] {train_network.py:175} INFO - Epoch: 16, Batch: 100, Loss: 0.0535
[18:53:58] {train_network.py:175} INFO - Epoch: 16, Batch: 200, Loss: 0.0959
[18:54:10] {train_network.py:175} INFO - Epoch: 16, Batch: 300, Loss: 0.0450
[18:54:22] {train_network.py:175} INFO - Epoch: 16, Batch: 400, Loss: 0.0550
[18:54:34] {train_network.py:175} INFO - Epoch: 16, Batch: 500, Loss: 0.0284
[18:54:45] {train_network.py:175} INFO - Epoch: 16, Batch: 600, Loss: 0.0698
[18:54:57] {train_network.py:175} INFO - Epoch: 16, Batch: 700, Loss: 0.0743
[18:55:09] {train_network.py:175} INFO - Epoch: 16, Batch: 800, Loss: 0.0386
[18:55:21] {train_network.py:175} INFO - Epoch: 16, Batch: 900, Loss: 0.0393
[18:55:34] {train_network.py:326} INFO - Validating...
[18:55:36] {train_network.py:329} INFO - 46/89 = 0.516854
[18:55:36] {train_network.py:317} INFO - Beginning Epoch 17
[18:55:47] {train_network.py:175} INFO - Epoch: 17, Batch: 100, Loss: 0.0601
[18:55:59] {train_network.py:175} INFO - Epoch: 17, Batch: 200, Loss: 0.0406
[18:56:11] {train_network.py:175} INFO - Epoch: 17, Batch: 300, Loss: 0.0334
[18:56:22] {train_network.py:175} INFO - Epoch: 17, Batch: 400, Loss: 0.0543
[18:56:34] {train_network.py:175} INFO - Epoch: 17, Batch: 500, Loss: 0.0288
[18:56:46] {train_network.py:175} INFO - Epoch: 17, Batch: 600, Loss: 0.0225
[18:56:58] {train_network.py:175} INFO - Epoch: 17, Batch: 700, Loss: 0.0510
[18:57:09] {train_network.py:175} INFO - Epoch: 17, Batch: 800, Loss: 0.1422
[18:57:21] {train_network.py:175} INFO - Epoch: 17, Batch: 900, Loss: 0.0288
[18:57:34] {train_network.py:326} INFO - Validating...
[18:57:36] {train_network.py:329} INFO - 53/89 = 0.595506
[18:57:36] {train_network.py:317} INFO - Beginning Epoch 18
[18:57:48] {train_network.py:175} INFO - Epoch: 18, Batch: 100, Loss: 0.0784
[18:58:00] {train_network.py:175} INFO - Epoch: 18, Batch: 200, Loss: 0.0704
[18:58:11] {train_network.py:175} INFO - Epoch: 18, Batch: 300, Loss: 0.0363
[18:58:23] {train_network.py:175} INFO - Epoch: 18, Batch: 400, Loss: 0.0309
[18:58:35] {train_network.py:175} INFO - Epoch: 18, Batch: 500, Loss: 0.0254
[18:58:47] {train_network.py:175} INFO - Epoch: 18, Batch: 600, Loss: 0.0310
[18:58:58] {train_network.py:175} INFO - Epoch: 18, Batch: 700, Loss: 0.0474
[18:59:10] {train_network.py:175} INFO - Epoch: 18, Batch: 800, Loss: 0.0422
[18:59:22] {train_network.py:175} INFO - Epoch: 18, Batch: 900, Loss: 0.0968
[18:59:35] {train_network.py:326} INFO - Validating...
[18:59:37] {train_network.py:329} INFO - 46/89 = 0.516854
[18:59:37] {train_network.py:317} INFO - Beginning Epoch 19
[18:59:49] {train_network.py:175} INFO - Epoch: 19, Batch: 100, Loss: 0.0579
[19:00:01] {train_network.py:175} INFO - Epoch: 19, Batch: 200, Loss: 0.0289
[19:00:13] {train_network.py:175} INFO - Epoch: 19, Batch: 300, Loss: 0.0270
[19:00:24] {train_network.py:175} INFO - Epoch: 19, Batch: 400, Loss: 0.1168
[19:00:36] {train_network.py:175} INFO - Epoch: 19, Batch: 500, Loss: 0.0759
[19:00:48] {train_network.py:175} INFO - Epoch: 19, Batch: 600, Loss: 0.0755
[19:01:00] {train_network.py:175} INFO - Epoch: 19, Batch: 700, Loss: 0.0575
[19:01:11] {train_network.py:175} INFO - Epoch: 19, Batch: 800, Loss: 0.0334
[19:01:23] {train_network.py:175} INFO - Epoch: 19, Batch: 900, Loss: 0.0397
[19:01:36] {train_network.py:326} INFO - Validating...
[19:01:39] {train_network.py:329} INFO - 42/89 = 0.471910
[19:01:39] {train_network.py:317} INFO - Beginning Epoch 20
[19:01:50] {train_network.py:175} INFO - Epoch: 20, Batch: 100, Loss: 0.0424
[19:02:02] {train_network.py:175} INFO - Epoch: 20, Batch: 200, Loss: 0.0862
[19:02:14] {train_network.py:175} INFO - Epoch: 20, Batch: 300, Loss: 0.1137
[19:02:26] {train_network.py:175} INFO - Epoch: 20, Batch: 400, Loss: 0.0337
[19:02:38] {train_network.py:175} INFO - Epoch: 20, Batch: 500, Loss: 0.0510
[19:02:49] {train_network.py:175} INFO - Epoch: 20, Batch: 600, Loss: 0.0547
[19:03:01] {train_network.py:175} INFO - Epoch: 20, Batch: 700, Loss: 0.0495
[19:03:13] {train_network.py:175} INFO - Epoch: 20, Batch: 800, Loss: 0.0422
[19:03:25] {train_network.py:175} INFO - Epoch: 20, Batch: 900, Loss: 0.0721
[19:03:38] {train_network.py:326} INFO - Validating...
[19:03:40] {train_network.py:329} INFO - 44/89 = 0.494382
[19:03:40] {train_network.py:317} INFO - Beginning Epoch 21
[19:03:52] {train_network.py:175} INFO - Epoch: 21, Batch: 100, Loss: 0.0676
[19:04:04] {train_network.py:175} INFO - Epoch: 21, Batch: 200, Loss: 0.0468
[19:04:15] {train_network.py:175} INFO - Epoch: 21, Batch: 300, Loss: 0.0588
[19:04:27] {train_network.py:175} INFO - Epoch: 21, Batch: 400, Loss: 0.0313
[19:04:39] {train_network.py:175} INFO - Epoch: 21, Batch: 500, Loss: 0.0221
[19:04:50] {train_network.py:175} INFO - Epoch: 21, Batch: 600, Loss: 0.0266
[19:05:02] {train_network.py:175} INFO - Epoch: 21, Batch: 700, Loss: 0.0950
[19:05:14] {train_network.py:175} INFO - Epoch: 21, Batch: 800, Loss: 0.0792
[19:05:26] {train_network.py:175} INFO - Epoch: 21, Batch: 900, Loss: 0.0515
[19:05:39] {train_network.py:326} INFO - Validating...
[19:05:41] {train_network.py:329} INFO - 35/89 = 0.393258
[19:05:41] {train_network.py:317} INFO - Beginning Epoch 22
[19:05:53] {train_network.py:175} INFO - Epoch: 22, Batch: 100, Loss: 0.0185
[19:06:04] {train_network.py:175} INFO - Epoch: 22, Batch: 200, Loss: 0.0619
[19:06:16] {train_network.py:175} INFO - Epoch: 22, Batch: 300, Loss: 0.0589
[19:06:28] {train_network.py:175} INFO - Epoch: 22, Batch: 400, Loss: 0.0487
[19:06:40] {train_network.py:175} INFO - Epoch: 22, Batch: 500, Loss: 0.0247
[19:06:52] {train_network.py:175} INFO - Epoch: 22, Batch: 600, Loss: 0.0423
[19:07:03] {train_network.py:175} INFO - Epoch: 22, Batch: 700, Loss: 0.0980
[19:07:15] {train_network.py:175} INFO - Epoch: 22, Batch: 800, Loss: 0.0427
[19:07:27] {train_network.py:175} INFO - Epoch: 22, Batch: 900, Loss: 0.0686
[19:07:40] {train_network.py:326} INFO - Validating...
[19:07:43] {train_network.py:329} INFO - 38/89 = 0.426966
[19:07:43] {train_network.py:317} INFO - Beginning Epoch 23
[19:07:54] {train_network.py:175} INFO - Epoch: 23, Batch: 100, Loss: 0.0549
[19:08:06] {train_network.py:175} INFO - Epoch: 23, Batch: 200, Loss: 0.0299
[19:08:18] {train_network.py:175} INFO - Epoch: 23, Batch: 300, Loss: 0.0584
[19:08:30] {train_network.py:175} INFO - Epoch: 23, Batch: 400, Loss: 0.0561
[19:08:41] {train_network.py:175} INFO - Epoch: 23, Batch: 500, Loss: 0.0706
[19:08:53] {train_network.py:175} INFO - Epoch: 23, Batch: 600, Loss: 0.0819
[19:09:05] {train_network.py:175} INFO - Epoch: 23, Batch: 700, Loss: 0.0739
[19:09:17] {train_network.py:175} INFO - Epoch: 23, Batch: 800, Loss: 0.0510
[19:09:28] {train_network.py:175} INFO - Epoch: 23, Batch: 900, Loss: 0.0343
[19:09:42] {train_network.py:326} INFO - Validating...
[19:09:44] {train_network.py:329} INFO - 46/89 = 0.516854
[19:09:44] {train_network.py:317} INFO - Beginning Epoch 24
[19:09:56] {train_network.py:175} INFO - Epoch: 24, Batch: 100, Loss: 0.0400
[19:10:07] {train_network.py:175} INFO - Epoch: 24, Batch: 200, Loss: 0.0655
[19:10:19] {train_network.py:175} INFO - Epoch: 24, Batch: 300, Loss: 0.0211
[19:10:31] {train_network.py:175} INFO - Epoch: 24, Batch: 400, Loss: 0.0430
[19:10:42] {train_network.py:175} INFO - Epoch: 24, Batch: 500, Loss: 0.0383
[19:10:54] {train_network.py:175} INFO - Epoch: 24, Batch: 600, Loss: 0.0552
[19:11:06] {train_network.py:175} INFO - Epoch: 24, Batch: 700, Loss: 0.0371
[19:11:18] {train_network.py:175} INFO - Epoch: 24, Batch: 800, Loss: 0.0368
[19:11:30] {train_network.py:175} INFO - Epoch: 24, Batch: 900, Loss: 0.0688
[19:11:43] {train_network.py:326} INFO - Validating...
[19:11:45] {train_network.py:329} INFO - 39/89 = 0.438202
[19:11:45] {train_network.py:317} INFO - Beginning Epoch 25
[19:11:57] {train_network.py:175} INFO - Epoch: 25, Batch: 100, Loss: 0.0348
[19:12:09] {train_network.py:175} INFO - Epoch: 25, Batch: 200, Loss: 0.0801
[19:12:21] {train_network.py:175} INFO - Epoch: 25, Batch: 300, Loss: 0.0356
[19:12:32] {train_network.py:175} INFO - Epoch: 25, Batch: 400, Loss: 0.0403
[19:12:44] {train_network.py:175} INFO - Epoch: 25, Batch: 500, Loss: 0.1472
[19:12:56] {train_network.py:175} INFO - Epoch: 25, Batch: 600, Loss: 0.0592
[19:13:08] {train_network.py:175} INFO - Epoch: 25, Batch: 700, Loss: 0.0359
[19:13:19] {train_network.py:175} INFO - Epoch: 25, Batch: 800, Loss: 0.0315
[19:13:31] {train_network.py:175} INFO - Epoch: 25, Batch: 900, Loss: 0.0264
[19:13:44] {train_network.py:326} INFO - Validating...
[19:13:47] {train_network.py:329} INFO - 38/89 = 0.426966
[19:13:47] {train_network.py:317} INFO - Beginning Epoch 26
[19:13:58] {train_network.py:175} INFO - Epoch: 26, Batch: 100, Loss: 0.0444
[19:14:10] {train_network.py:175} INFO - Epoch: 26, Batch: 200, Loss: 0.0336
[19:14:22] {train_network.py:175} INFO - Epoch: 26, Batch: 300, Loss: 0.0273
[19:14:34] {train_network.py:175} INFO - Epoch: 26, Batch: 400, Loss: 0.0367
[19:14:45] {train_network.py:175} INFO - Epoch: 26, Batch: 500, Loss: 0.0425
[19:14:57] {train_network.py:175} INFO - Epoch: 26, Batch: 600, Loss: 0.0178
[19:15:09] {train_network.py:175} INFO - Epoch: 26, Batch: 700, Loss: 0.0240
[19:15:21] {train_network.py:175} INFO - Epoch: 26, Batch: 800, Loss: 0.0833
[19:15:32] {train_network.py:175} INFO - Epoch: 26, Batch: 900, Loss: 0.0306
[19:15:46] {train_network.py:326} INFO - Validating...
[19:15:48] {train_network.py:329} INFO - 38/89 = 0.426966
[19:15:48] {train_network.py:317} INFO - Beginning Epoch 27
[19:16:00] {train_network.py:175} INFO - Epoch: 27, Batch: 100, Loss: 0.0582
[19:16:11] {train_network.py:175} INFO - Epoch: 27, Batch: 200, Loss: 0.0639
[19:16:23] {train_network.py:175} INFO - Epoch: 27, Batch: 300, Loss: 0.0455
[19:16:35] {train_network.py:175} INFO - Epoch: 27, Batch: 400, Loss: 0.0453
[19:16:47] {train_network.py:175} INFO - Epoch: 27, Batch: 500, Loss: 0.0501
[19:16:58] {train_network.py:175} INFO - Epoch: 27, Batch: 600, Loss: 0.0269
[19:17:10] {train_network.py:175} INFO - Epoch: 27, Batch: 700, Loss: 0.0530
[19:17:22] {train_network.py:175} INFO - Epoch: 27, Batch: 800, Loss: 0.1446
[19:17:34] {train_network.py:175} INFO - Epoch: 27, Batch: 900, Loss: 0.0784
[19:17:47] {train_network.py:326} INFO - Validating...
[19:17:49] {train_network.py:329} INFO - 48/89 = 0.539326
[19:17:49] {train_network.py:317} INFO - Beginning Epoch 28
[19:18:01] {train_network.py:175} INFO - Epoch: 28, Batch: 100, Loss: 0.1572
[19:18:13] {train_network.py:175} INFO - Epoch: 28, Batch: 200, Loss: 0.0215
[19:18:24] {train_network.py:175} INFO - Epoch: 28, Batch: 300, Loss: 0.0504
[19:18:36] {train_network.py:175} INFO - Epoch: 28, Batch: 400, Loss: 0.0227
[19:18:47] {train_network.py:175} INFO - Epoch: 28, Batch: 500, Loss: 0.0978
[19:18:59] {train_network.py:175} INFO - Epoch: 28, Batch: 600, Loss: 0.0399
[19:19:11] {train_network.py:175} INFO - Epoch: 28, Batch: 700, Loss: 0.1349
[19:19:23] {train_network.py:175} INFO - Epoch: 28, Batch: 800, Loss: 0.1515
[19:19:34] {train_network.py:175} INFO - Epoch: 28, Batch: 900, Loss: 0.0592
[19:19:48] {train_network.py:326} INFO - Validating...
[19:19:50] {train_network.py:329} INFO - 42/89 = 0.471910
[19:19:50] {train_network.py:317} INFO - Beginning Epoch 29
[19:20:02] {train_network.py:175} INFO - Epoch: 29, Batch: 100, Loss: 0.0594
[19:20:13] {train_network.py:175} INFO - Epoch: 29, Batch: 200, Loss: 0.0379
[19:20:25] {train_network.py:175} INFO - Epoch: 29, Batch: 300, Loss: 0.0778
[19:20:37] {train_network.py:175} INFO - Epoch: 29, Batch: 400, Loss: 0.0868
[19:20:49] {train_network.py:175} INFO - Epoch: 29, Batch: 500, Loss: 0.0273
[19:21:01] {train_network.py:175} INFO - Epoch: 29, Batch: 600, Loss: 0.0271
[19:21:12] {train_network.py:175} INFO - Epoch: 29, Batch: 700, Loss: 0.0676
[19:21:24] {train_network.py:175} INFO - Epoch: 29, Batch: 800, Loss: 0.0424
[19:21:36] {train_network.py:175} INFO - Epoch: 29, Batch: 900, Loss: 0.0491
[19:21:49] {train_network.py:326} INFO - Validating...
[19:21:51] {train_network.py:329} INFO - 38/89 = 0.426966
[19:21:51] {train_network.py:317} INFO - Beginning Epoch 30
[19:22:03] {train_network.py:175} INFO - Epoch: 30, Batch: 100, Loss: 0.0238
[19:22:15] {train_network.py:175} INFO - Epoch: 30, Batch: 200, Loss: 0.0449
[19:22:27] {train_network.py:175} INFO - Epoch: 30, Batch: 300, Loss: 0.1151
[19:22:38] {train_network.py:175} INFO - Epoch: 30, Batch: 400, Loss: 0.0776
[19:22:50] {train_network.py:175} INFO - Epoch: 30, Batch: 500, Loss: 0.0502
[19:23:02] {train_network.py:175} INFO - Epoch: 30, Batch: 600, Loss: 0.0445
[19:23:14] {train_network.py:175} INFO - Epoch: 30, Batch: 700, Loss: 0.0733
[19:23:25] {train_network.py:175} INFO - Epoch: 30, Batch: 800, Loss: 0.0481
[19:23:37] {train_network.py:175} INFO - Epoch: 30, Batch: 900, Loss: 0.0852
[19:23:50] {train_network.py:326} INFO - Validating...
[19:23:52] {train_network.py:329} INFO - 38/89 = 0.426966
[19:23:52] {train_network.py:317} INFO - Beginning Epoch 31
[19:24:04] {train_network.py:175} INFO - Epoch: 31, Batch: 100, Loss: 0.0740
[19:24:16] {train_network.py:175} INFO - Epoch: 31, Batch: 200, Loss: 0.0882
[19:24:28] {train_network.py:175} INFO - Epoch: 31, Batch: 300, Loss: 0.0664
[19:24:39] {train_network.py:175} INFO - Epoch: 31, Batch: 400, Loss: 0.0774
[19:24:51] {train_network.py:175} INFO - Epoch: 31, Batch: 500, Loss: 0.1558
[19:25:03] {train_network.py:175} INFO - Epoch: 31, Batch: 600, Loss: 0.0438
[19:25:14] {train_network.py:175} INFO - Epoch: 31, Batch: 700, Loss: 0.0443
[19:25:26] {train_network.py:175} INFO - Epoch: 31, Batch: 800, Loss: 0.1266
[19:25:38] {train_network.py:175} INFO - Epoch: 31, Batch: 900, Loss: 0.0595
[19:25:51] {train_network.py:326} INFO - Validating...
[19:25:54] {train_network.py:329} INFO - 49/89 = 0.550562
[19:25:54] {train_network.py:317} INFO - Beginning Epoch 32
[19:26:05] {train_network.py:175} INFO - Epoch: 32, Batch: 100, Loss: 0.0340
[19:26:17] {train_network.py:175} INFO - Epoch: 32, Batch: 200, Loss: 0.0298
[19:26:29] {train_network.py:175} INFO - Epoch: 32, Batch: 300, Loss: 0.0628
[19:26:40] {train_network.py:175} INFO - Epoch: 32, Batch: 400, Loss: 0.0912
[19:26:52] {train_network.py:175} INFO - Epoch: 32, Batch: 500, Loss: 0.0245
[19:27:04] {train_network.py:175} INFO - Epoch: 32, Batch: 600, Loss: 0.0489
[19:27:16] {train_network.py:175} INFO - Epoch: 32, Batch: 700, Loss: 0.1164
[19:27:27] {train_network.py:175} INFO - Epoch: 32, Batch: 800, Loss: 0.0213
[19:27:39] {train_network.py:175} INFO - Epoch: 32, Batch: 900, Loss: 0.0226
[19:27:53] {train_network.py:326} INFO - Validating...
[19:27:55] {train_network.py:329} INFO - 43/89 = 0.483146
[19:27:55] {train_network.py:317} INFO - Beginning Epoch 33
[19:28:07] {train_network.py:175} INFO - Epoch: 33, Batch: 100, Loss: 0.0212
[19:28:18] {train_network.py:175} INFO - Epoch: 33, Batch: 200, Loss: 0.1012
[19:28:30] {train_network.py:175} INFO - Epoch: 33, Batch: 300, Loss: 0.0389
[19:28:42] {train_network.py:175} INFO - Epoch: 33, Batch: 400, Loss: 0.0312
[19:28:54] {train_network.py:175} INFO - Epoch: 33, Batch: 500, Loss: 0.0156
[19:29:05] {train_network.py:175} INFO - Epoch: 33, Batch: 600, Loss: 0.0751
[19:29:17] {train_network.py:175} INFO - Epoch: 33, Batch: 700, Loss: 0.0198
[19:29:29] {train_network.py:175} INFO - Epoch: 33, Batch: 800, Loss: 0.0632
[19:29:41] {train_network.py:175} INFO - Epoch: 33, Batch: 900, Loss: 0.0342
[19:29:54] {train_network.py:326} INFO - Validating...
[19:29:56] {train_network.py:329} INFO - 33/89 = 0.370787
[19:29:56] {train_network.py:317} INFO - Beginning Epoch 34
[19:30:08] {train_network.py:175} INFO - Epoch: 34, Batch: 100, Loss: 0.1525
[19:30:20] {train_network.py:175} INFO - Epoch: 34, Batch: 200, Loss: 0.0575
[19:30:32] {train_network.py:175} INFO - Epoch: 34, Batch: 300, Loss: 0.0254
[19:30:43] {train_network.py:175} INFO - Epoch: 34, Batch: 400, Loss: 0.0678
[19:30:55] {train_network.py:175} INFO - Epoch: 34, Batch: 500, Loss: 0.0540
[19:31:07] {train_network.py:175} INFO - Epoch: 34, Batch: 600, Loss: 0.0366
[19:31:19] {train_network.py:175} INFO - Epoch: 34, Batch: 700, Loss: 0.0617
[19:31:30] {train_network.py:175} INFO - Epoch: 34, Batch: 800, Loss: 0.1596
[19:31:42] {train_network.py:175} INFO - Epoch: 34, Batch: 900, Loss: 0.0432
[19:31:55] {train_network.py:326} INFO - Validating...
[19:31:57] {train_network.py:329} INFO - 52/89 = 0.584270
[19:31:57] {train_network.py:317} INFO - Beginning Epoch 35
[19:32:09] {train_network.py:175} INFO - Epoch: 35, Batch: 100, Loss: 0.0720
[19:32:21] {train_network.py:175} INFO - Epoch: 35, Batch: 200, Loss: 0.0323
[19:32:33] {train_network.py:175} INFO - Epoch: 35, Batch: 300, Loss: 0.0483
[19:32:44] {train_network.py:175} INFO - Epoch: 35, Batch: 400, Loss: 0.0553
[19:32:56] {train_network.py:175} INFO - Epoch: 35, Batch: 500, Loss: 0.0457
[19:33:08] {train_network.py:175} INFO - Epoch: 35, Batch: 600, Loss: 0.0464
[19:33:20] {train_network.py:175} INFO - Epoch: 35, Batch: 700, Loss: 0.0640
[19:33:31] {train_network.py:175} INFO - Epoch: 35, Batch: 800, Loss: 0.0253
[19:33:43] {train_network.py:175} INFO - Epoch: 35, Batch: 900, Loss: 0.0683
[19:33:57] {train_network.py:326} INFO - Validating...
[19:33:59] {train_network.py:329} INFO - 42/89 = 0.471910
[19:33:59] {train_network.py:317} INFO - Beginning Epoch 36
[19:34:10] {train_network.py:175} INFO - Epoch: 36, Batch: 100, Loss: 0.0458
[19:34:22] {train_network.py:175} INFO - Epoch: 36, Batch: 200, Loss: 0.0369
[19:34:34] {train_network.py:175} INFO - Epoch: 36, Batch: 300, Loss: 0.0642
[19:34:46] {train_network.py:175} INFO - Epoch: 36, Batch: 400, Loss: 0.0365
[19:34:57] {train_network.py:175} INFO - Epoch: 36, Batch: 500, Loss: 0.1435
[19:35:09] {train_network.py:175} INFO - Epoch: 36, Batch: 600, Loss: 0.0725
[19:35:21] {train_network.py:175} INFO - Epoch: 36, Batch: 700, Loss: 0.0454
[19:35:33] {train_network.py:175} INFO - Epoch: 36, Batch: 800, Loss: 0.0627
[19:35:45] {train_network.py:175} INFO - Epoch: 36, Batch: 900, Loss: 0.0512
[19:35:58] {train_network.py:326} INFO - Validating...
[19:36:00] {train_network.py:329} INFO - 35/89 = 0.393258
[19:36:00] {train_network.py:317} INFO - Beginning Epoch 37
[19:36:12] {train_network.py:175} INFO - Epoch: 37, Batch: 100, Loss: 0.0453
[19:36:23] {train_network.py:175} INFO - Epoch: 37, Batch: 200, Loss: 0.0274
[19:36:35] {train_network.py:175} INFO - Epoch: 37, Batch: 300, Loss: 0.0405
[19:36:47] {train_network.py:175} INFO - Epoch: 37, Batch: 400, Loss: 0.1895
[19:36:58] {train_network.py:175} INFO - Epoch: 37, Batch: 500, Loss: 0.0654
[19:37:10] {train_network.py:175} INFO - Epoch: 37, Batch: 600, Loss: 0.0901
[19:37:22] {train_network.py:175} INFO - Epoch: 37, Batch: 700, Loss: 0.0719
[19:37:34] {train_network.py:175} INFO - Epoch: 37, Batch: 800, Loss: 0.0878
[19:37:45] {train_network.py:175} INFO - Epoch: 37, Batch: 900, Loss: 0.0463
[19:37:59] {train_network.py:326} INFO - Validating...
[19:38:01] {train_network.py:329} INFO - 42/89 = 0.471910
[19:38:01] {train_network.py:317} INFO - Beginning Epoch 38
[19:38:13] {train_network.py:175} INFO - Epoch: 38, Batch: 100, Loss: 0.0758
[19:38:24] {train_network.py:175} INFO - Epoch: 38, Batch: 200, Loss: 0.0438
[19:38:36] {train_network.py:175} INFO - Epoch: 38, Batch: 300, Loss: 0.0667
[19:38:48] {train_network.py:175} INFO - Epoch: 38, Batch: 400, Loss: 0.0540
[19:39:00] {train_network.py:175} INFO - Epoch: 38, Batch: 500, Loss: 0.0543
[19:39:11] {train_network.py:175} INFO - Epoch: 38, Batch: 600, Loss: 0.0375
[19:39:23] {train_network.py:175} INFO - Epoch: 38, Batch: 700, Loss: 0.0968
[19:39:35] {train_network.py:175} INFO - Epoch: 38, Batch: 800, Loss: 0.0467
[19:39:47] {train_network.py:175} INFO - Epoch: 38, Batch: 900, Loss: 0.0298
[19:40:00] {train_network.py:326} INFO - Validating...
[19:40:02] {train_network.py:329} INFO - 37/89 = 0.415730
[19:40:02] {train_network.py:317} INFO - Beginning Epoch 39
[19:40:14] {train_network.py:175} INFO - Epoch: 39, Batch: 100, Loss: 0.0487
[19:40:25] {train_network.py:175} INFO - Epoch: 39, Batch: 200, Loss: 0.0309
[19:40:37] {train_network.py:175} INFO - Epoch: 39, Batch: 300, Loss: 0.0133
[19:40:49] {train_network.py:175} INFO - Epoch: 39, Batch: 400, Loss: 0.0425
[19:41:01] {train_network.py:175} INFO - Epoch: 39, Batch: 500, Loss: 0.0267
[19:41:12] {train_network.py:175} INFO - Epoch: 39, Batch: 600, Loss: 0.0650
[19:41:24] {train_network.py:175} INFO - Epoch: 39, Batch: 700, Loss: 0.0385
[19:41:36] {train_network.py:175} INFO - Epoch: 39, Batch: 800, Loss: 0.0524
[19:41:48] {train_network.py:175} INFO - Epoch: 39, Batch: 900, Loss: 0.0635
[19:42:01] {train_network.py:326} INFO - Validating...
[19:42:03] {train_network.py:329} INFO - 40/89 = 0.449438
[19:42:03] {train_network.py:317} INFO - Beginning Epoch 40
[19:42:15] {train_network.py:175} INFO - Epoch: 40, Batch: 100, Loss: 0.0489
[19:42:26] {train_network.py:175} INFO - Epoch: 40, Batch: 200, Loss: 0.0385
[19:42:38] {train_network.py:175} INFO - Epoch: 40, Batch: 300, Loss: 0.0359
[19:42:50] {train_network.py:175} INFO - Epoch: 40, Batch: 400, Loss: 0.0366
[19:43:01] {train_network.py:175} INFO - Epoch: 40, Batch: 500, Loss: 0.0190
[19:43:13] {train_network.py:175} INFO - Epoch: 40, Batch: 600, Loss: 0.0498
[19:43:25] {train_network.py:175} INFO - Epoch: 40, Batch: 700, Loss: 0.0612
[19:43:37] {train_network.py:175} INFO - Epoch: 40, Batch: 800, Loss: 0.0416
[19:43:48] {train_network.py:175} INFO - Epoch: 40, Batch: 900, Loss: 0.1348
[19:44:01] {train_network.py:326} INFO - Validating...
[19:44:04] {train_network.py:329} INFO - 44/89 = 0.494382
[19:44:04] {train_network.py:317} INFO - Beginning Epoch 41
[19:44:16] {train_network.py:175} INFO - Epoch: 41, Batch: 100, Loss: 0.0279
[19:44:27] {train_network.py:175} INFO - Epoch: 41, Batch: 200, Loss: 0.0304
[19:44:39] {train_network.py:175} INFO - Epoch: 41, Batch: 300, Loss: 0.0170
[19:44:51] {train_network.py:175} INFO - Epoch: 41, Batch: 400, Loss: 0.0218
[19:45:02] {train_network.py:175} INFO - Epoch: 41, Batch: 500, Loss: 0.0560
[19:45:14] {train_network.py:175} INFO - Epoch: 41, Batch: 600, Loss: 0.0629
[19:45:26] {train_network.py:175} INFO - Epoch: 41, Batch: 700, Loss: 0.0240
[19:45:38] {train_network.py:175} INFO - Epoch: 41, Batch: 800, Loss: 0.0311
[19:45:50] {train_network.py:175} INFO - Epoch: 41, Batch: 900, Loss: 0.0422
[19:46:03] {train_network.py:326} INFO - Validating...
[19:46:05] {train_network.py:329} INFO - 38/89 = 0.426966
[19:46:05] {train_network.py:317} INFO - Beginning Epoch 42
[19:46:17] {train_network.py:175} INFO - Epoch: 42, Batch: 100, Loss: 0.0500
[19:46:29] {train_network.py:175} INFO - Epoch: 42, Batch: 200, Loss: 0.0341
[19:46:41] {train_network.py:175} INFO - Epoch: 42, Batch: 300, Loss: 0.0271
[19:46:52] {train_network.py:175} INFO - Epoch: 42, Batch: 400, Loss: 0.0486
[19:47:04] {train_network.py:175} INFO - Epoch: 42, Batch: 500, Loss: 0.0499
[19:47:16] {train_network.py:175} INFO - Epoch: 42, Batch: 600, Loss: 0.1090
[19:47:27] {train_network.py:175} INFO - Epoch: 42, Batch: 700, Loss: 0.0677
[19:47:39] {train_network.py:175} INFO - Epoch: 42, Batch: 800, Loss: 0.0760
[19:47:51] {train_network.py:175} INFO - Epoch: 42, Batch: 900, Loss: 0.0334
[19:48:04] {train_network.py:326} INFO - Validating...
[19:48:07] {train_network.py:329} INFO - 48/89 = 0.539326
[19:48:07] {train_network.py:317} INFO - Beginning Epoch 43
[19:48:18] {train_network.py:175} INFO - Epoch: 43, Batch: 100, Loss: 0.0370
[19:48:30] {train_network.py:175} INFO - Epoch: 43, Batch: 200, Loss: 0.0354
[19:48:42] {train_network.py:175} INFO - Epoch: 43, Batch: 300, Loss: 0.0208
[19:48:54] {train_network.py:175} INFO - Epoch: 43, Batch: 400, Loss: 0.0499
[19:49:05] {train_network.py:175} INFO - Epoch: 43, Batch: 500, Loss: 0.0409
[19:49:17] {train_network.py:175} INFO - Epoch: 43, Batch: 600, Loss: 0.0422
[19:49:29] {train_network.py:175} INFO - Epoch: 43, Batch: 700, Loss: 0.0500
[19:49:40] {train_network.py:175} INFO - Epoch: 43, Batch: 800, Loss: 0.0680
[19:49:52] {train_network.py:175} INFO - Epoch: 43, Batch: 900, Loss: 0.0522
[19:50:05] {train_network.py:326} INFO - Validating...
[19:50:07] {train_network.py:329} INFO - 38/89 = 0.426966
[19:50:07] {train_network.py:317} INFO - Beginning Epoch 44
[19:50:19] {train_network.py:175} INFO - Epoch: 44, Batch: 100, Loss: 0.0549
[19:50:31] {train_network.py:175} INFO - Epoch: 44, Batch: 200, Loss: 0.0382
[19:50:43] {train_network.py:175} INFO - Epoch: 44, Batch: 300, Loss: 0.0705
[19:50:54] {train_network.py:175} INFO - Epoch: 44, Batch: 400, Loss: 0.0434
[19:51:06] {train_network.py:175} INFO - Epoch: 44, Batch: 500, Loss: 0.0319
[19:51:18] {train_network.py:175} INFO - Epoch: 44, Batch: 600, Loss: 0.0471
[19:51:30] {train_network.py:175} INFO - Epoch: 44, Batch: 700, Loss: 0.0654
[19:51:41] {train_network.py:175} INFO - Epoch: 44, Batch: 800, Loss: 0.0161
[19:51:53] {train_network.py:175} INFO - Epoch: 44, Batch: 900, Loss: 0.0781
[19:52:06] {train_network.py:326} INFO - Validating...
[19:52:08] {train_network.py:329} INFO - 41/89 = 0.460674
[19:52:08] {train_network.py:317} INFO - Beginning Epoch 45
[19:52:20] {train_network.py:175} INFO - Epoch: 45, Batch: 100, Loss: 0.1331
[19:52:31] {train_network.py:175} INFO - Epoch: 45, Batch: 200, Loss: 0.0539
[19:52:43] {train_network.py:175} INFO - Epoch: 45, Batch: 300, Loss: 0.0238
[19:52:55] {train_network.py:175} INFO - Epoch: 45, Batch: 400, Loss: 0.0294
[19:53:07] {train_network.py:175} INFO - Epoch: 45, Batch: 500, Loss: 0.0713
[19:53:18] {train_network.py:175} INFO - Epoch: 45, Batch: 600, Loss: 0.0552
[19:53:30] {train_network.py:175} INFO - Epoch: 45, Batch: 700, Loss: 0.0579
[19:53:42] {train_network.py:175} INFO - Epoch: 45, Batch: 800, Loss: 0.0186
[19:53:54] {train_network.py:175} INFO - Epoch: 45, Batch: 900, Loss: 0.0628
[19:54:07] {train_network.py:326} INFO - Validating...
[19:54:09] {train_network.py:329} INFO - 29/89 = 0.325843
[19:54:09] {train_network.py:317} INFO - Beginning Epoch 46
[19:54:21] {train_network.py:175} INFO - Epoch: 46, Batch: 100, Loss: 0.0188
[19:54:33] {train_network.py:175} INFO - Epoch: 46, Batch: 200, Loss: 0.0472
[19:54:44] {train_network.py:175} INFO - Epoch: 46, Batch: 300, Loss: 0.0820
[19:54:56] {train_network.py:175} INFO - Epoch: 46, Batch: 400, Loss: 0.0305
[19:55:08] {train_network.py:175} INFO - Epoch: 46, Batch: 500, Loss: 0.0578
[19:55:20] {train_network.py:175} INFO - Epoch: 46, Batch: 600, Loss: 0.0321
[19:55:31] {train_network.py:175} INFO - Epoch: 46, Batch: 700, Loss: 0.0424
[19:55:43] {train_network.py:175} INFO - Epoch: 46, Batch: 800, Loss: 0.0328
[19:55:55] {train_network.py:175} INFO - Epoch: 46, Batch: 900, Loss: 0.0358
[19:56:08] {train_network.py:326} INFO - Validating...
[19:56:10] {train_network.py:329} INFO - 40/89 = 0.449438
[19:56:10] {train_network.py:317} INFO - Beginning Epoch 47
[19:56:22] {train_network.py:175} INFO - Epoch: 47, Batch: 100, Loss: 0.0993
[19:56:34] {train_network.py:175} INFO - Epoch: 47, Batch: 200, Loss: 0.0357
[19:56:45] {train_network.py:175} INFO - Epoch: 47, Batch: 300, Loss: 0.0756
[19:56:57] {train_network.py:175} INFO - Epoch: 47, Batch: 400, Loss: 0.0591
[19:57:09] {train_network.py:175} INFO - Epoch: 47, Batch: 500, Loss: 0.0207
[19:57:21] {train_network.py:175} INFO - Epoch: 47, Batch: 600, Loss: 0.1153
[19:57:32] {train_network.py:175} INFO - Epoch: 47, Batch: 700, Loss: 0.0151
[19:57:44] {train_network.py:175} INFO - Epoch: 47, Batch: 800, Loss: 0.0422
[19:57:56] {train_network.py:175} INFO - Epoch: 47, Batch: 900, Loss: 0.0567
[19:58:10] {train_network.py:326} INFO - Validating...
[19:58:12] {train_network.py:329} INFO - 39/89 = 0.438202
[19:58:12] {train_network.py:317} INFO - Beginning Epoch 48
[19:58:23] {train_network.py:175} INFO - Epoch: 48, Batch: 100, Loss: 0.0450
[19:58:35] {train_network.py:175} INFO - Epoch: 48, Batch: 200, Loss: 0.0546
[19:58:47] {train_network.py:175} INFO - Epoch: 48, Batch: 300, Loss: 0.0318
[19:58:59] {train_network.py:175} INFO - Epoch: 48, Batch: 400, Loss: 0.0528
[19:59:10] {train_network.py:175} INFO - Epoch: 48, Batch: 500, Loss: 0.1026
[19:59:22] {train_network.py:175} INFO - Epoch: 48, Batch: 600, Loss: 0.0222
[19:59:33] {train_network.py:175} INFO - Epoch: 48, Batch: 700, Loss: 0.0997
[19:59:45] {train_network.py:175} INFO - Epoch: 48, Batch: 800, Loss: 0.0554
[19:59:57] {train_network.py:175} INFO - Epoch: 48, Batch: 900, Loss: 0.0189
[20:00:10] {train_network.py:326} INFO - Validating...
[20:00:12] {train_network.py:329} INFO - 39/89 = 0.438202
[20:00:12] {train_network.py:317} INFO - Beginning Epoch 49
[20:00:24] {train_network.py:175} INFO - Epoch: 49, Batch: 100, Loss: 0.0657
[20:00:36] {train_network.py:175} INFO - Epoch: 49, Batch: 200, Loss: 0.0415
[20:00:48] {train_network.py:175} INFO - Epoch: 49, Batch: 300, Loss: 0.0260
[20:00:59] {train_network.py:175} INFO - Epoch: 49, Batch: 400, Loss: 0.0464
[20:01:11] {train_network.py:175} INFO - Epoch: 49, Batch: 500, Loss: 0.1375
[20:01:23] {train_network.py:175} INFO - Epoch: 49, Batch: 600, Loss: 0.0477
[20:01:34] {train_network.py:175} INFO - Epoch: 49, Batch: 700, Loss: 0.0417
[20:01:46] {train_network.py:175} INFO - Epoch: 49, Batch: 800, Loss: 0.0262
[20:01:58] {train_network.py:175} INFO - Epoch: 49, Batch: 900, Loss: 0.0169
[20:02:11] {train_network.py:326} INFO - Validating...
[20:02:14] {train_network.py:329} INFO - 39/89 = 0.438202
