[01:33:29] {/workspace/KIidP-Gruppe-4/hardware/device.py:11} INFO - CUDA detected. Running with GPU acceleration.
[01:33:29] {train_network.py:247} INFO - Loading Cornell Dataset...
[01:33:29] {train_network.py:256} INFO - Dataset size is 885
[01:33:29] {train_network.py:265} INFO - Training size: 796
[01:33:29] {train_network.py:266} INFO - Validation size: 89
[01:33:29] {train_network.py:284} INFO - Done
[01:33:29] {train_network.py:287} INFO - Loading Network...
[01:33:30] {train_network.py:298} INFO - Done
[01:33:31] {train_network.py:317} INFO - Beginning Epoch 00
[01:33:48] {train_network.py:175} INFO - Epoch: 0, Batch: 100, Loss: 0.1656
[01:34:06] {train_network.py:175} INFO - Epoch: 0, Batch: 200, Loss: 0.1002
[01:34:24] {train_network.py:175} INFO - Epoch: 0, Batch: 300, Loss: 0.1824
[01:34:42] {train_network.py:175} INFO - Epoch: 0, Batch: 400, Loss: 0.0413
[01:35:00] {train_network.py:175} INFO - Epoch: 0, Batch: 500, Loss: 0.1469
[01:35:18] {train_network.py:175} INFO - Epoch: 0, Batch: 600, Loss: 0.1919
[01:35:36] {train_network.py:175} INFO - Epoch: 0, Batch: 700, Loss: 0.0937
[01:35:54] {train_network.py:175} INFO - Epoch: 0, Batch: 800, Loss: 0.0749
[01:36:12] {train_network.py:175} INFO - Epoch: 0, Batch: 900, Loss: 0.0760
[01:36:31] {train_network.py:326} INFO - Validating...
[01:36:34] {train_network.py:329} INFO - 73/89 = 0.820225
[01:36:34] {train_network.py:317} INFO - Beginning Epoch 01
[01:36:52] {train_network.py:175} INFO - Epoch: 1, Batch: 100, Loss: 0.0642
[01:37:10] {train_network.py:175} INFO - Epoch: 1, Batch: 200, Loss: 0.0493
[01:37:28] {train_network.py:175} INFO - Epoch: 1, Batch: 300, Loss: 0.0597
[01:37:46] {train_network.py:175} INFO - Epoch: 1, Batch: 400, Loss: 0.0639
[01:38:04] {train_network.py:175} INFO - Epoch: 1, Batch: 500, Loss: 0.0760
[01:38:22] {train_network.py:175} INFO - Epoch: 1, Batch: 600, Loss: 0.0395
[01:38:40] {train_network.py:175} INFO - Epoch: 1, Batch: 700, Loss: 0.0492
[01:38:58] {train_network.py:175} INFO - Epoch: 1, Batch: 800, Loss: 0.0597
[01:39:16] {train_network.py:175} INFO - Epoch: 1, Batch: 900, Loss: 0.0573
[01:39:35] {train_network.py:326} INFO - Validating...
[01:39:38] {train_network.py:329} INFO - 85/89 = 0.955056
[01:39:38] {train_network.py:317} INFO - Beginning Epoch 02
[01:39:56] {train_network.py:175} INFO - Epoch: 2, Batch: 100, Loss: 0.1475
[01:40:14] {train_network.py:175} INFO - Epoch: 2, Batch: 200, Loss: 0.3260
[01:40:32] {train_network.py:175} INFO - Epoch: 2, Batch: 300, Loss: 0.1325
[01:40:50] {train_network.py:175} INFO - Epoch: 2, Batch: 400, Loss: 0.0877
[01:41:08] {train_network.py:175} INFO - Epoch: 2, Batch: 500, Loss: 0.0378
[01:41:26] {train_network.py:175} INFO - Epoch: 2, Batch: 600, Loss: 0.0991
[01:41:44] {train_network.py:175} INFO - Epoch: 2, Batch: 700, Loss: 0.0386
[01:42:02] {train_network.py:175} INFO - Epoch: 2, Batch: 800, Loss: 0.1141
[01:42:20] {train_network.py:175} INFO - Epoch: 2, Batch: 900, Loss: 0.0536
[01:42:40] {train_network.py:326} INFO - Validating...
[01:42:43] {train_network.py:329} INFO - 80/89 = 0.898876
[01:42:43] {train_network.py:317} INFO - Beginning Epoch 03
[01:43:01] {train_network.py:175} INFO - Epoch: 3, Batch: 100, Loss: 0.0168
[01:43:19] {train_network.py:175} INFO - Epoch: 3, Batch: 200, Loss: 0.0615
[01:43:37] {train_network.py:175} INFO - Epoch: 3, Batch: 300, Loss: 0.1129
[01:43:55] {train_network.py:175} INFO - Epoch: 3, Batch: 400, Loss: 0.0987
[01:44:13] {train_network.py:175} INFO - Epoch: 3, Batch: 500, Loss: 0.0826
[01:44:31] {train_network.py:175} INFO - Epoch: 3, Batch: 600, Loss: 0.0951
[01:44:48] {train_network.py:175} INFO - Epoch: 3, Batch: 700, Loss: 0.0235
[01:45:06] {train_network.py:175} INFO - Epoch: 3, Batch: 800, Loss: 0.1166
[01:45:24] {train_network.py:175} INFO - Epoch: 3, Batch: 900, Loss: 0.0865
[01:45:44] {train_network.py:326} INFO - Validating...
[01:45:47] {train_network.py:329} INFO - 82/89 = 0.921348
[01:45:47] {train_network.py:317} INFO - Beginning Epoch 04
[01:46:05] {train_network.py:175} INFO - Epoch: 4, Batch: 100, Loss: 0.0359
[01:46:23] {train_network.py:175} INFO - Epoch: 4, Batch: 200, Loss: 0.0506
[01:46:41] {train_network.py:175} INFO - Epoch: 4, Batch: 300, Loss: 0.0412
[01:46:58] {train_network.py:175} INFO - Epoch: 4, Batch: 400, Loss: 0.0644
[01:47:16] {train_network.py:175} INFO - Epoch: 4, Batch: 500, Loss: 0.1374
[01:47:34] {train_network.py:175} INFO - Epoch: 4, Batch: 600, Loss: 0.0482
[01:47:52] {train_network.py:175} INFO - Epoch: 4, Batch: 700, Loss: 0.0583
[01:48:10] {train_network.py:175} INFO - Epoch: 4, Batch: 800, Loss: 0.0744
[01:48:28] {train_network.py:175} INFO - Epoch: 4, Batch: 900, Loss: 0.1206
[01:48:48] {train_network.py:326} INFO - Validating...
[01:48:50] {train_network.py:329} INFO - 76/89 = 0.853933
[01:48:50] {train_network.py:317} INFO - Beginning Epoch 05
[01:49:08] {train_network.py:175} INFO - Epoch: 5, Batch: 100, Loss: 0.0633
[01:49:26] {train_network.py:175} INFO - Epoch: 5, Batch: 200, Loss: 0.0780
[01:49:44] {train_network.py:175} INFO - Epoch: 5, Batch: 300, Loss: 0.0541
[01:50:02] {train_network.py:175} INFO - Epoch: 5, Batch: 400, Loss: 0.0371
[01:50:20] {train_network.py:175} INFO - Epoch: 5, Batch: 500, Loss: 0.0373
[01:50:38] {train_network.py:175} INFO - Epoch: 5, Batch: 600, Loss: 0.0429
[01:50:56] {train_network.py:175} INFO - Epoch: 5, Batch: 700, Loss: 0.0406
[01:51:14] {train_network.py:175} INFO - Epoch: 5, Batch: 800, Loss: 0.0790
[01:51:31] {train_network.py:175} INFO - Epoch: 5, Batch: 900, Loss: 0.1795
[01:51:51] {train_network.py:326} INFO - Validating...
[01:51:54] {train_network.py:329} INFO - 77/89 = 0.865169
[01:51:54] {train_network.py:317} INFO - Beginning Epoch 06
[01:52:12] {train_network.py:175} INFO - Epoch: 6, Batch: 100, Loss: 0.0406
[01:52:29] {train_network.py:175} INFO - Epoch: 6, Batch: 200, Loss: 0.0622
[01:52:47] {train_network.py:175} INFO - Epoch: 6, Batch: 300, Loss: 0.0517
[01:53:05] {train_network.py:175} INFO - Epoch: 6, Batch: 400, Loss: 0.0299
[01:53:23] {train_network.py:175} INFO - Epoch: 6, Batch: 500, Loss: 0.0554
[01:53:41] {train_network.py:175} INFO - Epoch: 6, Batch: 600, Loss: 0.0365
[01:53:59] {train_network.py:175} INFO - Epoch: 6, Batch: 700, Loss: 0.0246
[01:54:17] {train_network.py:175} INFO - Epoch: 6, Batch: 800, Loss: 0.0457
[01:54:35] {train_network.py:175} INFO - Epoch: 6, Batch: 900, Loss: 0.0978
[01:54:54] {train_network.py:326} INFO - Validating...
[01:54:57] {train_network.py:329} INFO - 80/89 = 0.898876
[01:54:57] {train_network.py:317} INFO - Beginning Epoch 07
[01:55:15] {train_network.py:175} INFO - Epoch: 7, Batch: 100, Loss: 0.0905
[01:55:33] {train_network.py:175} INFO - Epoch: 7, Batch: 200, Loss: 0.0267
[01:55:51] {train_network.py:175} INFO - Epoch: 7, Batch: 300, Loss: 0.0346
[01:56:09] {train_network.py:175} INFO - Epoch: 7, Batch: 400, Loss: 0.0470
[01:56:27] {train_network.py:175} INFO - Epoch: 7, Batch: 500, Loss: 0.0401
[01:56:45] {train_network.py:175} INFO - Epoch: 7, Batch: 600, Loss: 0.0319
[01:57:03] {train_network.py:175} INFO - Epoch: 7, Batch: 700, Loss: 0.0651
[01:57:21] {train_network.py:175} INFO - Epoch: 7, Batch: 800, Loss: 0.0494
[01:57:39] {train_network.py:175} INFO - Epoch: 7, Batch: 900, Loss: 0.0678
[01:57:58] {train_network.py:326} INFO - Validating...
[01:58:01] {train_network.py:329} INFO - 79/89 = 0.887640
[01:58:01] {train_network.py:317} INFO - Beginning Epoch 08
[01:58:19] {train_network.py:175} INFO - Epoch: 8, Batch: 100, Loss: 0.0358
[01:58:37] {train_network.py:175} INFO - Epoch: 8, Batch: 200, Loss: 0.0671
[01:58:55] {train_network.py:175} INFO - Epoch: 8, Batch: 300, Loss: 0.0411
[01:59:12] {train_network.py:175} INFO - Epoch: 8, Batch: 400, Loss: 0.0323
[01:59:30] {train_network.py:175} INFO - Epoch: 8, Batch: 500, Loss: 0.0769
[01:59:49] {train_network.py:175} INFO - Epoch: 8, Batch: 600, Loss: 0.0358
[02:00:06] {train_network.py:175} INFO - Epoch: 8, Batch: 700, Loss: 0.0581
[02:00:24] {train_network.py:175} INFO - Epoch: 8, Batch: 800, Loss: 0.0188
[02:00:42] {train_network.py:175} INFO - Epoch: 8, Batch: 900, Loss: 0.0366
[02:01:02] {train_network.py:326} INFO - Validating...
[02:01:05] {train_network.py:329} INFO - 79/89 = 0.887640
[02:01:05] {train_network.py:317} INFO - Beginning Epoch 09
[02:01:23] {train_network.py:175} INFO - Epoch: 9, Batch: 100, Loss: 0.0614
[02:01:41] {train_network.py:175} INFO - Epoch: 9, Batch: 200, Loss: 0.0849
[02:01:58] {train_network.py:175} INFO - Epoch: 9, Batch: 300, Loss: 0.0866
[02:02:16] {train_network.py:175} INFO - Epoch: 9, Batch: 400, Loss: 0.0231
[02:02:34] {train_network.py:175} INFO - Epoch: 9, Batch: 500, Loss: 0.0789
[02:02:52] {train_network.py:175} INFO - Epoch: 9, Batch: 600, Loss: 0.0615
[02:03:10] {train_network.py:175} INFO - Epoch: 9, Batch: 700, Loss: 0.0529
[02:03:28] {train_network.py:175} INFO - Epoch: 9, Batch: 800, Loss: 0.0300
[02:03:46] {train_network.py:175} INFO - Epoch: 9, Batch: 900, Loss: 0.0456
[02:04:05] {train_network.py:326} INFO - Validating...
[02:04:08] {train_network.py:329} INFO - 86/89 = 0.966292
[02:04:09] {train_network.py:317} INFO - Beginning Epoch 10
[02:04:26] {train_network.py:175} INFO - Epoch: 10, Batch: 100, Loss: 0.0912
[02:04:44] {train_network.py:175} INFO - Epoch: 10, Batch: 200, Loss: 0.0452
[02:05:02] {train_network.py:175} INFO - Epoch: 10, Batch: 300, Loss: 0.0308
[02:05:20] {train_network.py:175} INFO - Epoch: 10, Batch: 400, Loss: 0.0896
[02:05:38] {train_network.py:175} INFO - Epoch: 10, Batch: 500, Loss: 0.0476
[02:05:56] {train_network.py:175} INFO - Epoch: 10, Batch: 600, Loss: 0.0554
[02:06:14] {train_network.py:175} INFO - Epoch: 10, Batch: 700, Loss: 0.0231
[02:06:32] {train_network.py:175} INFO - Epoch: 10, Batch: 800, Loss: 0.0511
[02:06:50] {train_network.py:175} INFO - Epoch: 10, Batch: 900, Loss: 0.0716
[02:07:10] {train_network.py:326} INFO - Validating...
[02:07:13] {train_network.py:329} INFO - 83/89 = 0.932584
[02:07:13] {train_network.py:317} INFO - Beginning Epoch 11
[02:07:30] {train_network.py:175} INFO - Epoch: 11, Batch: 100, Loss: 0.0504
[02:07:49] {train_network.py:175} INFO - Epoch: 11, Batch: 200, Loss: 0.0493
[02:08:07] {train_network.py:175} INFO - Epoch: 11, Batch: 300, Loss: 0.0296
[02:08:25] {train_network.py:175} INFO - Epoch: 11, Batch: 400, Loss: 0.0230
[02:08:43] {train_network.py:175} INFO - Epoch: 11, Batch: 500, Loss: 0.0317
[02:09:01] {train_network.py:175} INFO - Epoch: 11, Batch: 600, Loss: 0.0520
[02:09:19] {train_network.py:175} INFO - Epoch: 11, Batch: 700, Loss: 0.0538
[02:09:36] {train_network.py:175} INFO - Epoch: 11, Batch: 800, Loss: 0.0400
[02:09:54] {train_network.py:175} INFO - Epoch: 11, Batch: 900, Loss: 0.0760
[02:10:13] {train_network.py:326} INFO - Validating...
[02:10:17] {train_network.py:329} INFO - 83/89 = 0.932584
[02:10:17] {train_network.py:317} INFO - Beginning Epoch 12
[02:10:34] {train_network.py:175} INFO - Epoch: 12, Batch: 100, Loss: 0.0418
[02:10:52] {train_network.py:175} INFO - Epoch: 12, Batch: 200, Loss: 0.0272
[02:11:10] {train_network.py:175} INFO - Epoch: 12, Batch: 300, Loss: 0.0194
[02:11:28] {train_network.py:175} INFO - Epoch: 12, Batch: 400, Loss: 0.0302
[02:11:46] {train_network.py:175} INFO - Epoch: 12, Batch: 500, Loss: 0.0802
[02:12:04] {train_network.py:175} INFO - Epoch: 12, Batch: 600, Loss: 0.0778
[02:12:22] {train_network.py:175} INFO - Epoch: 12, Batch: 700, Loss: 0.1063
[02:12:40] {train_network.py:175} INFO - Epoch: 12, Batch: 800, Loss: 0.0410
[02:12:58] {train_network.py:175} INFO - Epoch: 12, Batch: 900, Loss: 0.0622
[02:13:17] {train_network.py:326} INFO - Validating...
[02:13:20] {train_network.py:329} INFO - 81/89 = 0.910112
[02:13:20] {train_network.py:317} INFO - Beginning Epoch 13
[02:13:38] {train_network.py:175} INFO - Epoch: 13, Batch: 100, Loss: 0.0117
[02:13:56] {train_network.py:175} INFO - Epoch: 13, Batch: 200, Loss: 0.0283
[02:14:14] {train_network.py:175} INFO - Epoch: 13, Batch: 300, Loss: 0.0755
[02:14:31] {train_network.py:175} INFO - Epoch: 13, Batch: 400, Loss: 0.0301
[02:14:49] {train_network.py:175} INFO - Epoch: 13, Batch: 500, Loss: 0.0575
[02:15:08] {train_network.py:175} INFO - Epoch: 13, Batch: 600, Loss: 0.0527
[02:15:26] {train_network.py:175} INFO - Epoch: 13, Batch: 700, Loss: 0.0189
[02:15:43] {train_network.py:175} INFO - Epoch: 13, Batch: 800, Loss: 0.0479
[02:16:01] {train_network.py:175} INFO - Epoch: 13, Batch: 900, Loss: 0.0938
[02:16:21] {train_network.py:326} INFO - Validating...
[02:16:24] {train_network.py:329} INFO - 83/89 = 0.932584
[02:16:24] {train_network.py:317} INFO - Beginning Epoch 14
[02:16:42] {train_network.py:175} INFO - Epoch: 14, Batch: 100, Loss: 0.0825
[02:16:59] {train_network.py:175} INFO - Epoch: 14, Batch: 200, Loss: 0.0492
[02:17:17] {train_network.py:175} INFO - Epoch: 14, Batch: 300, Loss: 0.0481
[02:17:35] {train_network.py:175} INFO - Epoch: 14, Batch: 400, Loss: 0.0391
[02:17:53] {train_network.py:175} INFO - Epoch: 14, Batch: 500, Loss: 0.0538
[02:18:11] {train_network.py:175} INFO - Epoch: 14, Batch: 600, Loss: 0.0504
[02:18:29] {train_network.py:175} INFO - Epoch: 14, Batch: 700, Loss: 0.0431
[02:18:47] {train_network.py:175} INFO - Epoch: 14, Batch: 800, Loss: 0.0256
[02:19:05] {train_network.py:175} INFO - Epoch: 14, Batch: 900, Loss: 0.0286
[02:19:25] {train_network.py:326} INFO - Validating...
[02:19:28] {train_network.py:329} INFO - 84/89 = 0.943820
[02:19:28] {train_network.py:317} INFO - Beginning Epoch 15
[02:19:45] {train_network.py:175} INFO - Epoch: 15, Batch: 100, Loss: 0.0285
[02:20:03] {train_network.py:175} INFO - Epoch: 15, Batch: 200, Loss: 0.0133
[02:20:21] {train_network.py:175} INFO - Epoch: 15, Batch: 300, Loss: 0.0310
[02:20:39] {train_network.py:175} INFO - Epoch: 15, Batch: 400, Loss: 0.0236
[02:20:57] {train_network.py:175} INFO - Epoch: 15, Batch: 500, Loss: 0.0638
[02:21:15] {train_network.py:175} INFO - Epoch: 15, Batch: 600, Loss: 0.0284
[02:21:33] {train_network.py:175} INFO - Epoch: 15, Batch: 700, Loss: 0.0493
[02:21:51] {train_network.py:175} INFO - Epoch: 15, Batch: 800, Loss: 0.0595
[02:22:09] {train_network.py:175} INFO - Epoch: 15, Batch: 900, Loss: 0.0344
[02:22:29] {train_network.py:326} INFO - Validating...
[02:22:32] {train_network.py:329} INFO - 85/89 = 0.955056
[02:22:32] {train_network.py:317} INFO - Beginning Epoch 16
[02:22:50] {train_network.py:175} INFO - Epoch: 16, Batch: 100, Loss: 0.0541
[02:23:08] {train_network.py:175} INFO - Epoch: 16, Batch: 200, Loss: 0.0891
[02:23:26] {train_network.py:175} INFO - Epoch: 16, Batch: 300, Loss: 0.0586
[02:23:43] {train_network.py:175} INFO - Epoch: 16, Batch: 400, Loss: 0.0407
[02:24:01] {train_network.py:175} INFO - Epoch: 16, Batch: 500, Loss: 0.0395
[02:24:19] {train_network.py:175} INFO - Epoch: 16, Batch: 600, Loss: 0.0608
[02:24:37] {train_network.py:175} INFO - Epoch: 16, Batch: 700, Loss: 0.0429
[02:24:55] {train_network.py:175} INFO - Epoch: 16, Batch: 800, Loss: 0.0555
[02:25:13] {train_network.py:175} INFO - Epoch: 16, Batch: 900, Loss: 0.0227
[02:25:33] {train_network.py:326} INFO - Validating...
[02:25:36] {train_network.py:329} INFO - 72/89 = 0.808989
[02:25:36] {train_network.py:317} INFO - Beginning Epoch 17
[02:25:54] {train_network.py:175} INFO - Epoch: 17, Batch: 100, Loss: 0.1273
[02:26:12] {train_network.py:175} INFO - Epoch: 17, Batch: 200, Loss: 0.0479
[02:26:30] {train_network.py:175} INFO - Epoch: 17, Batch: 300, Loss: 0.0665
[02:26:48] {train_network.py:175} INFO - Epoch: 17, Batch: 400, Loss: 0.1601
[02:27:05] {train_network.py:175} INFO - Epoch: 17, Batch: 500, Loss: 0.0288
[02:27:23] {train_network.py:175} INFO - Epoch: 17, Batch: 600, Loss: 0.0348
[02:27:41] {train_network.py:175} INFO - Epoch: 17, Batch: 700, Loss: 0.0810
[02:27:59] {train_network.py:175} INFO - Epoch: 17, Batch: 800, Loss: 0.0305
[02:28:17] {train_network.py:175} INFO - Epoch: 17, Batch: 900, Loss: 0.0395
[02:28:36] {train_network.py:326} INFO - Validating...
[02:28:39] {train_network.py:329} INFO - 75/89 = 0.842697
[02:28:39] {train_network.py:317} INFO - Beginning Epoch 18
[02:28:57] {train_network.py:175} INFO - Epoch: 18, Batch: 100, Loss: 0.0425
[02:29:15] {train_network.py:175} INFO - Epoch: 18, Batch: 200, Loss: 0.0361
[02:29:33] {train_network.py:175} INFO - Epoch: 18, Batch: 300, Loss: 0.0617
[02:29:51] {train_network.py:175} INFO - Epoch: 18, Batch: 400, Loss: 0.0653
[02:30:09] {train_network.py:175} INFO - Epoch: 18, Batch: 500, Loss: 0.0275
[02:30:27] {train_network.py:175} INFO - Epoch: 18, Batch: 600, Loss: 0.0423
[02:30:45] {train_network.py:175} INFO - Epoch: 18, Batch: 700, Loss: 0.0446
[02:31:03] {train_network.py:175} INFO - Epoch: 18, Batch: 800, Loss: 0.0526
[02:31:21] {train_network.py:175} INFO - Epoch: 18, Batch: 900, Loss: 0.0586
[02:31:40] {train_network.py:326} INFO - Validating...
[02:31:43] {train_network.py:329} INFO - 78/89 = 0.876404
[02:31:43] {train_network.py:317} INFO - Beginning Epoch 19
[02:32:01] {train_network.py:175} INFO - Epoch: 19, Batch: 100, Loss: 0.0502
[02:32:19] {train_network.py:175} INFO - Epoch: 19, Batch: 200, Loss: 0.0492
[02:32:37] {train_network.py:175} INFO - Epoch: 19, Batch: 300, Loss: 0.0489
[02:32:54] {train_network.py:175} INFO - Epoch: 19, Batch: 400, Loss: 0.0959
[02:33:12] {train_network.py:175} INFO - Epoch: 19, Batch: 500, Loss: 0.0258
[02:33:30] {train_network.py:175} INFO - Epoch: 19, Batch: 600, Loss: 0.0664
[02:33:48] {train_network.py:175} INFO - Epoch: 19, Batch: 700, Loss: 0.0384
[02:34:06] {train_network.py:175} INFO - Epoch: 19, Batch: 800, Loss: 0.0396
[02:34:24] {train_network.py:175} INFO - Epoch: 19, Batch: 900, Loss: 0.0489
[02:34:43] {train_network.py:326} INFO - Validating...
[02:34:46] {train_network.py:329} INFO - 76/89 = 0.853933
[02:34:46] {train_network.py:317} INFO - Beginning Epoch 20
[02:35:04] {train_network.py:175} INFO - Epoch: 20, Batch: 100, Loss: 0.0471
[02:35:22] {train_network.py:175} INFO - Epoch: 20, Batch: 200, Loss: 0.0177
[02:35:40] {train_network.py:175} INFO - Epoch: 20, Batch: 300, Loss: 0.0351
[02:35:57] {train_network.py:175} INFO - Epoch: 20, Batch: 400, Loss: 0.0829
[02:36:15] {train_network.py:175} INFO - Epoch: 20, Batch: 500, Loss: 0.0336
[02:36:33] {train_network.py:175} INFO - Epoch: 20, Batch: 600, Loss: 0.0234
[02:36:51] {train_network.py:175} INFO - Epoch: 20, Batch: 700, Loss: 0.0607
[02:37:09] {train_network.py:175} INFO - Epoch: 20, Batch: 800, Loss: 0.0395
[02:37:27] {train_network.py:175} INFO - Epoch: 20, Batch: 900, Loss: 0.0616
[02:37:46] {train_network.py:326} INFO - Validating...
[02:37:49] {train_network.py:329} INFO - 84/89 = 0.943820
[02:37:50] {train_network.py:317} INFO - Beginning Epoch 21
[02:38:07] {train_network.py:175} INFO - Epoch: 21, Batch: 100, Loss: 0.0295
[02:38:25] {train_network.py:175} INFO - Epoch: 21, Batch: 200, Loss: 0.0593
[02:38:43] {train_network.py:175} INFO - Epoch: 21, Batch: 300, Loss: 0.0436
[02:39:01] {train_network.py:175} INFO - Epoch: 21, Batch: 400, Loss: 0.0362
[02:39:19] {train_network.py:175} INFO - Epoch: 21, Batch: 500, Loss: 0.0267
[02:39:37] {train_network.py:175} INFO - Epoch: 21, Batch: 600, Loss: 0.0118
[02:39:55] {train_network.py:175} INFO - Epoch: 21, Batch: 700, Loss: 0.0669
[02:40:13] {train_network.py:175} INFO - Epoch: 21, Batch: 800, Loss: 0.0457
[02:40:31] {train_network.py:175} INFO - Epoch: 21, Batch: 900, Loss: 0.0208
[02:40:50] {train_network.py:326} INFO - Validating...
[02:40:53] {train_network.py:329} INFO - 83/89 = 0.932584
[02:40:53] {train_network.py:317} INFO - Beginning Epoch 22
[02:41:11] {train_network.py:175} INFO - Epoch: 22, Batch: 100, Loss: 0.0285
[02:41:29] {train_network.py:175} INFO - Epoch: 22, Batch: 200, Loss: 0.0560
[02:41:47] {train_network.py:175} INFO - Epoch: 22, Batch: 300, Loss: 0.0503
[02:42:05] {train_network.py:175} INFO - Epoch: 22, Batch: 400, Loss: 0.0357
[02:42:23] {train_network.py:175} INFO - Epoch: 22, Batch: 500, Loss: 0.0514
[02:42:41] {train_network.py:175} INFO - Epoch: 22, Batch: 600, Loss: 0.0434
[02:42:58] {train_network.py:175} INFO - Epoch: 22, Batch: 700, Loss: 0.0292
[02:43:16] {train_network.py:175} INFO - Epoch: 22, Batch: 800, Loss: 0.0604
[02:43:34] {train_network.py:175} INFO - Epoch: 22, Batch: 900, Loss: 0.0264
[02:43:53] {train_network.py:326} INFO - Validating...
[02:43:56] {train_network.py:329} INFO - 82/89 = 0.921348
[02:43:56] {train_network.py:317} INFO - Beginning Epoch 23
[02:44:14] {train_network.py:175} INFO - Epoch: 23, Batch: 100, Loss: 0.1088
[02:44:32] {train_network.py:175} INFO - Epoch: 23, Batch: 200, Loss: 0.0445
[02:44:50] {train_network.py:175} INFO - Epoch: 23, Batch: 300, Loss: 0.1477
[02:45:08] {train_network.py:175} INFO - Epoch: 23, Batch: 400, Loss: 0.0579
[02:45:26] {train_network.py:175} INFO - Epoch: 23, Batch: 500, Loss: 0.0891
[02:45:43] {train_network.py:175} INFO - Epoch: 23, Batch: 600, Loss: 0.0252
[02:46:01] {train_network.py:175} INFO - Epoch: 23, Batch: 700, Loss: 0.0407
[02:46:19] {train_network.py:175} INFO - Epoch: 23, Batch: 800, Loss: 0.0576
[02:46:37] {train_network.py:175} INFO - Epoch: 23, Batch: 900, Loss: 0.0312
[02:46:57] {train_network.py:326} INFO - Validating...
[02:47:00] {train_network.py:329} INFO - 78/89 = 0.876404
[02:47:00] {train_network.py:317} INFO - Beginning Epoch 24
[02:47:17] {train_network.py:175} INFO - Epoch: 24, Batch: 100, Loss: 0.1042
[02:47:36] {train_network.py:175} INFO - Epoch: 24, Batch: 200, Loss: 0.0331
[02:47:53] {train_network.py:175} INFO - Epoch: 24, Batch: 300, Loss: 0.0172
[02:48:11] {train_network.py:175} INFO - Epoch: 24, Batch: 400, Loss: 0.0485
[02:48:29] {train_network.py:175} INFO - Epoch: 24, Batch: 500, Loss: 0.0382
[02:48:47] {train_network.py:175} INFO - Epoch: 24, Batch: 600, Loss: 0.0545
[02:49:05] {train_network.py:175} INFO - Epoch: 24, Batch: 700, Loss: 0.0160
[02:49:23] {train_network.py:175} INFO - Epoch: 24, Batch: 800, Loss: 0.0495
[02:49:41] {train_network.py:175} INFO - Epoch: 24, Batch: 900, Loss: 0.0305
[02:50:00] {train_network.py:326} INFO - Validating...
[02:50:03] {train_network.py:329} INFO - 86/89 = 0.966292
[02:50:03] {train_network.py:317} INFO - Beginning Epoch 25
[02:50:21] {train_network.py:175} INFO - Epoch: 25, Batch: 100, Loss: 0.1343
[02:50:39] {train_network.py:175} INFO - Epoch: 25, Batch: 200, Loss: 0.0403
[02:50:57] {train_network.py:175} INFO - Epoch: 25, Batch: 300, Loss: 0.0174
[02:51:15] {train_network.py:175} INFO - Epoch: 25, Batch: 400, Loss: 0.0371
[02:51:33] {train_network.py:175} INFO - Epoch: 25, Batch: 500, Loss: 0.0407
[02:51:50] {train_network.py:175} INFO - Epoch: 25, Batch: 600, Loss: 0.0819
[02:52:08] {train_network.py:175} INFO - Epoch: 25, Batch: 700, Loss: 0.0541
[02:52:26] {train_network.py:175} INFO - Epoch: 25, Batch: 800, Loss: 0.0504
[02:52:44] {train_network.py:175} INFO - Epoch: 25, Batch: 900, Loss: 0.0459
[02:53:04] {train_network.py:326} INFO - Validating...
[02:53:07] {train_network.py:329} INFO - 78/89 = 0.876404
[02:53:07] {train_network.py:317} INFO - Beginning Epoch 26
[02:53:24] {train_network.py:175} INFO - Epoch: 26, Batch: 100, Loss: 0.0295
[02:53:42] {train_network.py:175} INFO - Epoch: 26, Batch: 200, Loss: 0.0305
[02:54:00] {train_network.py:175} INFO - Epoch: 26, Batch: 300, Loss: 0.0533
[02:54:18] {train_network.py:175} INFO - Epoch: 26, Batch: 400, Loss: 0.0646
[02:54:36] {train_network.py:175} INFO - Epoch: 26, Batch: 500, Loss: 0.0572
[02:54:54] {train_network.py:175} INFO - Epoch: 26, Batch: 600, Loss: 0.0309
[02:55:12] {train_network.py:175} INFO - Epoch: 26, Batch: 700, Loss: 0.0297
[02:55:30] {train_network.py:175} INFO - Epoch: 26, Batch: 800, Loss: 0.0471
[02:55:48] {train_network.py:175} INFO - Epoch: 26, Batch: 900, Loss: 0.0732
[02:56:07] {train_network.py:326} INFO - Validating...
[02:56:10] {train_network.py:329} INFO - 79/89 = 0.887640
[02:56:10] {train_network.py:317} INFO - Beginning Epoch 27
[02:56:28] {train_network.py:175} INFO - Epoch: 27, Batch: 100, Loss: 0.0435
[02:56:46] {train_network.py:175} INFO - Epoch: 27, Batch: 200, Loss: 0.0213
[02:57:04] {train_network.py:175} INFO - Epoch: 27, Batch: 300, Loss: 0.0661
[02:57:22] {train_network.py:175} INFO - Epoch: 27, Batch: 400, Loss: 0.0422
[02:57:40] {train_network.py:175} INFO - Epoch: 27, Batch: 500, Loss: 0.0584
[02:57:58] {train_network.py:175} INFO - Epoch: 27, Batch: 600, Loss: 0.0336
[02:58:16] {train_network.py:175} INFO - Epoch: 27, Batch: 700, Loss: 0.0239
[02:58:34] {train_network.py:175} INFO - Epoch: 27, Batch: 800, Loss: 0.0497
[02:58:52] {train_network.py:175} INFO - Epoch: 27, Batch: 900, Loss: 0.0763
[02:59:11] {train_network.py:326} INFO - Validating...
[02:59:15] {train_network.py:329} INFO - 81/89 = 0.910112
[02:59:15] {train_network.py:317} INFO - Beginning Epoch 28
[02:59:32] {train_network.py:175} INFO - Epoch: 28, Batch: 100, Loss: 0.0374
[02:59:50] {train_network.py:175} INFO - Epoch: 28, Batch: 200, Loss: 0.0486
[03:00:08] {train_network.py:175} INFO - Epoch: 28, Batch: 300, Loss: 0.0408
[03:00:26] {train_network.py:175} INFO - Epoch: 28, Batch: 400, Loss: 0.0294
[03:00:44] {train_network.py:175} INFO - Epoch: 28, Batch: 500, Loss: 0.0469
[03:01:02] {train_network.py:175} INFO - Epoch: 28, Batch: 600, Loss: 0.0875
[03:01:20] {train_network.py:175} INFO - Epoch: 28, Batch: 700, Loss: 0.0297
[03:01:38] {train_network.py:175} INFO - Epoch: 28, Batch: 800, Loss: 0.0464
[03:01:56] {train_network.py:175} INFO - Epoch: 28, Batch: 900, Loss: 0.0390
[03:02:16] {train_network.py:326} INFO - Validating...
[03:02:19] {train_network.py:329} INFO - 76/89 = 0.853933
[03:02:19] {train_network.py:317} INFO - Beginning Epoch 29
[03:02:36] {train_network.py:175} INFO - Epoch: 29, Batch: 100, Loss: 0.0470
[03:02:54] {train_network.py:175} INFO - Epoch: 29, Batch: 200, Loss: 0.0365
[03:03:12] {train_network.py:175} INFO - Epoch: 29, Batch: 300, Loss: 0.0393
[03:03:30] {train_network.py:175} INFO - Epoch: 29, Batch: 400, Loss: 0.0371
[03:03:48] {train_network.py:175} INFO - Epoch: 29, Batch: 500, Loss: 0.0724
[03:04:05] {train_network.py:175} INFO - Epoch: 29, Batch: 600, Loss: 0.0209
[03:04:23] {train_network.py:175} INFO - Epoch: 29, Batch: 700, Loss: 0.0221
[03:04:41] {train_network.py:175} INFO - Epoch: 29, Batch: 800, Loss: 0.0330
[03:04:59] {train_network.py:175} INFO - Epoch: 29, Batch: 900, Loss: 0.0352
[03:05:18] {train_network.py:326} INFO - Validating...
[03:05:22] {train_network.py:329} INFO - 75/89 = 0.842697
[03:05:22] {train_network.py:317} INFO - Beginning Epoch 30
[03:05:39] {train_network.py:175} INFO - Epoch: 30, Batch: 100, Loss: 0.0548
[03:05:57] {train_network.py:175} INFO - Epoch: 30, Batch: 200, Loss: 0.0481
[03:06:15] {train_network.py:175} INFO - Epoch: 30, Batch: 300, Loss: 0.0300
[03:06:33] {train_network.py:175} INFO - Epoch: 30, Batch: 400, Loss: 0.0229
[03:06:51] {train_network.py:175} INFO - Epoch: 30, Batch: 500, Loss: 0.0363
[03:07:09] {train_network.py:175} INFO - Epoch: 30, Batch: 600, Loss: 0.0140
[03:07:27] {train_network.py:175} INFO - Epoch: 30, Batch: 700, Loss: 0.0463
[03:07:45] {train_network.py:175} INFO - Epoch: 30, Batch: 800, Loss: 0.0425
[03:08:03] {train_network.py:175} INFO - Epoch: 30, Batch: 900, Loss: 0.0478
[03:08:22] {train_network.py:326} INFO - Validating...
[03:08:25] {train_network.py:329} INFO - 81/89 = 0.910112
[03:08:25] {train_network.py:317} INFO - Beginning Epoch 31
[03:08:43] {train_network.py:175} INFO - Epoch: 31, Batch: 100, Loss: 0.0352
[03:09:01] {train_network.py:175} INFO - Epoch: 31, Batch: 200, Loss: 0.0269
[03:09:19] {train_network.py:175} INFO - Epoch: 31, Batch: 300, Loss: 0.0509
[03:09:37] {train_network.py:175} INFO - Epoch: 31, Batch: 400, Loss: 0.0503
[03:09:55] {train_network.py:175} INFO - Epoch: 31, Batch: 500, Loss: 0.0283
[03:10:13] {train_network.py:175} INFO - Epoch: 31, Batch: 600, Loss: 0.0264
[03:10:31] {train_network.py:175} INFO - Epoch: 31, Batch: 700, Loss: 0.0268
[03:10:49] {train_network.py:175} INFO - Epoch: 31, Batch: 800, Loss: 0.0768
[03:11:07] {train_network.py:175} INFO - Epoch: 31, Batch: 900, Loss: 0.0365
[03:11:26] {train_network.py:326} INFO - Validating...
[03:11:29] {train_network.py:329} INFO - 75/89 = 0.842697
[03:11:29] {train_network.py:317} INFO - Beginning Epoch 32
[03:11:47] {train_network.py:175} INFO - Epoch: 32, Batch: 100, Loss: 0.0146
[03:12:05] {train_network.py:175} INFO - Epoch: 32, Batch: 200, Loss: 0.0285
[03:12:23] {train_network.py:175} INFO - Epoch: 32, Batch: 300, Loss: 0.0239
[03:12:41] {train_network.py:175} INFO - Epoch: 32, Batch: 400, Loss: 0.0450
[03:12:59] {train_network.py:175} INFO - Epoch: 32, Batch: 500, Loss: 0.0341
[03:13:17] {train_network.py:175} INFO - Epoch: 32, Batch: 600, Loss: 0.0239
[03:13:35] {train_network.py:175} INFO - Epoch: 32, Batch: 700, Loss: 0.0215
[03:13:53] {train_network.py:175} INFO - Epoch: 32, Batch: 800, Loss: 0.0469
[03:14:11] {train_network.py:175} INFO - Epoch: 32, Batch: 900, Loss: 0.0543
[03:14:31] {train_network.py:326} INFO - Validating...
[03:14:34] {train_network.py:329} INFO - 80/89 = 0.898876
[03:14:34] {train_network.py:317} INFO - Beginning Epoch 33
[03:14:52] {train_network.py:175} INFO - Epoch: 33, Batch: 100, Loss: 0.0494
[03:15:10] {train_network.py:175} INFO - Epoch: 33, Batch: 200, Loss: 0.0170
[03:15:28] {train_network.py:175} INFO - Epoch: 33, Batch: 300, Loss: 0.0163
[03:15:46] {train_network.py:175} INFO - Epoch: 33, Batch: 400, Loss: 0.0639
[03:16:04] {train_network.py:175} INFO - Epoch: 33, Batch: 500, Loss: 0.0316
[03:16:21] {train_network.py:175} INFO - Epoch: 33, Batch: 600, Loss: 0.0407
[03:16:39] {train_network.py:175} INFO - Epoch: 33, Batch: 700, Loss: 0.0303
[03:16:57] {train_network.py:175} INFO - Epoch: 33, Batch: 800, Loss: 0.0195
[03:17:15] {train_network.py:175} INFO - Epoch: 33, Batch: 900, Loss: 0.0786
[03:17:35] {train_network.py:326} INFO - Validating...
[03:17:38] {train_network.py:329} INFO - 83/89 = 0.932584
[03:17:38] {train_network.py:317} INFO - Beginning Epoch 34
[03:17:55] {train_network.py:175} INFO - Epoch: 34, Batch: 100, Loss: 0.0636
[03:18:13] {train_network.py:175} INFO - Epoch: 34, Batch: 200, Loss: 0.0282
[03:18:31] {train_network.py:175} INFO - Epoch: 34, Batch: 300, Loss: 0.0513
[03:18:49] {train_network.py:175} INFO - Epoch: 34, Batch: 400, Loss: 0.0342
[03:19:07] {train_network.py:175} INFO - Epoch: 34, Batch: 500, Loss: 0.0146
[03:19:25] {train_network.py:175} INFO - Epoch: 34, Batch: 600, Loss: 0.0533
[03:19:43] {train_network.py:175} INFO - Epoch: 34, Batch: 700, Loss: 0.0492
[03:20:01] {train_network.py:175} INFO - Epoch: 34, Batch: 800, Loss: 0.0736
[03:20:19] {train_network.py:175} INFO - Epoch: 34, Batch: 900, Loss: 0.0654
[03:20:38] {train_network.py:326} INFO - Validating...
[03:20:41] {train_network.py:329} INFO - 76/89 = 0.853933
[03:20:41] {train_network.py:317} INFO - Beginning Epoch 35
[03:20:59] {train_network.py:175} INFO - Epoch: 35, Batch: 100, Loss: 0.0450
[03:21:17] {train_network.py:175} INFO - Epoch: 35, Batch: 200, Loss: 0.0444
[03:21:35] {train_network.py:175} INFO - Epoch: 35, Batch: 300, Loss: 0.0409
[03:21:53] {train_network.py:175} INFO - Epoch: 35, Batch: 400, Loss: 0.0135
[03:22:11] {train_network.py:175} INFO - Epoch: 35, Batch: 500, Loss: 0.0291
[03:22:28] {train_network.py:175} INFO - Epoch: 35, Batch: 600, Loss: 0.0452
[03:22:46] {train_network.py:175} INFO - Epoch: 35, Batch: 700, Loss: 0.0259
[03:23:04] {train_network.py:175} INFO - Epoch: 35, Batch: 800, Loss: 0.0177
[03:23:22] {train_network.py:175} INFO - Epoch: 35, Batch: 900, Loss: 0.0600
[03:23:42] {train_network.py:326} INFO - Validating...
[03:23:45] {train_network.py:329} INFO - 69/89 = 0.775281
[03:23:45] {train_network.py:317} INFO - Beginning Epoch 36
[03:24:03] {train_network.py:175} INFO - Epoch: 36, Batch: 100, Loss: 0.0917
[03:24:21] {train_network.py:175} INFO - Epoch: 36, Batch: 200, Loss: 0.0632
[03:24:39] {train_network.py:175} INFO - Epoch: 36, Batch: 300, Loss: 0.0366
[03:24:57] {train_network.py:175} INFO - Epoch: 36, Batch: 400, Loss: 0.0339
[03:25:15] {train_network.py:175} INFO - Epoch: 36, Batch: 500, Loss: 0.0178
[03:25:33] {train_network.py:175} INFO - Epoch: 36, Batch: 600, Loss: 0.0266
[03:25:51] {train_network.py:175} INFO - Epoch: 36, Batch: 700, Loss: 0.0309
[03:26:09] {train_network.py:175} INFO - Epoch: 36, Batch: 800, Loss: 0.0284
[03:26:27] {train_network.py:175} INFO - Epoch: 36, Batch: 900, Loss: 0.0405
[03:26:46] {train_network.py:326} INFO - Validating...
[03:26:49] {train_network.py:329} INFO - 75/89 = 0.842697
[03:26:49] {train_network.py:317} INFO - Beginning Epoch 37
[03:27:07] {train_network.py:175} INFO - Epoch: 37, Batch: 100, Loss: 0.0609
[03:27:25] {train_network.py:175} INFO - Epoch: 37, Batch: 200, Loss: 0.0313
[03:27:43] {train_network.py:175} INFO - Epoch: 37, Batch: 300, Loss: 0.0337
[03:28:01] {train_network.py:175} INFO - Epoch: 37, Batch: 400, Loss: 0.0523
[03:28:19] {train_network.py:175} INFO - Epoch: 37, Batch: 500, Loss: 0.0213
[03:28:37] {train_network.py:175} INFO - Epoch: 37, Batch: 600, Loss: 0.0412
[03:28:55] {train_network.py:175} INFO - Epoch: 37, Batch: 700, Loss: 0.0250
[03:29:13] {train_network.py:175} INFO - Epoch: 37, Batch: 800, Loss: 0.0597
[03:29:31] {train_network.py:175} INFO - Epoch: 37, Batch: 900, Loss: 0.0435
[03:29:51] {train_network.py:326} INFO - Validating...
[03:29:53] {train_network.py:329} INFO - 78/89 = 0.876404
[03:29:54] {train_network.py:317} INFO - Beginning Epoch 38
[03:30:11] {train_network.py:175} INFO - Epoch: 38, Batch: 100, Loss: 0.0533
[03:30:29] {train_network.py:175} INFO - Epoch: 38, Batch: 200, Loss: 0.0518
[03:30:47] {train_network.py:175} INFO - Epoch: 38, Batch: 300, Loss: 0.0479
[03:31:05] {train_network.py:175} INFO - Epoch: 38, Batch: 400, Loss: 0.0465
[03:31:23] {train_network.py:175} INFO - Epoch: 38, Batch: 500, Loss: 0.0458
[03:31:41] {train_network.py:175} INFO - Epoch: 38, Batch: 600, Loss: 0.0237
[03:31:59] {train_network.py:175} INFO - Epoch: 38, Batch: 700, Loss: 0.0414
[03:32:17] {train_network.py:175} INFO - Epoch: 38, Batch: 800, Loss: 0.0517
[03:32:35] {train_network.py:175} INFO - Epoch: 38, Batch: 900, Loss: 0.0439
[03:32:55] {train_network.py:326} INFO - Validating...
[03:32:58] {train_network.py:329} INFO - 83/89 = 0.932584
[03:32:58] {train_network.py:317} INFO - Beginning Epoch 39
[03:33:15] {train_network.py:175} INFO - Epoch: 39, Batch: 100, Loss: 0.0488
[03:33:33] {train_network.py:175} INFO - Epoch: 39, Batch: 200, Loss: 0.0397
[03:33:51] {train_network.py:175} INFO - Epoch: 39, Batch: 300, Loss: 0.0349
[03:34:09] {train_network.py:175} INFO - Epoch: 39, Batch: 400, Loss: 0.0326
[03:34:27] {train_network.py:175} INFO - Epoch: 39, Batch: 500, Loss: 0.0309
[03:34:45] {train_network.py:175} INFO - Epoch: 39, Batch: 600, Loss: 0.0145
[03:35:03] {train_network.py:175} INFO - Epoch: 39, Batch: 700, Loss: 0.0367
[03:35:21] {train_network.py:175} INFO - Epoch: 39, Batch: 800, Loss: 0.0475
[03:35:39] {train_network.py:175} INFO - Epoch: 39, Batch: 900, Loss: 0.0397
[03:35:58] {train_network.py:326} INFO - Validating...
[03:36:01] {train_network.py:329} INFO - 81/89 = 0.910112
[03:36:01] {train_network.py:317} INFO - Beginning Epoch 40
[03:36:19] {train_network.py:175} INFO - Epoch: 40, Batch: 100, Loss: 0.0370
[03:36:36] {train_network.py:175} INFO - Epoch: 40, Batch: 200, Loss: 0.0708
[03:36:54] {train_network.py:175} INFO - Epoch: 40, Batch: 300, Loss: 0.0852
[03:37:12] {train_network.py:175} INFO - Epoch: 40, Batch: 400, Loss: 0.0350
[03:37:30] {train_network.py:175} INFO - Epoch: 40, Batch: 500, Loss: 0.0193
[03:37:48] {train_network.py:175} INFO - Epoch: 40, Batch: 600, Loss: 0.0226
[03:38:06] {train_network.py:175} INFO - Epoch: 40, Batch: 700, Loss: 0.0403
[03:38:24] {train_network.py:175} INFO - Epoch: 40, Batch: 800, Loss: 0.0204
[03:38:42] {train_network.py:175} INFO - Epoch: 40, Batch: 900, Loss: 0.0216
[03:39:01] {train_network.py:326} INFO - Validating...
[03:39:04] {train_network.py:329} INFO - 82/89 = 0.921348
[03:39:04] {train_network.py:317} INFO - Beginning Epoch 41
[03:39:22] {train_network.py:175} INFO - Epoch: 41, Batch: 100, Loss: 0.0176
[03:39:40] {train_network.py:175} INFO - Epoch: 41, Batch: 200, Loss: 0.0779
[03:39:58] {train_network.py:175} INFO - Epoch: 41, Batch: 300, Loss: 0.0362
[03:40:16] {train_network.py:175} INFO - Epoch: 41, Batch: 400, Loss: 0.0412
[03:40:33] {train_network.py:175} INFO - Epoch: 41, Batch: 500, Loss: 0.0242
[03:40:51] {train_network.py:175} INFO - Epoch: 41, Batch: 600, Loss: 0.0615
[03:41:09] {train_network.py:175} INFO - Epoch: 41, Batch: 700, Loss: 0.0241
[03:41:27] {train_network.py:175} INFO - Epoch: 41, Batch: 800, Loss: 0.0468
[03:41:45] {train_network.py:175} INFO - Epoch: 41, Batch: 900, Loss: 0.0368
[03:42:05] {train_network.py:326} INFO - Validating...
[03:42:08] {train_network.py:329} INFO - 79/89 = 0.887640
[03:42:08] {train_network.py:317} INFO - Beginning Epoch 42
[03:42:26] {train_network.py:175} INFO - Epoch: 42, Batch: 100, Loss: 0.0426
[03:42:43] {train_network.py:175} INFO - Epoch: 42, Batch: 200, Loss: 0.0548
[03:43:01] {train_network.py:175} INFO - Epoch: 42, Batch: 300, Loss: 0.0604
[03:43:19] {train_network.py:175} INFO - Epoch: 42, Batch: 400, Loss: 0.0344
[03:43:37] {train_network.py:175} INFO - Epoch: 42, Batch: 500, Loss: 0.0479
[03:43:55] {train_network.py:175} INFO - Epoch: 42, Batch: 600, Loss: 0.0168
[03:44:13] {train_network.py:175} INFO - Epoch: 42, Batch: 700, Loss: 0.0330
[03:44:31] {train_network.py:175} INFO - Epoch: 42, Batch: 800, Loss: 0.0220
[03:44:49] {train_network.py:175} INFO - Epoch: 42, Batch: 900, Loss: 0.0305
[03:45:08] {train_network.py:326} INFO - Validating...
[03:45:11] {train_network.py:329} INFO - 72/89 = 0.808989
[03:45:11] {train_network.py:317} INFO - Beginning Epoch 43
[03:45:29] {train_network.py:175} INFO - Epoch: 43, Batch: 100, Loss: 0.0402
[03:45:47] {train_network.py:175} INFO - Epoch: 43, Batch: 200, Loss: 0.0377
[03:46:05] {train_network.py:175} INFO - Epoch: 43, Batch: 300, Loss: 0.0195
[03:46:23] {train_network.py:175} INFO - Epoch: 43, Batch: 400, Loss: 0.0287
[03:46:41] {train_network.py:175} INFO - Epoch: 43, Batch: 500, Loss: 0.0174
[03:46:59] {train_network.py:175} INFO - Epoch: 43, Batch: 600, Loss: 0.0189
[03:47:17] {train_network.py:175} INFO - Epoch: 43, Batch: 700, Loss: 0.0114
[03:47:35] {train_network.py:175} INFO - Epoch: 43, Batch: 800, Loss: 0.0528
[03:47:53] {train_network.py:175} INFO - Epoch: 43, Batch: 900, Loss: 0.0161
[03:48:13] {train_network.py:326} INFO - Validating...
[03:48:16] {train_network.py:329} INFO - 72/89 = 0.808989
[03:48:16] {train_network.py:317} INFO - Beginning Epoch 44
[03:48:33] {train_network.py:175} INFO - Epoch: 44, Batch: 100, Loss: 0.0458
[03:48:51] {train_network.py:175} INFO - Epoch: 44, Batch: 200, Loss: 0.0232
[03:49:09] {train_network.py:175} INFO - Epoch: 44, Batch: 300, Loss: 0.0159
[03:49:27] {train_network.py:175} INFO - Epoch: 44, Batch: 400, Loss: 0.0113
[03:49:45] {train_network.py:175} INFO - Epoch: 44, Batch: 500, Loss: 0.0360
[03:50:02] {train_network.py:175} INFO - Epoch: 44, Batch: 600, Loss: 0.0471
[03:50:20] {train_network.py:175} INFO - Epoch: 44, Batch: 700, Loss: 0.0376
[03:50:38] {train_network.py:175} INFO - Epoch: 44, Batch: 800, Loss: 0.0094
[03:50:56] {train_network.py:175} INFO - Epoch: 44, Batch: 900, Loss: 0.0263
[03:51:16] {train_network.py:326} INFO - Validating...
[03:51:19] {train_network.py:329} INFO - 73/89 = 0.820225
[03:51:19] {train_network.py:317} INFO - Beginning Epoch 45
[03:51:36] {train_network.py:175} INFO - Epoch: 45, Batch: 100, Loss: 0.0569
[03:51:54] {train_network.py:175} INFO - Epoch: 45, Batch: 200, Loss: 0.0766
[03:52:12] {train_network.py:175} INFO - Epoch: 45, Batch: 300, Loss: 0.0414
[03:52:30] {train_network.py:175} INFO - Epoch: 45, Batch: 400, Loss: 0.0233
[03:52:48] {train_network.py:175} INFO - Epoch: 45, Batch: 500, Loss: 0.0438
[03:53:06] {train_network.py:175} INFO - Epoch: 45, Batch: 600, Loss: 0.0300
[03:53:24] {train_network.py:175} INFO - Epoch: 45, Batch: 700, Loss: 0.0325
[03:53:42] {train_network.py:175} INFO - Epoch: 45, Batch: 800, Loss: 0.0498
[03:54:00] {train_network.py:175} INFO - Epoch: 45, Batch: 900, Loss: 0.0362
[03:54:20] {train_network.py:326} INFO - Validating...
[03:54:23] {train_network.py:329} INFO - 73/89 = 0.820225
[03:54:23] {train_network.py:317} INFO - Beginning Epoch 46
[03:54:41] {train_network.py:175} INFO - Epoch: 46, Batch: 100, Loss: 0.0337
[03:54:58] {train_network.py:175} INFO - Epoch: 46, Batch: 200, Loss: 0.0552
[03:55:16] {train_network.py:175} INFO - Epoch: 46, Batch: 300, Loss: 0.0604
[03:55:34] {train_network.py:175} INFO - Epoch: 46, Batch: 400, Loss: 0.0323
[03:55:52] {train_network.py:175} INFO - Epoch: 46, Batch: 500, Loss: 0.0435
[03:56:10] {train_network.py:175} INFO - Epoch: 46, Batch: 600, Loss: 0.0390
[03:56:28] {train_network.py:175} INFO - Epoch: 46, Batch: 700, Loss: 0.0356
[03:56:46] {train_network.py:175} INFO - Epoch: 46, Batch: 800, Loss: 0.0583
[03:57:04] {train_network.py:175} INFO - Epoch: 46, Batch: 900, Loss: 0.0370
[03:57:23] {train_network.py:326} INFO - Validating...
[03:57:26] {train_network.py:329} INFO - 81/89 = 0.910112
[03:57:26] {train_network.py:317} INFO - Beginning Epoch 47
[03:57:44] {train_network.py:175} INFO - Epoch: 47, Batch: 100, Loss: 0.0266
[03:58:02] {train_network.py:175} INFO - Epoch: 47, Batch: 200, Loss: 0.0278
[03:58:20] {train_network.py:175} INFO - Epoch: 47, Batch: 300, Loss: 0.0217
[03:58:38] {train_network.py:175} INFO - Epoch: 47, Batch: 400, Loss: 0.0348
[03:58:56] {train_network.py:175} INFO - Epoch: 47, Batch: 500, Loss: 0.0170
[03:59:13] {train_network.py:175} INFO - Epoch: 47, Batch: 600, Loss: 0.0537
[03:59:32] {train_network.py:175} INFO - Epoch: 47, Batch: 700, Loss: 0.0461
[03:59:49] {train_network.py:175} INFO - Epoch: 47, Batch: 800, Loss: 0.0310
[04:00:07] {train_network.py:175} INFO - Epoch: 47, Batch: 900, Loss: 0.0330
[04:00:27] {train_network.py:326} INFO - Validating...
[04:00:30] {train_network.py:329} INFO - 80/89 = 0.898876
[04:00:30] {train_network.py:317} INFO - Beginning Epoch 48
[04:00:48] {train_network.py:175} INFO - Epoch: 48, Batch: 100, Loss: 0.0182
[04:01:06] {train_network.py:175} INFO - Epoch: 48, Batch: 200, Loss: 0.0214
[04:01:23] {train_network.py:175} INFO - Epoch: 48, Batch: 300, Loss: 0.0177
[04:01:41] {train_network.py:175} INFO - Epoch: 48, Batch: 400, Loss: 0.0229
[04:01:59] {train_network.py:175} INFO - Epoch: 48, Batch: 500, Loss: 0.0423
[04:02:17] {train_network.py:175} INFO - Epoch: 48, Batch: 600, Loss: 0.0334
[04:02:35] {train_network.py:175} INFO - Epoch: 48, Batch: 700, Loss: 0.0321
[04:02:53] {train_network.py:175} INFO - Epoch: 48, Batch: 800, Loss: 0.0589
[04:03:11] {train_network.py:175} INFO - Epoch: 48, Batch: 900, Loss: 0.0886
[04:03:30] {train_network.py:326} INFO - Validating...
[04:03:33] {train_network.py:329} INFO - 70/89 = 0.786517
[04:03:33] {train_network.py:317} INFO - Beginning Epoch 49
[04:03:51] {train_network.py:175} INFO - Epoch: 49, Batch: 100, Loss: 0.0246
[04:04:09] {train_network.py:175} INFO - Epoch: 49, Batch: 200, Loss: 0.0180
[04:04:28] {train_network.py:175} INFO - Epoch: 49, Batch: 300, Loss: 0.0145
[04:04:45] {train_network.py:175} INFO - Epoch: 49, Batch: 400, Loss: 0.0107
[04:05:04] {train_network.py:175} INFO - Epoch: 49, Batch: 500, Loss: 0.0240
[04:05:22] {train_network.py:175} INFO - Epoch: 49, Batch: 600, Loss: 0.0539
[04:05:40] {train_network.py:175} INFO - Epoch: 49, Batch: 700, Loss: 0.0114
[04:05:58] {train_network.py:175} INFO - Epoch: 49, Batch: 800, Loss: 0.0092
[04:06:16] {train_network.py:175} INFO - Epoch: 49, Batch: 900, Loss: 0.0407
[04:06:35] {train_network.py:326} INFO - Validating...
[04:06:38] {train_network.py:329} INFO - 78/89 = 0.876404
