[07:49:00] {/workspace/KIidP-Gruppe-4/hardware/device.py:11} INFO - CUDA detected. Running with GPU acceleration.
[07:49:00] {train_network.py:247} INFO - Loading Cornell Dataset...
[07:49:00] {train_network.py:256} INFO - Dataset size is 885
[07:49:00] {train_network.py:265} INFO - Training size: 796
[07:49:00] {train_network.py:266} INFO - Validation size: 89
[07:49:00] {train_network.py:284} INFO - Done
[07:49:00] {train_network.py:287} INFO - Loading Network...
[07:49:01] {train_network.py:298} INFO - Done
[07:49:02] {train_network.py:317} INFO - Beginning Epoch 00
[07:49:13] {train_network.py:175} INFO - Epoch: 0, Batch: 100, Loss: 0.1190
[07:49:25] {train_network.py:175} INFO - Epoch: 0, Batch: 200, Loss: 0.0923
[07:49:37] {train_network.py:175} INFO - Epoch: 0, Batch: 300, Loss: 0.0531
[07:49:49] {train_network.py:175} INFO - Epoch: 0, Batch: 400, Loss: 0.0923
[07:50:01] {train_network.py:175} INFO - Epoch: 0, Batch: 500, Loss: 0.0767
[07:50:13] {train_network.py:175} INFO - Epoch: 0, Batch: 600, Loss: 0.1074
[07:50:25] {train_network.py:175} INFO - Epoch: 0, Batch: 700, Loss: 0.0485
[07:50:37] {train_network.py:175} INFO - Epoch: 0, Batch: 800, Loss: 0.0508
[07:50:49] {train_network.py:175} INFO - Epoch: 0, Batch: 900, Loss: 0.0817
[07:51:02] {train_network.py:326} INFO - Validating...
[07:51:04] {train_network.py:329} INFO - 45/89 = 0.505618
[07:51:04] {train_network.py:317} INFO - Beginning Epoch 01
[07:51:16] {train_network.py:175} INFO - Epoch: 1, Batch: 100, Loss: 0.2065
[07:51:28] {train_network.py:175} INFO - Epoch: 1, Batch: 200, Loss: 0.1275
[07:51:40] {train_network.py:175} INFO - Epoch: 1, Batch: 300, Loss: 0.1115
[07:51:52] {train_network.py:175} INFO - Epoch: 1, Batch: 400, Loss: 0.0815
[07:52:04] {train_network.py:175} INFO - Epoch: 1, Batch: 500, Loss: 0.0705
[07:52:16] {train_network.py:175} INFO - Epoch: 1, Batch: 600, Loss: 0.0448
[07:52:28] {train_network.py:175} INFO - Epoch: 1, Batch: 700, Loss: 0.0578
[07:52:40] {train_network.py:175} INFO - Epoch: 1, Batch: 800, Loss: 0.0289
[07:52:52] {train_network.py:175} INFO - Epoch: 1, Batch: 900, Loss: 0.0519
[07:53:06] {train_network.py:326} INFO - Validating...
[07:53:08] {train_network.py:329} INFO - 17/89 = 0.191011
[07:53:08] {train_network.py:317} INFO - Beginning Epoch 02
[07:53:20] {train_network.py:175} INFO - Epoch: 2, Batch: 100, Loss: 0.0480
[07:53:32] {train_network.py:175} INFO - Epoch: 2, Batch: 200, Loss: 0.0767
[07:53:44] {train_network.py:175} INFO - Epoch: 2, Batch: 300, Loss: 0.1151
[07:53:56] {train_network.py:175} INFO - Epoch: 2, Batch: 400, Loss: 0.0289
[07:54:08] {train_network.py:175} INFO - Epoch: 2, Batch: 500, Loss: 0.1519
[07:54:20] {train_network.py:175} INFO - Epoch: 2, Batch: 600, Loss: 0.1450
[07:54:32] {train_network.py:175} INFO - Epoch: 2, Batch: 700, Loss: 0.1240
[07:54:44] {train_network.py:175} INFO - Epoch: 2, Batch: 800, Loss: 0.0557
[07:54:56] {train_network.py:175} INFO - Epoch: 2, Batch: 900, Loss: 0.0310
[07:55:10] {train_network.py:326} INFO - Validating...
[07:55:12] {train_network.py:329} INFO - 2/89 = 0.022472
[07:55:12] {train_network.py:317} INFO - Beginning Epoch 03
[07:55:23] {train_network.py:175} INFO - Epoch: 3, Batch: 100, Loss: 0.0358
[07:55:36] {train_network.py:175} INFO - Epoch: 3, Batch: 200, Loss: 0.0516
[07:55:47] {train_network.py:175} INFO - Epoch: 3, Batch: 300, Loss: 0.0876
[07:55:59] {train_network.py:175} INFO - Epoch: 3, Batch: 400, Loss: 0.0504
[07:56:11] {train_network.py:175} INFO - Epoch: 3, Batch: 500, Loss: 0.0452
[07:56:23] {train_network.py:175} INFO - Epoch: 3, Batch: 600, Loss: 0.0655
[07:56:35] {train_network.py:175} INFO - Epoch: 3, Batch: 700, Loss: 0.1858
[07:56:47] {train_network.py:175} INFO - Epoch: 3, Batch: 800, Loss: 0.0834
[07:56:59] {train_network.py:175} INFO - Epoch: 3, Batch: 900, Loss: 0.0898
[07:57:13] {train_network.py:326} INFO - Validating...
[07:57:15] {train_network.py:329} INFO - 0/89 = 0.000000
[07:57:15] {train_network.py:317} INFO - Beginning Epoch 04
[07:57:26] {train_network.py:175} INFO - Epoch: 4, Batch: 100, Loss: 0.0557
[07:57:38] {train_network.py:175} INFO - Epoch: 4, Batch: 200, Loss: 0.0756
[07:57:50] {train_network.py:175} INFO - Epoch: 4, Batch: 300, Loss: 0.0351
[07:58:02] {train_network.py:175} INFO - Epoch: 4, Batch: 400, Loss: 0.0556
[07:58:14] {train_network.py:175} INFO - Epoch: 4, Batch: 500, Loss: 0.0366
[07:58:26] {train_network.py:175} INFO - Epoch: 4, Batch: 600, Loss: 0.2597
[07:58:38] {train_network.py:175} INFO - Epoch: 4, Batch: 700, Loss: 0.0487
[07:58:50] {train_network.py:175} INFO - Epoch: 4, Batch: 800, Loss: 0.0379
[07:59:02] {train_network.py:175} INFO - Epoch: 4, Batch: 900, Loss: 0.0288
[07:59:15] {train_network.py:326} INFO - Validating...
[07:59:17] {train_network.py:329} INFO - 1/89 = 0.011236
[07:59:17] {train_network.py:317} INFO - Beginning Epoch 05
[07:59:29] {train_network.py:175} INFO - Epoch: 5, Batch: 100, Loss: 0.0617
[07:59:41] {train_network.py:175} INFO - Epoch: 5, Batch: 200, Loss: 0.0653
[07:59:53] {train_network.py:175} INFO - Epoch: 5, Batch: 300, Loss: 0.0737
[08:00:05] {train_network.py:175} INFO - Epoch: 5, Batch: 400, Loss: 0.0445
[08:00:17] {train_network.py:175} INFO - Epoch: 5, Batch: 500, Loss: 0.1325
[08:00:28] {train_network.py:175} INFO - Epoch: 5, Batch: 600, Loss: 0.0679
[08:00:40] {train_network.py:175} INFO - Epoch: 5, Batch: 700, Loss: 0.0567
[08:00:52] {train_network.py:175} INFO - Epoch: 5, Batch: 800, Loss: 0.0294
[08:01:04] {train_network.py:175} INFO - Epoch: 5, Batch: 900, Loss: 0.0476
[08:01:18] {train_network.py:326} INFO - Validating...
[08:01:20] {train_network.py:329} INFO - 0/89 = 0.000000
[08:01:20] {train_network.py:317} INFO - Beginning Epoch 06
[08:01:31] {train_network.py:175} INFO - Epoch: 6, Batch: 100, Loss: 0.1080
[08:01:43] {train_network.py:175} INFO - Epoch: 6, Batch: 200, Loss: 0.0714
[08:01:55] {train_network.py:175} INFO - Epoch: 6, Batch: 300, Loss: 0.0369
[08:02:07] {train_network.py:175} INFO - Epoch: 6, Batch: 400, Loss: 0.0651
[08:02:19] {train_network.py:175} INFO - Epoch: 6, Batch: 500, Loss: 0.0553
[08:02:31] {train_network.py:175} INFO - Epoch: 6, Batch: 600, Loss: 0.0416
[08:02:43] {train_network.py:175} INFO - Epoch: 6, Batch: 700, Loss: 0.0484
[08:02:55] {train_network.py:175} INFO - Epoch: 6, Batch: 800, Loss: 0.0500
[08:03:06] {train_network.py:175} INFO - Epoch: 6, Batch: 900, Loss: 0.0484
[08:03:20] {train_network.py:326} INFO - Validating...
[08:03:22] {train_network.py:329} INFO - 0/89 = 0.000000
[08:03:22] {train_network.py:317} INFO - Beginning Epoch 07
[08:03:34] {train_network.py:175} INFO - Epoch: 7, Batch: 100, Loss: 0.1005
[08:03:45] {train_network.py:175} INFO - Epoch: 7, Batch: 200, Loss: 0.1313
[08:03:57] {train_network.py:175} INFO - Epoch: 7, Batch: 300, Loss: 0.0440
[08:04:09] {train_network.py:175} INFO - Epoch: 7, Batch: 400, Loss: 0.1018
[08:04:21] {train_network.py:175} INFO - Epoch: 7, Batch: 500, Loss: 0.0924
[08:04:33] {train_network.py:175} INFO - Epoch: 7, Batch: 600, Loss: 0.0699
[08:04:44] {train_network.py:175} INFO - Epoch: 7, Batch: 700, Loss: 0.0238
[08:04:56] {train_network.py:175} INFO - Epoch: 7, Batch: 800, Loss: 0.0735
[08:05:08] {train_network.py:175} INFO - Epoch: 7, Batch: 900, Loss: 0.0612
[08:05:22] {train_network.py:326} INFO - Validating...
[08:05:24] {train_network.py:329} INFO - 2/89 = 0.022472
[08:05:24] {train_network.py:317} INFO - Beginning Epoch 08
[08:05:36] {train_network.py:175} INFO - Epoch: 8, Batch: 100, Loss: 0.0550
[08:05:48] {train_network.py:175} INFO - Epoch: 8, Batch: 200, Loss: 0.0932
[08:06:00] {train_network.py:175} INFO - Epoch: 8, Batch: 300, Loss: 0.0573
[08:06:12] {train_network.py:175} INFO - Epoch: 8, Batch: 400, Loss: 0.0756
[08:06:24] {train_network.py:175} INFO - Epoch: 8, Batch: 500, Loss: 0.0596
[08:06:35] {train_network.py:175} INFO - Epoch: 8, Batch: 600, Loss: 0.0713
[08:06:47] {train_network.py:175} INFO - Epoch: 8, Batch: 700, Loss: 0.0590
[08:06:59] {train_network.py:175} INFO - Epoch: 8, Batch: 800, Loss: 0.0306
[08:07:11] {train_network.py:175} INFO - Epoch: 8, Batch: 900, Loss: 0.0624
[08:07:25] {train_network.py:326} INFO - Validating...
[08:07:27] {train_network.py:329} INFO - 0/89 = 0.000000
[08:07:27] {train_network.py:317} INFO - Beginning Epoch 09
[08:07:39] {train_network.py:175} INFO - Epoch: 9, Batch: 100, Loss: 0.0211
[08:07:51] {train_network.py:175} INFO - Epoch: 9, Batch: 200, Loss: 0.0314
[08:08:03] {train_network.py:175} INFO - Epoch: 9, Batch: 300, Loss: 0.0599
[08:08:15] {train_network.py:175} INFO - Epoch: 9, Batch: 400, Loss: 0.0687
[08:08:26] {train_network.py:175} INFO - Epoch: 9, Batch: 500, Loss: 0.0686
[08:08:38] {train_network.py:175} INFO - Epoch: 9, Batch: 600, Loss: 0.1333
[08:08:50] {train_network.py:175} INFO - Epoch: 9, Batch: 700, Loss: 0.0541
[08:09:02] {train_network.py:175} INFO - Epoch: 9, Batch: 800, Loss: 0.0651
[08:09:14] {train_network.py:175} INFO - Epoch: 9, Batch: 900, Loss: 0.0214
[08:09:28] {train_network.py:326} INFO - Validating...
[08:09:30] {train_network.py:329} INFO - 3/89 = 0.033708
[08:09:30] {train_network.py:317} INFO - Beginning Epoch 10
[08:09:42] {train_network.py:175} INFO - Epoch: 10, Batch: 100, Loss: 0.1601
[08:09:53] {train_network.py:175} INFO - Epoch: 10, Batch: 200, Loss: 0.0339
[08:10:05] {train_network.py:175} INFO - Epoch: 10, Batch: 300, Loss: 0.1110
[08:10:17] {train_network.py:175} INFO - Epoch: 10, Batch: 400, Loss: 0.0988
[08:10:29] {train_network.py:175} INFO - Epoch: 10, Batch: 500, Loss: 0.0448
[08:10:41] {train_network.py:175} INFO - Epoch: 10, Batch: 600, Loss: 0.0416
[08:10:53] {train_network.py:175} INFO - Epoch: 10, Batch: 700, Loss: 0.0649
[08:11:05] {train_network.py:175} INFO - Epoch: 10, Batch: 800, Loss: 0.0964
[08:11:17] {train_network.py:175} INFO - Epoch: 10, Batch: 900, Loss: 0.0409
[08:11:30] {train_network.py:326} INFO - Validating...
[08:11:33] {train_network.py:329} INFO - 7/89 = 0.078652
[08:11:33] {train_network.py:317} INFO - Beginning Epoch 11
[08:11:44] {train_network.py:175} INFO - Epoch: 11, Batch: 100, Loss: 0.0281
[08:11:56] {train_network.py:175} INFO - Epoch: 11, Batch: 200, Loss: 0.0294
[08:12:08] {train_network.py:175} INFO - Epoch: 11, Batch: 300, Loss: 0.0318
[08:12:20] {train_network.py:175} INFO - Epoch: 11, Batch: 400, Loss: 0.0667
[08:12:32] {train_network.py:175} INFO - Epoch: 11, Batch: 500, Loss: 0.0316
[08:12:44] {train_network.py:175} INFO - Epoch: 11, Batch: 600, Loss: 0.1041
[08:12:56] {train_network.py:175} INFO - Epoch: 11, Batch: 700, Loss: 0.0939
[08:13:08] {train_network.py:175} INFO - Epoch: 11, Batch: 800, Loss: 0.0535
[08:13:20] {train_network.py:175} INFO - Epoch: 11, Batch: 900, Loss: 0.1168
[08:13:33] {train_network.py:326} INFO - Validating...
[08:13:35] {train_network.py:329} INFO - 29/89 = 0.325843
[08:13:35] {train_network.py:317} INFO - Beginning Epoch 12
[08:13:47] {train_network.py:175} INFO - Epoch: 12, Batch: 100, Loss: 0.1271
[08:13:59] {train_network.py:175} INFO - Epoch: 12, Batch: 200, Loss: 0.0905
[08:14:11] {train_network.py:175} INFO - Epoch: 12, Batch: 300, Loss: 0.0948
[08:14:23] {train_network.py:175} INFO - Epoch: 12, Batch: 400, Loss: 0.0402
[08:14:34] {train_network.py:175} INFO - Epoch: 12, Batch: 500, Loss: 0.0362
[08:14:46] {train_network.py:175} INFO - Epoch: 12, Batch: 600, Loss: 0.0502
[08:14:58] {train_network.py:175} INFO - Epoch: 12, Batch: 700, Loss: 0.0543
[08:15:10] {train_network.py:175} INFO - Epoch: 12, Batch: 800, Loss: 0.0586
[08:15:22] {train_network.py:175} INFO - Epoch: 12, Batch: 900, Loss: 0.0385
[08:15:35] {train_network.py:326} INFO - Validating...
[08:15:37] {train_network.py:329} INFO - 8/89 = 0.089888
[08:15:37] {train_network.py:317} INFO - Beginning Epoch 13
[08:15:49] {train_network.py:175} INFO - Epoch: 13, Batch: 100, Loss: 0.0562
[08:16:01] {train_network.py:175} INFO - Epoch: 13, Batch: 200, Loss: 0.0743
[08:16:13] {train_network.py:175} INFO - Epoch: 13, Batch: 300, Loss: 0.0450
[08:16:25] {train_network.py:175} INFO - Epoch: 13, Batch: 400, Loss: 0.0267
[08:16:37] {train_network.py:175} INFO - Epoch: 13, Batch: 500, Loss: 0.0386
[08:16:49] {train_network.py:175} INFO - Epoch: 13, Batch: 600, Loss: 0.0506
[08:17:01] {train_network.py:175} INFO - Epoch: 13, Batch: 700, Loss: 0.0497
[08:17:13] {train_network.py:175} INFO - Epoch: 13, Batch: 800, Loss: 0.0681
[08:17:25] {train_network.py:175} INFO - Epoch: 13, Batch: 900, Loss: 0.0328
[08:17:38] {train_network.py:326} INFO - Validating...
[08:17:40] {train_network.py:329} INFO - 4/89 = 0.044944
[08:17:40] {train_network.py:317} INFO - Beginning Epoch 14
[08:17:52] {train_network.py:175} INFO - Epoch: 14, Batch: 100, Loss: 0.0443
[08:18:04] {train_network.py:175} INFO - Epoch: 14, Batch: 200, Loss: 0.1214
[08:18:16] {train_network.py:175} INFO - Epoch: 14, Batch: 300, Loss: 0.0611
[08:18:27] {train_network.py:175} INFO - Epoch: 14, Batch: 400, Loss: 0.0593
[08:18:39] {train_network.py:175} INFO - Epoch: 14, Batch: 500, Loss: 0.0452
[08:18:51] {train_network.py:175} INFO - Epoch: 14, Batch: 600, Loss: 0.0854
[08:19:03] {train_network.py:175} INFO - Epoch: 14, Batch: 700, Loss: 0.0291
[08:19:15] {train_network.py:175} INFO - Epoch: 14, Batch: 800, Loss: 0.0425
[08:19:27] {train_network.py:175} INFO - Epoch: 14, Batch: 900, Loss: 0.0791
[08:19:41] {train_network.py:326} INFO - Validating...
[08:19:43] {train_network.py:329} INFO - 29/89 = 0.325843
[08:19:43] {train_network.py:317} INFO - Beginning Epoch 15
[08:19:55] {train_network.py:175} INFO - Epoch: 15, Batch: 100, Loss: 0.0349
[08:20:07] {train_network.py:175} INFO - Epoch: 15, Batch: 200, Loss: 0.0397
[08:20:19] {train_network.py:175} INFO - Epoch: 15, Batch: 300, Loss: 0.0405
[08:20:31] {train_network.py:175} INFO - Epoch: 15, Batch: 400, Loss: 0.0351
[08:20:43] {train_network.py:175} INFO - Epoch: 15, Batch: 500, Loss: 0.0474
[08:20:54] {train_network.py:175} INFO - Epoch: 15, Batch: 600, Loss: 0.0881
[08:21:06] {train_network.py:175} INFO - Epoch: 15, Batch: 700, Loss: 0.0363
[08:21:18] {train_network.py:175} INFO - Epoch: 15, Batch: 800, Loss: 0.0520
[08:21:30] {train_network.py:175} INFO - Epoch: 15, Batch: 900, Loss: 0.0672
[08:21:43] {train_network.py:326} INFO - Validating...
[08:21:46] {train_network.py:329} INFO - 12/89 = 0.134831
[08:21:46] {train_network.py:317} INFO - Beginning Epoch 16
[08:21:58] {train_network.py:175} INFO - Epoch: 16, Batch: 100, Loss: 0.0932
[08:22:09] {train_network.py:175} INFO - Epoch: 16, Batch: 200, Loss: 0.0772
[08:22:21] {train_network.py:175} INFO - Epoch: 16, Batch: 300, Loss: 0.0212
[08:22:33] {train_network.py:175} INFO - Epoch: 16, Batch: 400, Loss: 0.0774
[08:22:45] {train_network.py:175} INFO - Epoch: 16, Batch: 500, Loss: 0.0946
[08:22:57] {train_network.py:175} INFO - Epoch: 16, Batch: 600, Loss: 0.0196
[08:23:09] {train_network.py:175} INFO - Epoch: 16, Batch: 700, Loss: 0.0710
[08:23:21] {train_network.py:175} INFO - Epoch: 16, Batch: 800, Loss: 0.0969
[08:23:33] {train_network.py:175} INFO - Epoch: 16, Batch: 900, Loss: 0.0296
[08:23:46] {train_network.py:326} INFO - Validating...
[08:23:49] {train_network.py:329} INFO - 16/89 = 0.179775
[08:23:49] {train_network.py:317} INFO - Beginning Epoch 17
[08:24:01] {train_network.py:175} INFO - Epoch: 17, Batch: 100, Loss: 0.0705
[08:24:12] {train_network.py:175} INFO - Epoch: 17, Batch: 200, Loss: 0.0716
[08:24:24] {train_network.py:175} INFO - Epoch: 17, Batch: 300, Loss: 0.0907
[08:24:36] {train_network.py:175} INFO - Epoch: 17, Batch: 400, Loss: 0.0546
[08:24:48] {train_network.py:175} INFO - Epoch: 17, Batch: 500, Loss: 0.0294
[08:25:00] {train_network.py:175} INFO - Epoch: 17, Batch: 600, Loss: 0.0328
[08:25:12] {train_network.py:175} INFO - Epoch: 17, Batch: 700, Loss: 0.0254
[08:25:24] {train_network.py:175} INFO - Epoch: 17, Batch: 800, Loss: 0.0456
[08:25:36] {train_network.py:175} INFO - Epoch: 17, Batch: 900, Loss: 0.0715
[08:25:49] {train_network.py:326} INFO - Validating...
[08:25:51] {train_network.py:329} INFO - 3/89 = 0.033708
[08:25:51] {train_network.py:317} INFO - Beginning Epoch 18
[08:26:03] {train_network.py:175} INFO - Epoch: 18, Batch: 100, Loss: 0.0425
[08:26:15] {train_network.py:175} INFO - Epoch: 18, Batch: 200, Loss: 0.0636
[08:26:27] {train_network.py:175} INFO - Epoch: 18, Batch: 300, Loss: 0.0577
[08:26:39] {train_network.py:175} INFO - Epoch: 18, Batch: 400, Loss: 0.0343
[08:26:51] {train_network.py:175} INFO - Epoch: 18, Batch: 500, Loss: 0.0484
[08:27:02] {train_network.py:175} INFO - Epoch: 18, Batch: 600, Loss: 0.1022
[08:27:14] {train_network.py:175} INFO - Epoch: 18, Batch: 700, Loss: 0.0324
[08:27:26] {train_network.py:175} INFO - Epoch: 18, Batch: 800, Loss: 0.0580
[08:27:38] {train_network.py:175} INFO - Epoch: 18, Batch: 900, Loss: 0.0338
[08:27:52] {train_network.py:326} INFO - Validating...
[08:27:54] {train_network.py:329} INFO - 22/89 = 0.247191
[08:27:54] {train_network.py:317} INFO - Beginning Epoch 19
[08:28:06] {train_network.py:175} INFO - Epoch: 19, Batch: 100, Loss: 0.0202
[08:28:18] {train_network.py:175} INFO - Epoch: 19, Batch: 200, Loss: 0.1001
[08:28:30] {train_network.py:175} INFO - Epoch: 19, Batch: 300, Loss: 0.0455
[08:28:41] {train_network.py:175} INFO - Epoch: 19, Batch: 400, Loss: 0.0868
[08:28:53] {train_network.py:175} INFO - Epoch: 19, Batch: 500, Loss: 0.0509
[08:29:05] {train_network.py:175} INFO - Epoch: 19, Batch: 600, Loss: 0.0302
[08:29:17] {train_network.py:175} INFO - Epoch: 19, Batch: 700, Loss: 0.0460
[08:29:29] {train_network.py:175} INFO - Epoch: 19, Batch: 800, Loss: 0.0339
[08:29:41] {train_network.py:175} INFO - Epoch: 19, Batch: 900, Loss: 0.0921
[08:29:55] {train_network.py:326} INFO - Validating...
[08:29:57] {train_network.py:329} INFO - 3/89 = 0.033708
[08:29:57] {train_network.py:317} INFO - Beginning Epoch 20
[08:30:09] {train_network.py:175} INFO - Epoch: 20, Batch: 100, Loss: 0.0282
[08:30:21] {train_network.py:175} INFO - Epoch: 20, Batch: 200, Loss: 0.0243
[08:30:33] {train_network.py:175} INFO - Epoch: 20, Batch: 300, Loss: 0.0279
[08:30:45] {train_network.py:175} INFO - Epoch: 20, Batch: 400, Loss: 0.0816
[08:30:56] {train_network.py:175} INFO - Epoch: 20, Batch: 500, Loss: 0.0643
[08:31:08] {train_network.py:175} INFO - Epoch: 20, Batch: 600, Loss: 0.0773
[08:31:20] {train_network.py:175} INFO - Epoch: 20, Batch: 700, Loss: 0.0756
[08:31:32] {train_network.py:175} INFO - Epoch: 20, Batch: 800, Loss: 0.0711
[08:31:44] {train_network.py:175} INFO - Epoch: 20, Batch: 900, Loss: 0.0465
[08:31:58] {train_network.py:326} INFO - Validating...
[08:32:00] {train_network.py:329} INFO - 21/89 = 0.235955
[08:32:00] {train_network.py:317} INFO - Beginning Epoch 21
[08:32:12] {train_network.py:175} INFO - Epoch: 21, Batch: 100, Loss: 0.0562
[08:32:23] {train_network.py:175} INFO - Epoch: 21, Batch: 200, Loss: 0.0298
[08:32:35] {train_network.py:175} INFO - Epoch: 21, Batch: 300, Loss: 0.0321
[08:32:47] {train_network.py:175} INFO - Epoch: 21, Batch: 400, Loss: 0.0361
[08:32:59] {train_network.py:175} INFO - Epoch: 21, Batch: 500, Loss: 0.0541
[08:33:11] {train_network.py:175} INFO - Epoch: 21, Batch: 600, Loss: 0.0534
[08:33:23] {train_network.py:175} INFO - Epoch: 21, Batch: 700, Loss: 0.0547
[08:33:35] {train_network.py:175} INFO - Epoch: 21, Batch: 800, Loss: 0.0486
[08:33:47] {train_network.py:175} INFO - Epoch: 21, Batch: 900, Loss: 0.1025
[08:34:00] {train_network.py:326} INFO - Validating...
[08:34:02] {train_network.py:329} INFO - 29/89 = 0.325843
[08:34:02] {train_network.py:317} INFO - Beginning Epoch 22
[08:34:14] {train_network.py:175} INFO - Epoch: 22, Batch: 100, Loss: 0.0451
[08:34:26] {train_network.py:175} INFO - Epoch: 22, Batch: 200, Loss: 0.0311
[08:34:38] {train_network.py:175} INFO - Epoch: 22, Batch: 300, Loss: 0.0124
[08:34:50] {train_network.py:175} INFO - Epoch: 22, Batch: 400, Loss: 0.0789
[08:35:01] {train_network.py:175} INFO - Epoch: 22, Batch: 500, Loss: 0.0769
[08:35:13] {train_network.py:175} INFO - Epoch: 22, Batch: 600, Loss: 0.0930
[08:35:25] {train_network.py:175} INFO - Epoch: 22, Batch: 700, Loss: 0.0495
[08:35:37] {train_network.py:175} INFO - Epoch: 22, Batch: 800, Loss: 0.0377
[08:35:49] {train_network.py:175} INFO - Epoch: 22, Batch: 900, Loss: 0.0938
[08:36:03] {train_network.py:326} INFO - Validating...
[08:36:05] {train_network.py:329} INFO - 40/89 = 0.449438
[08:36:05] {train_network.py:317} INFO - Beginning Epoch 23
[08:36:17] {train_network.py:175} INFO - Epoch: 23, Batch: 100, Loss: 0.0344
[08:36:29] {train_network.py:175} INFO - Epoch: 23, Batch: 200, Loss: 0.1038
[08:36:41] {train_network.py:175} INFO - Epoch: 23, Batch: 300, Loss: 0.0249
[08:36:53] {train_network.py:175} INFO - Epoch: 23, Batch: 400, Loss: 0.0340
[08:37:05] {train_network.py:175} INFO - Epoch: 23, Batch: 500, Loss: 0.0412
[08:37:16] {train_network.py:175} INFO - Epoch: 23, Batch: 600, Loss: 0.0195
[08:37:28] {train_network.py:175} INFO - Epoch: 23, Batch: 700, Loss: 0.0428
[08:37:40] {train_network.py:175} INFO - Epoch: 23, Batch: 800, Loss: 0.0400
[08:37:52] {train_network.py:175} INFO - Epoch: 23, Batch: 900, Loss: 0.0657
[08:38:06] {train_network.py:326} INFO - Validating...
[08:38:08] {train_network.py:329} INFO - 7/89 = 0.078652
[08:38:08] {train_network.py:317} INFO - Beginning Epoch 24
[08:38:20] {train_network.py:175} INFO - Epoch: 24, Batch: 100, Loss: 0.1033
[08:38:32] {train_network.py:175} INFO - Epoch: 24, Batch: 200, Loss: 0.0589
[08:38:44] {train_network.py:175} INFO - Epoch: 24, Batch: 300, Loss: 0.0308
[08:38:56] {train_network.py:175} INFO - Epoch: 24, Batch: 400, Loss: 0.1004
[08:39:08] {train_network.py:175} INFO - Epoch: 24, Batch: 500, Loss: 0.1510
[08:39:20] {train_network.py:175} INFO - Epoch: 24, Batch: 600, Loss: 0.0435
[08:39:31] {train_network.py:175} INFO - Epoch: 24, Batch: 700, Loss: 0.1222
[08:39:43] {train_network.py:175} INFO - Epoch: 24, Batch: 800, Loss: 0.0388
[08:39:55] {train_network.py:175} INFO - Epoch: 24, Batch: 900, Loss: 0.0555
[08:40:09] {train_network.py:326} INFO - Validating...
[08:40:11] {train_network.py:329} INFO - 13/89 = 0.146067
[08:40:11] {train_network.py:317} INFO - Beginning Epoch 25
[08:40:23] {train_network.py:175} INFO - Epoch: 25, Batch: 100, Loss: 0.0348
[08:40:35] {train_network.py:175} INFO - Epoch: 25, Batch: 200, Loss: 0.0579
[08:40:46] {train_network.py:175} INFO - Epoch: 25, Batch: 300, Loss: 0.0254
[08:40:58] {train_network.py:175} INFO - Epoch: 25, Batch: 400, Loss: 0.0611
[08:41:10] {train_network.py:175} INFO - Epoch: 25, Batch: 500, Loss: 0.0399
[08:41:22] {train_network.py:175} INFO - Epoch: 25, Batch: 600, Loss: 0.0614
[08:41:34] {train_network.py:175} INFO - Epoch: 25, Batch: 700, Loss: 0.0385
[08:41:46] {train_network.py:175} INFO - Epoch: 25, Batch: 800, Loss: 0.0408
[08:41:58] {train_network.py:175} INFO - Epoch: 25, Batch: 900, Loss: 0.0465
[08:42:12] {train_network.py:326} INFO - Validating...
[08:42:14] {train_network.py:329} INFO - 26/89 = 0.292135
[08:42:14] {train_network.py:317} INFO - Beginning Epoch 26
[08:42:26] {train_network.py:175} INFO - Epoch: 26, Batch: 100, Loss: 0.0273
[08:42:38] {train_network.py:175} INFO - Epoch: 26, Batch: 200, Loss: 0.0401
[08:42:50] {train_network.py:175} INFO - Epoch: 26, Batch: 300, Loss: 0.0863
[08:43:02] {train_network.py:175} INFO - Epoch: 26, Batch: 400, Loss: 0.0422
[08:43:14] {train_network.py:175} INFO - Epoch: 26, Batch: 500, Loss: 0.0591
[08:43:26] {train_network.py:175} INFO - Epoch: 26, Batch: 600, Loss: 0.0305
[08:43:38] {train_network.py:175} INFO - Epoch: 26, Batch: 700, Loss: 0.0470
[08:43:50] {train_network.py:175} INFO - Epoch: 26, Batch: 800, Loss: 0.0333
[08:44:02] {train_network.py:175} INFO - Epoch: 26, Batch: 900, Loss: 0.0777
[08:44:15] {train_network.py:326} INFO - Validating...
[08:44:18] {train_network.py:329} INFO - 33/89 = 0.370787
[08:44:18] {train_network.py:317} INFO - Beginning Epoch 27
[08:44:29] {train_network.py:175} INFO - Epoch: 27, Batch: 100, Loss: 0.0243
[08:44:41] {train_network.py:175} INFO - Epoch: 27, Batch: 200, Loss: 0.0588
[08:44:53] {train_network.py:175} INFO - Epoch: 27, Batch: 300, Loss: 0.0414
[08:45:05] {train_network.py:175} INFO - Epoch: 27, Batch: 400, Loss: 0.0417
[08:45:17] {train_network.py:175} INFO - Epoch: 27, Batch: 500, Loss: 0.0201
[08:45:29] {train_network.py:175} INFO - Epoch: 27, Batch: 600, Loss: 0.0508
[08:45:41] {train_network.py:175} INFO - Epoch: 27, Batch: 700, Loss: 0.0760
[08:45:53] {train_network.py:175} INFO - Epoch: 27, Batch: 800, Loss: 0.0417
[08:46:05] {train_network.py:175} INFO - Epoch: 27, Batch: 900, Loss: 0.0573
[08:46:18] {train_network.py:326} INFO - Validating...
[08:46:20] {train_network.py:329} INFO - 19/89 = 0.213483
[08:46:20] {train_network.py:317} INFO - Beginning Epoch 28
[08:46:32] {train_network.py:175} INFO - Epoch: 28, Batch: 100, Loss: 0.0411
[08:46:44] {train_network.py:175} INFO - Epoch: 28, Batch: 200, Loss: 0.0764
[08:46:56] {train_network.py:175} INFO - Epoch: 28, Batch: 300, Loss: 0.0413
[08:47:08] {train_network.py:175} INFO - Epoch: 28, Batch: 400, Loss: 0.0465
[08:47:20] {train_network.py:175} INFO - Epoch: 28, Batch: 500, Loss: 0.0979
[08:47:32] {train_network.py:175} INFO - Epoch: 28, Batch: 600, Loss: 0.0425
[08:47:43] {train_network.py:175} INFO - Epoch: 28, Batch: 700, Loss: 0.1020
[08:47:55] {train_network.py:175} INFO - Epoch: 28, Batch: 800, Loss: 0.1142
[08:48:07] {train_network.py:175} INFO - Epoch: 28, Batch: 900, Loss: 0.0346
[08:48:21] {train_network.py:326} INFO - Validating...
[08:48:23] {train_network.py:329} INFO - 18/89 = 0.202247
[08:48:23] {train_network.py:317} INFO - Beginning Epoch 29
[08:48:35] {train_network.py:175} INFO - Epoch: 29, Batch: 100, Loss: 0.0671
[08:48:47] {train_network.py:175} INFO - Epoch: 29, Batch: 200, Loss: 0.0234
[08:48:59] {train_network.py:175} INFO - Epoch: 29, Batch: 300, Loss: 0.0320
[08:49:11] {train_network.py:175} INFO - Epoch: 29, Batch: 400, Loss: 0.0731
[08:49:23] {train_network.py:175} INFO - Epoch: 29, Batch: 500, Loss: 0.0749
[08:49:34] {train_network.py:175} INFO - Epoch: 29, Batch: 600, Loss: 0.0512
[08:49:46] {train_network.py:175} INFO - Epoch: 29, Batch: 700, Loss: 0.0344
[08:49:58] {train_network.py:175} INFO - Epoch: 29, Batch: 800, Loss: 0.0847
[08:50:10] {train_network.py:175} INFO - Epoch: 29, Batch: 900, Loss: 0.0214
[08:50:24] {train_network.py:326} INFO - Validating...
[08:50:26] {train_network.py:329} INFO - 13/89 = 0.146067
[08:50:26] {train_network.py:317} INFO - Beginning Epoch 30
[08:50:38] {train_network.py:175} INFO - Epoch: 30, Batch: 100, Loss: 0.0619
[08:50:50] {train_network.py:175} INFO - Epoch: 30, Batch: 200, Loss: 0.0270
[08:51:02] {train_network.py:175} INFO - Epoch: 30, Batch: 300, Loss: 0.0425
[08:51:14] {train_network.py:175} INFO - Epoch: 30, Batch: 400, Loss: 0.0197
[08:51:26] {train_network.py:175} INFO - Epoch: 30, Batch: 500, Loss: 0.0496
[08:51:38] {train_network.py:175} INFO - Epoch: 30, Batch: 600, Loss: 0.0510
[08:51:50] {train_network.py:175} INFO - Epoch: 30, Batch: 700, Loss: 0.0876
[08:52:02] {train_network.py:175} INFO - Epoch: 30, Batch: 800, Loss: 0.0617
[08:52:13] {train_network.py:175} INFO - Epoch: 30, Batch: 900, Loss: 0.0566
[08:52:27] {train_network.py:326} INFO - Validating...
[08:52:29] {train_network.py:329} INFO - 18/89 = 0.202247
[08:52:29] {train_network.py:317} INFO - Beginning Epoch 31
[08:52:41] {train_network.py:175} INFO - Epoch: 31, Batch: 100, Loss: 0.0664
[08:52:53] {train_network.py:175} INFO - Epoch: 31, Batch: 200, Loss: 0.0450
[08:53:04] {train_network.py:175} INFO - Epoch: 31, Batch: 300, Loss: 0.0572
[08:53:17] {train_network.py:175} INFO - Epoch: 31, Batch: 400, Loss: 0.0274
[08:53:28] {train_network.py:175} INFO - Epoch: 31, Batch: 500, Loss: 0.0318
[08:53:40] {train_network.py:175} INFO - Epoch: 31, Batch: 600, Loss: 0.0641
[08:53:52] {train_network.py:175} INFO - Epoch: 31, Batch: 700, Loss: 0.0163
[08:54:04] {train_network.py:175} INFO - Epoch: 31, Batch: 800, Loss: 0.0240
[08:54:16] {train_network.py:175} INFO - Epoch: 31, Batch: 900, Loss: 0.0281
[08:54:29] {train_network.py:326} INFO - Validating...
[08:54:31] {train_network.py:329} INFO - 22/89 = 0.247191
[08:54:31] {train_network.py:317} INFO - Beginning Epoch 32
[08:54:43] {train_network.py:175} INFO - Epoch: 32, Batch: 100, Loss: 0.0623
[08:54:55] {train_network.py:175} INFO - Epoch: 32, Batch: 200, Loss: 0.0430
[08:55:07] {train_network.py:175} INFO - Epoch: 32, Batch: 300, Loss: 0.0975
[08:55:19] {train_network.py:175} INFO - Epoch: 32, Batch: 400, Loss: 0.0305
[08:55:31] {train_network.py:175} INFO - Epoch: 32, Batch: 500, Loss: 0.0640
[08:55:43] {train_network.py:175} INFO - Epoch: 32, Batch: 600, Loss: 0.0348
[08:55:55] {train_network.py:175} INFO - Epoch: 32, Batch: 700, Loss: 0.0743
[08:56:06] {train_network.py:175} INFO - Epoch: 32, Batch: 800, Loss: 0.0488
[08:56:18] {train_network.py:175} INFO - Epoch: 32, Batch: 900, Loss: 0.0737
[08:56:32] {train_network.py:326} INFO - Validating...
[08:56:34] {train_network.py:329} INFO - 20/89 = 0.224719
[08:56:34] {train_network.py:317} INFO - Beginning Epoch 33
[08:56:46] {train_network.py:175} INFO - Epoch: 33, Batch: 100, Loss: 0.0342
[08:56:58] {train_network.py:175} INFO - Epoch: 33, Batch: 200, Loss: 0.0407
[08:57:10] {train_network.py:175} INFO - Epoch: 33, Batch: 300, Loss: 0.0459
[08:57:22] {train_network.py:175} INFO - Epoch: 33, Batch: 400, Loss: 0.0342
[08:57:34] {train_network.py:175} INFO - Epoch: 33, Batch: 500, Loss: 0.0645
[08:57:46] {train_network.py:175} INFO - Epoch: 33, Batch: 600, Loss: 0.0763
[08:57:57] {train_network.py:175} INFO - Epoch: 33, Batch: 700, Loss: 0.0581
[08:58:09] {train_network.py:175} INFO - Epoch: 33, Batch: 800, Loss: 0.0587
[08:58:21] {train_network.py:175} INFO - Epoch: 33, Batch: 900, Loss: 0.0524
[08:58:35] {train_network.py:326} INFO - Validating...
[08:58:37] {train_network.py:329} INFO - 5/89 = 0.056180
[08:58:37] {train_network.py:317} INFO - Beginning Epoch 34
[08:58:49] {train_network.py:175} INFO - Epoch: 34, Batch: 100, Loss: 0.0729
[08:59:01] {train_network.py:175} INFO - Epoch: 34, Batch: 200, Loss: 0.0223
[08:59:13] {train_network.py:175} INFO - Epoch: 34, Batch: 300, Loss: 0.0298
[08:59:25] {train_network.py:175} INFO - Epoch: 34, Batch: 400, Loss: 0.0445
[08:59:37] {train_network.py:175} INFO - Epoch: 34, Batch: 500, Loss: 0.0868
[08:59:49] {train_network.py:175} INFO - Epoch: 34, Batch: 600, Loss: 0.1363
[09:00:00] {train_network.py:175} INFO - Epoch: 34, Batch: 700, Loss: 0.0242
[09:00:12] {train_network.py:175} INFO - Epoch: 34, Batch: 800, Loss: 0.0155
[09:00:25] {train_network.py:175} INFO - Epoch: 34, Batch: 900, Loss: 0.0609
[09:00:38] {train_network.py:326} INFO - Validating...
[09:00:40] {train_network.py:329} INFO - 15/89 = 0.168539
[09:00:40] {train_network.py:317} INFO - Beginning Epoch 35
[09:00:52] {train_network.py:175} INFO - Epoch: 35, Batch: 100, Loss: 0.0614
[09:01:04] {train_network.py:175} INFO - Epoch: 35, Batch: 200, Loss: 0.0649
[09:01:16] {train_network.py:175} INFO - Epoch: 35, Batch: 300, Loss: 0.0776
[09:01:28] {train_network.py:175} INFO - Epoch: 35, Batch: 400, Loss: 0.0314
[09:01:40] {train_network.py:175} INFO - Epoch: 35, Batch: 500, Loss: 0.1015
[09:01:52] {train_network.py:175} INFO - Epoch: 35, Batch: 600, Loss: 0.0317
[09:02:04] {train_network.py:175} INFO - Epoch: 35, Batch: 700, Loss: 0.0671
[09:02:16] {train_network.py:175} INFO - Epoch: 35, Batch: 800, Loss: 0.0574
[09:02:28] {train_network.py:175} INFO - Epoch: 35, Batch: 900, Loss: 0.0313
[09:02:41] {train_network.py:326} INFO - Validating...
[09:02:43] {train_network.py:329} INFO - 9/89 = 0.101124
[09:02:43] {train_network.py:317} INFO - Beginning Epoch 36
[09:02:55] {train_network.py:175} INFO - Epoch: 36, Batch: 100, Loss: 0.1162
[09:03:07] {train_network.py:175} INFO - Epoch: 36, Batch: 200, Loss: 0.0492
[09:03:19] {train_network.py:175} INFO - Epoch: 36, Batch: 300, Loss: 0.0398
[09:03:31] {train_network.py:175} INFO - Epoch: 36, Batch: 400, Loss: 0.0241
[09:03:43] {train_network.py:175} INFO - Epoch: 36, Batch: 500, Loss: 0.0595
[09:03:55] {train_network.py:175} INFO - Epoch: 36, Batch: 600, Loss: 0.0624
[09:04:06] {train_network.py:175} INFO - Epoch: 36, Batch: 700, Loss: 0.1413
[09:04:18] {train_network.py:175} INFO - Epoch: 36, Batch: 800, Loss: 0.0394
[09:04:30] {train_network.py:175} INFO - Epoch: 36, Batch: 900, Loss: 0.0504
[09:04:44] {train_network.py:326} INFO - Validating...
[09:04:46] {train_network.py:329} INFO - 7/89 = 0.078652
[09:04:46] {train_network.py:317} INFO - Beginning Epoch 37
[09:04:58] {train_network.py:175} INFO - Epoch: 37, Batch: 100, Loss: 0.0337
[09:05:10] {train_network.py:175} INFO - Epoch: 37, Batch: 200, Loss: 0.0572
[09:05:22] {train_network.py:175} INFO - Epoch: 37, Batch: 300, Loss: 0.0710
[09:05:34] {train_network.py:175} INFO - Epoch: 37, Batch: 400, Loss: 0.0490
[09:05:45] {train_network.py:175} INFO - Epoch: 37, Batch: 500, Loss: 0.0898
[09:05:57] {train_network.py:175} INFO - Epoch: 37, Batch: 600, Loss: 0.0388
[09:06:09] {train_network.py:175} INFO - Epoch: 37, Batch: 700, Loss: 0.0853
[09:06:21] {train_network.py:175} INFO - Epoch: 37, Batch: 800, Loss: 0.0218
[09:06:33] {train_network.py:175} INFO - Epoch: 37, Batch: 900, Loss: 0.0394
[09:06:46] {train_network.py:326} INFO - Validating...
[09:06:49] {train_network.py:329} INFO - 14/89 = 0.157303
[09:06:49] {train_network.py:317} INFO - Beginning Epoch 38
[09:07:00] {train_network.py:175} INFO - Epoch: 38, Batch: 100, Loss: 0.0643
[09:07:12] {train_network.py:175} INFO - Epoch: 38, Batch: 200, Loss: 0.0646
[09:07:24] {train_network.py:175} INFO - Epoch: 38, Batch: 300, Loss: 0.0815
[09:07:36] {train_network.py:175} INFO - Epoch: 38, Batch: 400, Loss: 0.0337
[09:07:48] {train_network.py:175} INFO - Epoch: 38, Batch: 500, Loss: 0.0383
[09:08:00] {train_network.py:175} INFO - Epoch: 38, Batch: 600, Loss: 0.0317
[09:08:12] {train_network.py:175} INFO - Epoch: 38, Batch: 700, Loss: 0.0724
[09:08:24] {train_network.py:175} INFO - Epoch: 38, Batch: 800, Loss: 0.0358
[09:08:36] {train_network.py:175} INFO - Epoch: 38, Batch: 900, Loss: 0.0646
[09:08:49] {train_network.py:326} INFO - Validating...
[09:08:51] {train_network.py:329} INFO - 20/89 = 0.224719
[09:08:51] {train_network.py:317} INFO - Beginning Epoch 39
[09:09:03] {train_network.py:175} INFO - Epoch: 39, Batch: 100, Loss: 0.0395
[09:09:15] {train_network.py:175} INFO - Epoch: 39, Batch: 200, Loss: 0.0554
[09:09:27] {train_network.py:175} INFO - Epoch: 39, Batch: 300, Loss: 0.0199
[09:09:39] {train_network.py:175} INFO - Epoch: 39, Batch: 400, Loss: 0.0540
[09:09:51] {train_network.py:175} INFO - Epoch: 39, Batch: 500, Loss: 0.0512
[09:10:03] {train_network.py:175} INFO - Epoch: 39, Batch: 600, Loss: 0.0483
[09:10:15] {train_network.py:175} INFO - Epoch: 39, Batch: 700, Loss: 0.0370
[09:10:27] {train_network.py:175} INFO - Epoch: 39, Batch: 800, Loss: 0.0354
[09:10:39] {train_network.py:175} INFO - Epoch: 39, Batch: 900, Loss: 0.0397
[09:10:52] {train_network.py:326} INFO - Validating...
[09:10:55] {train_network.py:329} INFO - 12/89 = 0.134831
[09:10:55] {train_network.py:317} INFO - Beginning Epoch 40
[09:11:07] {train_network.py:175} INFO - Epoch: 40, Batch: 100, Loss: 0.0676
[09:11:19] {train_network.py:175} INFO - Epoch: 40, Batch: 200, Loss: 0.0390
[09:11:30] {train_network.py:175} INFO - Epoch: 40, Batch: 300, Loss: 0.0234
[09:11:43] {train_network.py:175} INFO - Epoch: 40, Batch: 400, Loss: 0.0300
[09:11:54] {train_network.py:175} INFO - Epoch: 40, Batch: 500, Loss: 0.0095
[09:12:06] {train_network.py:175} INFO - Epoch: 40, Batch: 600, Loss: 0.0508
[09:12:18] {train_network.py:175} INFO - Epoch: 40, Batch: 700, Loss: 0.0261
[09:12:30] {train_network.py:175} INFO - Epoch: 40, Batch: 800, Loss: 0.0164
[09:12:42] {train_network.py:175} INFO - Epoch: 40, Batch: 900, Loss: 0.0330
[09:12:56] {train_network.py:326} INFO - Validating...
[09:12:58] {train_network.py:329} INFO - 11/89 = 0.123596
[09:12:58] {train_network.py:317} INFO - Beginning Epoch 41
[09:13:10] {train_network.py:175} INFO - Epoch: 41, Batch: 100, Loss: 0.0864
[09:13:22] {train_network.py:175} INFO - Epoch: 41, Batch: 200, Loss: 0.0278
[09:13:33] {train_network.py:175} INFO - Epoch: 41, Batch: 300, Loss: 0.0237
[09:13:45] {train_network.py:175} INFO - Epoch: 41, Batch: 400, Loss: 0.0455
[09:13:57] {train_network.py:175} INFO - Epoch: 41, Batch: 500, Loss: 0.0435
[09:14:09] {train_network.py:175} INFO - Epoch: 41, Batch: 600, Loss: 0.0475
[09:14:21] {train_network.py:175} INFO - Epoch: 41, Batch: 700, Loss: 0.0414
[09:14:33] {train_network.py:175} INFO - Epoch: 41, Batch: 800, Loss: 0.0436
[09:14:45] {train_network.py:175} INFO - Epoch: 41, Batch: 900, Loss: 0.0537
[09:14:58] {train_network.py:326} INFO - Validating...
[09:15:01] {train_network.py:329} INFO - 6/89 = 0.067416
[09:15:01] {train_network.py:317} INFO - Beginning Epoch 42
[09:15:13] {train_network.py:175} INFO - Epoch: 42, Batch: 100, Loss: 0.0357
[09:15:24] {train_network.py:175} INFO - Epoch: 42, Batch: 200, Loss: 0.0249
[09:15:36] {train_network.py:175} INFO - Epoch: 42, Batch: 300, Loss: 0.0649
[09:15:48] {train_network.py:175} INFO - Epoch: 42, Batch: 400, Loss: 0.0638
[09:16:00] {train_network.py:175} INFO - Epoch: 42, Batch: 500, Loss: 0.0370
[09:16:12] {train_network.py:175} INFO - Epoch: 42, Batch: 600, Loss: 0.0231
[09:16:24] {train_network.py:175} INFO - Epoch: 42, Batch: 700, Loss: 0.0284
[09:16:36] {train_network.py:175} INFO - Epoch: 42, Batch: 800, Loss: 0.1360
[09:16:48] {train_network.py:175} INFO - Epoch: 42, Batch: 900, Loss: 0.0302
[09:17:01] {train_network.py:326} INFO - Validating...
[09:17:03] {train_network.py:329} INFO - 10/89 = 0.112360
[09:17:03] {train_network.py:317} INFO - Beginning Epoch 43
[09:17:15] {train_network.py:175} INFO - Epoch: 43, Batch: 100, Loss: 0.0371
[09:17:27] {train_network.py:175} INFO - Epoch: 43, Batch: 200, Loss: 0.0756
[09:17:39] {train_network.py:175} INFO - Epoch: 43, Batch: 300, Loss: 0.0479
[09:17:51] {train_network.py:175} INFO - Epoch: 43, Batch: 400, Loss: 0.0458
[09:18:03] {train_network.py:175} INFO - Epoch: 43, Batch: 500, Loss: 0.0309
[09:18:15] {train_network.py:175} INFO - Epoch: 43, Batch: 600, Loss: 0.0856
[09:18:27] {train_network.py:175} INFO - Epoch: 43, Batch: 700, Loss: 0.0459
[09:18:39] {train_network.py:175} INFO - Epoch: 43, Batch: 800, Loss: 0.0198
[09:18:51] {train_network.py:175} INFO - Epoch: 43, Batch: 900, Loss: 0.0204
[09:19:05] {train_network.py:326} INFO - Validating...
[09:19:07] {train_network.py:329} INFO - 4/89 = 0.044944
[09:19:07] {train_network.py:317} INFO - Beginning Epoch 44
[09:19:19] {train_network.py:175} INFO - Epoch: 44, Batch: 100, Loss: 0.0742
[09:19:31] {train_network.py:175} INFO - Epoch: 44, Batch: 200, Loss: 0.0773
[09:19:43] {train_network.py:175} INFO - Epoch: 44, Batch: 300, Loss: 0.0484
[09:19:54] {train_network.py:175} INFO - Epoch: 44, Batch: 400, Loss: 0.0747
[09:20:06] {train_network.py:175} INFO - Epoch: 44, Batch: 500, Loss: 0.0582
[09:20:18] {train_network.py:175} INFO - Epoch: 44, Batch: 600, Loss: 0.0323
[09:20:30] {train_network.py:175} INFO - Epoch: 44, Batch: 700, Loss: 0.0585
[09:20:42] {train_network.py:175} INFO - Epoch: 44, Batch: 800, Loss: 0.0361
[09:20:54] {train_network.py:175} INFO - Epoch: 44, Batch: 900, Loss: 0.0462
[09:21:07] {train_network.py:326} INFO - Validating...
[09:21:09] {train_network.py:329} INFO - 9/89 = 0.101124
[09:21:09] {train_network.py:317} INFO - Beginning Epoch 45
[09:21:21] {train_network.py:175} INFO - Epoch: 45, Batch: 100, Loss: 0.0317
[09:21:33] {train_network.py:175} INFO - Epoch: 45, Batch: 200, Loss: 0.0457
[09:21:45] {train_network.py:175} INFO - Epoch: 45, Batch: 300, Loss: 0.0536
[09:21:57] {train_network.py:175} INFO - Epoch: 45, Batch: 400, Loss: 0.0356
[09:22:09] {train_network.py:175} INFO - Epoch: 45, Batch: 500, Loss: 0.0268
[09:22:21] {train_network.py:175} INFO - Epoch: 45, Batch: 600, Loss: 0.0405
[09:22:33] {train_network.py:175} INFO - Epoch: 45, Batch: 700, Loss: 0.0616
[09:22:44] {train_network.py:175} INFO - Epoch: 45, Batch: 800, Loss: 0.0509
[09:22:56] {train_network.py:175} INFO - Epoch: 45, Batch: 900, Loss: 0.0747
[09:23:10] {train_network.py:326} INFO - Validating...
[09:23:12] {train_network.py:329} INFO - 6/89 = 0.067416
[09:23:12] {train_network.py:317} INFO - Beginning Epoch 46
[09:23:23] {train_network.py:175} INFO - Epoch: 46, Batch: 100, Loss: 0.0258
[09:23:35] {train_network.py:175} INFO - Epoch: 46, Batch: 200, Loss: 0.0673
[09:23:48] {train_network.py:175} INFO - Epoch: 46, Batch: 300, Loss: 0.0617
[09:24:00] {train_network.py:175} INFO - Epoch: 46, Batch: 400, Loss: 0.0848
[09:24:12] {train_network.py:175} INFO - Epoch: 46, Batch: 500, Loss: 0.0653
[09:24:24] {train_network.py:175} INFO - Epoch: 46, Batch: 600, Loss: 0.1070
[09:24:36] {train_network.py:175} INFO - Epoch: 46, Batch: 700, Loss: 0.0412
[09:24:48] {train_network.py:175} INFO - Epoch: 46, Batch: 800, Loss: 0.0680
[09:25:00] {train_network.py:175} INFO - Epoch: 46, Batch: 900, Loss: 0.0830
[09:25:14] {train_network.py:326} INFO - Validating...
[09:25:16] {train_network.py:329} INFO - 9/89 = 0.101124
[09:25:16] {train_network.py:317} INFO - Beginning Epoch 47
[09:25:28] {train_network.py:175} INFO - Epoch: 47, Batch: 100, Loss: 0.0214
[09:25:40] {train_network.py:175} INFO - Epoch: 47, Batch: 200, Loss: 0.0370
[09:25:52] {train_network.py:175} INFO - Epoch: 47, Batch: 300, Loss: 0.0295
[09:26:04] {train_network.py:175} INFO - Epoch: 47, Batch: 400, Loss: 0.0395
[09:26:16] {train_network.py:175} INFO - Epoch: 47, Batch: 500, Loss: 0.0330
[09:26:28] {train_network.py:175} INFO - Epoch: 47, Batch: 600, Loss: 0.0358
[09:26:40] {train_network.py:175} INFO - Epoch: 47, Batch: 700, Loss: 0.0390
[09:26:52] {train_network.py:175} INFO - Epoch: 47, Batch: 800, Loss: 0.0315
[09:27:04] {train_network.py:175} INFO - Epoch: 47, Batch: 900, Loss: 0.0277
[09:27:17] {train_network.py:326} INFO - Validating...
[09:27:20] {train_network.py:329} INFO - 2/89 = 0.022472
[09:27:20] {train_network.py:317} INFO - Beginning Epoch 48
[09:27:31] {train_network.py:175} INFO - Epoch: 48, Batch: 100, Loss: 0.0314
[09:27:43] {train_network.py:175} INFO - Epoch: 48, Batch: 200, Loss: 0.0363
[09:27:56] {train_network.py:175} INFO - Epoch: 48, Batch: 300, Loss: 0.0914
[09:28:08] {train_network.py:175} INFO - Epoch: 48, Batch: 400, Loss: 0.0313
[09:28:20] {train_network.py:175} INFO - Epoch: 48, Batch: 500, Loss: 0.0249
[09:28:32] {train_network.py:175} INFO - Epoch: 48, Batch: 600, Loss: 0.0440
[09:28:44] {train_network.py:175} INFO - Epoch: 48, Batch: 700, Loss: 0.0405
[09:28:56] {train_network.py:175} INFO - Epoch: 48, Batch: 800, Loss: 0.0925
[09:29:08] {train_network.py:175} INFO - Epoch: 48, Batch: 900, Loss: 0.0424
[09:29:22] {train_network.py:326} INFO - Validating...
[09:29:24] {train_network.py:329} INFO - 7/89 = 0.078652
[09:29:24] {train_network.py:317} INFO - Beginning Epoch 49
[09:29:36] {train_network.py:175} INFO - Epoch: 49, Batch: 100, Loss: 0.0578
[09:29:47] {train_network.py:175} INFO - Epoch: 49, Batch: 200, Loss: 0.0129
[09:29:59] {train_network.py:175} INFO - Epoch: 49, Batch: 300, Loss: 0.0230
[09:30:11] {train_network.py:175} INFO - Epoch: 49, Batch: 400, Loss: 0.0535
[09:30:23] {train_network.py:175} INFO - Epoch: 49, Batch: 500, Loss: 0.0816
[09:30:35] {train_network.py:175} INFO - Epoch: 49, Batch: 600, Loss: 0.0204
[09:30:46] {train_network.py:175} INFO - Epoch: 49, Batch: 700, Loss: 0.0562
[09:30:58] {train_network.py:175} INFO - Epoch: 49, Batch: 800, Loss: 0.0361
[09:31:10] {train_network.py:175} INFO - Epoch: 49, Batch: 900, Loss: 0.0382
[09:31:24] {train_network.py:326} INFO - Validating...
[09:31:26] {train_network.py:329} INFO - 15/89 = 0.168539
