[16:14:10] {/workspace/KIidP-Gruppe-4/hardware/device.py:11} INFO - CUDA detected. Running with GPU acceleration.
[16:14:10] {train_network.py:247} INFO - Loading Cornell Dataset...
[16:14:10] {train_network.py:256} INFO - Dataset size is 885
[16:14:10] {train_network.py:265} INFO - Training size: 796
[16:14:10] {train_network.py:266} INFO - Validation size: 89
[16:14:10] {train_network.py:284} INFO - Done
[16:14:10] {train_network.py:287} INFO - Loading Network...
[16:14:10] {train_network.py:298} INFO - Done
[16:14:11] {train_network.py:317} INFO - Beginning Epoch 00
[16:14:29] {train_network.py:175} INFO - Epoch: 0, Batch: 100, Loss: 0.1218
[16:14:47] {train_network.py:175} INFO - Epoch: 0, Batch: 200, Loss: 0.1611
[16:15:04] {train_network.py:175} INFO - Epoch: 0, Batch: 300, Loss: 0.1373
[16:15:22] {train_network.py:175} INFO - Epoch: 0, Batch: 400, Loss: 0.0859
[16:15:40] {train_network.py:175} INFO - Epoch: 0, Batch: 500, Loss: 0.0546
[16:15:58] {train_network.py:175} INFO - Epoch: 0, Batch: 600, Loss: 0.1035
[16:16:16] {train_network.py:175} INFO - Epoch: 0, Batch: 700, Loss: 0.0417
[16:16:34] {train_network.py:175} INFO - Epoch: 0, Batch: 800, Loss: 0.0442
[16:16:52] {train_network.py:175} INFO - Epoch: 0, Batch: 900, Loss: 0.0882
[16:17:12] {train_network.py:326} INFO - Validating...
[16:17:14] {train_network.py:329} INFO - 72/89 = 0.808989
[16:17:14] {train_network.py:317} INFO - Beginning Epoch 01
[16:17:32] {train_network.py:175} INFO - Epoch: 1, Batch: 100, Loss: 0.0749
[16:17:50] {train_network.py:175} INFO - Epoch: 1, Batch: 200, Loss: 0.0795
[16:18:08] {train_network.py:175} INFO - Epoch: 1, Batch: 300, Loss: 0.0395
[16:18:26] {train_network.py:175} INFO - Epoch: 1, Batch: 400, Loss: 0.0701
[16:18:44] {train_network.py:175} INFO - Epoch: 1, Batch: 500, Loss: 0.0398
[16:19:02] {train_network.py:175} INFO - Epoch: 1, Batch: 600, Loss: 0.0719
[16:19:20] {train_network.py:175} INFO - Epoch: 1, Batch: 700, Loss: 0.0806
[16:19:38] {train_network.py:175} INFO - Epoch: 1, Batch: 800, Loss: 0.0542
[16:19:56] {train_network.py:175} INFO - Epoch: 1, Batch: 900, Loss: 0.0815
[16:20:16] {train_network.py:326} INFO - Validating...
[16:20:19] {train_network.py:329} INFO - 78/89 = 0.876404
[16:20:19] {train_network.py:317} INFO - Beginning Epoch 02
[16:20:37] {train_network.py:175} INFO - Epoch: 2, Batch: 100, Loss: 0.0814
[16:20:55] {train_network.py:175} INFO - Epoch: 2, Batch: 200, Loss: 0.0477
[16:21:13] {train_network.py:175} INFO - Epoch: 2, Batch: 300, Loss: 0.0513
[16:21:31] {train_network.py:175} INFO - Epoch: 2, Batch: 400, Loss: 0.0590
[16:21:49] {train_network.py:175} INFO - Epoch: 2, Batch: 500, Loss: 0.0512
[16:22:08] {train_network.py:175} INFO - Epoch: 2, Batch: 600, Loss: 0.0296
[16:22:27] {train_network.py:175} INFO - Epoch: 2, Batch: 700, Loss: 0.0778
[16:22:46] {train_network.py:175} INFO - Epoch: 2, Batch: 800, Loss: 0.0627
[16:23:05] {train_network.py:175} INFO - Epoch: 2, Batch: 900, Loss: 0.1204
[16:23:25] {train_network.py:326} INFO - Validating...
[16:23:28] {train_network.py:329} INFO - 81/89 = 0.910112
[16:23:28] {train_network.py:317} INFO - Beginning Epoch 03
[16:23:46] {train_network.py:175} INFO - Epoch: 3, Batch: 100, Loss: 0.1205
[16:24:05] {train_network.py:175} INFO - Epoch: 3, Batch: 200, Loss: 0.0328
[16:24:23] {train_network.py:175} INFO - Epoch: 3, Batch: 300, Loss: 0.0544
[16:24:42] {train_network.py:175} INFO - Epoch: 3, Batch: 400, Loss: 0.0519
[16:25:00] {train_network.py:175} INFO - Epoch: 3, Batch: 500, Loss: 0.0316
[16:25:18] {train_network.py:175} INFO - Epoch: 3, Batch: 600, Loss: 0.0294
[16:25:37] {train_network.py:175} INFO - Epoch: 3, Batch: 700, Loss: 0.0804
[16:25:55] {train_network.py:175} INFO - Epoch: 3, Batch: 800, Loss: 0.0361
[16:26:13] {train_network.py:175} INFO - Epoch: 3, Batch: 900, Loss: 0.0510
[16:26:33] {train_network.py:326} INFO - Validating...
[16:26:36] {train_network.py:329} INFO - 82/89 = 0.921348
[16:26:36] {train_network.py:317} INFO - Beginning Epoch 04
[16:26:54] {train_network.py:175} INFO - Epoch: 4, Batch: 100, Loss: 0.0994
[16:27:12] {train_network.py:175} INFO - Epoch: 4, Batch: 200, Loss: 0.0576
[16:27:31] {train_network.py:175} INFO - Epoch: 4, Batch: 300, Loss: 0.0405
[16:27:49] {train_network.py:175} INFO - Epoch: 4, Batch: 400, Loss: 0.0585
[16:28:07] {train_network.py:175} INFO - Epoch: 4, Batch: 500, Loss: 0.0869
[16:28:26] {train_network.py:175} INFO - Epoch: 4, Batch: 600, Loss: 0.0453
[16:28:44] {train_network.py:175} INFO - Epoch: 4, Batch: 700, Loss: 0.0217
[16:29:03] {train_network.py:175} INFO - Epoch: 4, Batch: 800, Loss: 0.0726
[16:29:21] {train_network.py:175} INFO - Epoch: 4, Batch: 900, Loss: 0.0751
[16:29:41] {train_network.py:326} INFO - Validating...
[16:29:43] {train_network.py:329} INFO - 71/89 = 0.797753
[16:29:43] {train_network.py:317} INFO - Beginning Epoch 05
[16:30:02] {train_network.py:175} INFO - Epoch: 5, Batch: 100, Loss: 0.0516
[16:30:20] {train_network.py:175} INFO - Epoch: 5, Batch: 200, Loss: 0.0420
[16:30:39] {train_network.py:175} INFO - Epoch: 5, Batch: 300, Loss: 0.0263
[16:30:57] {train_network.py:175} INFO - Epoch: 5, Batch: 400, Loss: 0.0595
[16:31:16] {train_network.py:175} INFO - Epoch: 5, Batch: 500, Loss: 0.0575
[16:31:34] {train_network.py:175} INFO - Epoch: 5, Batch: 600, Loss: 0.0610
[16:31:53] {train_network.py:175} INFO - Epoch: 5, Batch: 700, Loss: 0.0944
[16:32:11] {train_network.py:175} INFO - Epoch: 5, Batch: 800, Loss: 0.0407
[16:32:29] {train_network.py:175} INFO - Epoch: 5, Batch: 900, Loss: 0.0944
[16:32:49] {train_network.py:326} INFO - Validating...
[16:32:52] {train_network.py:329} INFO - 83/89 = 0.932584
[16:32:52] {train_network.py:317} INFO - Beginning Epoch 06
[16:33:10] {train_network.py:175} INFO - Epoch: 6, Batch: 100, Loss: 0.0260
[16:33:29] {train_network.py:175} INFO - Epoch: 6, Batch: 200, Loss: 0.0474
[16:33:48] {train_network.py:175} INFO - Epoch: 6, Batch: 300, Loss: 0.0672
[16:34:06] {train_network.py:175} INFO - Epoch: 6, Batch: 400, Loss: 0.0681
[16:34:24] {train_network.py:175} INFO - Epoch: 6, Batch: 500, Loss: 0.0319
[16:34:43] {train_network.py:175} INFO - Epoch: 6, Batch: 600, Loss: 0.0203
[16:35:01] {train_network.py:175} INFO - Epoch: 6, Batch: 700, Loss: 0.0350
[16:35:19] {train_network.py:175} INFO - Epoch: 6, Batch: 800, Loss: 0.1416
[16:35:37] {train_network.py:175} INFO - Epoch: 6, Batch: 900, Loss: 0.0406
[16:35:57] {train_network.py:326} INFO - Validating...
[16:36:00] {train_network.py:329} INFO - 85/89 = 0.955056
[16:36:00] {train_network.py:317} INFO - Beginning Epoch 07
[16:36:18] {train_network.py:175} INFO - Epoch: 7, Batch: 100, Loss: 0.0780
[16:36:37] {train_network.py:175} INFO - Epoch: 7, Batch: 200, Loss: 0.0727
[16:36:55] {train_network.py:175} INFO - Epoch: 7, Batch: 300, Loss: 0.0535
[16:37:14] {train_network.py:175} INFO - Epoch: 7, Batch: 400, Loss: 0.0297
[16:37:32] {train_network.py:175} INFO - Epoch: 7, Batch: 500, Loss: 0.1116
[16:37:51] {train_network.py:175} INFO - Epoch: 7, Batch: 600, Loss: 0.0573
[16:38:09] {train_network.py:175} INFO - Epoch: 7, Batch: 700, Loss: 0.0882
[16:38:28] {train_network.py:175} INFO - Epoch: 7, Batch: 800, Loss: 0.1619
[16:38:46] {train_network.py:175} INFO - Epoch: 7, Batch: 900, Loss: 0.0346
[16:39:05] {train_network.py:326} INFO - Validating...
[16:39:08] {train_network.py:329} INFO - 80/89 = 0.898876
[16:39:08] {train_network.py:317} INFO - Beginning Epoch 08
[16:39:26] {train_network.py:175} INFO - Epoch: 8, Batch: 100, Loss: 0.0947
[16:39:45] {train_network.py:175} INFO - Epoch: 8, Batch: 200, Loss: 0.0210
[16:40:03] {train_network.py:175} INFO - Epoch: 8, Batch: 300, Loss: 0.0332
[16:40:21] {train_network.py:175} INFO - Epoch: 8, Batch: 400, Loss: 0.0427
[16:40:40] {train_network.py:175} INFO - Epoch: 8, Batch: 500, Loss: 0.0812
[16:40:58] {train_network.py:175} INFO - Epoch: 8, Batch: 600, Loss: 0.0651
[16:41:17] {train_network.py:175} INFO - Epoch: 8, Batch: 700, Loss: 0.0463
[16:41:35] {train_network.py:175} INFO - Epoch: 8, Batch: 800, Loss: 0.1223
[16:41:53] {train_network.py:175} INFO - Epoch: 8, Batch: 900, Loss: 0.0529
[16:42:13] {train_network.py:326} INFO - Validating...
[16:42:16] {train_network.py:329} INFO - 83/89 = 0.932584
[16:42:16] {train_network.py:317} INFO - Beginning Epoch 09
[16:42:35] {train_network.py:175} INFO - Epoch: 9, Batch: 100, Loss: 0.0449
[16:42:53] {train_network.py:175} INFO - Epoch: 9, Batch: 200, Loss: 0.0238
[16:43:11] {train_network.py:175} INFO - Epoch: 9, Batch: 300, Loss: 0.0574
[16:43:30] {train_network.py:175} INFO - Epoch: 9, Batch: 400, Loss: 0.0552
[16:43:48] {train_network.py:175} INFO - Epoch: 9, Batch: 500, Loss: 0.0427
[16:44:06] {train_network.py:175} INFO - Epoch: 9, Batch: 600, Loss: 0.0323
[16:44:25] {train_network.py:175} INFO - Epoch: 9, Batch: 700, Loss: 0.0715
[16:44:43] {train_network.py:175} INFO - Epoch: 9, Batch: 800, Loss: 0.0492
[16:45:01] {train_network.py:175} INFO - Epoch: 9, Batch: 900, Loss: 0.0646
[16:45:21] {train_network.py:326} INFO - Validating...
[16:45:24] {train_network.py:329} INFO - 81/89 = 0.910112
