[00:52:27] {/workspace/KIidP-Gruppe-4/hardware/device.py:11} INFO - CUDA detected. Running with GPU acceleration.
[00:52:27] {train_network.py:249} INFO - Loading Cornell Dataset...
[00:52:27] {train_network.py:258} INFO - Dataset size is 885
[00:52:27] {train_network.py:267} INFO - Training size: 796
[00:52:27] {train_network.py:268} INFO - Validation size: 89
[00:52:27] {train_network.py:286} INFO - Done
[00:52:27] {train_network.py:289} INFO - Loading Network...
[00:52:28] {train_network.py:300} INFO - Done
[00:52:29] {train_network.py:319} INFO - Beginning Epoch 00
[00:52:51] {train_network.py:177} INFO - Epoch: 0, Batch: 100, Loss: 0.1815
[00:53:13] {train_network.py:177} INFO - Epoch: 0, Batch: 200, Loss: 0.1280
[00:53:35] {train_network.py:177} INFO - Epoch: 0, Batch: 300, Loss: 0.1014
[00:53:57] {train_network.py:177} INFO - Epoch: 0, Batch: 400, Loss: 0.1699
[00:54:19] {train_network.py:177} INFO - Epoch: 0, Batch: 500, Loss: 0.1003
[00:54:41] {train_network.py:177} INFO - Epoch: 0, Batch: 600, Loss: 0.1694
[00:55:03] {train_network.py:177} INFO - Epoch: 0, Batch: 700, Loss: 0.0956
[00:55:26] {train_network.py:177} INFO - Epoch: 0, Batch: 800, Loss: 0.1298
[00:55:48] {train_network.py:177} INFO - Epoch: 0, Batch: 900, Loss: 0.0552
[00:56:11] {train_network.py:328} INFO - Validating...
[00:56:14] {train_network.py:331} INFO - 27/89 = 0.303371
[00:56:14] {train_network.py:319} INFO - Beginning Epoch 01
[00:56:36] {train_network.py:177} INFO - Epoch: 1, Batch: 100, Loss: 0.0577
[00:56:58] {train_network.py:177} INFO - Epoch: 1, Batch: 200, Loss: 0.0901
[00:57:20] {train_network.py:177} INFO - Epoch: 1, Batch: 300, Loss: 0.0739
[00:57:42] {train_network.py:177} INFO - Epoch: 1, Batch: 400, Loss: 0.0754
[00:58:04] {train_network.py:177} INFO - Epoch: 1, Batch: 500, Loss: 0.1127
[00:58:26] {train_network.py:177} INFO - Epoch: 1, Batch: 600, Loss: 0.1337
[00:58:49] {train_network.py:177} INFO - Epoch: 1, Batch: 700, Loss: 0.1098
[00:59:11] {train_network.py:177} INFO - Epoch: 1, Batch: 800, Loss: 0.2081
[00:59:33] {train_network.py:177} INFO - Epoch: 1, Batch: 900, Loss: 0.1262
[00:59:56] {train_network.py:328} INFO - Validating...
[00:59:59] {train_network.py:331} INFO - 11/89 = 0.123596
[00:59:59] {train_network.py:319} INFO - Beginning Epoch 02
[01:00:21] {train_network.py:177} INFO - Epoch: 2, Batch: 100, Loss: 0.0553
[01:00:43] {train_network.py:177} INFO - Epoch: 2, Batch: 200, Loss: 0.0406
[01:01:05] {train_network.py:177} INFO - Epoch: 2, Batch: 300, Loss: 0.1315
[01:01:27] {train_network.py:177} INFO - Epoch: 2, Batch: 400, Loss: 0.0442
[01:01:49] {train_network.py:177} INFO - Epoch: 2, Batch: 500, Loss: 0.0563
[01:02:12] {train_network.py:177} INFO - Epoch: 2, Batch: 600, Loss: 0.0548
[01:02:34] {train_network.py:177} INFO - Epoch: 2, Batch: 700, Loss: 0.1264
[01:02:56] {train_network.py:177} INFO - Epoch: 2, Batch: 800, Loss: 0.0741
[01:03:18] {train_network.py:177} INFO - Epoch: 2, Batch: 900, Loss: 0.0763
[01:03:42] {train_network.py:328} INFO - Validating...
[01:03:44] {train_network.py:331} INFO - 68/89 = 0.764045
[01:03:44] {train_network.py:319} INFO - Beginning Epoch 03
[01:04:06] {train_network.py:177} INFO - Epoch: 3, Batch: 100, Loss: 0.0255
[01:04:28] {train_network.py:177} INFO - Epoch: 3, Batch: 200, Loss: 0.1300
[01:04:51] {train_network.py:177} INFO - Epoch: 3, Batch: 300, Loss: 0.0372
[01:05:13] {train_network.py:177} INFO - Epoch: 3, Batch: 400, Loss: 0.0397
[01:05:35] {train_network.py:177} INFO - Epoch: 3, Batch: 500, Loss: 0.0605
[01:05:57] {train_network.py:177} INFO - Epoch: 3, Batch: 600, Loss: 0.1195
[01:06:19] {train_network.py:177} INFO - Epoch: 3, Batch: 700, Loss: 0.1346
[01:06:41] {train_network.py:177} INFO - Epoch: 3, Batch: 800, Loss: 0.0381
[01:07:03] {train_network.py:177} INFO - Epoch: 3, Batch: 900, Loss: 0.0733
[01:07:27] {train_network.py:328} INFO - Validating...
[01:07:29] {train_network.py:331} INFO - 37/89 = 0.415730
[01:07:29] {train_network.py:319} INFO - Beginning Epoch 04
[01:07:51] {train_network.py:177} INFO - Epoch: 4, Batch: 100, Loss: 0.1588
[01:08:13] {train_network.py:177} INFO - Epoch: 4, Batch: 200, Loss: 0.0598
[01:08:36] {train_network.py:177} INFO - Epoch: 4, Batch: 300, Loss: 0.0772
[01:08:58] {train_network.py:177} INFO - Epoch: 4, Batch: 400, Loss: 0.0379
[01:09:20] {train_network.py:177} INFO - Epoch: 4, Batch: 500, Loss: 0.0710
[01:09:42] {train_network.py:177} INFO - Epoch: 4, Batch: 600, Loss: 0.0573
[01:10:04] {train_network.py:177} INFO - Epoch: 4, Batch: 700, Loss: 0.0738
[01:10:26] {train_network.py:177} INFO - Epoch: 4, Batch: 800, Loss: 0.0273
[01:10:49] {train_network.py:177} INFO - Epoch: 4, Batch: 900, Loss: 0.0468
[01:11:12] {train_network.py:328} INFO - Validating...
[01:11:15] {train_network.py:331} INFO - 25/89 = 0.280899
[01:11:15] {train_network.py:319} INFO - Beginning Epoch 05
[01:11:37] {train_network.py:177} INFO - Epoch: 5, Batch: 100, Loss: 0.0509
[01:11:59] {train_network.py:177} INFO - Epoch: 5, Batch: 200, Loss: 0.0771
[01:12:21] {train_network.py:177} INFO - Epoch: 5, Batch: 300, Loss: 0.1175
[01:12:43] {train_network.py:177} INFO - Epoch: 5, Batch: 400, Loss: 0.1150
[01:13:05] {train_network.py:177} INFO - Epoch: 5, Batch: 500, Loss: 0.1104
[01:13:27] {train_network.py:177} INFO - Epoch: 5, Batch: 600, Loss: 0.0400
[01:13:49] {train_network.py:177} INFO - Epoch: 5, Batch: 700, Loss: 0.0318
[01:14:11] {train_network.py:177} INFO - Epoch: 5, Batch: 800, Loss: 0.0598
[01:14:33] {train_network.py:177} INFO - Epoch: 5, Batch: 900, Loss: 0.0571
[01:14:56] {train_network.py:328} INFO - Validating...
[01:14:59] {train_network.py:331} INFO - 7/89 = 0.078652
[01:14:59] {train_network.py:319} INFO - Beginning Epoch 06
[01:15:21] {train_network.py:177} INFO - Epoch: 6, Batch: 100, Loss: 0.0487
[01:15:43] {train_network.py:177} INFO - Epoch: 6, Batch: 200, Loss: 0.0274
[01:16:05] {train_network.py:177} INFO - Epoch: 6, Batch: 300, Loss: 0.0502
[01:16:27] {train_network.py:177} INFO - Epoch: 6, Batch: 400, Loss: 0.0945
[01:16:49] {train_network.py:177} INFO - Epoch: 6, Batch: 500, Loss: 0.0922
[01:17:12] {train_network.py:177} INFO - Epoch: 6, Batch: 600, Loss: 0.0329
[01:17:34] {train_network.py:177} INFO - Epoch: 6, Batch: 700, Loss: 0.0775
[01:17:56] {train_network.py:177} INFO - Epoch: 6, Batch: 800, Loss: 0.0300
[01:18:18] {train_network.py:177} INFO - Epoch: 6, Batch: 900, Loss: 0.0482
[01:18:42] {train_network.py:328} INFO - Validating...
[01:18:44] {train_network.py:331} INFO - 11/89 = 0.123596
[01:18:44] {train_network.py:319} INFO - Beginning Epoch 07
[01:19:06] {train_network.py:177} INFO - Epoch: 7, Batch: 100, Loss: 0.1403
[01:19:28] {train_network.py:177} INFO - Epoch: 7, Batch: 200, Loss: 0.0399
[01:19:50] {train_network.py:177} INFO - Epoch: 7, Batch: 300, Loss: 0.0861
[01:20:13] {train_network.py:177} INFO - Epoch: 7, Batch: 400, Loss: 0.0474
[01:20:35] {train_network.py:177} INFO - Epoch: 7, Batch: 500, Loss: 0.0641
[01:20:57] {train_network.py:177} INFO - Epoch: 7, Batch: 600, Loss: 0.0561
[01:21:19] {train_network.py:177} INFO - Epoch: 7, Batch: 700, Loss: 0.0961
[01:21:41] {train_network.py:177} INFO - Epoch: 7, Batch: 800, Loss: 0.0870
[01:22:03] {train_network.py:177} INFO - Epoch: 7, Batch: 900, Loss: 0.0259
[01:22:26] {train_network.py:328} INFO - Validating...
[01:22:29] {train_network.py:331} INFO - 4/89 = 0.044944
[01:22:29] {train_network.py:319} INFO - Beginning Epoch 08
[01:22:51] {train_network.py:177} INFO - Epoch: 8, Batch: 100, Loss: 0.0632
[01:23:13] {train_network.py:177} INFO - Epoch: 8, Batch: 200, Loss: 0.0560
[01:23:35] {train_network.py:177} INFO - Epoch: 8, Batch: 300, Loss: 0.0743
[01:23:58] {train_network.py:177} INFO - Epoch: 8, Batch: 400, Loss: 0.0326
[01:24:20] {train_network.py:177} INFO - Epoch: 8, Batch: 500, Loss: 0.0842
[01:24:42] {train_network.py:177} INFO - Epoch: 8, Batch: 600, Loss: 0.0738
[01:25:04] {train_network.py:177} INFO - Epoch: 8, Batch: 700, Loss: 0.0616
[01:25:26] {train_network.py:177} INFO - Epoch: 8, Batch: 800, Loss: 0.1274
[01:25:48] {train_network.py:177} INFO - Epoch: 8, Batch: 900, Loss: 0.0604
[01:26:12] {train_network.py:328} INFO - Validating...
[01:26:14] {train_network.py:331} INFO - 4/89 = 0.044944
[01:26:14] {train_network.py:319} INFO - Beginning Epoch 09
[01:26:37] {train_network.py:177} INFO - Epoch: 9, Batch: 100, Loss: 0.0551
[01:26:59] {train_network.py:177} INFO - Epoch: 9, Batch: 200, Loss: 0.0634
[01:27:21] {train_network.py:177} INFO - Epoch: 9, Batch: 300, Loss: 0.0642
[01:27:43] {train_network.py:177} INFO - Epoch: 9, Batch: 400, Loss: 0.0815
[01:28:05] {train_network.py:177} INFO - Epoch: 9, Batch: 500, Loss: 0.0428
[01:28:28] {train_network.py:177} INFO - Epoch: 9, Batch: 600, Loss: 0.0929
[01:28:50] {train_network.py:177} INFO - Epoch: 9, Batch: 700, Loss: 0.0943
[01:29:12] {train_network.py:177} INFO - Epoch: 9, Batch: 800, Loss: 0.0554
[01:29:34] {train_network.py:177} INFO - Epoch: 9, Batch: 900, Loss: 0.1634
[01:29:58] {train_network.py:328} INFO - Validating...
[01:30:00] {train_network.py:331} INFO - 6/89 = 0.067416
[01:30:00] {train_network.py:319} INFO - Beginning Epoch 10
[01:30:22] {train_network.py:177} INFO - Epoch: 10, Batch: 100, Loss: 0.0510
[01:30:44] {train_network.py:177} INFO - Epoch: 10, Batch: 200, Loss: 0.0575
[01:31:06] {train_network.py:177} INFO - Epoch: 10, Batch: 300, Loss: 0.0862
[01:31:29] {train_network.py:177} INFO - Epoch: 10, Batch: 400, Loss: 0.0266
[01:31:51] {train_network.py:177} INFO - Epoch: 10, Batch: 500, Loss: 0.0425
[01:32:13] {train_network.py:177} INFO - Epoch: 10, Batch: 600, Loss: 0.1209
[01:32:35] {train_network.py:177} INFO - Epoch: 10, Batch: 700, Loss: 0.0895
[01:32:57] {train_network.py:177} INFO - Epoch: 10, Batch: 800, Loss: 0.0924
[01:33:19] {train_network.py:177} INFO - Epoch: 10, Batch: 900, Loss: 0.0334
[01:33:43] {train_network.py:328} INFO - Validating...
[01:33:45] {train_network.py:331} INFO - 1/89 = 0.011236
[01:33:45] {train_network.py:319} INFO - Beginning Epoch 11
[01:34:07] {train_network.py:177} INFO - Epoch: 11, Batch: 100, Loss: 0.0303
[01:34:29] {train_network.py:177} INFO - Epoch: 11, Batch: 200, Loss: 0.0344
[01:34:51] {train_network.py:177} INFO - Epoch: 11, Batch: 300, Loss: 0.0836
[01:35:13] {train_network.py:177} INFO - Epoch: 11, Batch: 400, Loss: 0.0459
[01:35:35] {train_network.py:177} INFO - Epoch: 11, Batch: 500, Loss: 0.0623
[01:35:57] {train_network.py:177} INFO - Epoch: 11, Batch: 600, Loss: 0.0453
[01:36:19] {train_network.py:177} INFO - Epoch: 11, Batch: 700, Loss: 0.0507
[01:36:42] {train_network.py:177} INFO - Epoch: 11, Batch: 800, Loss: 0.0554
[01:37:04] {train_network.py:177} INFO - Epoch: 11, Batch: 900, Loss: 0.0967
[01:37:27] {train_network.py:328} INFO - Validating...
[01:37:29] {train_network.py:331} INFO - 12/89 = 0.134831
[01:37:30] {train_network.py:319} INFO - Beginning Epoch 12
[01:37:51] {train_network.py:177} INFO - Epoch: 12, Batch: 100, Loss: 0.0353
[01:38:14] {train_network.py:177} INFO - Epoch: 12, Batch: 200, Loss: 0.0724
[01:38:36] {train_network.py:177} INFO - Epoch: 12, Batch: 300, Loss: 0.0640
[01:38:58] {train_network.py:177} INFO - Epoch: 12, Batch: 400, Loss: 0.0953
[01:39:20] {train_network.py:177} INFO - Epoch: 12, Batch: 500, Loss: 0.0485
[01:39:42] {train_network.py:177} INFO - Epoch: 12, Batch: 600, Loss: 0.0759
[01:40:04] {train_network.py:177} INFO - Epoch: 12, Batch: 700, Loss: 0.0322
[01:40:26] {train_network.py:177} INFO - Epoch: 12, Batch: 800, Loss: 0.0409
[01:40:48] {train_network.py:177} INFO - Epoch: 12, Batch: 900, Loss: 0.0801
[01:41:11] {train_network.py:328} INFO - Validating...
[01:41:14] {train_network.py:331} INFO - 10/89 = 0.112360
[01:41:14] {train_network.py:319} INFO - Beginning Epoch 13
[01:41:36] {train_network.py:177} INFO - Epoch: 13, Batch: 100, Loss: 0.0286
[01:41:58] {train_network.py:177} INFO - Epoch: 13, Batch: 200, Loss: 0.0745
[01:42:20] {train_network.py:177} INFO - Epoch: 13, Batch: 300, Loss: 0.0961
[01:42:42] {train_network.py:177} INFO - Epoch: 13, Batch: 400, Loss: 0.0426
[01:43:04] {train_network.py:177} INFO - Epoch: 13, Batch: 500, Loss: 0.0462
[01:43:26] {train_network.py:177} INFO - Epoch: 13, Batch: 600, Loss: 0.0444
[01:43:48] {train_network.py:177} INFO - Epoch: 13, Batch: 700, Loss: 0.0592
[01:44:10] {train_network.py:177} INFO - Epoch: 13, Batch: 800, Loss: 0.1055
[01:44:33] {train_network.py:177} INFO - Epoch: 13, Batch: 900, Loss: 0.0373
[01:44:56] {train_network.py:328} INFO - Validating...
[01:44:59] {train_network.py:331} INFO - 4/89 = 0.044944
[01:44:59] {train_network.py:319} INFO - Beginning Epoch 14
[01:45:21] {train_network.py:177} INFO - Epoch: 14, Batch: 100, Loss: 0.0534
[01:45:43] {train_network.py:177} INFO - Epoch: 14, Batch: 200, Loss: 0.0399
[01:46:05] {train_network.py:177} INFO - Epoch: 14, Batch: 300, Loss: 0.0982
[01:46:27] {train_network.py:177} INFO - Epoch: 14, Batch: 400, Loss: 0.0568
[01:46:49] {train_network.py:177} INFO - Epoch: 14, Batch: 500, Loss: 0.0116
[01:47:11] {train_network.py:177} INFO - Epoch: 14, Batch: 600, Loss: 0.0548
[01:47:33] {train_network.py:177} INFO - Epoch: 14, Batch: 700, Loss: 0.0874
[01:47:56] {train_network.py:177} INFO - Epoch: 14, Batch: 800, Loss: 0.0480
[01:48:18] {train_network.py:177} INFO - Epoch: 14, Batch: 900, Loss: 0.0609
[01:48:41] {train_network.py:328} INFO - Validating...
[01:48:43] {train_network.py:331} INFO - 31/89 = 0.348315
[01:48:43] {train_network.py:319} INFO - Beginning Epoch 15
[01:49:05] {train_network.py:177} INFO - Epoch: 15, Batch: 100, Loss: 0.0674
[01:49:27] {train_network.py:177} INFO - Epoch: 15, Batch: 200, Loss: 0.0324
[01:49:50] {train_network.py:177} INFO - Epoch: 15, Batch: 300, Loss: 0.1181
[01:50:12] {train_network.py:177} INFO - Epoch: 15, Batch: 400, Loss: 0.0965
[01:50:34] {train_network.py:177} INFO - Epoch: 15, Batch: 500, Loss: 0.0695
[01:50:56] {train_network.py:177} INFO - Epoch: 15, Batch: 600, Loss: 0.0686
[01:51:18] {train_network.py:177} INFO - Epoch: 15, Batch: 700, Loss: 0.1023
[01:51:40] {train_network.py:177} INFO - Epoch: 15, Batch: 800, Loss: 0.0936
[01:52:02] {train_network.py:177} INFO - Epoch: 15, Batch: 900, Loss: 0.0334
[01:52:26] {train_network.py:328} INFO - Validating...
[01:52:28] {train_network.py:331} INFO - 6/89 = 0.067416
[01:52:28] {train_network.py:319} INFO - Beginning Epoch 16
[01:52:50] {train_network.py:177} INFO - Epoch: 16, Batch: 100, Loss: 0.0623
[01:53:12] {train_network.py:177} INFO - Epoch: 16, Batch: 200, Loss: 0.0280
[01:53:34] {train_network.py:177} INFO - Epoch: 16, Batch: 300, Loss: 0.0667
[01:53:56] {train_network.py:177} INFO - Epoch: 16, Batch: 400, Loss: 0.0779
[01:54:19] {train_network.py:177} INFO - Epoch: 16, Batch: 500, Loss: 0.0508
[01:54:41] {train_network.py:177} INFO - Epoch: 16, Batch: 600, Loss: 0.0555
[01:55:03] {train_network.py:177} INFO - Epoch: 16, Batch: 700, Loss: 0.0601
[01:55:25] {train_network.py:177} INFO - Epoch: 16, Batch: 800, Loss: 0.1354
[01:55:47] {train_network.py:177} INFO - Epoch: 16, Batch: 900, Loss: 0.0489
[01:56:11] {train_network.py:328} INFO - Validating...
[01:56:13] {train_network.py:331} INFO - 9/89 = 0.101124
[01:56:13] {train_network.py:319} INFO - Beginning Epoch 17
[01:56:35] {train_network.py:177} INFO - Epoch: 17, Batch: 100, Loss: 0.0497
[01:56:57] {train_network.py:177} INFO - Epoch: 17, Batch: 200, Loss: 0.0986
[01:57:20] {train_network.py:177} INFO - Epoch: 17, Batch: 300, Loss: 0.0570
[01:57:42] {train_network.py:177} INFO - Epoch: 17, Batch: 400, Loss: 0.0303
[01:58:04] {train_network.py:177} INFO - Epoch: 17, Batch: 500, Loss: 0.0290
[01:58:26] {train_network.py:177} INFO - Epoch: 17, Batch: 600, Loss: 0.0811
[01:58:49] {train_network.py:177} INFO - Epoch: 17, Batch: 700, Loss: 0.1152
[01:59:11] {train_network.py:177} INFO - Epoch: 17, Batch: 800, Loss: 0.0652
[01:59:33] {train_network.py:177} INFO - Epoch: 17, Batch: 900, Loss: 0.0546
[01:59:57] {train_network.py:328} INFO - Validating...
[01:59:59] {train_network.py:331} INFO - 14/89 = 0.157303
[01:59:59] {train_network.py:319} INFO - Beginning Epoch 18
[02:00:21] {train_network.py:177} INFO - Epoch: 18, Batch: 100, Loss: 0.1112
[02:00:43] {train_network.py:177} INFO - Epoch: 18, Batch: 200, Loss: 0.0720
[02:01:05] {train_network.py:177} INFO - Epoch: 18, Batch: 300, Loss: 0.0437
[02:01:27] {train_network.py:177} INFO - Epoch: 18, Batch: 400, Loss: 0.0402
[02:01:49] {train_network.py:177} INFO - Epoch: 18, Batch: 500, Loss: 0.1241
[02:02:11] {train_network.py:177} INFO - Epoch: 18, Batch: 600, Loss: 0.0413
[02:02:34] {train_network.py:177} INFO - Epoch: 18, Batch: 700, Loss: 0.0341
[02:02:56] {train_network.py:177} INFO - Epoch: 18, Batch: 800, Loss: 0.0813
[02:03:18] {train_network.py:177} INFO - Epoch: 18, Batch: 900, Loss: 0.0357
[02:03:41] {train_network.py:328} INFO - Validating...
[02:03:43] {train_network.py:331} INFO - 1/89 = 0.011236
[02:03:43] {train_network.py:319} INFO - Beginning Epoch 19
[02:04:06] {train_network.py:177} INFO - Epoch: 19, Batch: 100, Loss: 0.0350
[02:04:28] {train_network.py:177} INFO - Epoch: 19, Batch: 200, Loss: 0.0723
[02:04:50] {train_network.py:177} INFO - Epoch: 19, Batch: 300, Loss: 0.0652
[02:05:12] {train_network.py:177} INFO - Epoch: 19, Batch: 400, Loss: 0.0373
[02:05:35] {train_network.py:177} INFO - Epoch: 19, Batch: 500, Loss: 0.0144
[02:05:57] {train_network.py:177} INFO - Epoch: 19, Batch: 600, Loss: 0.0603
[02:06:19] {train_network.py:177} INFO - Epoch: 19, Batch: 700, Loss: 0.0477
[02:06:41] {train_network.py:177} INFO - Epoch: 19, Batch: 800, Loss: 0.0628
[02:07:03] {train_network.py:177} INFO - Epoch: 19, Batch: 900, Loss: 0.0977
[02:07:26] {train_network.py:328} INFO - Validating...
[02:07:29] {train_network.py:331} INFO - 5/89 = 0.056180
[02:07:29] {train_network.py:319} INFO - Beginning Epoch 20
[02:07:51] {train_network.py:177} INFO - Epoch: 20, Batch: 100, Loss: 0.0432
[02:08:13] {train_network.py:177} INFO - Epoch: 20, Batch: 200, Loss: 0.0629
[02:08:35] {train_network.py:177} INFO - Epoch: 20, Batch: 300, Loss: 0.0207
[02:08:57] {train_network.py:177} INFO - Epoch: 20, Batch: 400, Loss: 0.0644
[02:09:19] {train_network.py:177} INFO - Epoch: 20, Batch: 500, Loss: 0.0543
[02:09:41] {train_network.py:177} INFO - Epoch: 20, Batch: 600, Loss: 0.0624
[02:10:04] {train_network.py:177} INFO - Epoch: 20, Batch: 700, Loss: 0.0345
[02:10:26] {train_network.py:177} INFO - Epoch: 20, Batch: 800, Loss: 0.0374
[02:10:48] {train_network.py:177} INFO - Epoch: 20, Batch: 900, Loss: 0.1150
[02:11:11] {train_network.py:328} INFO - Validating...
[02:11:14] {train_network.py:331} INFO - 9/89 = 0.101124
[02:11:14] {train_network.py:319} INFO - Beginning Epoch 21
[02:11:36] {train_network.py:177} INFO - Epoch: 21, Batch: 100, Loss: 0.0378
[02:11:58] {train_network.py:177} INFO - Epoch: 21, Batch: 200, Loss: 0.0744
[02:12:20] {train_network.py:177} INFO - Epoch: 21, Batch: 300, Loss: 0.0551
[02:12:42] {train_network.py:177} INFO - Epoch: 21, Batch: 400, Loss: 0.1552
[02:13:04] {train_network.py:177} INFO - Epoch: 21, Batch: 500, Loss: 0.0667
[02:13:26] {train_network.py:177} INFO - Epoch: 21, Batch: 600, Loss: 0.0564
[02:13:48] {train_network.py:177} INFO - Epoch: 21, Batch: 700, Loss: 0.0814
[02:14:11] {train_network.py:177} INFO - Epoch: 21, Batch: 800, Loss: 0.0208
[02:14:33] {train_network.py:177} INFO - Epoch: 21, Batch: 900, Loss: 0.0577
[02:14:56] {train_network.py:328} INFO - Validating...
[02:14:58] {train_network.py:331} INFO - 4/89 = 0.044944
[02:14:58] {train_network.py:319} INFO - Beginning Epoch 22
[02:15:21] {train_network.py:177} INFO - Epoch: 22, Batch: 100, Loss: 0.0410
[02:15:43] {train_network.py:177} INFO - Epoch: 22, Batch: 200, Loss: 0.0690
[02:16:05] {train_network.py:177} INFO - Epoch: 22, Batch: 300, Loss: 0.0685
[02:16:27] {train_network.py:177} INFO - Epoch: 22, Batch: 400, Loss: 0.0516
[02:16:49] {train_network.py:177} INFO - Epoch: 22, Batch: 500, Loss: 0.0280
[02:17:11] {train_network.py:177} INFO - Epoch: 22, Batch: 600, Loss: 0.0232
[02:17:33] {train_network.py:177} INFO - Epoch: 22, Batch: 700, Loss: 0.0470
[02:17:55] {train_network.py:177} INFO - Epoch: 22, Batch: 800, Loss: 0.0442
[02:18:17] {train_network.py:177} INFO - Epoch: 22, Batch: 900, Loss: 0.1076
[02:18:41] {train_network.py:328} INFO - Validating...
[02:18:43] {train_network.py:331} INFO - 3/89 = 0.033708
[02:18:43] {train_network.py:319} INFO - Beginning Epoch 23
[02:19:05] {train_network.py:177} INFO - Epoch: 23, Batch: 100, Loss: 0.0230
[02:19:27] {train_network.py:177} INFO - Epoch: 23, Batch: 200, Loss: 0.0350
[02:19:49] {train_network.py:177} INFO - Epoch: 23, Batch: 300, Loss: 0.0352
[02:20:12] {train_network.py:177} INFO - Epoch: 23, Batch: 400, Loss: 0.1833
[02:20:34] {train_network.py:177} INFO - Epoch: 23, Batch: 500, Loss: 0.0640
[02:20:56] {train_network.py:177} INFO - Epoch: 23, Batch: 600, Loss: 0.0555
[02:21:18] {train_network.py:177} INFO - Epoch: 23, Batch: 700, Loss: 0.0979
[02:21:40] {train_network.py:177} INFO - Epoch: 23, Batch: 800, Loss: 0.0385
[02:22:02] {train_network.py:177} INFO - Epoch: 23, Batch: 900, Loss: 0.0583
[02:22:26] {train_network.py:328} INFO - Validating...
[02:22:28] {train_network.py:331} INFO - 20/89 = 0.224719
[02:22:28] {train_network.py:319} INFO - Beginning Epoch 24
[02:22:50] {train_network.py:177} INFO - Epoch: 24, Batch: 100, Loss: 0.0795
[02:23:12] {train_network.py:177} INFO - Epoch: 24, Batch: 200, Loss: 0.0637
[02:23:34] {train_network.py:177} INFO - Epoch: 24, Batch: 300, Loss: 0.0719
[02:23:57] {train_network.py:177} INFO - Epoch: 24, Batch: 400, Loss: 0.2050
[02:24:19] {train_network.py:177} INFO - Epoch: 24, Batch: 500, Loss: 0.0461
[02:24:41] {train_network.py:177} INFO - Epoch: 24, Batch: 600, Loss: 0.0323
[02:25:03] {train_network.py:177} INFO - Epoch: 24, Batch: 700, Loss: 0.0287
[02:25:25] {train_network.py:177} INFO - Epoch: 24, Batch: 800, Loss: 0.0401
[02:25:47] {train_network.py:177} INFO - Epoch: 24, Batch: 900, Loss: 0.0597
[02:26:11] {train_network.py:328} INFO - Validating...
[02:26:13] {train_network.py:331} INFO - 4/89 = 0.044944
[02:26:13] {train_network.py:319} INFO - Beginning Epoch 25
[02:26:35] {train_network.py:177} INFO - Epoch: 25, Batch: 100, Loss: 0.0860
[02:26:58] {train_network.py:177} INFO - Epoch: 25, Batch: 200, Loss: 0.2131
[02:27:20] {train_network.py:177} INFO - Epoch: 25, Batch: 300, Loss: 0.0336
[02:27:42] {train_network.py:177} INFO - Epoch: 25, Batch: 400, Loss: 0.0541
[02:28:04] {train_network.py:177} INFO - Epoch: 25, Batch: 500, Loss: 0.0974
[02:28:26] {train_network.py:177} INFO - Epoch: 25, Batch: 600, Loss: 0.0311
[02:28:48] {train_network.py:177} INFO - Epoch: 25, Batch: 700, Loss: 0.0279
[02:29:10] {train_network.py:177} INFO - Epoch: 25, Batch: 800, Loss: 0.0969
[02:29:32] {train_network.py:177} INFO - Epoch: 25, Batch: 900, Loss: 0.0502
[02:29:56] {train_network.py:328} INFO - Validating...
[02:29:58] {train_network.py:331} INFO - 18/89 = 0.202247
[02:29:58] {train_network.py:319} INFO - Beginning Epoch 26
[02:30:20] {train_network.py:177} INFO - Epoch: 26, Batch: 100, Loss: 0.0970
[02:30:42] {train_network.py:177} INFO - Epoch: 26, Batch: 200, Loss: 0.0472
[02:31:04] {train_network.py:177} INFO - Epoch: 26, Batch: 300, Loss: 0.0182
[02:31:26] {train_network.py:177} INFO - Epoch: 26, Batch: 400, Loss: 0.0333
[02:31:48] {train_network.py:177} INFO - Epoch: 26, Batch: 500, Loss: 0.0490
[02:32:11] {train_network.py:177} INFO - Epoch: 26, Batch: 600, Loss: 0.1368
[02:32:33] {train_network.py:177} INFO - Epoch: 26, Batch: 700, Loss: 0.0406
[02:32:55] {train_network.py:177} INFO - Epoch: 26, Batch: 800, Loss: 0.0339
[02:33:17] {train_network.py:177} INFO - Epoch: 26, Batch: 900, Loss: 0.0562
[02:33:40] {train_network.py:328} INFO - Validating...
[02:33:43] {train_network.py:331} INFO - 9/89 = 0.101124
[02:33:43] {train_network.py:319} INFO - Beginning Epoch 27
[02:34:05] {train_network.py:177} INFO - Epoch: 27, Batch: 100, Loss: 0.0308
[02:34:27] {train_network.py:177} INFO - Epoch: 27, Batch: 200, Loss: 0.0305
[02:34:49] {train_network.py:177} INFO - Epoch: 27, Batch: 300, Loss: 0.0222
[02:35:11] {train_network.py:177} INFO - Epoch: 27, Batch: 400, Loss: 0.0429
[02:35:33] {train_network.py:177} INFO - Epoch: 27, Batch: 500, Loss: 0.0491
[02:35:56] {train_network.py:177} INFO - Epoch: 27, Batch: 600, Loss: 0.0442
[02:36:18] {train_network.py:177} INFO - Epoch: 27, Batch: 700, Loss: 0.0187
[02:36:40] {train_network.py:177} INFO - Epoch: 27, Batch: 800, Loss: 0.0355
[02:37:02] {train_network.py:177} INFO - Epoch: 27, Batch: 900, Loss: 0.0578
[02:37:26] {train_network.py:328} INFO - Validating...
[02:37:28] {train_network.py:331} INFO - 19/89 = 0.213483
[02:37:28] {train_network.py:319} INFO - Beginning Epoch 28
[02:37:50] {train_network.py:177} INFO - Epoch: 28, Batch: 100, Loss: 0.0293
[02:38:12] {train_network.py:177} INFO - Epoch: 28, Batch: 200, Loss: 0.1156
[02:38:34] {train_network.py:177} INFO - Epoch: 28, Batch: 300, Loss: 0.0434
[02:38:56] {train_network.py:177} INFO - Epoch: 28, Batch: 400, Loss: 0.0918
[02:39:18] {train_network.py:177} INFO - Epoch: 28, Batch: 500, Loss: 0.1121
[02:39:40] {train_network.py:177} INFO - Epoch: 28, Batch: 600, Loss: 0.0586
[02:40:03] {train_network.py:177} INFO - Epoch: 28, Batch: 700, Loss: 0.0388
[02:40:25] {train_network.py:177} INFO - Epoch: 28, Batch: 800, Loss: 0.0874
[02:40:47] {train_network.py:177} INFO - Epoch: 28, Batch: 900, Loss: 0.0524
[02:41:11] {train_network.py:328} INFO - Validating...
[02:41:13] {train_network.py:331} INFO - 22/89 = 0.247191
[02:41:13] {train_network.py:319} INFO - Beginning Epoch 29
[02:41:35] {train_network.py:177} INFO - Epoch: 29, Batch: 100, Loss: 0.0343
[02:41:57] {train_network.py:177} INFO - Epoch: 29, Batch: 200, Loss: 0.0279
[02:42:19] {train_network.py:177} INFO - Epoch: 29, Batch: 300, Loss: 0.0374
[02:42:42] {train_network.py:177} INFO - Epoch: 29, Batch: 400, Loss: 0.0235
[02:43:04] {train_network.py:177} INFO - Epoch: 29, Batch: 500, Loss: 0.0741
[02:43:26] {train_network.py:177} INFO - Epoch: 29, Batch: 600, Loss: 0.0294
[02:43:48] {train_network.py:177} INFO - Epoch: 29, Batch: 700, Loss: 0.0599
[02:44:10] {train_network.py:177} INFO - Epoch: 29, Batch: 800, Loss: 0.0382
[02:44:32] {train_network.py:177} INFO - Epoch: 29, Batch: 900, Loss: 0.0294
[02:44:56] {train_network.py:328} INFO - Validating...
[02:44:58] {train_network.py:331} INFO - 20/89 = 0.224719
[02:44:58] {train_network.py:319} INFO - Beginning Epoch 30
[02:45:20] {train_network.py:177} INFO - Epoch: 30, Batch: 100, Loss: 0.0291
[02:45:42] {train_network.py:177} INFO - Epoch: 30, Batch: 200, Loss: 0.0633
[02:46:04] {train_network.py:177} INFO - Epoch: 30, Batch: 300, Loss: 0.0220
[02:46:27] {train_network.py:177} INFO - Epoch: 30, Batch: 400, Loss: 0.0648
[02:46:49] {train_network.py:177} INFO - Epoch: 30, Batch: 500, Loss: 0.0397
[02:47:11] {train_network.py:177} INFO - Epoch: 30, Batch: 600, Loss: 0.0514
[02:47:34] {train_network.py:177} INFO - Epoch: 30, Batch: 700, Loss: 0.0641
[02:47:56] {train_network.py:177} INFO - Epoch: 30, Batch: 800, Loss: 0.0668
[02:48:18] {train_network.py:177} INFO - Epoch: 30, Batch: 900, Loss: 0.0532
[02:48:41] {train_network.py:328} INFO - Validating...
[02:48:43] {train_network.py:331} INFO - 12/89 = 0.134831
[02:48:43] {train_network.py:319} INFO - Beginning Epoch 31
[02:49:06] {train_network.py:177} INFO - Epoch: 31, Batch: 100, Loss: 0.0368
[02:49:28] {train_network.py:177} INFO - Epoch: 31, Batch: 200, Loss: 0.0439
[02:49:50] {train_network.py:177} INFO - Epoch: 31, Batch: 300, Loss: 0.0387
[02:50:12] {train_network.py:177} INFO - Epoch: 31, Batch: 400, Loss: 0.0285
[02:50:34] {train_network.py:177} INFO - Epoch: 31, Batch: 500, Loss: 0.0375
[02:50:56] {train_network.py:177} INFO - Epoch: 31, Batch: 600, Loss: 0.0334
[02:51:18] {train_network.py:177} INFO - Epoch: 31, Batch: 700, Loss: 0.0245
[02:51:40] {train_network.py:177} INFO - Epoch: 31, Batch: 800, Loss: 0.0309
[02:52:02] {train_network.py:177} INFO - Epoch: 31, Batch: 900, Loss: 0.0393
[02:52:26] {train_network.py:328} INFO - Validating...
[02:52:28] {train_network.py:331} INFO - 31/89 = 0.348315
[02:52:28] {train_network.py:319} INFO - Beginning Epoch 32
[02:52:50] {train_network.py:177} INFO - Epoch: 32, Batch: 100, Loss: 0.0389
[02:53:12] {train_network.py:177} INFO - Epoch: 32, Batch: 200, Loss: 0.0724
[02:53:35] {train_network.py:177} INFO - Epoch: 32, Batch: 300, Loss: 0.0982
[02:53:57] {train_network.py:177} INFO - Epoch: 32, Batch: 400, Loss: 0.0592
[02:54:19] {train_network.py:177} INFO - Epoch: 32, Batch: 500, Loss: 0.0419
[02:54:41] {train_network.py:177} INFO - Epoch: 32, Batch: 600, Loss: 0.0410
[02:55:03] {train_network.py:177} INFO - Epoch: 32, Batch: 700, Loss: 0.0285
[02:55:25] {train_network.py:177} INFO - Epoch: 32, Batch: 800, Loss: 0.0382
[02:55:47] {train_network.py:177} INFO - Epoch: 32, Batch: 900, Loss: 0.0157
[02:56:11] {train_network.py:328} INFO - Validating...
[02:56:13] {train_network.py:331} INFO - 20/89 = 0.224719
[02:56:13] {train_network.py:319} INFO - Beginning Epoch 33
[02:56:35] {train_network.py:177} INFO - Epoch: 33, Batch: 100, Loss: 0.0457
[02:56:57] {train_network.py:177} INFO - Epoch: 33, Batch: 200, Loss: 0.0324
[02:57:20] {train_network.py:177} INFO - Epoch: 33, Batch: 300, Loss: 0.0388
[02:57:42] {train_network.py:177} INFO - Epoch: 33, Batch: 400, Loss: 0.0296
[02:58:04] {train_network.py:177} INFO - Epoch: 33, Batch: 500, Loss: 0.0444
[02:58:26] {train_network.py:177} INFO - Epoch: 33, Batch: 600, Loss: 0.0297
[02:58:48] {train_network.py:177} INFO - Epoch: 33, Batch: 700, Loss: 0.0235
[02:59:10] {train_network.py:177} INFO - Epoch: 33, Batch: 800, Loss: 0.0493
[02:59:32] {train_network.py:177} INFO - Epoch: 33, Batch: 900, Loss: 0.0389
[02:59:55] {train_network.py:328} INFO - Validating...
[02:59:58] {train_network.py:331} INFO - 28/89 = 0.314607
[02:59:58] {train_network.py:319} INFO - Beginning Epoch 34
[03:00:20] {train_network.py:177} INFO - Epoch: 34, Batch: 100, Loss: 0.0723
[03:00:42] {train_network.py:177} INFO - Epoch: 34, Batch: 200, Loss: 0.0559
[03:01:04] {train_network.py:177} INFO - Epoch: 34, Batch: 300, Loss: 0.0563
[03:01:27] {train_network.py:177} INFO - Epoch: 34, Batch: 400, Loss: 0.0665
[03:01:49] {train_network.py:177} INFO - Epoch: 34, Batch: 500, Loss: 0.0351
[03:02:11] {train_network.py:177} INFO - Epoch: 34, Batch: 600, Loss: 0.0301
[03:02:33] {train_network.py:177} INFO - Epoch: 34, Batch: 700, Loss: 0.0401
[03:02:55] {train_network.py:177} INFO - Epoch: 34, Batch: 800, Loss: 0.1187
[03:03:18] {train_network.py:177} INFO - Epoch: 34, Batch: 900, Loss: 0.0516
[03:03:41] {train_network.py:328} INFO - Validating...
[03:03:44] {train_network.py:331} INFO - 36/89 = 0.404494
[03:03:44] {train_network.py:319} INFO - Beginning Epoch 35
[03:04:06] {train_network.py:177} INFO - Epoch: 35, Batch: 100, Loss: 0.0221
[03:04:28] {train_network.py:177} INFO - Epoch: 35, Batch: 200, Loss: 0.0930
[03:04:50] {train_network.py:177} INFO - Epoch: 35, Batch: 300, Loss: 0.0414
[03:05:12] {train_network.py:177} INFO - Epoch: 35, Batch: 400, Loss: 0.0197
[03:05:35] {train_network.py:177} INFO - Epoch: 35, Batch: 500, Loss: 0.1060
[03:05:57] {train_network.py:177} INFO - Epoch: 35, Batch: 600, Loss: 0.0305
[03:06:19] {train_network.py:177} INFO - Epoch: 35, Batch: 700, Loss: 0.0752
[03:06:41] {train_network.py:177} INFO - Epoch: 35, Batch: 800, Loss: 0.0287
[03:07:03] {train_network.py:177} INFO - Epoch: 35, Batch: 900, Loss: 0.0184
[03:07:26] {train_network.py:328} INFO - Validating...
[03:07:29] {train_network.py:331} INFO - 10/89 = 0.112360
[03:07:29] {train_network.py:319} INFO - Beginning Epoch 36
[03:07:51] {train_network.py:177} INFO - Epoch: 36, Batch: 100, Loss: 0.0385
[03:08:13] {train_network.py:177} INFO - Epoch: 36, Batch: 200, Loss: 0.0292
[03:08:35] {train_network.py:177} INFO - Epoch: 36, Batch: 300, Loss: 0.0482
[03:08:57] {train_network.py:177} INFO - Epoch: 36, Batch: 400, Loss: 0.0321
[03:09:20] {train_network.py:177} INFO - Epoch: 36, Batch: 500, Loss: 0.0241
[03:09:42] {train_network.py:177} INFO - Epoch: 36, Batch: 600, Loss: 0.0435
[03:10:04] {train_network.py:177} INFO - Epoch: 36, Batch: 700, Loss: 0.0290
[03:10:26] {train_network.py:177} INFO - Epoch: 36, Batch: 800, Loss: 0.0423
[03:10:48] {train_network.py:177} INFO - Epoch: 36, Batch: 900, Loss: 0.0370
[03:11:11] {train_network.py:328} INFO - Validating...
[03:11:14] {train_network.py:331} INFO - 36/89 = 0.404494
[03:11:14] {train_network.py:319} INFO - Beginning Epoch 37
[03:11:36] {train_network.py:177} INFO - Epoch: 37, Batch: 100, Loss: 0.1078
[03:11:58] {train_network.py:177} INFO - Epoch: 37, Batch: 200, Loss: 0.1393
[03:12:20] {train_network.py:177} INFO - Epoch: 37, Batch: 300, Loss: 0.0869
[03:12:43] {train_network.py:177} INFO - Epoch: 37, Batch: 400, Loss: 0.0897
[03:13:05] {train_network.py:177} INFO - Epoch: 37, Batch: 500, Loss: 0.0208
[03:13:27] {train_network.py:177} INFO - Epoch: 37, Batch: 600, Loss: 0.0208
[03:13:49] {train_network.py:177} INFO - Epoch: 37, Batch: 700, Loss: 0.0365
[03:14:11] {train_network.py:177} INFO - Epoch: 37, Batch: 800, Loss: 0.1039
[03:14:33] {train_network.py:177} INFO - Epoch: 37, Batch: 900, Loss: 0.0560
[03:14:56] {train_network.py:328} INFO - Validating...
[03:14:59] {train_network.py:331} INFO - 39/89 = 0.438202
[03:14:59] {train_network.py:319} INFO - Beginning Epoch 38
[03:15:21] {train_network.py:177} INFO - Epoch: 38, Batch: 100, Loss: 0.0463
[03:15:43] {train_network.py:177} INFO - Epoch: 38, Batch: 200, Loss: 0.0592
[03:16:06] {train_network.py:177} INFO - Epoch: 38, Batch: 300, Loss: 0.0542
[03:16:28] {train_network.py:177} INFO - Epoch: 38, Batch: 400, Loss: 0.0261
[03:16:50] {train_network.py:177} INFO - Epoch: 38, Batch: 500, Loss: 0.0719
[03:17:12] {train_network.py:177} INFO - Epoch: 38, Batch: 600, Loss: 0.0854
[03:17:34] {train_network.py:177} INFO - Epoch: 38, Batch: 700, Loss: 0.0305
[03:17:57] {train_network.py:177} INFO - Epoch: 38, Batch: 800, Loss: 0.0574
[03:18:19] {train_network.py:177} INFO - Epoch: 38, Batch: 900, Loss: 0.0259
[03:18:43] {train_network.py:328} INFO - Validating...
[03:18:45] {train_network.py:331} INFO - 51/89 = 0.573034
[03:18:45] {train_network.py:319} INFO - Beginning Epoch 39
[03:19:07] {train_network.py:177} INFO - Epoch: 39, Batch: 100, Loss: 0.0421
[03:19:29] {train_network.py:177} INFO - Epoch: 39, Batch: 200, Loss: 0.0309
[03:19:51] {train_network.py:177} INFO - Epoch: 39, Batch: 300, Loss: 0.0385
[03:20:14] {train_network.py:177} INFO - Epoch: 39, Batch: 400, Loss: 0.0352
[03:20:36] {train_network.py:177} INFO - Epoch: 39, Batch: 500, Loss: 0.0293
[03:20:58] {train_network.py:177} INFO - Epoch: 39, Batch: 600, Loss: 0.0362
[03:21:20] {train_network.py:177} INFO - Epoch: 39, Batch: 700, Loss: 0.0451
[03:21:42] {train_network.py:177} INFO - Epoch: 39, Batch: 800, Loss: 0.0391
[03:22:04] {train_network.py:177} INFO - Epoch: 39, Batch: 900, Loss: 0.0375
[03:22:28] {train_network.py:328} INFO - Validating...
[03:22:30] {train_network.py:331} INFO - 22/89 = 0.247191
[03:22:30] {train_network.py:319} INFO - Beginning Epoch 40
[03:22:52] {train_network.py:177} INFO - Epoch: 40, Batch: 100, Loss: 0.0206
[03:23:14] {train_network.py:177} INFO - Epoch: 40, Batch: 200, Loss: 0.0839
[03:23:36] {train_network.py:177} INFO - Epoch: 40, Batch: 300, Loss: 0.0784
[03:23:59] {train_network.py:177} INFO - Epoch: 40, Batch: 400, Loss: 0.0151
[03:24:21] {train_network.py:177} INFO - Epoch: 40, Batch: 500, Loss: 0.0338
[03:24:43] {train_network.py:177} INFO - Epoch: 40, Batch: 600, Loss: 0.0567
[03:25:05] {train_network.py:177} INFO - Epoch: 40, Batch: 700, Loss: 0.0563
[03:25:27] {train_network.py:177} INFO - Epoch: 40, Batch: 800, Loss: 0.0864
[03:25:49] {train_network.py:177} INFO - Epoch: 40, Batch: 900, Loss: 0.0733
[03:26:13] {train_network.py:328} INFO - Validating...
[03:26:15] {train_network.py:331} INFO - 37/89 = 0.415730
[03:26:15] {train_network.py:319} INFO - Beginning Epoch 41
[03:26:37] {train_network.py:177} INFO - Epoch: 41, Batch: 100, Loss: 0.0343
[03:26:59] {train_network.py:177} INFO - Epoch: 41, Batch: 200, Loss: 0.0803
[03:27:22] {train_network.py:177} INFO - Epoch: 41, Batch: 300, Loss: 0.0637
[03:27:44] {train_network.py:177} INFO - Epoch: 41, Batch: 400, Loss: 0.0319
[03:28:06] {train_network.py:177} INFO - Epoch: 41, Batch: 500, Loss: 0.0306
[03:28:28] {train_network.py:177} INFO - Epoch: 41, Batch: 600, Loss: 0.0747
[03:28:50] {train_network.py:177} INFO - Epoch: 41, Batch: 700, Loss: 0.0426
[03:29:13] {train_network.py:177} INFO - Epoch: 41, Batch: 800, Loss: 0.0394
[03:29:35] {train_network.py:177} INFO - Epoch: 41, Batch: 900, Loss: 0.0145
[03:29:59] {train_network.py:328} INFO - Validating...
[03:30:01] {train_network.py:331} INFO - 35/89 = 0.393258
[03:30:01] {train_network.py:319} INFO - Beginning Epoch 42
[03:30:23] {train_network.py:177} INFO - Epoch: 42, Batch: 100, Loss: 0.0225
[03:30:45] {train_network.py:177} INFO - Epoch: 42, Batch: 200, Loss: 0.0371
[03:31:08] {train_network.py:177} INFO - Epoch: 42, Batch: 300, Loss: 0.0365
[03:31:30] {train_network.py:177} INFO - Epoch: 42, Batch: 400, Loss: 0.0181
[03:31:52] {train_network.py:177} INFO - Epoch: 42, Batch: 500, Loss: 0.0489
[03:32:14] {train_network.py:177} INFO - Epoch: 42, Batch: 600, Loss: 0.0459
[03:32:36] {train_network.py:177} INFO - Epoch: 42, Batch: 700, Loss: 0.0819
[03:32:58] {train_network.py:177} INFO - Epoch: 42, Batch: 800, Loss: 0.0318
[03:33:21] {train_network.py:177} INFO - Epoch: 42, Batch: 900, Loss: 0.0811
[03:33:44] {train_network.py:328} INFO - Validating...
[03:33:47] {train_network.py:331} INFO - 43/89 = 0.483146
[03:33:47] {train_network.py:319} INFO - Beginning Epoch 43
[03:34:09] {train_network.py:177} INFO - Epoch: 43, Batch: 100, Loss: 0.0193
[03:34:31] {train_network.py:177} INFO - Epoch: 43, Batch: 200, Loss: 0.0458
[03:34:53] {train_network.py:177} INFO - Epoch: 43, Batch: 300, Loss: 0.0255
[03:35:15] {train_network.py:177} INFO - Epoch: 43, Batch: 400, Loss: 0.0590
[03:35:38] {train_network.py:177} INFO - Epoch: 43, Batch: 500, Loss: 0.0695
[03:36:00] {train_network.py:177} INFO - Epoch: 43, Batch: 600, Loss: 0.0575
[03:36:22] {train_network.py:177} INFO - Epoch: 43, Batch: 700, Loss: 0.0219
[03:36:44] {train_network.py:177} INFO - Epoch: 43, Batch: 800, Loss: 0.0573
[03:37:06] {train_network.py:177} INFO - Epoch: 43, Batch: 900, Loss: 0.0452
[03:37:30] {train_network.py:328} INFO - Validating...
[03:37:32] {train_network.py:331} INFO - 34/89 = 0.382022
[03:37:32] {train_network.py:319} INFO - Beginning Epoch 44
[03:37:54] {train_network.py:177} INFO - Epoch: 44, Batch: 100, Loss: 0.0513
[03:38:16] {train_network.py:177} INFO - Epoch: 44, Batch: 200, Loss: 0.0512
[03:38:39] {train_network.py:177} INFO - Epoch: 44, Batch: 300, Loss: 0.0654
[03:39:01] {train_network.py:177} INFO - Epoch: 44, Batch: 400, Loss: 0.0361
[03:39:23] {train_network.py:177} INFO - Epoch: 44, Batch: 500, Loss: 0.0617
[03:39:45] {train_network.py:177} INFO - Epoch: 44, Batch: 600, Loss: 0.0266
[03:40:07] {train_network.py:177} INFO - Epoch: 44, Batch: 700, Loss: 0.1161
[03:40:29] {train_network.py:177} INFO - Epoch: 44, Batch: 800, Loss: 0.0241
[03:40:51] {train_network.py:177} INFO - Epoch: 44, Batch: 900, Loss: 0.0893
[03:41:15] {train_network.py:328} INFO - Validating...
[03:41:17] {train_network.py:331} INFO - 51/89 = 0.573034
[03:41:17] {train_network.py:319} INFO - Beginning Epoch 45
[03:41:39] {train_network.py:177} INFO - Epoch: 45, Batch: 100, Loss: 0.0617
[03:42:01] {train_network.py:177} INFO - Epoch: 45, Batch: 200, Loss: 0.0335
[03:42:23] {train_network.py:177} INFO - Epoch: 45, Batch: 300, Loss: 0.0531
[03:42:45] {train_network.py:177} INFO - Epoch: 45, Batch: 400, Loss: 0.0172
[03:43:07] {train_network.py:177} INFO - Epoch: 45, Batch: 500, Loss: 0.0276
[03:43:30] {train_network.py:177} INFO - Epoch: 45, Batch: 600, Loss: 0.0334
[03:43:52] {train_network.py:177} INFO - Epoch: 45, Batch: 700, Loss: 0.0489
[03:44:14] {train_network.py:177} INFO - Epoch: 45, Batch: 800, Loss: 0.0625
[03:44:36] {train_network.py:177} INFO - Epoch: 45, Batch: 900, Loss: 0.0393
[03:45:00] {train_network.py:328} INFO - Validating...
[03:45:02] {train_network.py:331} INFO - 52/89 = 0.584270
[03:45:02] {train_network.py:319} INFO - Beginning Epoch 46
[03:45:24] {train_network.py:177} INFO - Epoch: 46, Batch: 100, Loss: 0.0760
[03:45:46] {train_network.py:177} INFO - Epoch: 46, Batch: 200, Loss: 0.0519
[03:46:09] {train_network.py:177} INFO - Epoch: 46, Batch: 300, Loss: 0.0739
[03:46:31] {train_network.py:177} INFO - Epoch: 46, Batch: 400, Loss: 0.0433
[03:46:53] {train_network.py:177} INFO - Epoch: 46, Batch: 500, Loss: 0.0320
[03:47:15] {train_network.py:177} INFO - Epoch: 46, Batch: 600, Loss: 0.0617
[03:47:37] {train_network.py:177} INFO - Epoch: 46, Batch: 700, Loss: 0.0303
[03:47:59] {train_network.py:177} INFO - Epoch: 46, Batch: 800, Loss: 0.0299
[03:48:21] {train_network.py:177} INFO - Epoch: 46, Batch: 900, Loss: 0.0277
[03:48:45] {train_network.py:328} INFO - Validating...
[03:48:47] {train_network.py:331} INFO - 32/89 = 0.359551
[03:48:47] {train_network.py:319} INFO - Beginning Epoch 47
[03:49:09] {train_network.py:177} INFO - Epoch: 47, Batch: 100, Loss: 0.0479
[03:49:32] {train_network.py:177} INFO - Epoch: 47, Batch: 200, Loss: 0.0313
[03:49:54] {train_network.py:177} INFO - Epoch: 47, Batch: 300, Loss: 0.0614
[03:50:16] {train_network.py:177} INFO - Epoch: 47, Batch: 400, Loss: 0.0703
[03:50:38] {train_network.py:177} INFO - Epoch: 47, Batch: 500, Loss: 0.0386
[03:51:00] {train_network.py:177} INFO - Epoch: 47, Batch: 600, Loss: 0.0625
[03:51:22] {train_network.py:177} INFO - Epoch: 47, Batch: 700, Loss: 0.0620
[03:51:44] {train_network.py:177} INFO - Epoch: 47, Batch: 800, Loss: 0.0573
[03:52:07] {train_network.py:177} INFO - Epoch: 47, Batch: 900, Loss: 0.0654
[03:52:30] {train_network.py:328} INFO - Validating...
[03:52:32] {train_network.py:331} INFO - 51/89 = 0.573034
[03:52:32] {train_network.py:319} INFO - Beginning Epoch 48
[03:52:55] {train_network.py:177} INFO - Epoch: 48, Batch: 100, Loss: 0.0197
[03:53:17] {train_network.py:177} INFO - Epoch: 48, Batch: 200, Loss: 0.0355
[03:53:39] {train_network.py:177} INFO - Epoch: 48, Batch: 300, Loss: 0.0557
[03:54:01] {train_network.py:177} INFO - Epoch: 48, Batch: 400, Loss: 0.0094
[03:54:23] {train_network.py:177} INFO - Epoch: 48, Batch: 500, Loss: 0.0263
[03:54:45] {train_network.py:177} INFO - Epoch: 48, Batch: 600, Loss: 0.0263
[03:55:07] {train_network.py:177} INFO - Epoch: 48, Batch: 700, Loss: 0.0373
[03:55:29] {train_network.py:177} INFO - Epoch: 48, Batch: 800, Loss: 0.0350
[03:55:52] {train_network.py:177} INFO - Epoch: 48, Batch: 900, Loss: 0.0491
[03:56:15] {train_network.py:328} INFO - Validating...
[03:56:18] {train_network.py:331} INFO - 50/89 = 0.561798
[03:56:18] {train_network.py:319} INFO - Beginning Epoch 49
[03:56:40] {train_network.py:177} INFO - Epoch: 49, Batch: 100, Loss: 0.0367
[03:57:02] {train_network.py:177} INFO - Epoch: 49, Batch: 200, Loss: 0.0540
[03:57:24] {train_network.py:177} INFO - Epoch: 49, Batch: 300, Loss: 0.0443
[03:57:46] {train_network.py:177} INFO - Epoch: 49, Batch: 400, Loss: 0.0523
[03:58:08] {train_network.py:177} INFO - Epoch: 49, Batch: 500, Loss: 0.0234
[03:58:30] {train_network.py:177} INFO - Epoch: 49, Batch: 600, Loss: 0.0469
[03:58:53] {train_network.py:177} INFO - Epoch: 49, Batch: 700, Loss: 0.0451
[03:59:15] {train_network.py:177} INFO - Epoch: 49, Batch: 800, Loss: 0.0848
[03:59:37] {train_network.py:177} INFO - Epoch: 49, Batch: 900, Loss: 0.0318
[04:00:00] {train_network.py:328} INFO - Validating...
[04:00:03] {train_network.py:331} INFO - 48/89 = 0.539326
