[09:42:03] {/workspace/KIidP-Gruppe-4/hardware/device.py:11} INFO - CUDA detected. Running with GPU acceleration.
[09:42:03] {train_network.py:247} INFO - Loading Cornell Dataset...
[09:42:03] {train_network.py:256} INFO - Dataset size is 885
[09:42:03] {train_network.py:265} INFO - Training size: 796
[09:42:03] {train_network.py:266} INFO - Validation size: 89
[09:42:03] {train_network.py:284} INFO - Done
[09:42:03] {train_network.py:287} INFO - Loading Network...
[09:42:03] {train_network.py:298} INFO - Done
[09:42:04] {train_network.py:317} INFO - Beginning Epoch 00
[09:42:22] {train_network.py:175} INFO - Epoch: 0, Batch: 100, Loss: 0.0643
[09:42:41] {train_network.py:175} INFO - Epoch: 0, Batch: 200, Loss: 0.1006
[09:42:59] {train_network.py:175} INFO - Epoch: 0, Batch: 300, Loss: 0.0452
[09:43:18] {train_network.py:175} INFO - Epoch: 0, Batch: 400, Loss: 0.0547
[09:43:36] {train_network.py:175} INFO - Epoch: 0, Batch: 500, Loss: 0.0607
[09:43:54] {train_network.py:175} INFO - Epoch: 0, Batch: 600, Loss: 0.0517
[09:44:13] {train_network.py:175} INFO - Epoch: 0, Batch: 700, Loss: 0.1282
[09:44:32] {train_network.py:175} INFO - Epoch: 0, Batch: 800, Loss: 0.0358
[09:44:51] {train_network.py:175} INFO - Epoch: 0, Batch: 900, Loss: 0.0854
[09:45:11] {train_network.py:326} INFO - Validating...
[09:45:13] {train_network.py:329} INFO - 43/89 = 0.483146
[09:45:13] {train_network.py:317} INFO - Beginning Epoch 01
[09:45:32] {train_network.py:175} INFO - Epoch: 1, Batch: 100, Loss: 0.0327
[09:45:50] {train_network.py:175} INFO - Epoch: 1, Batch: 200, Loss: 0.0499
[09:46:09] {train_network.py:175} INFO - Epoch: 1, Batch: 300, Loss: 0.0886
[09:46:28] {train_network.py:175} INFO - Epoch: 1, Batch: 400, Loss: 0.0705
[09:46:47] {train_network.py:175} INFO - Epoch: 1, Batch: 500, Loss: 0.0897
[09:47:05] {train_network.py:175} INFO - Epoch: 1, Batch: 600, Loss: 0.0697
[09:47:24] {train_network.py:175} INFO - Epoch: 1, Batch: 700, Loss: 0.0460
[09:47:43] {train_network.py:175} INFO - Epoch: 1, Batch: 800, Loss: 0.1195
[09:48:02] {train_network.py:175} INFO - Epoch: 1, Batch: 900, Loss: 0.0424
[09:48:22] {train_network.py:326} INFO - Validating...
[09:48:25] {train_network.py:329} INFO - 72/89 = 0.808989
[09:48:25] {train_network.py:317} INFO - Beginning Epoch 02
[09:48:44] {train_network.py:175} INFO - Epoch: 2, Batch: 100, Loss: 0.0353
[09:49:03] {train_network.py:175} INFO - Epoch: 2, Batch: 200, Loss: 0.0968
[09:49:22] {train_network.py:175} INFO - Epoch: 2, Batch: 300, Loss: 0.0559
[09:49:40] {train_network.py:175} INFO - Epoch: 2, Batch: 400, Loss: 0.0814
[09:49:59] {train_network.py:175} INFO - Epoch: 2, Batch: 500, Loss: 0.2109
[09:50:18] {train_network.py:175} INFO - Epoch: 2, Batch: 600, Loss: 0.0681
[09:50:36] {train_network.py:175} INFO - Epoch: 2, Batch: 700, Loss: 0.0718
[09:50:55] {train_network.py:175} INFO - Epoch: 2, Batch: 800, Loss: 0.0739
[09:51:13] {train_network.py:175} INFO - Epoch: 2, Batch: 900, Loss: 0.0541
[09:51:33] {train_network.py:326} INFO - Validating...
[09:51:36] {train_network.py:329} INFO - 79/89 = 0.887640
[09:51:36] {train_network.py:317} INFO - Beginning Epoch 03
[09:51:55] {train_network.py:175} INFO - Epoch: 3, Batch: 100, Loss: 0.0696
[09:52:13] {train_network.py:175} INFO - Epoch: 3, Batch: 200, Loss: 0.0506
[09:52:32] {train_network.py:175} INFO - Epoch: 3, Batch: 300, Loss: 0.0401
[09:52:50] {train_network.py:175} INFO - Epoch: 3, Batch: 400, Loss: 0.0546
[09:53:09] {train_network.py:175} INFO - Epoch: 3, Batch: 500, Loss: 0.0396
[09:53:28] {train_network.py:175} INFO - Epoch: 3, Batch: 600, Loss: 0.0400
[09:53:47] {train_network.py:175} INFO - Epoch: 3, Batch: 700, Loss: 0.0849
[09:54:05] {train_network.py:175} INFO - Epoch: 3, Batch: 800, Loss: 0.0463
[09:54:24] {train_network.py:175} INFO - Epoch: 3, Batch: 900, Loss: 0.1008
[09:54:44] {train_network.py:326} INFO - Validating...
[09:54:47] {train_network.py:329} INFO - 81/89 = 0.910112
[09:54:47] {train_network.py:317} INFO - Beginning Epoch 04
[09:55:05] {train_network.py:175} INFO - Epoch: 4, Batch: 100, Loss: 0.0631
[09:55:24] {train_network.py:175} INFO - Epoch: 4, Batch: 200, Loss: 0.0726
[09:55:43] {train_network.py:175} INFO - Epoch: 4, Batch: 300, Loss: 0.0601
[09:56:02] {train_network.py:175} INFO - Epoch: 4, Batch: 400, Loss: 0.0727
[09:56:21] {train_network.py:175} INFO - Epoch: 4, Batch: 500, Loss: 0.0301
[09:56:40] {train_network.py:175} INFO - Epoch: 4, Batch: 600, Loss: 0.0845
[09:56:59] {train_network.py:175} INFO - Epoch: 4, Batch: 700, Loss: 0.0614
[09:57:18] {train_network.py:175} INFO - Epoch: 4, Batch: 800, Loss: 0.0919
[09:57:36] {train_network.py:175} INFO - Epoch: 4, Batch: 900, Loss: 0.0885
[09:57:57] {train_network.py:326} INFO - Validating...
[09:58:00] {train_network.py:329} INFO - 71/89 = 0.797753
[09:58:00] {train_network.py:317} INFO - Beginning Epoch 05
[09:58:18] {train_network.py:175} INFO - Epoch: 5, Batch: 100, Loss: 0.1112
[09:58:37] {train_network.py:175} INFO - Epoch: 5, Batch: 200, Loss: 0.0969
[09:58:56] {train_network.py:175} INFO - Epoch: 5, Batch: 300, Loss: 0.0925
[09:59:15] {train_network.py:175} INFO - Epoch: 5, Batch: 400, Loss: 0.0638
[09:59:34] {train_network.py:175} INFO - Epoch: 5, Batch: 500, Loss: 0.0678
[09:59:52] {train_network.py:175} INFO - Epoch: 5, Batch: 600, Loss: 0.1078
[10:00:11] {train_network.py:175} INFO - Epoch: 5, Batch: 700, Loss: 0.0919
[10:00:29] {train_network.py:175} INFO - Epoch: 5, Batch: 800, Loss: 0.0544
[10:00:48] {train_network.py:175} INFO - Epoch: 5, Batch: 900, Loss: 0.0232
[10:01:08] {train_network.py:326} INFO - Validating...
[10:01:11] {train_network.py:329} INFO - 79/89 = 0.887640
[10:01:11] {train_network.py:317} INFO - Beginning Epoch 06
[10:01:30] {train_network.py:175} INFO - Epoch: 6, Batch: 100, Loss: 0.0553
[10:01:48] {train_network.py:175} INFO - Epoch: 6, Batch: 200, Loss: 0.0449
[10:02:07] {train_network.py:175} INFO - Epoch: 6, Batch: 300, Loss: 0.0704
[10:02:26] {train_network.py:175} INFO - Epoch: 6, Batch: 400, Loss: 0.0718
[10:02:45] {train_network.py:175} INFO - Epoch: 6, Batch: 500, Loss: 0.1206
[10:03:03] {train_network.py:175} INFO - Epoch: 6, Batch: 600, Loss: 0.0304
[10:03:22] {train_network.py:175} INFO - Epoch: 6, Batch: 700, Loss: 0.1368
[10:03:40] {train_network.py:175} INFO - Epoch: 6, Batch: 800, Loss: 0.1040
[10:03:59] {train_network.py:175} INFO - Epoch: 6, Batch: 900, Loss: 0.0360
[10:04:20] {train_network.py:326} INFO - Validating...
[10:04:23] {train_network.py:329} INFO - 81/89 = 0.910112
[10:04:23] {train_network.py:317} INFO - Beginning Epoch 07
[10:04:42] {train_network.py:175} INFO - Epoch: 7, Batch: 100, Loss: 0.0371
[10:05:00] {train_network.py:175} INFO - Epoch: 7, Batch: 200, Loss: 0.1010
[10:05:19] {train_network.py:175} INFO - Epoch: 7, Batch: 300, Loss: 0.0801
[10:05:38] {train_network.py:175} INFO - Epoch: 7, Batch: 400, Loss: 0.0922
[10:05:57] {train_network.py:175} INFO - Epoch: 7, Batch: 500, Loss: 0.0535
[10:06:15] {train_network.py:175} INFO - Epoch: 7, Batch: 600, Loss: 0.0818
[10:06:33] {train_network.py:175} INFO - Epoch: 7, Batch: 700, Loss: 0.0907
[10:06:52] {train_network.py:175} INFO - Epoch: 7, Batch: 800, Loss: 0.0480
[10:07:10] {train_network.py:175} INFO - Epoch: 7, Batch: 900, Loss: 0.1520
[10:07:30] {train_network.py:326} INFO - Validating...
[10:07:33] {train_network.py:329} INFO - 82/89 = 0.921348
[10:07:33] {train_network.py:317} INFO - Beginning Epoch 08
[10:07:52] {train_network.py:175} INFO - Epoch: 8, Batch: 100, Loss: 0.0378
[10:08:11] {train_network.py:175} INFO - Epoch: 8, Batch: 200, Loss: 0.0593
[10:08:30] {train_network.py:175} INFO - Epoch: 8, Batch: 300, Loss: 0.0996
[10:08:48] {train_network.py:175} INFO - Epoch: 8, Batch: 400, Loss: 0.0626
[10:09:07] {train_network.py:175} INFO - Epoch: 8, Batch: 500, Loss: 0.0459
[10:09:26] {train_network.py:175} INFO - Epoch: 8, Batch: 600, Loss: 0.1055
[10:09:45] {train_network.py:175} INFO - Epoch: 8, Batch: 700, Loss: 0.0376
[10:10:04] {train_network.py:175} INFO - Epoch: 8, Batch: 800, Loss: 0.0768
[10:10:22] {train_network.py:175} INFO - Epoch: 8, Batch: 900, Loss: 0.0648
[10:10:43] {train_network.py:326} INFO - Validating...
[10:10:46] {train_network.py:329} INFO - 84/89 = 0.943820
[10:10:46] {train_network.py:317} INFO - Beginning Epoch 09
[10:11:05] {train_network.py:175} INFO - Epoch: 9, Batch: 100, Loss: 0.0350
[10:11:24] {train_network.py:175} INFO - Epoch: 9, Batch: 200, Loss: 0.0817
[10:11:43] {train_network.py:175} INFO - Epoch: 9, Batch: 300, Loss: 0.0863
[10:12:02] {train_network.py:175} INFO - Epoch: 9, Batch: 400, Loss: 0.1471
[10:12:21] {train_network.py:175} INFO - Epoch: 9, Batch: 500, Loss: 0.1397
[10:12:39] {train_network.py:175} INFO - Epoch: 9, Batch: 600, Loss: 0.0921
[10:12:58] {train_network.py:175} INFO - Epoch: 9, Batch: 700, Loss: 0.0398
[10:13:16] {train_network.py:175} INFO - Epoch: 9, Batch: 800, Loss: 0.0941
[10:13:35] {train_network.py:175} INFO - Epoch: 9, Batch: 900, Loss: 0.0661
[10:13:56] {train_network.py:326} INFO - Validating...
[10:13:59] {train_network.py:329} INFO - 85/89 = 0.955056
[10:13:59] {train_network.py:317} INFO - Beginning Epoch 10
[10:14:17] {train_network.py:175} INFO - Epoch: 10, Batch: 100, Loss: 0.1097
[10:14:36] {train_network.py:175} INFO - Epoch: 10, Batch: 200, Loss: 0.1095
[10:14:54] {train_network.py:175} INFO - Epoch: 10, Batch: 300, Loss: 0.0393
[10:15:13] {train_network.py:175} INFO - Epoch: 10, Batch: 400, Loss: 0.0302
[10:15:31] {train_network.py:175} INFO - Epoch: 10, Batch: 500, Loss: 0.0565
[10:15:49] {train_network.py:175} INFO - Epoch: 10, Batch: 600, Loss: 0.0915
[10:16:08] {train_network.py:175} INFO - Epoch: 10, Batch: 700, Loss: 0.0616
[10:16:26] {train_network.py:175} INFO - Epoch: 10, Batch: 800, Loss: 0.0332
[10:16:44] {train_network.py:175} INFO - Epoch: 10, Batch: 900, Loss: 0.0431
[10:17:04] {train_network.py:326} INFO - Validating...
[10:17:07] {train_network.py:329} INFO - 85/89 = 0.955056
[10:17:07] {train_network.py:317} INFO - Beginning Epoch 11
[10:17:25] {train_network.py:175} INFO - Epoch: 11, Batch: 100, Loss: 0.0894
[10:17:44] {train_network.py:175} INFO - Epoch: 11, Batch: 200, Loss: 0.0374
[10:18:02] {train_network.py:175} INFO - Epoch: 11, Batch: 300, Loss: 0.0719
[10:18:20] {train_network.py:175} INFO - Epoch: 11, Batch: 400, Loss: 0.0728
[10:18:39] {train_network.py:175} INFO - Epoch: 11, Batch: 500, Loss: 0.2229
[10:18:57] {train_network.py:175} INFO - Epoch: 11, Batch: 600, Loss: 0.0588
[10:19:15] {train_network.py:175} INFO - Epoch: 11, Batch: 700, Loss: 0.0430
[10:19:34] {train_network.py:175} INFO - Epoch: 11, Batch: 800, Loss: 0.0572
[10:19:52] {train_network.py:175} INFO - Epoch: 11, Batch: 900, Loss: 0.0182
[10:20:12] {train_network.py:326} INFO - Validating...
[10:20:15] {train_network.py:329} INFO - 86/89 = 0.966292
[10:20:15] {train_network.py:317} INFO - Beginning Epoch 12
[10:20:33] {train_network.py:175} INFO - Epoch: 12, Batch: 100, Loss: 0.0981
[10:20:51] {train_network.py:175} INFO - Epoch: 12, Batch: 200, Loss: 0.0759
[10:21:10] {train_network.py:175} INFO - Epoch: 12, Batch: 300, Loss: 0.0712
[10:21:28] {train_network.py:175} INFO - Epoch: 12, Batch: 400, Loss: 0.1666
[10:21:46] {train_network.py:175} INFO - Epoch: 12, Batch: 500, Loss: 0.0637
[10:22:04] {train_network.py:175} INFO - Epoch: 12, Batch: 600, Loss: 0.0582
[10:22:22] {train_network.py:175} INFO - Epoch: 12, Batch: 700, Loss: 0.0448
[10:22:41] {train_network.py:175} INFO - Epoch: 12, Batch: 800, Loss: 0.0453
[10:22:59] {train_network.py:175} INFO - Epoch: 12, Batch: 900, Loss: 0.0836
[10:23:18] {train_network.py:326} INFO - Validating...
[10:23:21] {train_network.py:329} INFO - 71/89 = 0.797753
[10:23:21] {train_network.py:317} INFO - Beginning Epoch 13
[10:23:40] {train_network.py:175} INFO - Epoch: 13, Batch: 100, Loss: 0.0422
[10:23:58] {train_network.py:175} INFO - Epoch: 13, Batch: 200, Loss: 0.0592
[10:24:16] {train_network.py:175} INFO - Epoch: 13, Batch: 300, Loss: 0.0427
[10:24:34] {train_network.py:175} INFO - Epoch: 13, Batch: 400, Loss: 0.0504
[10:24:52] {train_network.py:175} INFO - Epoch: 13, Batch: 500, Loss: 0.0651
[10:25:11] {train_network.py:175} INFO - Epoch: 13, Batch: 600, Loss: 0.0204
[10:25:29] {train_network.py:175} INFO - Epoch: 13, Batch: 700, Loss: 0.0423
[10:25:47] {train_network.py:175} INFO - Epoch: 13, Batch: 800, Loss: 0.0598
[10:26:06] {train_network.py:175} INFO - Epoch: 13, Batch: 900, Loss: 0.0403
[10:26:26] {train_network.py:326} INFO - Validating...
[10:26:29] {train_network.py:329} INFO - 83/89 = 0.932584
[10:26:29] {train_network.py:317} INFO - Beginning Epoch 14
[10:26:47] {train_network.py:175} INFO - Epoch: 14, Batch: 100, Loss: 0.0688
[10:27:05] {train_network.py:175} INFO - Epoch: 14, Batch: 200, Loss: 0.0365
[10:27:24] {train_network.py:175} INFO - Epoch: 14, Batch: 300, Loss: 0.0256
[10:27:42] {train_network.py:175} INFO - Epoch: 14, Batch: 400, Loss: 0.0245
[10:28:00] {train_network.py:175} INFO - Epoch: 14, Batch: 500, Loss: 0.1410
[10:28:19] {train_network.py:175} INFO - Epoch: 14, Batch: 600, Loss: 0.0621
[10:28:37] {train_network.py:175} INFO - Epoch: 14, Batch: 700, Loss: 0.0444
[10:28:55] {train_network.py:175} INFO - Epoch: 14, Batch: 800, Loss: 0.0902
[10:29:14] {train_network.py:175} INFO - Epoch: 14, Batch: 900, Loss: 0.1128
[10:29:34] {train_network.py:326} INFO - Validating...
[10:29:37] {train_network.py:329} INFO - 79/89 = 0.887640
[10:29:37] {train_network.py:317} INFO - Beginning Epoch 15
[10:29:55] {train_network.py:175} INFO - Epoch: 15, Batch: 100, Loss: 0.0443
[10:30:13] {train_network.py:175} INFO - Epoch: 15, Batch: 200, Loss: 0.0292
[10:30:32] {train_network.py:175} INFO - Epoch: 15, Batch: 300, Loss: 0.0270
[10:30:50] {train_network.py:175} INFO - Epoch: 15, Batch: 400, Loss: 0.0294
[10:31:08] {train_network.py:175} INFO - Epoch: 15, Batch: 500, Loss: 0.0726
[10:31:27] {train_network.py:175} INFO - Epoch: 15, Batch: 600, Loss: 0.0672
[10:31:45] {train_network.py:175} INFO - Epoch: 15, Batch: 700, Loss: 0.0366
[10:32:04] {train_network.py:175} INFO - Epoch: 15, Batch: 800, Loss: 0.0401
[10:32:22] {train_network.py:175} INFO - Epoch: 15, Batch: 900, Loss: 0.0194
[10:32:42] {train_network.py:326} INFO - Validating...
[10:32:45] {train_network.py:329} INFO - 86/89 = 0.966292
[10:32:45] {train_network.py:317} INFO - Beginning Epoch 16
[10:33:03] {train_network.py:175} INFO - Epoch: 16, Batch: 100, Loss: 0.0422
[10:33:21] {train_network.py:175} INFO - Epoch: 16, Batch: 200, Loss: 0.0518
[10:33:39] {train_network.py:175} INFO - Epoch: 16, Batch: 300, Loss: 0.0233
[10:33:58] {train_network.py:175} INFO - Epoch: 16, Batch: 400, Loss: 0.0432
[10:34:16] {train_network.py:175} INFO - Epoch: 16, Batch: 500, Loss: 0.0320
[10:34:35] {train_network.py:175} INFO - Epoch: 16, Batch: 600, Loss: 0.0450
[10:34:53] {train_network.py:175} INFO - Epoch: 16, Batch: 700, Loss: 0.0412
[10:35:11] {train_network.py:175} INFO - Epoch: 16, Batch: 800, Loss: 0.0628
[10:35:29] {train_network.py:175} INFO - Epoch: 16, Batch: 900, Loss: 0.0600
[10:35:50] {train_network.py:326} INFO - Validating...
[10:35:52] {train_network.py:329} INFO - 76/89 = 0.853933
[10:35:52] {train_network.py:317} INFO - Beginning Epoch 17
[10:36:11] {train_network.py:175} INFO - Epoch: 17, Batch: 100, Loss: 0.0724
[10:36:29] {train_network.py:175} INFO - Epoch: 17, Batch: 200, Loss: 0.0886
[10:36:47] {train_network.py:175} INFO - Epoch: 17, Batch: 300, Loss: 0.0863
[10:37:05] {train_network.py:175} INFO - Epoch: 17, Batch: 400, Loss: 0.0753
[10:37:24] {train_network.py:175} INFO - Epoch: 17, Batch: 500, Loss: 0.0552
[10:37:42] {train_network.py:175} INFO - Epoch: 17, Batch: 600, Loss: 0.0304
[10:38:00] {train_network.py:175} INFO - Epoch: 17, Batch: 700, Loss: 0.1684
[10:38:18] {train_network.py:175} INFO - Epoch: 17, Batch: 800, Loss: 0.1314
[10:38:36] {train_network.py:175} INFO - Epoch: 17, Batch: 900, Loss: 0.0303
[10:38:56] {train_network.py:326} INFO - Validating...
[10:38:59] {train_network.py:329} INFO - 84/89 = 0.943820
[10:38:59] {train_network.py:317} INFO - Beginning Epoch 18
[10:39:17] {train_network.py:175} INFO - Epoch: 18, Batch: 100, Loss: 0.0185
[10:39:35] {train_network.py:175} INFO - Epoch: 18, Batch: 200, Loss: 0.0460
[10:39:54] {train_network.py:175} INFO - Epoch: 18, Batch: 300, Loss: 0.0449
[10:40:12] {train_network.py:175} INFO - Epoch: 18, Batch: 400, Loss: 0.0344
[10:40:30] {train_network.py:175} INFO - Epoch: 18, Batch: 500, Loss: 0.0616
[10:40:49] {train_network.py:175} INFO - Epoch: 18, Batch: 600, Loss: 0.0336
[10:41:07] {train_network.py:175} INFO - Epoch: 18, Batch: 700, Loss: 0.0630
[10:41:25] {train_network.py:175} INFO - Epoch: 18, Batch: 800, Loss: 0.0470
[10:41:44] {train_network.py:175} INFO - Epoch: 18, Batch: 900, Loss: 0.0389
[10:42:04] {train_network.py:326} INFO - Validating...
[10:42:07] {train_network.py:329} INFO - 87/89 = 0.977528
[10:42:07] {train_network.py:317} INFO - Beginning Epoch 19
[10:42:25] {train_network.py:175} INFO - Epoch: 19, Batch: 100, Loss: 0.0774
[10:42:43] {train_network.py:175} INFO - Epoch: 19, Batch: 200, Loss: 0.0821
[10:43:01] {train_network.py:175} INFO - Epoch: 19, Batch: 300, Loss: 0.0394
[10:43:20] {train_network.py:175} INFO - Epoch: 19, Batch: 400, Loss: 0.0864
[10:43:38] {train_network.py:175} INFO - Epoch: 19, Batch: 500, Loss: 0.0311
[10:43:56] {train_network.py:175} INFO - Epoch: 19, Batch: 600, Loss: 0.0744
[10:44:15] {train_network.py:175} INFO - Epoch: 19, Batch: 700, Loss: 0.0162
[10:44:33] {train_network.py:175} INFO - Epoch: 19, Batch: 800, Loss: 0.0248
[10:44:51] {train_network.py:175} INFO - Epoch: 19, Batch: 900, Loss: 0.0928
[10:45:11] {train_network.py:326} INFO - Validating...
[10:45:14] {train_network.py:329} INFO - 84/89 = 0.943820
[10:45:14] {train_network.py:317} INFO - Beginning Epoch 20
[10:45:32] {train_network.py:175} INFO - Epoch: 20, Batch: 100, Loss: 0.0952
[10:45:51] {train_network.py:175} INFO - Epoch: 20, Batch: 200, Loss: 0.0604
[10:46:09] {train_network.py:175} INFO - Epoch: 20, Batch: 300, Loss: 0.0489
[10:46:27] {train_network.py:175} INFO - Epoch: 20, Batch: 400, Loss: 0.0638
[10:46:46] {train_network.py:175} INFO - Epoch: 20, Batch: 500, Loss: 0.1103
[10:47:05] {train_network.py:175} INFO - Epoch: 20, Batch: 600, Loss: 0.0410
[10:47:24] {train_network.py:175} INFO - Epoch: 20, Batch: 700, Loss: 0.0330
[10:47:43] {train_network.py:175} INFO - Epoch: 20, Batch: 800, Loss: 0.0479
[10:48:03] {train_network.py:175} INFO - Epoch: 20, Batch: 900, Loss: 0.0438
[10:48:23] {train_network.py:326} INFO - Validating...
[10:48:26] {train_network.py:329} INFO - 87/89 = 0.977528
[10:48:26] {train_network.py:317} INFO - Beginning Epoch 21
[10:48:44] {train_network.py:175} INFO - Epoch: 21, Batch: 100, Loss: 0.0664
[10:49:03] {train_network.py:175} INFO - Epoch: 21, Batch: 200, Loss: 0.0218
[10:49:22] {train_network.py:175} INFO - Epoch: 21, Batch: 300, Loss: 0.0284
[10:49:40] {train_network.py:175} INFO - Epoch: 21, Batch: 400, Loss: 0.0226
[10:50:00] {train_network.py:175} INFO - Epoch: 21, Batch: 500, Loss: 0.0759
[10:50:19] {train_network.py:175} INFO - Epoch: 21, Batch: 600, Loss: 0.0616
[10:50:38] {train_network.py:175} INFO - Epoch: 21, Batch: 700, Loss: 0.0639
[10:50:56] {train_network.py:175} INFO - Epoch: 21, Batch: 800, Loss: 0.0947
[10:51:15] {train_network.py:175} INFO - Epoch: 21, Batch: 900, Loss: 0.1568
[10:51:36] {train_network.py:326} INFO - Validating...
[10:51:39] {train_network.py:329} INFO - 81/89 = 0.910112
[10:51:39] {train_network.py:317} INFO - Beginning Epoch 22
[10:51:58] {train_network.py:175} INFO - Epoch: 22, Batch: 100, Loss: 0.0956
[10:52:17] {train_network.py:175} INFO - Epoch: 22, Batch: 200, Loss: 0.0689
[10:52:36] {train_network.py:175} INFO - Epoch: 22, Batch: 300, Loss: 0.0994
[10:52:55] {train_network.py:175} INFO - Epoch: 22, Batch: 400, Loss: 0.0342
[10:53:14] {train_network.py:175} INFO - Epoch: 22, Batch: 500, Loss: 0.0474
[10:53:32] {train_network.py:175} INFO - Epoch: 22, Batch: 600, Loss: 0.0654
[10:53:51] {train_network.py:175} INFO - Epoch: 22, Batch: 700, Loss: 0.0552
[10:54:10] {train_network.py:175} INFO - Epoch: 22, Batch: 800, Loss: 0.0364
[10:54:28] {train_network.py:175} INFO - Epoch: 22, Batch: 900, Loss: 0.0450
[10:54:48] {train_network.py:326} INFO - Validating...
[10:54:51] {train_network.py:329} INFO - 85/89 = 0.955056
[10:54:51] {train_network.py:317} INFO - Beginning Epoch 23
[10:55:10] {train_network.py:175} INFO - Epoch: 23, Batch: 100, Loss: 0.0273
[10:55:29] {train_network.py:175} INFO - Epoch: 23, Batch: 200, Loss: 0.0661
[10:55:47] {train_network.py:175} INFO - Epoch: 23, Batch: 300, Loss: 0.0512
[10:56:06] {train_network.py:175} INFO - Epoch: 23, Batch: 400, Loss: 0.0614
[10:56:25] {train_network.py:175} INFO - Epoch: 23, Batch: 500, Loss: 0.0544
[10:56:44] {train_network.py:175} INFO - Epoch: 23, Batch: 600, Loss: 0.1033
[10:57:02] {train_network.py:175} INFO - Epoch: 23, Batch: 700, Loss: 0.0579
[10:57:21] {train_network.py:175} INFO - Epoch: 23, Batch: 800, Loss: 0.0173
[10:57:40] {train_network.py:175} INFO - Epoch: 23, Batch: 900, Loss: 0.1069
[10:58:00] {train_network.py:326} INFO - Validating...
[10:58:03] {train_network.py:329} INFO - 84/89 = 0.943820
[10:58:03] {train_network.py:317} INFO - Beginning Epoch 24
[10:58:21] {train_network.py:175} INFO - Epoch: 24, Batch: 100, Loss: 0.0159
[10:58:40] {train_network.py:175} INFO - Epoch: 24, Batch: 200, Loss: 0.0982
[10:58:58] {train_network.py:175} INFO - Epoch: 24, Batch: 300, Loss: 0.0930
[10:59:17] {train_network.py:175} INFO - Epoch: 24, Batch: 400, Loss: 0.0196
[10:59:36] {train_network.py:175} INFO - Epoch: 24, Batch: 500, Loss: 0.0652
[10:59:54] {train_network.py:175} INFO - Epoch: 24, Batch: 600, Loss: 0.1019
[11:00:13] {train_network.py:175} INFO - Epoch: 24, Batch: 700, Loss: 0.0529
[11:00:32] {train_network.py:175} INFO - Epoch: 24, Batch: 800, Loss: 0.0692
[11:00:51] {train_network.py:175} INFO - Epoch: 24, Batch: 900, Loss: 0.0445
[11:01:10] {train_network.py:326} INFO - Validating...
[11:01:13] {train_network.py:329} INFO - 78/89 = 0.876404
[11:01:13] {train_network.py:317} INFO - Beginning Epoch 25
[11:01:32] {train_network.py:175} INFO - Epoch: 25, Batch: 100, Loss: 0.0342
[11:01:51] {train_network.py:175} INFO - Epoch: 25, Batch: 200, Loss: 0.0949
[11:02:09] {train_network.py:175} INFO - Epoch: 25, Batch: 300, Loss: 0.0446
[11:02:28] {train_network.py:175} INFO - Epoch: 25, Batch: 400, Loss: 0.0425
[11:02:47] {train_network.py:175} INFO - Epoch: 25, Batch: 500, Loss: 0.0424
[11:03:06] {train_network.py:175} INFO - Epoch: 25, Batch: 600, Loss: 0.0490
[11:03:24] {train_network.py:175} INFO - Epoch: 25, Batch: 700, Loss: 0.0863
[11:03:43] {train_network.py:175} INFO - Epoch: 25, Batch: 800, Loss: 0.0356
[11:04:02] {train_network.py:175} INFO - Epoch: 25, Batch: 900, Loss: 0.0279
[11:04:22] {train_network.py:326} INFO - Validating...
[11:04:25] {train_network.py:329} INFO - 85/89 = 0.955056
[11:04:25] {train_network.py:317} INFO - Beginning Epoch 26
[11:04:43] {train_network.py:175} INFO - Epoch: 26, Batch: 100, Loss: 0.0272
[11:05:02] {train_network.py:175} INFO - Epoch: 26, Batch: 200, Loss: 0.0753
[11:05:21] {train_network.py:175} INFO - Epoch: 26, Batch: 300, Loss: 0.0235
[11:05:39] {train_network.py:175} INFO - Epoch: 26, Batch: 400, Loss: 0.0717
[11:05:58] {train_network.py:175} INFO - Epoch: 26, Batch: 500, Loss: 0.0970
[11:06:17] {train_network.py:175} INFO - Epoch: 26, Batch: 600, Loss: 0.0320
[11:06:36] {train_network.py:175} INFO - Epoch: 26, Batch: 700, Loss: 0.0305
[11:06:54] {train_network.py:175} INFO - Epoch: 26, Batch: 800, Loss: 0.0702
[11:07:13] {train_network.py:175} INFO - Epoch: 26, Batch: 900, Loss: 0.0328
[11:07:34] {train_network.py:326} INFO - Validating...
[11:07:37] {train_network.py:329} INFO - 83/89 = 0.932584
[11:07:37] {train_network.py:317} INFO - Beginning Epoch 27
[11:07:55] {train_network.py:175} INFO - Epoch: 27, Batch: 100, Loss: 0.1030
[11:08:14] {train_network.py:175} INFO - Epoch: 27, Batch: 200, Loss: 0.0272
[11:08:33] {train_network.py:175} INFO - Epoch: 27, Batch: 300, Loss: 0.0412
[11:08:51] {train_network.py:175} INFO - Epoch: 27, Batch: 400, Loss: 0.0429
[11:09:10] {train_network.py:175} INFO - Epoch: 27, Batch: 500, Loss: 0.1881
[11:09:29] {train_network.py:175} INFO - Epoch: 27, Batch: 600, Loss: 0.0340
[11:09:47] {train_network.py:175} INFO - Epoch: 27, Batch: 700, Loss: 0.0429
[11:10:06] {train_network.py:175} INFO - Epoch: 27, Batch: 800, Loss: 0.0419
[11:10:25] {train_network.py:175} INFO - Epoch: 27, Batch: 900, Loss: 0.0562
[11:10:45] {train_network.py:326} INFO - Validating...
[11:10:48] {train_network.py:329} INFO - 86/89 = 0.966292
[11:10:48] {train_network.py:317} INFO - Beginning Epoch 28
[11:11:07] {train_network.py:175} INFO - Epoch: 28, Batch: 100, Loss: 0.0252
[11:11:25] {train_network.py:175} INFO - Epoch: 28, Batch: 200, Loss: 0.1418
[11:11:44] {train_network.py:175} INFO - Epoch: 28, Batch: 300, Loss: 0.0476
[11:12:02] {train_network.py:175} INFO - Epoch: 28, Batch: 400, Loss: 0.0229
[11:12:21] {train_network.py:175} INFO - Epoch: 28, Batch: 500, Loss: 0.0121
[11:12:40] {train_network.py:175} INFO - Epoch: 28, Batch: 600, Loss: 0.0301
[11:12:59] {train_network.py:175} INFO - Epoch: 28, Batch: 700, Loss: 0.0450
[11:13:17] {train_network.py:175} INFO - Epoch: 28, Batch: 800, Loss: 0.0505
[11:13:36] {train_network.py:175} INFO - Epoch: 28, Batch: 900, Loss: 0.1436
[11:13:56] {train_network.py:326} INFO - Validating...
[11:13:59] {train_network.py:329} INFO - 72/89 = 0.808989
[11:13:59] {train_network.py:317} INFO - Beginning Epoch 29
[11:14:17] {train_network.py:175} INFO - Epoch: 29, Batch: 100, Loss: 0.0386
[11:14:36] {train_network.py:175} INFO - Epoch: 29, Batch: 200, Loss: 0.0466
[11:14:55] {train_network.py:175} INFO - Epoch: 29, Batch: 300, Loss: 0.0538
[11:15:13] {train_network.py:175} INFO - Epoch: 29, Batch: 400, Loss: 0.0500
[11:15:32] {train_network.py:175} INFO - Epoch: 29, Batch: 500, Loss: 0.0735
[11:15:51] {train_network.py:175} INFO - Epoch: 29, Batch: 600, Loss: 0.0299
[11:16:10] {train_network.py:175} INFO - Epoch: 29, Batch: 700, Loss: 0.0187
[11:16:28] {train_network.py:175} INFO - Epoch: 29, Batch: 800, Loss: 0.0214
[11:16:47] {train_network.py:175} INFO - Epoch: 29, Batch: 900, Loss: 0.0359
[11:17:07] {train_network.py:326} INFO - Validating...
[11:17:10] {train_network.py:329} INFO - 81/89 = 0.910112
[11:17:10] {train_network.py:317} INFO - Beginning Epoch 30
[11:17:28] {train_network.py:175} INFO - Epoch: 30, Batch: 100, Loss: 0.0518
[11:17:47] {train_network.py:175} INFO - Epoch: 30, Batch: 200, Loss: 0.0770
[11:18:05] {train_network.py:175} INFO - Epoch: 30, Batch: 300, Loss: 0.0473
[11:18:24] {train_network.py:175} INFO - Epoch: 30, Batch: 400, Loss: 0.0579
[11:18:43] {train_network.py:175} INFO - Epoch: 30, Batch: 500, Loss: 0.0231
[11:19:01] {train_network.py:175} INFO - Epoch: 30, Batch: 600, Loss: 0.0846
[11:19:20] {train_network.py:175} INFO - Epoch: 30, Batch: 700, Loss: 0.0574
[11:19:39] {train_network.py:175} INFO - Epoch: 30, Batch: 800, Loss: 0.0808
[11:19:57] {train_network.py:175} INFO - Epoch: 30, Batch: 900, Loss: 0.0335
[11:20:17] {train_network.py:326} INFO - Validating...
[11:20:20] {train_network.py:329} INFO - 81/89 = 0.910112
[11:20:20] {train_network.py:317} INFO - Beginning Epoch 31
[11:20:39] {train_network.py:175} INFO - Epoch: 31, Batch: 100, Loss: 0.0301
[11:20:57] {train_network.py:175} INFO - Epoch: 31, Batch: 200, Loss: 0.0365
[11:21:16] {train_network.py:175} INFO - Epoch: 31, Batch: 300, Loss: 0.0641
[11:21:34] {train_network.py:175} INFO - Epoch: 31, Batch: 400, Loss: 0.0339
[11:21:52] {train_network.py:175} INFO - Epoch: 31, Batch: 500, Loss: 0.0430
[11:22:11] {train_network.py:175} INFO - Epoch: 31, Batch: 600, Loss: 0.0562
[11:22:30] {train_network.py:175} INFO - Epoch: 31, Batch: 700, Loss: 0.0869
[11:22:48] {train_network.py:175} INFO - Epoch: 31, Batch: 800, Loss: 0.0764
[11:23:07] {train_network.py:175} INFO - Epoch: 31, Batch: 900, Loss: 0.0331
[11:23:27] {train_network.py:326} INFO - Validating...
[11:23:30] {train_network.py:329} INFO - 74/89 = 0.831461
[11:23:30] {train_network.py:317} INFO - Beginning Epoch 32
[11:23:49] {train_network.py:175} INFO - Epoch: 32, Batch: 100, Loss: 0.0200
[11:24:08] {train_network.py:175} INFO - Epoch: 32, Batch: 200, Loss: 0.0224
[11:24:26] {train_network.py:175} INFO - Epoch: 32, Batch: 300, Loss: 0.0648
[11:24:44] {train_network.py:175} INFO - Epoch: 32, Batch: 400, Loss: 0.0381
[11:25:03] {train_network.py:175} INFO - Epoch: 32, Batch: 500, Loss: 0.0626
[11:25:21] {train_network.py:175} INFO - Epoch: 32, Batch: 600, Loss: 0.0329
[11:25:40] {train_network.py:175} INFO - Epoch: 32, Batch: 700, Loss: 0.1047
[11:25:58] {train_network.py:175} INFO - Epoch: 32, Batch: 800, Loss: 0.0705
[11:26:17] {train_network.py:175} INFO - Epoch: 32, Batch: 900, Loss: 0.0308
[11:26:37] {train_network.py:326} INFO - Validating...
[11:26:40] {train_network.py:329} INFO - 75/89 = 0.842697
[11:26:40] {train_network.py:317} INFO - Beginning Epoch 33
[11:26:58] {train_network.py:175} INFO - Epoch: 33, Batch: 100, Loss: 0.0269
[11:27:17] {train_network.py:175} INFO - Epoch: 33, Batch: 200, Loss: 0.0405
[11:27:36] {train_network.py:175} INFO - Epoch: 33, Batch: 300, Loss: 0.0415
[11:27:54] {train_network.py:175} INFO - Epoch: 33, Batch: 400, Loss: 0.0430
[11:28:13] {train_network.py:175} INFO - Epoch: 33, Batch: 500, Loss: 0.0504
[11:28:31] {train_network.py:175} INFO - Epoch: 33, Batch: 600, Loss: 0.0141
[11:28:50] {train_network.py:175} INFO - Epoch: 33, Batch: 700, Loss: 0.0610
[11:29:09] {train_network.py:175} INFO - Epoch: 33, Batch: 800, Loss: 0.0885
[11:29:28] {train_network.py:175} INFO - Epoch: 33, Batch: 900, Loss: 2.1211
[11:29:47] {train_network.py:326} INFO - Validating...
[11:29:51] {train_network.py:329} INFO - 79/89 = 0.887640
[11:29:51] {train_network.py:317} INFO - Beginning Epoch 34
[11:30:09] {train_network.py:175} INFO - Epoch: 34, Batch: 100, Loss: 0.0297
[11:30:28] {train_network.py:175} INFO - Epoch: 34, Batch: 200, Loss: 0.0278
[11:30:47] {train_network.py:175} INFO - Epoch: 34, Batch: 300, Loss: 0.0551
[11:31:05] {train_network.py:175} INFO - Epoch: 34, Batch: 400, Loss: 0.0610
[11:31:25] {train_network.py:175} INFO - Epoch: 34, Batch: 500, Loss: 0.0526
[11:31:43] {train_network.py:175} INFO - Epoch: 34, Batch: 600, Loss: 0.0590
[11:32:03] {train_network.py:175} INFO - Epoch: 34, Batch: 700, Loss: 0.0352
[11:32:21] {train_network.py:175} INFO - Epoch: 34, Batch: 800, Loss: 0.0267
[11:32:40] {train_network.py:175} INFO - Epoch: 34, Batch: 900, Loss: 0.0291
[11:33:00] {train_network.py:326} INFO - Validating...
[11:33:03] {train_network.py:329} INFO - 81/89 = 0.910112
[11:33:03] {train_network.py:317} INFO - Beginning Epoch 35
[11:33:22] {train_network.py:175} INFO - Epoch: 35, Batch: 100, Loss: 0.0338
[11:33:40] {train_network.py:175} INFO - Epoch: 35, Batch: 200, Loss: 0.0132
[11:33:59] {train_network.py:175} INFO - Epoch: 35, Batch: 300, Loss: 0.0243
[11:34:18] {train_network.py:175} INFO - Epoch: 35, Batch: 400, Loss: 0.0254
[11:34:37] {train_network.py:175} INFO - Epoch: 35, Batch: 500, Loss: 0.0646
[11:34:55] {train_network.py:175} INFO - Epoch: 35, Batch: 600, Loss: 0.0482
[11:35:14] {train_network.py:175} INFO - Epoch: 35, Batch: 700, Loss: 0.0304
[11:35:32] {train_network.py:175} INFO - Epoch: 35, Batch: 800, Loss: 0.0277
[11:35:51] {train_network.py:175} INFO - Epoch: 35, Batch: 900, Loss: 0.0363
[11:36:11] {train_network.py:326} INFO - Validating...
[11:36:14] {train_network.py:329} INFO - 83/89 = 0.932584
[11:36:14] {train_network.py:317} INFO - Beginning Epoch 36
[11:36:33] {train_network.py:175} INFO - Epoch: 36, Batch: 100, Loss: 0.0216
[11:36:52] {train_network.py:175} INFO - Epoch: 36, Batch: 200, Loss: 0.0490
[11:37:10] {train_network.py:175} INFO - Epoch: 36, Batch: 300, Loss: 0.0334
[11:37:28] {train_network.py:175} INFO - Epoch: 36, Batch: 400, Loss: 0.0272
[11:37:47] {train_network.py:175} INFO - Epoch: 36, Batch: 500, Loss: 0.0390
[11:38:05] {train_network.py:175} INFO - Epoch: 36, Batch: 600, Loss: 0.0867
[11:38:24] {train_network.py:175} INFO - Epoch: 36, Batch: 700, Loss: 0.0427
[11:38:42] {train_network.py:175} INFO - Epoch: 36, Batch: 800, Loss: 0.0507
[11:39:01] {train_network.py:175} INFO - Epoch: 36, Batch: 900, Loss: 0.0356
[11:39:21] {train_network.py:326} INFO - Validating...
[11:39:24] {train_network.py:329} INFO - 81/89 = 0.910112
[11:39:24] {train_network.py:317} INFO - Beginning Epoch 37
[11:39:42] {train_network.py:175} INFO - Epoch: 37, Batch: 100, Loss: 0.0436
[11:40:01] {train_network.py:175} INFO - Epoch: 37, Batch: 200, Loss: 0.0259
[11:40:20] {train_network.py:175} INFO - Epoch: 37, Batch: 300, Loss: 0.0339
[11:40:38] {train_network.py:175} INFO - Epoch: 37, Batch: 400, Loss: 0.0467
[11:40:57] {train_network.py:175} INFO - Epoch: 37, Batch: 500, Loss: 0.0284
[11:41:16] {train_network.py:175} INFO - Epoch: 37, Batch: 600, Loss: 0.0853
[11:41:35] {train_network.py:175} INFO - Epoch: 37, Batch: 700, Loss: 0.1140
[11:41:53] {train_network.py:175} INFO - Epoch: 37, Batch: 800, Loss: 0.0879
[11:42:12] {train_network.py:175} INFO - Epoch: 37, Batch: 900, Loss: 0.0330
[11:42:33] {train_network.py:326} INFO - Validating...
[11:42:36] {train_network.py:329} INFO - 84/89 = 0.943820
[11:42:36] {train_network.py:317} INFO - Beginning Epoch 38
[11:42:54] {train_network.py:175} INFO - Epoch: 38, Batch: 100, Loss: 0.0614
[11:43:13] {train_network.py:175} INFO - Epoch: 38, Batch: 200, Loss: 0.0504
[11:43:32] {train_network.py:175} INFO - Epoch: 38, Batch: 300, Loss: 0.0572
[11:43:50] {train_network.py:175} INFO - Epoch: 38, Batch: 400, Loss: 0.0594
[11:44:09] {train_network.py:175} INFO - Epoch: 38, Batch: 500, Loss: 0.0324
[11:44:27] {train_network.py:175} INFO - Epoch: 38, Batch: 600, Loss: 0.0439
[11:44:45] {train_network.py:175} INFO - Epoch: 38, Batch: 700, Loss: 0.0586
[11:45:04] {train_network.py:175} INFO - Epoch: 38, Batch: 800, Loss: 0.0289
[11:45:22] {train_network.py:175} INFO - Epoch: 38, Batch: 900, Loss: 0.0338
[11:45:42] {train_network.py:326} INFO - Validating...
[11:45:45] {train_network.py:329} INFO - 76/89 = 0.853933
[11:45:45] {train_network.py:317} INFO - Beginning Epoch 39
[11:46:04] {train_network.py:175} INFO - Epoch: 39, Batch: 100, Loss: 0.0540
[11:46:23] {train_network.py:175} INFO - Epoch: 39, Batch: 200, Loss: 0.0297
[11:46:41] {train_network.py:175} INFO - Epoch: 39, Batch: 300, Loss: 0.0264
[11:47:00] {train_network.py:175} INFO - Epoch: 39, Batch: 400, Loss: 0.0228
[11:47:18] {train_network.py:175} INFO - Epoch: 39, Batch: 500, Loss: 0.0379
[11:47:37] {train_network.py:175} INFO - Epoch: 39, Batch: 600, Loss: 0.0309
[11:47:55] {train_network.py:175} INFO - Epoch: 39, Batch: 700, Loss: 0.0247
[11:48:13] {train_network.py:175} INFO - Epoch: 39, Batch: 800, Loss: 0.0587
[11:48:32] {train_network.py:175} INFO - Epoch: 39, Batch: 900, Loss: 0.0217
[11:48:52] {train_network.py:326} INFO - Validating...
[11:48:55] {train_network.py:329} INFO - 82/89 = 0.921348
[11:48:55] {train_network.py:317} INFO - Beginning Epoch 40
[11:49:13] {train_network.py:175} INFO - Epoch: 40, Batch: 100, Loss: 0.1538
[11:49:32] {train_network.py:175} INFO - Epoch: 40, Batch: 200, Loss: 0.0557
[11:49:50] {train_network.py:175} INFO - Epoch: 40, Batch: 300, Loss: 0.0302
[11:50:08] {train_network.py:175} INFO - Epoch: 40, Batch: 400, Loss: 0.0649
[11:50:26] {train_network.py:175} INFO - Epoch: 40, Batch: 500, Loss: 0.0297
[11:50:45] {train_network.py:175} INFO - Epoch: 40, Batch: 600, Loss: 0.0395
[11:51:03] {train_network.py:175} INFO - Epoch: 40, Batch: 700, Loss: 0.0644
[11:51:22] {train_network.py:175} INFO - Epoch: 40, Batch: 800, Loss: 0.0544
[11:51:40] {train_network.py:175} INFO - Epoch: 40, Batch: 900, Loss: 0.0493
[11:52:00] {train_network.py:326} INFO - Validating...
[11:52:03] {train_network.py:329} INFO - 79/89 = 0.887640
[11:52:03] {train_network.py:317} INFO - Beginning Epoch 41
[11:52:21] {train_network.py:175} INFO - Epoch: 41, Batch: 100, Loss: 0.0766
[11:52:40] {train_network.py:175} INFO - Epoch: 41, Batch: 200, Loss: 0.0458
[11:52:58] {train_network.py:175} INFO - Epoch: 41, Batch: 300, Loss: 0.0242
[11:53:16] {train_network.py:175} INFO - Epoch: 41, Batch: 400, Loss: 0.1040
[11:53:35] {train_network.py:175} INFO - Epoch: 41, Batch: 500, Loss: 0.0513
[11:53:53] {train_network.py:175} INFO - Epoch: 41, Batch: 600, Loss: 0.0498
[11:54:11] {train_network.py:175} INFO - Epoch: 41, Batch: 700, Loss: 0.0358
[11:54:30] {train_network.py:175} INFO - Epoch: 41, Batch: 800, Loss: 0.0339
[11:54:48] {train_network.py:175} INFO - Epoch: 41, Batch: 900, Loss: 0.0439
[11:55:08] {train_network.py:326} INFO - Validating...
[11:55:11] {train_network.py:329} INFO - 81/89 = 0.910112
[11:55:11] {train_network.py:317} INFO - Beginning Epoch 42
[11:55:29] {train_network.py:175} INFO - Epoch: 42, Batch: 100, Loss: 0.0334
[11:55:48] {train_network.py:175} INFO - Epoch: 42, Batch: 200, Loss: 0.1197
[11:56:06] {train_network.py:175} INFO - Epoch: 42, Batch: 300, Loss: 0.0538
[11:56:24] {train_network.py:175} INFO - Epoch: 42, Batch: 400, Loss: 0.0394
[11:56:43] {train_network.py:175} INFO - Epoch: 42, Batch: 500, Loss: 0.0748
[11:57:01] {train_network.py:175} INFO - Epoch: 42, Batch: 600, Loss: 0.0490
[11:57:20] {train_network.py:175} INFO - Epoch: 42, Batch: 700, Loss: 0.0502
[11:57:38] {train_network.py:175} INFO - Epoch: 42, Batch: 800, Loss: 0.0147
[11:57:56] {train_network.py:175} INFO - Epoch: 42, Batch: 900, Loss: 0.0573
[11:58:16] {train_network.py:326} INFO - Validating...
[11:58:19] {train_network.py:329} INFO - 86/89 = 0.966292
[11:58:19] {train_network.py:317} INFO - Beginning Epoch 43
[11:58:37] {train_network.py:175} INFO - Epoch: 43, Batch: 100, Loss: 0.0504
[11:58:56] {train_network.py:175} INFO - Epoch: 43, Batch: 200, Loss: 0.0136
[11:59:14] {train_network.py:175} INFO - Epoch: 43, Batch: 300, Loss: 0.0362
[11:59:33] {train_network.py:175} INFO - Epoch: 43, Batch: 400, Loss: 0.0585
[11:59:51] {train_network.py:175} INFO - Epoch: 43, Batch: 500, Loss: 0.0216
[12:00:09] {train_network.py:175} INFO - Epoch: 43, Batch: 600, Loss: 0.0242
[12:00:28] {train_network.py:175} INFO - Epoch: 43, Batch: 700, Loss: 0.0561
[12:00:46] {train_network.py:175} INFO - Epoch: 43, Batch: 800, Loss: 0.0236
[12:01:05] {train_network.py:175} INFO - Epoch: 43, Batch: 900, Loss: 0.0482
[12:01:24] {train_network.py:326} INFO - Validating...
[12:01:28] {train_network.py:329} INFO - 78/89 = 0.876404
[12:01:28] {train_network.py:317} INFO - Beginning Epoch 44
[12:01:46] {train_network.py:175} INFO - Epoch: 44, Batch: 100, Loss: 0.0294
[12:02:04] {train_network.py:175} INFO - Epoch: 44, Batch: 200, Loss: 0.0930
[12:02:23] {train_network.py:175} INFO - Epoch: 44, Batch: 300, Loss: 0.0554
[12:02:41] {train_network.py:175} INFO - Epoch: 44, Batch: 400, Loss: 0.0209
[12:02:59] {train_network.py:175} INFO - Epoch: 44, Batch: 500, Loss: 0.0359
[12:03:17] {train_network.py:175} INFO - Epoch: 44, Batch: 600, Loss: 0.0589
[12:03:36] {train_network.py:175} INFO - Epoch: 44, Batch: 700, Loss: 0.0947
[12:03:54] {train_network.py:175} INFO - Epoch: 44, Batch: 800, Loss: 0.0714
[12:04:13] {train_network.py:175} INFO - Epoch: 44, Batch: 900, Loss: 0.0437
[12:04:33] {train_network.py:326} INFO - Validating...
[12:04:36] {train_network.py:329} INFO - 80/89 = 0.898876
[12:04:36] {train_network.py:317} INFO - Beginning Epoch 45
[12:04:54] {train_network.py:175} INFO - Epoch: 45, Batch: 100, Loss: 0.0571
[12:05:12] {train_network.py:175} INFO - Epoch: 45, Batch: 200, Loss: 0.0500
[12:05:31] {train_network.py:175} INFO - Epoch: 45, Batch: 300, Loss: 0.0412
[12:05:49] {train_network.py:175} INFO - Epoch: 45, Batch: 400, Loss: 0.0548
[12:06:08] {train_network.py:175} INFO - Epoch: 45, Batch: 500, Loss: 0.0565
[12:06:26] {train_network.py:175} INFO - Epoch: 45, Batch: 600, Loss: 0.0336
[12:06:44] {train_network.py:175} INFO - Epoch: 45, Batch: 700, Loss: 0.0418
[12:07:02] {train_network.py:175} INFO - Epoch: 45, Batch: 800, Loss: 0.0438
[12:07:21] {train_network.py:175} INFO - Epoch: 45, Batch: 900, Loss: 0.0249
[12:07:40] {train_network.py:326} INFO - Validating...
[12:07:44] {train_network.py:329} INFO - 76/89 = 0.853933
[12:07:44] {train_network.py:317} INFO - Beginning Epoch 46
[12:08:02] {train_network.py:175} INFO - Epoch: 46, Batch: 100, Loss: 0.0337
[12:08:20] {train_network.py:175} INFO - Epoch: 46, Batch: 200, Loss: 0.0205
[12:08:38] {train_network.py:175} INFO - Epoch: 46, Batch: 300, Loss: 0.0757
[12:08:57] {train_network.py:175} INFO - Epoch: 46, Batch: 400, Loss: 0.0389
[12:09:15] {train_network.py:175} INFO - Epoch: 46, Batch: 500, Loss: 0.0718
[12:09:33] {train_network.py:175} INFO - Epoch: 46, Batch: 600, Loss: 0.0401
[12:09:52] {train_network.py:175} INFO - Epoch: 46, Batch: 700, Loss: 0.0482
[12:10:10] {train_network.py:175} INFO - Epoch: 46, Batch: 800, Loss: 0.0278
[12:10:28] {train_network.py:175} INFO - Epoch: 46, Batch: 900, Loss: 0.0555
[12:10:48] {train_network.py:326} INFO - Validating...
[12:10:51] {train_network.py:329} INFO - 81/89 = 0.910112
[12:10:51] {train_network.py:317} INFO - Beginning Epoch 47
[12:11:09] {train_network.py:175} INFO - Epoch: 47, Batch: 100, Loss: 0.0163
[12:11:28] {train_network.py:175} INFO - Epoch: 47, Batch: 200, Loss: 0.0466
[12:11:46] {train_network.py:175} INFO - Epoch: 47, Batch: 300, Loss: 0.0348
[12:12:05] {train_network.py:175} INFO - Epoch: 47, Batch: 400, Loss: 0.0522
[12:12:23] {train_network.py:175} INFO - Epoch: 47, Batch: 500, Loss: 0.0832
[12:12:41] {train_network.py:175} INFO - Epoch: 47, Batch: 600, Loss: 0.0390
[12:13:00] {train_network.py:175} INFO - Epoch: 47, Batch: 700, Loss: 0.0379
[12:13:18] {train_network.py:175} INFO - Epoch: 47, Batch: 800, Loss: 0.0313
[12:13:36] {train_network.py:175} INFO - Epoch: 47, Batch: 900, Loss: 0.0297
[12:13:56] {train_network.py:326} INFO - Validating...
[12:13:59] {train_network.py:329} INFO - 81/89 = 0.910112
[12:13:59] {train_network.py:317} INFO - Beginning Epoch 48
[12:14:17] {train_network.py:175} INFO - Epoch: 48, Batch: 100, Loss: 0.0228
[12:14:36] {train_network.py:175} INFO - Epoch: 48, Batch: 200, Loss: 0.0192
[12:14:54] {train_network.py:175} INFO - Epoch: 48, Batch: 300, Loss: 0.0255
[12:15:13] {train_network.py:175} INFO - Epoch: 48, Batch: 400, Loss: 0.0211
[12:15:31] {train_network.py:175} INFO - Epoch: 48, Batch: 500, Loss: 0.0547
[12:15:49] {train_network.py:175} INFO - Epoch: 48, Batch: 600, Loss: 0.0365
[12:16:08] {train_network.py:175} INFO - Epoch: 48, Batch: 700, Loss: 0.0318
[12:16:26] {train_network.py:175} INFO - Epoch: 48, Batch: 800, Loss: 0.0294
[12:16:45] {train_network.py:175} INFO - Epoch: 48, Batch: 900, Loss: 0.0696
[12:17:05] {train_network.py:326} INFO - Validating...
[12:17:08] {train_network.py:329} INFO - 81/89 = 0.910112
[12:17:08] {train_network.py:317} INFO - Beginning Epoch 49
[12:17:26] {train_network.py:175} INFO - Epoch: 49, Batch: 100, Loss: 0.0378
[12:17:44] {train_network.py:175} INFO - Epoch: 49, Batch: 200, Loss: 0.0420
[12:18:03] {train_network.py:175} INFO - Epoch: 49, Batch: 300, Loss: 0.0636
[12:18:21] {train_network.py:175} INFO - Epoch: 49, Batch: 400, Loss: 0.0313
[12:18:39] {train_network.py:175} INFO - Epoch: 49, Batch: 500, Loss: 0.0218
[12:18:58] {train_network.py:175} INFO - Epoch: 49, Batch: 600, Loss: 0.0711
[12:19:16] {train_network.py:175} INFO - Epoch: 49, Batch: 700, Loss: 0.0198
[12:19:35] {train_network.py:175} INFO - Epoch: 49, Batch: 800, Loss: 0.0469
[12:19:53] {train_network.py:175} INFO - Epoch: 49, Batch: 900, Loss: 0.0402
[12:20:13] {train_network.py:326} INFO - Validating...
[12:20:16] {train_network.py:329} INFO - 85/89 = 0.955056
