[21:34:28] {/workspace/KIidP-Gruppe-4/hardware/device.py:11} INFO - CUDA detected. Running with GPU acceleration.
[21:34:28] {train_network.py:249} INFO - Loading Cornell Dataset...
[21:34:28] {train_network.py:258} INFO - Dataset size is 885
[21:34:28] {train_network.py:267} INFO - Training size: 796
[21:34:28] {train_network.py:268} INFO - Validation size: 89
[21:34:28] {train_network.py:286} INFO - Done
[21:34:28] {train_network.py:289} INFO - Loading Network...
[21:34:29] {train_network.py:300} INFO - Done
[21:34:29] {train_network.py:319} INFO - Beginning Epoch 00
[21:34:52] {train_network.py:177} INFO - Epoch: 0, Batch: 100, Loss: 0.1547
[21:35:15] {train_network.py:177} INFO - Epoch: 0, Batch: 200, Loss: 0.1043
[21:35:38] {train_network.py:177} INFO - Epoch: 0, Batch: 300, Loss: 0.1441
[21:36:01] {train_network.py:177} INFO - Epoch: 0, Batch: 400, Loss: 0.0752
[21:36:25] {train_network.py:177} INFO - Epoch: 0, Batch: 500, Loss: 0.0627
[21:36:48] {train_network.py:177} INFO - Epoch: 0, Batch: 600, Loss: 0.0626
[21:37:11] {train_network.py:177} INFO - Epoch: 0, Batch: 700, Loss: 0.0543
[21:37:34] {train_network.py:177} INFO - Epoch: 0, Batch: 800, Loss: 0.0186
[21:37:58] {train_network.py:177} INFO - Epoch: 0, Batch: 900, Loss: 0.0684
[21:38:22] {train_network.py:328} INFO - Validating...
[21:38:25] {train_network.py:331} INFO - 50/89 = 0.561798
[21:38:25] {train_network.py:319} INFO - Beginning Epoch 01
[21:38:48] {train_network.py:177} INFO - Epoch: 1, Batch: 100, Loss: 0.0687
[21:39:11] {train_network.py:177} INFO - Epoch: 1, Batch: 200, Loss: 0.0937
[21:39:34] {train_network.py:177} INFO - Epoch: 1, Batch: 300, Loss: 0.0631
[21:39:58] {train_network.py:177} INFO - Epoch: 1, Batch: 400, Loss: 0.1098
[21:40:21] {train_network.py:177} INFO - Epoch: 1, Batch: 500, Loss: 0.1258
[21:40:44] {train_network.py:177} INFO - Epoch: 1, Batch: 600, Loss: 0.1121
[21:41:08] {train_network.py:177} INFO - Epoch: 1, Batch: 700, Loss: 0.1092
[21:41:31] {train_network.py:177} INFO - Epoch: 1, Batch: 800, Loss: 0.0524
[21:41:54] {train_network.py:177} INFO - Epoch: 1, Batch: 900, Loss: 0.0696
[21:42:19] {train_network.py:328} INFO - Validating...
[21:42:21] {train_network.py:331} INFO - 44/89 = 0.494382
[21:42:21] {train_network.py:319} INFO - Beginning Epoch 02
[21:42:45] {train_network.py:177} INFO - Epoch: 2, Batch: 100, Loss: 0.1516
[21:43:08] {train_network.py:177} INFO - Epoch: 2, Batch: 200, Loss: 0.0505
[21:43:31] {train_network.py:177} INFO - Epoch: 2, Batch: 300, Loss: 0.0870
[21:43:54] {train_network.py:177} INFO - Epoch: 2, Batch: 400, Loss: 0.0634
[21:44:18] {train_network.py:177} INFO - Epoch: 2, Batch: 500, Loss: 0.0638
[21:44:41] {train_network.py:177} INFO - Epoch: 2, Batch: 600, Loss: 0.1114
[21:45:04] {train_network.py:177} INFO - Epoch: 2, Batch: 700, Loss: 0.0353
[21:45:27] {train_network.py:177} INFO - Epoch: 2, Batch: 800, Loss: 0.1895
[21:45:51] {train_network.py:177} INFO - Epoch: 2, Batch: 900, Loss: 0.0411
[21:46:16] {train_network.py:328} INFO - Validating...
[21:46:18] {train_network.py:331} INFO - 43/89 = 0.483146
[21:46:18] {train_network.py:319} INFO - Beginning Epoch 03
[21:46:41] {train_network.py:177} INFO - Epoch: 3, Batch: 100, Loss: 0.0380
[21:47:05] {train_network.py:177} INFO - Epoch: 3, Batch: 200, Loss: 0.0485
[21:47:28] {train_network.py:177} INFO - Epoch: 3, Batch: 300, Loss: 0.0388
[21:47:51] {train_network.py:177} INFO - Epoch: 3, Batch: 400, Loss: 0.0518
[21:48:15] {train_network.py:177} INFO - Epoch: 3, Batch: 500, Loss: 0.0502
[21:48:38] {train_network.py:177} INFO - Epoch: 3, Batch: 600, Loss: 0.1001
[21:49:02] {train_network.py:177} INFO - Epoch: 3, Batch: 700, Loss: 0.0351
[21:49:25] {train_network.py:177} INFO - Epoch: 3, Batch: 800, Loss: 0.0876
[21:49:48] {train_network.py:177} INFO - Epoch: 3, Batch: 900, Loss: 0.0624
[21:50:13] {train_network.py:328} INFO - Validating...
[21:50:15] {train_network.py:331} INFO - 27/89 = 0.303371
[21:50:15] {train_network.py:319} INFO - Beginning Epoch 04
[21:50:39] {train_network.py:177} INFO - Epoch: 4, Batch: 100, Loss: 0.0609
[21:51:02] {train_network.py:177} INFO - Epoch: 4, Batch: 200, Loss: 0.0689
[21:51:25] {train_network.py:177} INFO - Epoch: 4, Batch: 300, Loss: 0.0691
[21:51:48] {train_network.py:177} INFO - Epoch: 4, Batch: 400, Loss: 0.0760
[21:52:12] {train_network.py:177} INFO - Epoch: 4, Batch: 500, Loss: 0.2002
[21:52:35] {train_network.py:177} INFO - Epoch: 4, Batch: 600, Loss: 0.0455
[21:52:59] {train_network.py:177} INFO - Epoch: 4, Batch: 700, Loss: 0.0369
[21:53:22] {train_network.py:177} INFO - Epoch: 4, Batch: 800, Loss: 0.1001
[21:53:45] {train_network.py:177} INFO - Epoch: 4, Batch: 900, Loss: 0.1352
[21:54:10] {train_network.py:328} INFO - Validating...
[21:54:12] {train_network.py:331} INFO - 16/89 = 0.179775
[21:54:12] {train_network.py:319} INFO - Beginning Epoch 05
[21:54:36] {train_network.py:177} INFO - Epoch: 5, Batch: 100, Loss: 0.0254
[21:54:59] {train_network.py:177} INFO - Epoch: 5, Batch: 200, Loss: 0.0260
[21:55:22] {train_network.py:177} INFO - Epoch: 5, Batch: 300, Loss: 0.1082
[21:55:46] {train_network.py:177} INFO - Epoch: 5, Batch: 400, Loss: 0.0505
[21:56:09] {train_network.py:177} INFO - Epoch: 5, Batch: 500, Loss: 0.0428
[21:56:32] {train_network.py:177} INFO - Epoch: 5, Batch: 600, Loss: 0.0893
[21:56:56] {train_network.py:177} INFO - Epoch: 5, Batch: 700, Loss: 0.1133
[21:57:19] {train_network.py:177} INFO - Epoch: 5, Batch: 800, Loss: 0.0539
[21:57:42] {train_network.py:177} INFO - Epoch: 5, Batch: 900, Loss: 0.0535
[21:58:06] {train_network.py:328} INFO - Validating...
[21:58:09] {train_network.py:331} INFO - 27/89 = 0.303371
[21:58:09] {train_network.py:319} INFO - Beginning Epoch 06
[21:58:32] {train_network.py:177} INFO - Epoch: 6, Batch: 100, Loss: 0.0538
[21:58:55] {train_network.py:177} INFO - Epoch: 6, Batch: 200, Loss: 0.0912
[21:59:19] {train_network.py:177} INFO - Epoch: 6, Batch: 300, Loss: 0.0858
[21:59:42] {train_network.py:177} INFO - Epoch: 6, Batch: 400, Loss: 0.0885
[22:00:05] {train_network.py:177} INFO - Epoch: 6, Batch: 500, Loss: 0.0557
[22:00:28] {train_network.py:177} INFO - Epoch: 6, Batch: 600, Loss: 0.0321
[22:00:52] {train_network.py:177} INFO - Epoch: 6, Batch: 700, Loss: 0.1313
[22:01:15] {train_network.py:177} INFO - Epoch: 6, Batch: 800, Loss: 0.0437
[22:01:38] {train_network.py:177} INFO - Epoch: 6, Batch: 900, Loss: 0.0187
[22:02:03] {train_network.py:328} INFO - Validating...
[22:02:06] {train_network.py:331} INFO - 48/89 = 0.539326
[22:02:06] {train_network.py:319} INFO - Beginning Epoch 07
[22:02:29] {train_network.py:177} INFO - Epoch: 7, Batch: 100, Loss: 0.0971
[22:02:52] {train_network.py:177} INFO - Epoch: 7, Batch: 200, Loss: 0.0307
[22:03:15] {train_network.py:177} INFO - Epoch: 7, Batch: 300, Loss: 0.0558
[22:03:38] {train_network.py:177} INFO - Epoch: 7, Batch: 400, Loss: 0.0477
[22:04:02] {train_network.py:177} INFO - Epoch: 7, Batch: 500, Loss: 0.0391
[22:04:25] {train_network.py:177} INFO - Epoch: 7, Batch: 600, Loss: 0.0592
[22:04:48] {train_network.py:177} INFO - Epoch: 7, Batch: 700, Loss: 0.1181
[22:05:11] {train_network.py:177} INFO - Epoch: 7, Batch: 800, Loss: 0.0990
[22:05:35] {train_network.py:177} INFO - Epoch: 7, Batch: 900, Loss: 0.0784
[22:06:00] {train_network.py:328} INFO - Validating...
[22:06:02] {train_network.py:331} INFO - 40/89 = 0.449438
[22:06:02] {train_network.py:319} INFO - Beginning Epoch 08
[22:06:25] {train_network.py:177} INFO - Epoch: 8, Batch: 100, Loss: 0.0548
[22:06:49] {train_network.py:177} INFO - Epoch: 8, Batch: 200, Loss: 0.0687
[22:07:12] {train_network.py:177} INFO - Epoch: 8, Batch: 300, Loss: 0.0279
[22:07:35] {train_network.py:177} INFO - Epoch: 8, Batch: 400, Loss: 0.0457
[22:07:59] {train_network.py:177} INFO - Epoch: 8, Batch: 500, Loss: 0.0677
[22:08:22] {train_network.py:177} INFO - Epoch: 8, Batch: 600, Loss: 0.0643
[22:08:45] {train_network.py:177} INFO - Epoch: 8, Batch: 700, Loss: 0.0349
[22:09:09] {train_network.py:177} INFO - Epoch: 8, Batch: 800, Loss: 0.0274
[22:09:32] {train_network.py:177} INFO - Epoch: 8, Batch: 900, Loss: 0.0579
[22:09:56] {train_network.py:328} INFO - Validating...
[22:09:59] {train_network.py:331} INFO - 22/89 = 0.247191
[22:09:59] {train_network.py:319} INFO - Beginning Epoch 09
[22:10:22] {train_network.py:177} INFO - Epoch: 9, Batch: 100, Loss: 0.0886
[22:10:45] {train_network.py:177} INFO - Epoch: 9, Batch: 200, Loss: 0.0359
[22:11:08] {train_network.py:177} INFO - Epoch: 9, Batch: 300, Loss: 0.0402
[22:11:32] {train_network.py:177} INFO - Epoch: 9, Batch: 400, Loss: 0.0502
[22:11:55] {train_network.py:177} INFO - Epoch: 9, Batch: 500, Loss: 0.0994
[22:12:18] {train_network.py:177} INFO - Epoch: 9, Batch: 600, Loss: 0.0521
[22:12:41] {train_network.py:177} INFO - Epoch: 9, Batch: 700, Loss: 0.0664
[22:13:04] {train_network.py:177} INFO - Epoch: 9, Batch: 800, Loss: 0.0725
[22:13:28] {train_network.py:177} INFO - Epoch: 9, Batch: 900, Loss: 0.0232
[22:13:52] {train_network.py:328} INFO - Validating...
[22:13:55] {train_network.py:331} INFO - 24/89 = 0.269663
[22:13:55] {train_network.py:319} INFO - Beginning Epoch 10
[22:14:18] {train_network.py:177} INFO - Epoch: 10, Batch: 100, Loss: 0.0784
[22:14:41] {train_network.py:177} INFO - Epoch: 10, Batch: 200, Loss: 0.0386
[22:15:04] {train_network.py:177} INFO - Epoch: 10, Batch: 300, Loss: 0.0546
[22:15:28] {train_network.py:177} INFO - Epoch: 10, Batch: 400, Loss: 0.1220
[22:15:51] {train_network.py:177} INFO - Epoch: 10, Batch: 500, Loss: 0.0401
[22:16:14] {train_network.py:177} INFO - Epoch: 10, Batch: 600, Loss: 0.1063
[22:16:38] {train_network.py:177} INFO - Epoch: 10, Batch: 700, Loss: 0.0515
[22:17:01] {train_network.py:177} INFO - Epoch: 10, Batch: 800, Loss: 0.0464
[22:17:24] {train_network.py:177} INFO - Epoch: 10, Batch: 900, Loss: 0.0783
[22:17:49] {train_network.py:328} INFO - Validating...
[22:17:51] {train_network.py:331} INFO - 55/89 = 0.617978
[22:17:51] {train_network.py:319} INFO - Beginning Epoch 11
[22:18:14] {train_network.py:177} INFO - Epoch: 11, Batch: 100, Loss: 0.0739
[22:18:38] {train_network.py:177} INFO - Epoch: 11, Batch: 200, Loss: 0.0281
[22:19:01] {train_network.py:177} INFO - Epoch: 11, Batch: 300, Loss: 0.1186
[22:19:24] {train_network.py:177} INFO - Epoch: 11, Batch: 400, Loss: 0.0342
[22:19:48] {train_network.py:177} INFO - Epoch: 11, Batch: 500, Loss: 0.0379
[22:20:11] {train_network.py:177} INFO - Epoch: 11, Batch: 600, Loss: 0.0400
[22:20:34] {train_network.py:177} INFO - Epoch: 11, Batch: 700, Loss: 0.0405
[22:20:57] {train_network.py:177} INFO - Epoch: 11, Batch: 800, Loss: 0.0492
[22:21:21] {train_network.py:177} INFO - Epoch: 11, Batch: 900, Loss: 0.0285
[22:21:45] {train_network.py:328} INFO - Validating...
[22:21:48] {train_network.py:331} INFO - 75/89 = 0.842697
[22:21:48] {train_network.py:319} INFO - Beginning Epoch 12
[22:22:11] {train_network.py:177} INFO - Epoch: 12, Batch: 100, Loss: 0.0641
[22:22:34] {train_network.py:177} INFO - Epoch: 12, Batch: 200, Loss: 0.1169
[22:22:58] {train_network.py:177} INFO - Epoch: 12, Batch: 300, Loss: 0.0337
[22:23:21] {train_network.py:177} INFO - Epoch: 12, Batch: 400, Loss: 0.0479
[22:23:44] {train_network.py:177} INFO - Epoch: 12, Batch: 500, Loss: 0.0891
[22:24:07] {train_network.py:177} INFO - Epoch: 12, Batch: 600, Loss: 0.0718
[22:24:31] {train_network.py:177} INFO - Epoch: 12, Batch: 700, Loss: 0.0569
[22:24:54] {train_network.py:177} INFO - Epoch: 12, Batch: 800, Loss: 0.0391
[22:25:17] {train_network.py:177} INFO - Epoch: 12, Batch: 900, Loss: 0.0214
[22:25:42] {train_network.py:328} INFO - Validating...
[22:25:44] {train_network.py:331} INFO - 62/89 = 0.696629
[22:25:44] {train_network.py:319} INFO - Beginning Epoch 13
[22:26:07] {train_network.py:177} INFO - Epoch: 13, Batch: 100, Loss: 0.0396
[22:26:31] {train_network.py:177} INFO - Epoch: 13, Batch: 200, Loss: 0.1050
[22:26:54] {train_network.py:177} INFO - Epoch: 13, Batch: 300, Loss: 0.0859
[22:27:17] {train_network.py:177} INFO - Epoch: 13, Batch: 400, Loss: 0.0856
[22:27:41] {train_network.py:177} INFO - Epoch: 13, Batch: 500, Loss: 0.1231
[22:28:04] {train_network.py:177} INFO - Epoch: 13, Batch: 600, Loss: 0.0386
[22:28:27] {train_network.py:177} INFO - Epoch: 13, Batch: 700, Loss: 0.0603
[22:28:50] {train_network.py:177} INFO - Epoch: 13, Batch: 800, Loss: 0.0381
[22:29:14] {train_network.py:177} INFO - Epoch: 13, Batch: 900, Loss: 0.0473
[22:29:38] {train_network.py:328} INFO - Validating...
[22:29:41] {train_network.py:331} INFO - 75/89 = 0.842697
[22:29:41] {train_network.py:319} INFO - Beginning Epoch 14
[22:30:04] {train_network.py:177} INFO - Epoch: 14, Batch: 100, Loss: 0.0673
[22:30:28] {train_network.py:177} INFO - Epoch: 14, Batch: 200, Loss: 0.0512
[22:30:51] {train_network.py:177} INFO - Epoch: 14, Batch: 300, Loss: 0.0385
[22:31:14] {train_network.py:177} INFO - Epoch: 14, Batch: 400, Loss: 0.0229
[22:31:37] {train_network.py:177} INFO - Epoch: 14, Batch: 500, Loss: 0.0515
[22:32:01] {train_network.py:177} INFO - Epoch: 14, Batch: 600, Loss: 0.0672
[22:32:24] {train_network.py:177} INFO - Epoch: 14, Batch: 700, Loss: 0.0619
[22:32:47] {train_network.py:177} INFO - Epoch: 14, Batch: 800, Loss: 0.0769
[22:33:11] {train_network.py:177} INFO - Epoch: 14, Batch: 900, Loss: 0.0850
[22:33:35] {train_network.py:328} INFO - Validating...
[22:33:38] {train_network.py:331} INFO - 67/89 = 0.752809
[22:33:38] {train_network.py:319} INFO - Beginning Epoch 15
[22:34:01] {train_network.py:177} INFO - Epoch: 15, Batch: 100, Loss: 0.0537
[22:34:25] {train_network.py:177} INFO - Epoch: 15, Batch: 200, Loss: 0.0393
[22:34:48] {train_network.py:177} INFO - Epoch: 15, Batch: 300, Loss: 0.0302
[22:35:11] {train_network.py:177} INFO - Epoch: 15, Batch: 400, Loss: 0.0604
[22:35:35] {train_network.py:177} INFO - Epoch: 15, Batch: 500, Loss: 0.1047
[22:35:58] {train_network.py:177} INFO - Epoch: 15, Batch: 600, Loss: 0.1147
[22:36:21] {train_network.py:177} INFO - Epoch: 15, Batch: 700, Loss: 0.0447
[22:36:44] {train_network.py:177} INFO - Epoch: 15, Batch: 800, Loss: 0.0936
[22:37:07] {train_network.py:177} INFO - Epoch: 15, Batch: 900, Loss: 0.0404
[22:37:32] {train_network.py:328} INFO - Validating...
[22:37:35] {train_network.py:331} INFO - 68/89 = 0.764045
[22:37:35] {train_network.py:319} INFO - Beginning Epoch 16
[22:37:58] {train_network.py:177} INFO - Epoch: 16, Batch: 100, Loss: 0.0297
[22:38:21] {train_network.py:177} INFO - Epoch: 16, Batch: 200, Loss: 0.0691
[22:38:45] {train_network.py:177} INFO - Epoch: 16, Batch: 300, Loss: 0.0319
[22:39:08] {train_network.py:177} INFO - Epoch: 16, Batch: 400, Loss: 0.0135
[22:39:31] {train_network.py:177} INFO - Epoch: 16, Batch: 500, Loss: 0.0434
[22:39:55] {train_network.py:177} INFO - Epoch: 16, Batch: 600, Loss: 0.0565
[22:40:18] {train_network.py:177} INFO - Epoch: 16, Batch: 700, Loss: 0.0318
[22:40:41] {train_network.py:177} INFO - Epoch: 16, Batch: 800, Loss: 0.0805
[22:41:04] {train_network.py:177} INFO - Epoch: 16, Batch: 900, Loss: 0.0983
[22:41:28] {train_network.py:328} INFO - Validating...
[22:41:31] {train_network.py:331} INFO - 65/89 = 0.730337
[22:41:31] {train_network.py:319} INFO - Beginning Epoch 17
[22:41:54] {train_network.py:177} INFO - Epoch: 17, Batch: 100, Loss: 0.0352
[22:42:17] {train_network.py:177} INFO - Epoch: 17, Batch: 200, Loss: 0.0513
[22:42:41] {train_network.py:177} INFO - Epoch: 17, Batch: 300, Loss: 0.0840
[22:43:04] {train_network.py:177} INFO - Epoch: 17, Batch: 400, Loss: 0.0577
[22:43:27] {train_network.py:177} INFO - Epoch: 17, Batch: 500, Loss: 0.0425
[22:43:50] {train_network.py:177} INFO - Epoch: 17, Batch: 600, Loss: 0.0321
[22:44:14] {train_network.py:177} INFO - Epoch: 17, Batch: 700, Loss: 0.0419
[22:44:37] {train_network.py:177} INFO - Epoch: 17, Batch: 800, Loss: 0.0835
[22:45:00] {train_network.py:177} INFO - Epoch: 17, Batch: 900, Loss: 0.0623
[22:45:25] {train_network.py:328} INFO - Validating...
[22:45:28] {train_network.py:331} INFO - 78/89 = 0.876404
[22:45:28] {train_network.py:319} INFO - Beginning Epoch 18
[22:45:51] {train_network.py:177} INFO - Epoch: 18, Batch: 100, Loss: 0.0308
[22:46:14] {train_network.py:177} INFO - Epoch: 18, Batch: 200, Loss: 0.0633
[22:46:38] {train_network.py:177} INFO - Epoch: 18, Batch: 300, Loss: 0.0252
[22:47:01] {train_network.py:177} INFO - Epoch: 18, Batch: 400, Loss: 0.0840
[22:47:24] {train_network.py:177} INFO - Epoch: 18, Batch: 500, Loss: 0.0791
[22:47:48] {train_network.py:177} INFO - Epoch: 18, Batch: 600, Loss: 0.0900
[22:48:11] {train_network.py:177} INFO - Epoch: 18, Batch: 700, Loss: 0.1656
[22:48:34] {train_network.py:177} INFO - Epoch: 18, Batch: 800, Loss: 0.0421
[22:48:58] {train_network.py:177} INFO - Epoch: 18, Batch: 900, Loss: 0.0449
[22:49:22] {train_network.py:328} INFO - Validating...
[22:49:25] {train_network.py:331} INFO - 70/89 = 0.786517
[22:49:25] {train_network.py:319} INFO - Beginning Epoch 19
[22:49:48] {train_network.py:177} INFO - Epoch: 19, Batch: 100, Loss: 0.0345
[22:50:11] {train_network.py:177} INFO - Epoch: 19, Batch: 200, Loss: 0.0287
[22:50:34] {train_network.py:177} INFO - Epoch: 19, Batch: 300, Loss: 0.0374
[22:50:58] {train_network.py:177} INFO - Epoch: 19, Batch: 400, Loss: 0.0460
[22:51:21] {train_network.py:177} INFO - Epoch: 19, Batch: 500, Loss: 0.0780
[22:51:44] {train_network.py:177} INFO - Epoch: 19, Batch: 600, Loss: 0.0252
[22:52:07] {train_network.py:177} INFO - Epoch: 19, Batch: 700, Loss: 0.0256
[22:52:31] {train_network.py:177} INFO - Epoch: 19, Batch: 800, Loss: 0.0359
[22:52:54] {train_network.py:177} INFO - Epoch: 19, Batch: 900, Loss: 0.0909
[22:53:19] {train_network.py:328} INFO - Validating...
[22:53:21] {train_network.py:331} INFO - 67/89 = 0.752809
[22:53:21] {train_network.py:319} INFO - Beginning Epoch 20
[22:53:44] {train_network.py:177} INFO - Epoch: 20, Batch: 100, Loss: 0.0389
[22:54:08] {train_network.py:177} INFO - Epoch: 20, Batch: 200, Loss: 0.0889
[22:54:31] {train_network.py:177} INFO - Epoch: 20, Batch: 300, Loss: 0.0595
[22:54:54] {train_network.py:177} INFO - Epoch: 20, Batch: 400, Loss: 0.0288
[22:55:17] {train_network.py:177} INFO - Epoch: 20, Batch: 500, Loss: 0.0476
[22:55:41] {train_network.py:177} INFO - Epoch: 20, Batch: 600, Loss: 0.0392
[22:56:04] {train_network.py:177} INFO - Epoch: 20, Batch: 700, Loss: 0.0698
[22:56:27] {train_network.py:177} INFO - Epoch: 20, Batch: 800, Loss: 0.0355
[22:56:50] {train_network.py:177} INFO - Epoch: 20, Batch: 900, Loss: 0.0769
[22:57:15] {train_network.py:328} INFO - Validating...
[22:57:17] {train_network.py:331} INFO - 68/89 = 0.764045
[22:57:17] {train_network.py:319} INFO - Beginning Epoch 21
[22:57:40] {train_network.py:177} INFO - Epoch: 21, Batch: 100, Loss: 0.0180
[22:58:04] {train_network.py:177} INFO - Epoch: 21, Batch: 200, Loss: 0.0338
[22:58:27] {train_network.py:177} INFO - Epoch: 21, Batch: 300, Loss: 0.0252
[22:58:51] {train_network.py:177} INFO - Epoch: 21, Batch: 400, Loss: 0.0619
[22:59:14] {train_network.py:177} INFO - Epoch: 21, Batch: 500, Loss: 0.1150
[22:59:37] {train_network.py:177} INFO - Epoch: 21, Batch: 600, Loss: 0.0929
[23:00:00] {train_network.py:177} INFO - Epoch: 21, Batch: 700, Loss: 0.0760
[23:00:24] {train_network.py:177} INFO - Epoch: 21, Batch: 800, Loss: 0.0919
[23:00:47] {train_network.py:177} INFO - Epoch: 21, Batch: 900, Loss: 0.0322
[23:01:12] {train_network.py:328} INFO - Validating...
[23:01:14] {train_network.py:331} INFO - 80/89 = 0.898876
[23:01:14] {train_network.py:319} INFO - Beginning Epoch 22
[23:01:37] {train_network.py:177} INFO - Epoch: 22, Batch: 100, Loss: 0.0550
[23:02:01] {train_network.py:177} INFO - Epoch: 22, Batch: 200, Loss: 0.0958
[23:02:24] {train_network.py:177} INFO - Epoch: 22, Batch: 300, Loss: 0.0370
[23:02:47] {train_network.py:177} INFO - Epoch: 22, Batch: 400, Loss: 0.0370
[23:03:10] {train_network.py:177} INFO - Epoch: 22, Batch: 500, Loss: 0.0651
[23:03:33] {train_network.py:177} INFO - Epoch: 22, Batch: 600, Loss: 0.0190
[23:03:57] {train_network.py:177} INFO - Epoch: 22, Batch: 700, Loss: 0.0431
[23:04:20] {train_network.py:177} INFO - Epoch: 22, Batch: 800, Loss: 0.0713
[23:04:43] {train_network.py:177} INFO - Epoch: 22, Batch: 900, Loss: 0.0721
[23:05:08] {train_network.py:328} INFO - Validating...
[23:05:11] {train_network.py:331} INFO - 76/89 = 0.853933
[23:05:11] {train_network.py:319} INFO - Beginning Epoch 23
[23:05:34] {train_network.py:177} INFO - Epoch: 23, Batch: 100, Loss: 0.0292
[23:05:57] {train_network.py:177} INFO - Epoch: 23, Batch: 200, Loss: 0.1028
[23:06:21] {train_network.py:177} INFO - Epoch: 23, Batch: 300, Loss: 0.0288
[23:06:44] {train_network.py:177} INFO - Epoch: 23, Batch: 400, Loss: 0.0419
[23:07:07] {train_network.py:177} INFO - Epoch: 23, Batch: 500, Loss: 0.0440
[23:07:31] {train_network.py:177} INFO - Epoch: 23, Batch: 600, Loss: 0.0604
[23:07:54] {train_network.py:177} INFO - Epoch: 23, Batch: 700, Loss: 0.0267
[23:08:17] {train_network.py:177} INFO - Epoch: 23, Batch: 800, Loss: 0.0317
[23:08:41] {train_network.py:177} INFO - Epoch: 23, Batch: 900, Loss: 0.0228
[23:09:05] {train_network.py:328} INFO - Validating...
[23:09:08] {train_network.py:331} INFO - 62/89 = 0.696629
[23:09:08] {train_network.py:319} INFO - Beginning Epoch 24
[23:09:31] {train_network.py:177} INFO - Epoch: 24, Batch: 100, Loss: 0.0862
[23:09:54] {train_network.py:177} INFO - Epoch: 24, Batch: 200, Loss: 0.0528
[23:10:18] {train_network.py:177} INFO - Epoch: 24, Batch: 300, Loss: 0.0192
[23:10:41] {train_network.py:177} INFO - Epoch: 24, Batch: 400, Loss: 0.0976
[23:11:04] {train_network.py:177} INFO - Epoch: 24, Batch: 500, Loss: 0.0136
[23:11:27] {train_network.py:177} INFO - Epoch: 24, Batch: 600, Loss: 0.0538
[23:11:50] {train_network.py:177} INFO - Epoch: 24, Batch: 700, Loss: 0.0384
[23:12:14] {train_network.py:177} INFO - Epoch: 24, Batch: 800, Loss: 0.0993
[23:12:37] {train_network.py:177} INFO - Epoch: 24, Batch: 900, Loss: 0.0523
[23:13:01] {train_network.py:328} INFO - Validating...
[23:13:04] {train_network.py:331} INFO - 72/89 = 0.808989
[23:13:04] {train_network.py:319} INFO - Beginning Epoch 25
[23:13:28] {train_network.py:177} INFO - Epoch: 25, Batch: 100, Loss: 0.0415
[23:13:51] {train_network.py:177} INFO - Epoch: 25, Batch: 200, Loss: 0.0428
[23:14:14] {train_network.py:177} INFO - Epoch: 25, Batch: 300, Loss: 0.0670
[23:14:37] {train_network.py:177} INFO - Epoch: 25, Batch: 400, Loss: 0.0511
[23:15:00] {train_network.py:177} INFO - Epoch: 25, Batch: 500, Loss: 0.0441
[23:15:24] {train_network.py:177} INFO - Epoch: 25, Batch: 600, Loss: 0.0255
[23:15:47] {train_network.py:177} INFO - Epoch: 25, Batch: 700, Loss: 0.0308
[23:16:10] {train_network.py:177} INFO - Epoch: 25, Batch: 800, Loss: 0.0484
[23:16:33] {train_network.py:177} INFO - Epoch: 25, Batch: 900, Loss: 0.0341
[23:16:58] {train_network.py:328} INFO - Validating...
[23:17:00] {train_network.py:331} INFO - 51/89 = 0.573034
[23:17:00] {train_network.py:319} INFO - Beginning Epoch 26
[23:17:24] {train_network.py:177} INFO - Epoch: 26, Batch: 100, Loss: 0.0441
[23:17:47] {train_network.py:177} INFO - Epoch: 26, Batch: 200, Loss: 0.0290
[23:18:10] {train_network.py:177} INFO - Epoch: 26, Batch: 300, Loss: 0.0714
[23:18:33] {train_network.py:177} INFO - Epoch: 26, Batch: 400, Loss: 0.0888
[23:18:56] {train_network.py:177} INFO - Epoch: 26, Batch: 500, Loss: 0.0628
[23:19:20] {train_network.py:177} INFO - Epoch: 26, Batch: 600, Loss: 0.0689
[23:19:43] {train_network.py:177} INFO - Epoch: 26, Batch: 700, Loss: 0.0290
[23:20:06] {train_network.py:177} INFO - Epoch: 26, Batch: 800, Loss: 0.0475
[23:20:30] {train_network.py:177} INFO - Epoch: 26, Batch: 900, Loss: 0.0503
[23:20:54] {train_network.py:328} INFO - Validating...
[23:20:57] {train_network.py:331} INFO - 61/89 = 0.685393
[23:20:57] {train_network.py:319} INFO - Beginning Epoch 27
[23:21:20] {train_network.py:177} INFO - Epoch: 27, Batch: 100, Loss: 0.0917
[23:21:43] {train_network.py:177} INFO - Epoch: 27, Batch: 200, Loss: 0.0508
[23:22:07] {train_network.py:177} INFO - Epoch: 27, Batch: 300, Loss: 0.0376
[23:22:30] {train_network.py:177} INFO - Epoch: 27, Batch: 400, Loss: 0.0292
[23:22:53] {train_network.py:177} INFO - Epoch: 27, Batch: 500, Loss: 0.0187
[23:23:17] {train_network.py:177} INFO - Epoch: 27, Batch: 600, Loss: 0.0447
[23:23:40] {train_network.py:177} INFO - Epoch: 27, Batch: 700, Loss: 0.0649
[23:24:03] {train_network.py:177} INFO - Epoch: 27, Batch: 800, Loss: 0.0222
[23:24:27] {train_network.py:177} INFO - Epoch: 27, Batch: 900, Loss: 0.0398
[23:24:51] {train_network.py:328} INFO - Validating...
[23:24:54] {train_network.py:331} INFO - 60/89 = 0.674157
[23:24:54] {train_network.py:319} INFO - Beginning Epoch 28
[23:25:17] {train_network.py:177} INFO - Epoch: 28, Batch: 100, Loss: 0.0431
[23:25:40] {train_network.py:177} INFO - Epoch: 28, Batch: 200, Loss: 0.0655
[23:26:03] {train_network.py:177} INFO - Epoch: 28, Batch: 300, Loss: 0.0328
[23:26:27] {train_network.py:177} INFO - Epoch: 28, Batch: 400, Loss: 0.0551
[23:26:50] {train_network.py:177} INFO - Epoch: 28, Batch: 500, Loss: 0.0399
[23:27:13] {train_network.py:177} INFO - Epoch: 28, Batch: 600, Loss: 0.0301
[23:27:36] {train_network.py:177} INFO - Epoch: 28, Batch: 700, Loss: 0.1025
[23:28:00] {train_network.py:177} INFO - Epoch: 28, Batch: 800, Loss: 0.1651
[23:28:23] {train_network.py:177} INFO - Epoch: 28, Batch: 900, Loss: 0.0665
[23:28:48] {train_network.py:328} INFO - Validating...
[23:28:51] {train_network.py:331} INFO - 42/89 = 0.471910
[23:28:51] {train_network.py:319} INFO - Beginning Epoch 29
[23:29:14] {train_network.py:177} INFO - Epoch: 29, Batch: 100, Loss: 0.0753
[23:29:37] {train_network.py:177} INFO - Epoch: 29, Batch: 200, Loss: 0.0601
[23:30:01] {train_network.py:177} INFO - Epoch: 29, Batch: 300, Loss: 0.0431
[23:30:24] {train_network.py:177} INFO - Epoch: 29, Batch: 400, Loss: 0.0799
[23:30:47] {train_network.py:177} INFO - Epoch: 29, Batch: 500, Loss: 0.0456
[23:31:11] {train_network.py:177} INFO - Epoch: 29, Batch: 600, Loss: 0.0440
[23:31:34] {train_network.py:177} INFO - Epoch: 29, Batch: 700, Loss: 0.1020
[23:31:57] {train_network.py:177} INFO - Epoch: 29, Batch: 800, Loss: 0.0358
[23:32:21] {train_network.py:177} INFO - Epoch: 29, Batch: 900, Loss: 0.0373
[23:32:45] {train_network.py:328} INFO - Validating...
[23:32:48] {train_network.py:331} INFO - 43/89 = 0.483146
[23:32:48] {train_network.py:319} INFO - Beginning Epoch 30
[23:33:11] {train_network.py:177} INFO - Epoch: 30, Batch: 100, Loss: 0.0652
[23:33:34] {train_network.py:177} INFO - Epoch: 30, Batch: 200, Loss: 0.0281
[23:33:57] {train_network.py:177} INFO - Epoch: 30, Batch: 300, Loss: 0.0533
[23:34:20] {train_network.py:177} INFO - Epoch: 30, Batch: 400, Loss: 0.0968
[23:34:44] {train_network.py:177} INFO - Epoch: 30, Batch: 500, Loss: 0.0589
[23:35:07] {train_network.py:177} INFO - Epoch: 30, Batch: 600, Loss: 0.0304
[23:35:31] {train_network.py:177} INFO - Epoch: 30, Batch: 700, Loss: 0.0582
[23:35:54] {train_network.py:177} INFO - Epoch: 30, Batch: 800, Loss: 0.0482
[23:36:17] {train_network.py:177} INFO - Epoch: 30, Batch: 900, Loss: 0.0634
[23:36:41] {train_network.py:328} INFO - Validating...
[23:36:44] {train_network.py:331} INFO - 65/89 = 0.730337
[23:36:44] {train_network.py:319} INFO - Beginning Epoch 31
[23:37:07] {train_network.py:177} INFO - Epoch: 31, Batch: 100, Loss: 0.0064
[23:37:31] {train_network.py:177} INFO - Epoch: 31, Batch: 200, Loss: 0.0346
[23:37:54] {train_network.py:177} INFO - Epoch: 31, Batch: 300, Loss: 0.0559
[23:38:17] {train_network.py:177} INFO - Epoch: 31, Batch: 400, Loss: 0.0522
[23:38:40] {train_network.py:177} INFO - Epoch: 31, Batch: 500, Loss: 0.0261
[23:39:04] {train_network.py:177} INFO - Epoch: 31, Batch: 600, Loss: 0.0241
[23:39:27] {train_network.py:177} INFO - Epoch: 31, Batch: 700, Loss: 0.0219
[23:39:50] {train_network.py:177} INFO - Epoch: 31, Batch: 800, Loss: 0.0851
[23:40:14] {train_network.py:177} INFO - Epoch: 31, Batch: 900, Loss: 0.0261
[23:40:38] {train_network.py:328} INFO - Validating...
[23:40:41] {train_network.py:331} INFO - 58/89 = 0.651685
[23:40:41] {train_network.py:319} INFO - Beginning Epoch 32
[23:41:04] {train_network.py:177} INFO - Epoch: 32, Batch: 100, Loss: 0.0248
[23:41:27] {train_network.py:177} INFO - Epoch: 32, Batch: 200, Loss: 0.0357
[23:41:50] {train_network.py:177} INFO - Epoch: 32, Batch: 300, Loss: 0.0383
[23:42:14] {train_network.py:177} INFO - Epoch: 32, Batch: 400, Loss: 0.0386
[23:42:37] {train_network.py:177} INFO - Epoch: 32, Batch: 500, Loss: 0.0295
[23:43:01] {train_network.py:177} INFO - Epoch: 32, Batch: 600, Loss: 0.0486
[23:43:24] {train_network.py:177} INFO - Epoch: 32, Batch: 700, Loss: 0.0374
[23:43:47] {train_network.py:177} INFO - Epoch: 32, Batch: 800, Loss: 0.0406
[23:44:10] {train_network.py:177} INFO - Epoch: 32, Batch: 900, Loss: 0.0331
[23:44:35] {train_network.py:328} INFO - Validating...
[23:44:37] {train_network.py:331} INFO - 49/89 = 0.550562
[23:44:37] {train_network.py:319} INFO - Beginning Epoch 33
[23:45:00] {train_network.py:177} INFO - Epoch: 33, Batch: 100, Loss: 0.0785
[23:45:23] {train_network.py:177} INFO - Epoch: 33, Batch: 200, Loss: 0.0498
[23:45:47] {train_network.py:177} INFO - Epoch: 33, Batch: 300, Loss: 0.0626
[23:46:10] {train_network.py:177} INFO - Epoch: 33, Batch: 400, Loss: 0.0350
[23:46:33] {train_network.py:177} INFO - Epoch: 33, Batch: 500, Loss: 0.0464
[23:46:56] {train_network.py:177} INFO - Epoch: 33, Batch: 600, Loss: 0.0455
[23:47:20] {train_network.py:177} INFO - Epoch: 33, Batch: 700, Loss: 0.0729
[23:47:43] {train_network.py:177} INFO - Epoch: 33, Batch: 800, Loss: 0.0196
[23:48:06] {train_network.py:177} INFO - Epoch: 33, Batch: 900, Loss: 0.0192
[23:48:31] {train_network.py:328} INFO - Validating...
[23:48:33] {train_network.py:331} INFO - 50/89 = 0.561798
[23:48:33] {train_network.py:319} INFO - Beginning Epoch 34
[23:48:56] {train_network.py:177} INFO - Epoch: 34, Batch: 100, Loss: 0.0164
[23:49:20] {train_network.py:177} INFO - Epoch: 34, Batch: 200, Loss: 0.0296
[23:49:43] {train_network.py:177} INFO - Epoch: 34, Batch: 300, Loss: 0.0459
[23:50:06] {train_network.py:177} INFO - Epoch: 34, Batch: 400, Loss: 0.0290
[23:50:30] {train_network.py:177} INFO - Epoch: 34, Batch: 500, Loss: 0.0298
[23:50:53] {train_network.py:177} INFO - Epoch: 34, Batch: 600, Loss: 0.0680
[23:51:16] {train_network.py:177} INFO - Epoch: 34, Batch: 700, Loss: 0.0403
[23:51:40] {train_network.py:177} INFO - Epoch: 34, Batch: 800, Loss: 0.0181
[23:52:03] {train_network.py:177} INFO - Epoch: 34, Batch: 900, Loss: 0.0354
[23:52:27] {train_network.py:328} INFO - Validating...
[23:52:30] {train_network.py:331} INFO - 67/89 = 0.752809
[23:52:30] {train_network.py:319} INFO - Beginning Epoch 35
[23:52:53] {train_network.py:177} INFO - Epoch: 35, Batch: 100, Loss: 0.0567
[23:53:16] {train_network.py:177} INFO - Epoch: 35, Batch: 200, Loss: 0.0603
[23:53:40] {train_network.py:177} INFO - Epoch: 35, Batch: 300, Loss: 0.0692
[23:54:03] {train_network.py:177} INFO - Epoch: 35, Batch: 400, Loss: 0.0183
[23:54:26] {train_network.py:177} INFO - Epoch: 35, Batch: 500, Loss: 0.0433
[23:54:50] {train_network.py:177} INFO - Epoch: 35, Batch: 600, Loss: 0.0561
[23:55:13] {train_network.py:177} INFO - Epoch: 35, Batch: 700, Loss: 0.1598
[23:55:36] {train_network.py:177} INFO - Epoch: 35, Batch: 800, Loss: 0.0382
[23:55:59] {train_network.py:177} INFO - Epoch: 35, Batch: 900, Loss: 0.0484
[23:56:24] {train_network.py:328} INFO - Validating...
[23:56:27] {train_network.py:331} INFO - 52/89 = 0.584270
[23:56:27] {train_network.py:319} INFO - Beginning Epoch 36
[23:56:50] {train_network.py:177} INFO - Epoch: 36, Batch: 100, Loss: 0.0346
[23:57:13] {train_network.py:177} INFO - Epoch: 36, Batch: 200, Loss: 0.0429
[23:57:37] {train_network.py:177} INFO - Epoch: 36, Batch: 300, Loss: 0.0468
[23:58:00] {train_network.py:177} INFO - Epoch: 36, Batch: 400, Loss: 0.0529
[23:58:23] {train_network.py:177} INFO - Epoch: 36, Batch: 500, Loss: 0.0611
[23:58:46] {train_network.py:177} INFO - Epoch: 36, Batch: 600, Loss: 0.0293
[23:59:09] {train_network.py:177} INFO - Epoch: 36, Batch: 700, Loss: 0.0764
[23:59:33] {train_network.py:177} INFO - Epoch: 36, Batch: 800, Loss: 0.0344
[23:59:56] {train_network.py:177} INFO - Epoch: 36, Batch: 900, Loss: 0.0270
[00:00:20] {train_network.py:328} INFO - Validating...
[00:00:23] {train_network.py:331} INFO - 47/89 = 0.528090
[00:00:23] {train_network.py:319} INFO - Beginning Epoch 37
[00:00:46] {train_network.py:177} INFO - Epoch: 37, Batch: 100, Loss: 0.0409
[00:01:10] {train_network.py:177} INFO - Epoch: 37, Batch: 200, Loss: 0.0487
[00:01:33] {train_network.py:177} INFO - Epoch: 37, Batch: 300, Loss: 0.0266
[00:01:56] {train_network.py:177} INFO - Epoch: 37, Batch: 400, Loss: 0.0465
[00:02:20] {train_network.py:177} INFO - Epoch: 37, Batch: 500, Loss: 0.0294
[00:02:43] {train_network.py:177} INFO - Epoch: 37, Batch: 600, Loss: 0.0341
[00:03:06] {train_network.py:177} INFO - Epoch: 37, Batch: 700, Loss: 0.0335
[00:03:29] {train_network.py:177} INFO - Epoch: 37, Batch: 800, Loss: 0.0170
[00:03:53] {train_network.py:177} INFO - Epoch: 37, Batch: 900, Loss: 0.0899
[00:04:17] {train_network.py:328} INFO - Validating...
[00:04:20] {train_network.py:331} INFO - 40/89 = 0.449438
[00:04:20] {train_network.py:319} INFO - Beginning Epoch 38
[00:04:43] {train_network.py:177} INFO - Epoch: 38, Batch: 100, Loss: 0.0291
[00:05:06] {train_network.py:177} INFO - Epoch: 38, Batch: 200, Loss: 0.0319
[00:05:29] {train_network.py:177} INFO - Epoch: 38, Batch: 300, Loss: 0.0412
[00:05:53] {train_network.py:177} INFO - Epoch: 38, Batch: 400, Loss: 0.0413
[00:06:16] {train_network.py:177} INFO - Epoch: 38, Batch: 500, Loss: 0.0331
[00:06:39] {train_network.py:177} INFO - Epoch: 38, Batch: 600, Loss: 0.0719
[00:07:02] {train_network.py:177} INFO - Epoch: 38, Batch: 700, Loss: 0.0318
[00:07:26] {train_network.py:177} INFO - Epoch: 38, Batch: 800, Loss: 0.0345
[00:07:49] {train_network.py:177} INFO - Epoch: 38, Batch: 900, Loss: 0.0605
[00:08:13] {train_network.py:328} INFO - Validating...
[00:08:16] {train_network.py:331} INFO - 31/89 = 0.348315
[00:08:16] {train_network.py:319} INFO - Beginning Epoch 39
[00:08:39] {train_network.py:177} INFO - Epoch: 39, Batch: 100, Loss: 0.0181
[00:09:02] {train_network.py:177} INFO - Epoch: 39, Batch: 200, Loss: 0.0344
[00:09:25] {train_network.py:177} INFO - Epoch: 39, Batch: 300, Loss: 0.0457
[00:09:49] {train_network.py:177} INFO - Epoch: 39, Batch: 400, Loss: 0.0472
[00:10:12] {train_network.py:177} INFO - Epoch: 39, Batch: 500, Loss: 0.0419
[00:10:35] {train_network.py:177} INFO - Epoch: 39, Batch: 600, Loss: 0.0514
[00:10:58] {train_network.py:177} INFO - Epoch: 39, Batch: 700, Loss: 0.0739
[00:11:21] {train_network.py:177} INFO - Epoch: 39, Batch: 800, Loss: 0.0541
[00:11:44] {train_network.py:177} INFO - Epoch: 39, Batch: 900, Loss: 0.0180
[00:12:09] {train_network.py:328} INFO - Validating...
[00:12:11] {train_network.py:331} INFO - 37/89 = 0.415730
[00:12:11] {train_network.py:319} INFO - Beginning Epoch 40
[00:12:34] {train_network.py:177} INFO - Epoch: 40, Batch: 100, Loss: 0.0737
[00:12:57] {train_network.py:177} INFO - Epoch: 40, Batch: 200, Loss: 0.0295
[00:13:21] {train_network.py:177} INFO - Epoch: 40, Batch: 300, Loss: 0.0728
[00:13:44] {train_network.py:177} INFO - Epoch: 40, Batch: 400, Loss: 0.0192
[00:14:07] {train_network.py:177} INFO - Epoch: 40, Batch: 500, Loss: 0.0426
[00:14:31] {train_network.py:177} INFO - Epoch: 40, Batch: 600, Loss: 0.0168
[00:14:54] {train_network.py:177} INFO - Epoch: 40, Batch: 700, Loss: 0.0406
[00:15:18] {train_network.py:177} INFO - Epoch: 40, Batch: 800, Loss: 0.0531
[00:15:41] {train_network.py:177} INFO - Epoch: 40, Batch: 900, Loss: 0.0432
[00:16:06] {train_network.py:328} INFO - Validating...
[00:16:08] {train_network.py:331} INFO - 49/89 = 0.550562
[00:16:08] {train_network.py:319} INFO - Beginning Epoch 41
[00:16:31] {train_network.py:177} INFO - Epoch: 41, Batch: 100, Loss: 0.0356
[00:16:55] {train_network.py:177} INFO - Epoch: 41, Batch: 200, Loss: 0.0355
[00:17:18] {train_network.py:177} INFO - Epoch: 41, Batch: 300, Loss: 0.0446
[00:17:41] {train_network.py:177} INFO - Epoch: 41, Batch: 400, Loss: 0.0448
[00:18:04] {train_network.py:177} INFO - Epoch: 41, Batch: 500, Loss: 0.0592
[00:18:28] {train_network.py:177} INFO - Epoch: 41, Batch: 600, Loss: 0.0485
[00:18:51] {train_network.py:177} INFO - Epoch: 41, Batch: 700, Loss: 0.0607
[00:19:14] {train_network.py:177} INFO - Epoch: 41, Batch: 800, Loss: 0.0653
[00:19:38] {train_network.py:177} INFO - Epoch: 41, Batch: 900, Loss: 0.0235
[00:20:03] {train_network.py:328} INFO - Validating...
[00:20:05] {train_network.py:331} INFO - 49/89 = 0.550562
[00:20:05] {train_network.py:319} INFO - Beginning Epoch 42
[00:20:28] {train_network.py:177} INFO - Epoch: 42, Batch: 100, Loss: 0.0987
[00:20:52] {train_network.py:177} INFO - Epoch: 42, Batch: 200, Loss: 0.0827
[00:21:15] {train_network.py:177} INFO - Epoch: 42, Batch: 300, Loss: 0.0563
[00:21:38] {train_network.py:177} INFO - Epoch: 42, Batch: 400, Loss: 0.0297
[00:22:01] {train_network.py:177} INFO - Epoch: 42, Batch: 500, Loss: 0.0492
[00:22:24] {train_network.py:177} INFO - Epoch: 42, Batch: 600, Loss: 0.0642
[00:22:48] {train_network.py:177} INFO - Epoch: 42, Batch: 700, Loss: 0.0268
[00:23:11] {train_network.py:177} INFO - Epoch: 42, Batch: 800, Loss: 0.0225
[00:23:35] {train_network.py:177} INFO - Epoch: 42, Batch: 900, Loss: 0.0395
[00:23:59] {train_network.py:328} INFO - Validating...
[00:24:01] {train_network.py:331} INFO - 39/89 = 0.438202
[00:24:01] {train_network.py:319} INFO - Beginning Epoch 43
[00:24:25] {train_network.py:177} INFO - Epoch: 43, Batch: 100, Loss: 0.0335
[00:24:48] {train_network.py:177} INFO - Epoch: 43, Batch: 200, Loss: 0.0458
[00:25:11] {train_network.py:177} INFO - Epoch: 43, Batch: 300, Loss: 0.0443
[00:25:34] {train_network.py:177} INFO - Epoch: 43, Batch: 400, Loss: 0.0312
[00:25:58] {train_network.py:177} INFO - Epoch: 43, Batch: 500, Loss: 0.0153
[00:26:21] {train_network.py:177} INFO - Epoch: 43, Batch: 600, Loss: 0.0374
[00:26:44] {train_network.py:177} INFO - Epoch: 43, Batch: 700, Loss: 0.0208
[00:27:08] {train_network.py:177} INFO - Epoch: 43, Batch: 800, Loss: 0.0287
[00:27:31] {train_network.py:177} INFO - Epoch: 43, Batch: 900, Loss: 0.0907
[00:27:55] {train_network.py:328} INFO - Validating...
[00:27:58] {train_network.py:331} INFO - 39/89 = 0.438202
[00:27:58] {train_network.py:319} INFO - Beginning Epoch 44
[00:28:21] {train_network.py:177} INFO - Epoch: 44, Batch: 100, Loss: 0.0492
[00:28:44] {train_network.py:177} INFO - Epoch: 44, Batch: 200, Loss: 0.0478
[00:29:08] {train_network.py:177} INFO - Epoch: 44, Batch: 300, Loss: 0.0439
[00:29:31] {train_network.py:177} INFO - Epoch: 44, Batch: 400, Loss: 0.0289
[00:29:54] {train_network.py:177} INFO - Epoch: 44, Batch: 500, Loss: 0.0560
[00:30:18] {train_network.py:177} INFO - Epoch: 44, Batch: 600, Loss: 0.0327
[00:30:41] {train_network.py:177} INFO - Epoch: 44, Batch: 700, Loss: 0.0932
[00:31:04] {train_network.py:177} INFO - Epoch: 44, Batch: 800, Loss: 0.0276
[00:31:28] {train_network.py:177} INFO - Epoch: 44, Batch: 900, Loss: 0.0319
[00:31:52] {train_network.py:328} INFO - Validating...
[00:31:55] {train_network.py:331} INFO - 58/89 = 0.651685
[00:31:55] {train_network.py:319} INFO - Beginning Epoch 45
[00:32:18] {train_network.py:177} INFO - Epoch: 45, Batch: 100, Loss: 0.0345
[00:32:41] {train_network.py:177} INFO - Epoch: 45, Batch: 200, Loss: 0.0654
[00:33:04] {train_network.py:177} INFO - Epoch: 45, Batch: 300, Loss: 0.0313
[00:33:28] {train_network.py:177} INFO - Epoch: 45, Batch: 400, Loss: 0.0453
[00:33:51] {train_network.py:177} INFO - Epoch: 45, Batch: 500, Loss: 0.0541
[00:34:14] {train_network.py:177} INFO - Epoch: 45, Batch: 600, Loss: 0.0259
[00:34:38] {train_network.py:177} INFO - Epoch: 45, Batch: 700, Loss: 0.0355
[00:35:01] {train_network.py:177} INFO - Epoch: 45, Batch: 800, Loss: 0.0409
[00:35:24] {train_network.py:177} INFO - Epoch: 45, Batch: 900, Loss: 0.0219
[00:35:49] {train_network.py:328} INFO - Validating...
[00:35:52] {train_network.py:331} INFO - 58/89 = 0.651685
[00:35:52] {train_network.py:319} INFO - Beginning Epoch 46
[00:36:15] {train_network.py:177} INFO - Epoch: 46, Batch: 100, Loss: 0.0208
[00:36:38] {train_network.py:177} INFO - Epoch: 46, Batch: 200, Loss: 0.0301
[00:37:01] {train_network.py:177} INFO - Epoch: 46, Batch: 300, Loss: 0.0285
[00:37:25] {train_network.py:177} INFO - Epoch: 46, Batch: 400, Loss: 0.0331
[00:37:48] {train_network.py:177} INFO - Epoch: 46, Batch: 500, Loss: 0.0255
[00:38:11] {train_network.py:177} INFO - Epoch: 46, Batch: 600, Loss: 0.0231
[00:38:35] {train_network.py:177} INFO - Epoch: 46, Batch: 700, Loss: 0.0587
[00:38:58] {train_network.py:177} INFO - Epoch: 46, Batch: 800, Loss: 0.0479
[00:39:21] {train_network.py:177} INFO - Epoch: 46, Batch: 900, Loss: 0.0296
[00:39:46] {train_network.py:328} INFO - Validating...
[00:39:48] {train_network.py:331} INFO - 22/89 = 0.247191
[00:39:48] {train_network.py:319} INFO - Beginning Epoch 47
[00:40:11] {train_network.py:177} INFO - Epoch: 47, Batch: 100, Loss: 0.0329
[00:40:34] {train_network.py:177} INFO - Epoch: 47, Batch: 200, Loss: 0.0361
[00:40:58] {train_network.py:177} INFO - Epoch: 47, Batch: 300, Loss: 0.0563
[00:41:21] {train_network.py:177} INFO - Epoch: 47, Batch: 400, Loss: 0.0285
[00:41:44] {train_network.py:177} INFO - Epoch: 47, Batch: 500, Loss: 0.0242
[00:42:07] {train_network.py:177} INFO - Epoch: 47, Batch: 600, Loss: 0.0296
[00:42:31] {train_network.py:177} INFO - Epoch: 47, Batch: 700, Loss: 0.0470
[00:42:54] {train_network.py:177} INFO - Epoch: 47, Batch: 800, Loss: 0.0642
[00:43:17] {train_network.py:177} INFO - Epoch: 47, Batch: 900, Loss: 0.0661
[00:43:41] {train_network.py:328} INFO - Validating...
[00:43:44] {train_network.py:331} INFO - 52/89 = 0.584270
[00:43:44] {train_network.py:319} INFO - Beginning Epoch 48
[00:44:07] {train_network.py:177} INFO - Epoch: 48, Batch: 100, Loss: 0.0422
[00:44:30] {train_network.py:177} INFO - Epoch: 48, Batch: 200, Loss: 0.0206
[00:44:54] {train_network.py:177} INFO - Epoch: 48, Batch: 300, Loss: 0.0328
[00:45:17] {train_network.py:177} INFO - Epoch: 48, Batch: 400, Loss: 0.0303
[00:45:41] {train_network.py:177} INFO - Epoch: 48, Batch: 500, Loss: 0.0291
[00:46:04] {train_network.py:177} INFO - Epoch: 48, Batch: 600, Loss: 0.0367
[00:46:27] {train_network.py:177} INFO - Epoch: 48, Batch: 700, Loss: 0.0910
[00:46:50] {train_network.py:177} INFO - Epoch: 48, Batch: 800, Loss: 0.0574
[00:47:14] {train_network.py:177} INFO - Epoch: 48, Batch: 900, Loss: 0.0197
[00:47:38] {train_network.py:328} INFO - Validating...
[00:47:41] {train_network.py:331} INFO - 43/89 = 0.483146
[00:47:41] {train_network.py:319} INFO - Beginning Epoch 49
[00:48:04] {train_network.py:177} INFO - Epoch: 49, Batch: 100, Loss: 0.0328
[00:48:27] {train_network.py:177} INFO - Epoch: 49, Batch: 200, Loss: 0.0275
[00:48:50] {train_network.py:177} INFO - Epoch: 49, Batch: 300, Loss: 0.0311
[00:49:14] {train_network.py:177} INFO - Epoch: 49, Batch: 400, Loss: 0.0302
[00:49:37] {train_network.py:177} INFO - Epoch: 49, Batch: 500, Loss: 0.0209
[00:50:00] {train_network.py:177} INFO - Epoch: 49, Batch: 600, Loss: 0.0388
[00:50:23] {train_network.py:177} INFO - Epoch: 49, Batch: 700, Loss: 0.0462
[00:50:47] {train_network.py:177} INFO - Epoch: 49, Batch: 800, Loss: 0.0523
[00:51:10] {train_network.py:177} INFO - Epoch: 49, Batch: 900, Loss: 0.0647
[00:51:34] {train_network.py:328} INFO - Validating...
[00:51:37] {train_network.py:331} INFO - 34/89 = 0.382022
