[12:05:09] {/workspace/KIidP-Gruppe-4/hardware/device.py:11} INFO - CUDA detected. Running with GPU acceleration.
[12:05:09] {train_network.py:247} INFO - Loading Cornell Dataset...
[12:05:09] {train_network.py:256} INFO - Dataset size is 885
[12:05:09] {train_network.py:265} INFO - Training size: 796
[12:05:09] {train_network.py:266} INFO - Validation size: 89
[12:05:09] {train_network.py:284} INFO - Done
[12:05:09] {train_network.py:287} INFO - Loading Network...
[12:05:10] {train_network.py:298} INFO - Done
[12:05:11] {train_network.py:317} INFO - Beginning Epoch 00
[12:05:22] {train_network.py:175} INFO - Epoch: 0, Batch: 100, Loss: 0.0611
[12:05:34] {train_network.py:175} INFO - Epoch: 0, Batch: 200, Loss: 0.0500
[12:05:46] {train_network.py:175} INFO - Epoch: 0, Batch: 300, Loss: 0.1005
[12:05:58] {train_network.py:175} INFO - Epoch: 0, Batch: 400, Loss: 0.1360
[12:06:10] {train_network.py:175} INFO - Epoch: 0, Batch: 500, Loss: 0.1254
[12:06:22] {train_network.py:175} INFO - Epoch: 0, Batch: 600, Loss: 0.0519
[12:06:33] {train_network.py:175} INFO - Epoch: 0, Batch: 700, Loss: 0.0485
[12:06:45] {train_network.py:175} INFO - Epoch: 0, Batch: 800, Loss: 0.0443
[12:06:57] {train_network.py:175} INFO - Epoch: 0, Batch: 900, Loss: 0.0556
[12:07:10] {train_network.py:326} INFO - Validating...
[12:07:13] {train_network.py:329} INFO - 59/89 = 0.662921
[12:07:13] {train_network.py:317} INFO - Beginning Epoch 01
[12:07:25] {train_network.py:175} INFO - Epoch: 1, Batch: 100, Loss: 0.0352
[12:07:37] {train_network.py:175} INFO - Epoch: 1, Batch: 200, Loss: 0.1584
[12:07:49] {train_network.py:175} INFO - Epoch: 1, Batch: 300, Loss: 0.0883
[12:08:01] {train_network.py:175} INFO - Epoch: 1, Batch: 400, Loss: 0.0628
[12:08:13] {train_network.py:175} INFO - Epoch: 1, Batch: 500, Loss: 0.1138
[12:08:25] {train_network.py:175} INFO - Epoch: 1, Batch: 600, Loss: 0.0605
[12:08:36] {train_network.py:175} INFO - Epoch: 1, Batch: 700, Loss: 0.0567
[12:08:48] {train_network.py:175} INFO - Epoch: 1, Batch: 800, Loss: 0.0325
[12:09:00] {train_network.py:175} INFO - Epoch: 1, Batch: 900, Loss: 0.1453
[12:09:13] {train_network.py:326} INFO - Validating...
[12:09:16] {train_network.py:329} INFO - 83/89 = 0.932584
[12:09:16] {train_network.py:317} INFO - Beginning Epoch 02
[12:09:27] {train_network.py:175} INFO - Epoch: 2, Batch: 100, Loss: 0.0778
[12:09:39] {train_network.py:175} INFO - Epoch: 2, Batch: 200, Loss: 0.0688
[12:09:51] {train_network.py:175} INFO - Epoch: 2, Batch: 300, Loss: 0.0769
[12:10:03] {train_network.py:175} INFO - Epoch: 2, Batch: 400, Loss: 0.0277
[12:10:15] {train_network.py:175} INFO - Epoch: 2, Batch: 500, Loss: 0.0544
[12:10:26] {train_network.py:175} INFO - Epoch: 2, Batch: 600, Loss: 0.1105
[12:10:38] {train_network.py:175} INFO - Epoch: 2, Batch: 700, Loss: 0.0408
[12:10:50] {train_network.py:175} INFO - Epoch: 2, Batch: 800, Loss: 0.0604
[12:11:02] {train_network.py:175} INFO - Epoch: 2, Batch: 900, Loss: 0.0491
[12:11:16] {train_network.py:326} INFO - Validating...
[12:11:18] {train_network.py:329} INFO - 78/89 = 0.876404
[12:11:18] {train_network.py:317} INFO - Beginning Epoch 03
[12:11:30] {train_network.py:175} INFO - Epoch: 3, Batch: 100, Loss: 0.0597
[12:11:42] {train_network.py:175} INFO - Epoch: 3, Batch: 200, Loss: 0.0388
[12:11:53] {train_network.py:175} INFO - Epoch: 3, Batch: 300, Loss: 0.0448
[12:12:05] {train_network.py:175} INFO - Epoch: 3, Batch: 400, Loss: 0.0659
[12:12:17] {train_network.py:175} INFO - Epoch: 3, Batch: 500, Loss: 0.1286
[12:12:28] {train_network.py:175} INFO - Epoch: 3, Batch: 600, Loss: 0.0397
[12:12:40] {train_network.py:175} INFO - Epoch: 3, Batch: 700, Loss: 0.0669
[12:12:52] {train_network.py:175} INFO - Epoch: 3, Batch: 800, Loss: 0.0799
[12:13:04] {train_network.py:175} INFO - Epoch: 3, Batch: 900, Loss: 0.0570
[12:13:17] {train_network.py:326} INFO - Validating...
[12:13:20] {train_network.py:329} INFO - 82/89 = 0.921348
[12:13:20] {train_network.py:317} INFO - Beginning Epoch 04
[12:13:31] {train_network.py:175} INFO - Epoch: 4, Batch: 100, Loss: 0.1099
[12:13:43] {train_network.py:175} INFO - Epoch: 4, Batch: 200, Loss: 0.1038
[12:13:55] {train_network.py:175} INFO - Epoch: 4, Batch: 300, Loss: 0.0586
[12:14:07] {train_network.py:175} INFO - Epoch: 4, Batch: 400, Loss: 0.0382
[12:14:18] {train_network.py:175} INFO - Epoch: 4, Batch: 500, Loss: 0.0446
[12:14:30] {train_network.py:175} INFO - Epoch: 4, Batch: 600, Loss: 0.0460
[12:14:41] {train_network.py:175} INFO - Epoch: 4, Batch: 700, Loss: 0.0650
[12:14:53] {train_network.py:175} INFO - Epoch: 4, Batch: 800, Loss: 0.0699
[12:15:05] {train_network.py:175} INFO - Epoch: 4, Batch: 900, Loss: 0.0355
[12:15:18] {train_network.py:326} INFO - Validating...
[12:15:21] {train_network.py:329} INFO - 77/89 = 0.865169
[12:15:21] {train_network.py:317} INFO - Beginning Epoch 05
[12:15:33] {train_network.py:175} INFO - Epoch: 5, Batch: 100, Loss: 0.0232
[12:15:45] {train_network.py:175} INFO - Epoch: 5, Batch: 200, Loss: 0.0599
[12:15:57] {train_network.py:175} INFO - Epoch: 5, Batch: 300, Loss: 0.0457
[12:16:08] {train_network.py:175} INFO - Epoch: 5, Batch: 400, Loss: 0.1393
[12:16:20] {train_network.py:175} INFO - Epoch: 5, Batch: 500, Loss: 0.0663
[12:16:32] {train_network.py:175} INFO - Epoch: 5, Batch: 600, Loss: 0.0742
[12:16:44] {train_network.py:175} INFO - Epoch: 5, Batch: 700, Loss: 0.0274
[12:16:56] {train_network.py:175} INFO - Epoch: 5, Batch: 800, Loss: 0.0437
[12:17:07] {train_network.py:175} INFO - Epoch: 5, Batch: 900, Loss: 0.0981
[12:17:21] {train_network.py:326} INFO - Validating...
[12:17:24] {train_network.py:329} INFO - 84/89 = 0.943820
[12:17:24] {train_network.py:317} INFO - Beginning Epoch 06
[12:17:35] {train_network.py:175} INFO - Epoch: 6, Batch: 100, Loss: 0.0385
[12:17:47] {train_network.py:175} INFO - Epoch: 6, Batch: 200, Loss: 0.0654
[12:17:58] {train_network.py:175} INFO - Epoch: 6, Batch: 300, Loss: 0.0239
[12:18:10] {train_network.py:175} INFO - Epoch: 6, Batch: 400, Loss: 0.0704
[12:18:22] {train_network.py:175} INFO - Epoch: 6, Batch: 500, Loss: 0.0547
[12:18:33] {train_network.py:175} INFO - Epoch: 6, Batch: 600, Loss: 0.0453
[12:18:45] {train_network.py:175} INFO - Epoch: 6, Batch: 700, Loss: 0.1504
[12:18:57] {train_network.py:175} INFO - Epoch: 6, Batch: 800, Loss: 0.0372
[12:19:08] {train_network.py:175} INFO - Epoch: 6, Batch: 900, Loss: 0.0735
[12:19:21] {train_network.py:326} INFO - Validating...
[12:19:24] {train_network.py:329} INFO - 82/89 = 0.921348
[12:19:24] {train_network.py:317} INFO - Beginning Epoch 07
[12:19:35] {train_network.py:175} INFO - Epoch: 7, Batch: 100, Loss: 0.0545
[12:19:47] {train_network.py:175} INFO - Epoch: 7, Batch: 200, Loss: 0.2392
[12:19:59] {train_network.py:175} INFO - Epoch: 7, Batch: 300, Loss: 0.0530
[12:20:11] {train_network.py:175} INFO - Epoch: 7, Batch: 400, Loss: 0.0592
[12:20:22] {train_network.py:175} INFO - Epoch: 7, Batch: 500, Loss: 0.0453
[12:20:34] {train_network.py:175} INFO - Epoch: 7, Batch: 600, Loss: 0.0471
[12:20:46] {train_network.py:175} INFO - Epoch: 7, Batch: 700, Loss: 0.0987
[12:20:57] {train_network.py:175} INFO - Epoch: 7, Batch: 800, Loss: 0.0784
[12:21:09] {train_network.py:175} INFO - Epoch: 7, Batch: 900, Loss: 0.0624
[12:21:22] {train_network.py:326} INFO - Validating...
[12:21:24] {train_network.py:329} INFO - 83/89 = 0.932584
[12:21:24] {train_network.py:317} INFO - Beginning Epoch 08
[12:21:36] {train_network.py:175} INFO - Epoch: 8, Batch: 100, Loss: 0.0671
[12:21:48] {train_network.py:175} INFO - Epoch: 8, Batch: 200, Loss: 0.0556
[12:21:59] {train_network.py:175} INFO - Epoch: 8, Batch: 300, Loss: 0.0378
[12:22:11] {train_network.py:175} INFO - Epoch: 8, Batch: 400, Loss: 0.0684
[12:22:23] {train_network.py:175} INFO - Epoch: 8, Batch: 500, Loss: 0.0301
[12:22:35] {train_network.py:175} INFO - Epoch: 8, Batch: 600, Loss: 0.0796
[12:22:46] {train_network.py:175} INFO - Epoch: 8, Batch: 700, Loss: 0.0754
[12:22:58] {train_network.py:175} INFO - Epoch: 8, Batch: 800, Loss: 0.0340
[12:23:10] {train_network.py:175} INFO - Epoch: 8, Batch: 900, Loss: 0.0271
[12:23:24] {train_network.py:326} INFO - Validating...
[12:23:27] {train_network.py:329} INFO - 86/89 = 0.966292
[12:23:27] {train_network.py:317} INFO - Beginning Epoch 09
[12:23:38] {train_network.py:175} INFO - Epoch: 9, Batch: 100, Loss: 0.0628
[12:23:50] {train_network.py:175} INFO - Epoch: 9, Batch: 200, Loss: 0.0672
[12:24:02] {train_network.py:175} INFO - Epoch: 9, Batch: 300, Loss: 0.0980
[12:24:14] {train_network.py:175} INFO - Epoch: 9, Batch: 400, Loss: 0.0255
[12:24:25] {train_network.py:175} INFO - Epoch: 9, Batch: 500, Loss: 0.0466
[12:24:37] {train_network.py:175} INFO - Epoch: 9, Batch: 600, Loss: 0.0411
[12:24:49] {train_network.py:175} INFO - Epoch: 9, Batch: 700, Loss: 0.0348
[12:25:01] {train_network.py:175} INFO - Epoch: 9, Batch: 800, Loss: 0.0763
[12:25:13] {train_network.py:175} INFO - Epoch: 9, Batch: 900, Loss: 0.0566
[12:25:26] {train_network.py:326} INFO - Validating...
[12:25:29] {train_network.py:329} INFO - 76/89 = 0.853933
[12:25:29] {train_network.py:317} INFO - Beginning Epoch 10
[12:25:40] {train_network.py:175} INFO - Epoch: 10, Batch: 100, Loss: 0.0528
[12:25:52] {train_network.py:175} INFO - Epoch: 10, Batch: 200, Loss: 0.0445
[12:26:04] {train_network.py:175} INFO - Epoch: 10, Batch: 300, Loss: 0.0467
[12:26:16] {train_network.py:175} INFO - Epoch: 10, Batch: 400, Loss: 0.0831
[12:26:28] {train_network.py:175} INFO - Epoch: 10, Batch: 500, Loss: 0.0356
[12:26:40] {train_network.py:175} INFO - Epoch: 10, Batch: 600, Loss: 0.0939
[12:26:51] {train_network.py:175} INFO - Epoch: 10, Batch: 700, Loss: 0.0472
[12:27:03] {train_network.py:175} INFO - Epoch: 10, Batch: 800, Loss: 0.0663
[12:27:14] {train_network.py:175} INFO - Epoch: 10, Batch: 900, Loss: 0.0845
[12:27:28] {train_network.py:326} INFO - Validating...
[12:27:30] {train_network.py:329} INFO - 79/89 = 0.887640
[12:27:31] {train_network.py:317} INFO - Beginning Epoch 11
[12:27:42] {train_network.py:175} INFO - Epoch: 11, Batch: 100, Loss: 0.0233
[12:27:54] {train_network.py:175} INFO - Epoch: 11, Batch: 200, Loss: 0.0644
[12:28:06] {train_network.py:175} INFO - Epoch: 11, Batch: 300, Loss: 0.0662
[12:28:17] {train_network.py:175} INFO - Epoch: 11, Batch: 400, Loss: 0.0749
[12:28:29] {train_network.py:175} INFO - Epoch: 11, Batch: 500, Loss: 0.0606
[12:28:41] {train_network.py:175} INFO - Epoch: 11, Batch: 600, Loss: 0.0777
[12:28:53] {train_network.py:175} INFO - Epoch: 11, Batch: 700, Loss: 0.0527
[12:29:05] {train_network.py:175} INFO - Epoch: 11, Batch: 800, Loss: 0.0408
[12:29:17] {train_network.py:175} INFO - Epoch: 11, Batch: 900, Loss: 0.0541
[12:29:31] {train_network.py:326} INFO - Validating...
[12:29:34] {train_network.py:329} INFO - 82/89 = 0.921348
[12:29:34] {train_network.py:317} INFO - Beginning Epoch 12
[12:29:45] {train_network.py:175} INFO - Epoch: 12, Batch: 100, Loss: 0.0574
[12:29:57] {train_network.py:175} INFO - Epoch: 12, Batch: 200, Loss: 0.0811
[12:30:09] {train_network.py:175} INFO - Epoch: 12, Batch: 300, Loss: 0.0923
[12:30:21] {train_network.py:175} INFO - Epoch: 12, Batch: 400, Loss: 0.0700
[12:30:32] {train_network.py:175} INFO - Epoch: 12, Batch: 500, Loss: 0.0461
[12:30:44] {train_network.py:175} INFO - Epoch: 12, Batch: 600, Loss: 0.0524
[12:30:56] {train_network.py:175} INFO - Epoch: 12, Batch: 700, Loss: 0.0515
[12:31:08] {train_network.py:175} INFO - Epoch: 12, Batch: 800, Loss: 0.0736
[12:31:19] {train_network.py:175} INFO - Epoch: 12, Batch: 900, Loss: 0.0254
[12:31:33] {train_network.py:326} INFO - Validating...
[12:31:35] {train_network.py:329} INFO - 84/89 = 0.943820
[12:31:35] {train_network.py:317} INFO - Beginning Epoch 13
[12:31:47] {train_network.py:175} INFO - Epoch: 13, Batch: 100, Loss: 0.0224
[12:31:59] {train_network.py:175} INFO - Epoch: 13, Batch: 200, Loss: 0.0309
[12:32:10] {train_network.py:175} INFO - Epoch: 13, Batch: 300, Loss: 0.0216
[12:32:22] {train_network.py:175} INFO - Epoch: 13, Batch: 400, Loss: 0.0611
[12:32:34] {train_network.py:175} INFO - Epoch: 13, Batch: 500, Loss: 0.0929
[12:32:45] {train_network.py:175} INFO - Epoch: 13, Batch: 600, Loss: 0.0476
[12:32:57] {train_network.py:175} INFO - Epoch: 13, Batch: 700, Loss: 0.0597
[12:33:09] {train_network.py:175} INFO - Epoch: 13, Batch: 800, Loss: 0.0865
[12:33:21] {train_network.py:175} INFO - Epoch: 13, Batch: 900, Loss: 0.0546
[12:33:35] {train_network.py:326} INFO - Validating...
[12:33:38] {train_network.py:329} INFO - 83/89 = 0.932584
[12:33:38] {train_network.py:317} INFO - Beginning Epoch 14
[12:33:50] {train_network.py:175} INFO - Epoch: 14, Batch: 100, Loss: 0.0693
[12:34:01] {train_network.py:175} INFO - Epoch: 14, Batch: 200, Loss: 0.1606
[12:34:13] {train_network.py:175} INFO - Epoch: 14, Batch: 300, Loss: 0.0600
[12:34:25] {train_network.py:175} INFO - Epoch: 14, Batch: 400, Loss: 0.0476
[12:34:37] {train_network.py:175} INFO - Epoch: 14, Batch: 500, Loss: 0.1359
[12:34:48] {train_network.py:175} INFO - Epoch: 14, Batch: 600, Loss: 0.0476
[12:35:00] {train_network.py:175} INFO - Epoch: 14, Batch: 700, Loss: 0.0428
[12:35:11] {train_network.py:175} INFO - Epoch: 14, Batch: 800, Loss: 0.0463
[12:35:23] {train_network.py:175} INFO - Epoch: 14, Batch: 900, Loss: 0.0471
[12:35:37] {train_network.py:326} INFO - Validating...
[12:35:40] {train_network.py:329} INFO - 80/89 = 0.898876
[12:35:40] {train_network.py:317} INFO - Beginning Epoch 15
[12:35:52] {train_network.py:175} INFO - Epoch: 15, Batch: 100, Loss: 0.0951
[12:36:04] {train_network.py:175} INFO - Epoch: 15, Batch: 200, Loss: 0.0377
[12:36:15] {train_network.py:175} INFO - Epoch: 15, Batch: 300, Loss: 0.0458
[12:36:27] {train_network.py:175} INFO - Epoch: 15, Batch: 400, Loss: 0.0894
[12:36:39] {train_network.py:175} INFO - Epoch: 15, Batch: 500, Loss: 0.0434
[12:36:51] {train_network.py:175} INFO - Epoch: 15, Batch: 600, Loss: 0.0559
[12:37:03] {train_network.py:175} INFO - Epoch: 15, Batch: 700, Loss: 0.0604
[12:37:14] {train_network.py:175} INFO - Epoch: 15, Batch: 800, Loss: 0.0354
[12:37:26] {train_network.py:175} INFO - Epoch: 15, Batch: 900, Loss: 0.0584
[12:37:39] {train_network.py:326} INFO - Validating...
[12:37:42] {train_network.py:329} INFO - 81/89 = 0.910112
[12:37:42] {train_network.py:317} INFO - Beginning Epoch 16
[12:37:54] {train_network.py:175} INFO - Epoch: 16, Batch: 100, Loss: 0.0394
[12:38:05] {train_network.py:175} INFO - Epoch: 16, Batch: 200, Loss: 0.0570
[12:38:17] {train_network.py:175} INFO - Epoch: 16, Batch: 300, Loss: 0.0374
[12:38:29] {train_network.py:175} INFO - Epoch: 16, Batch: 400, Loss: 0.1313
[12:38:40] {train_network.py:175} INFO - Epoch: 16, Batch: 500, Loss: 0.0267
[12:38:52] {train_network.py:175} INFO - Epoch: 16, Batch: 600, Loss: 0.0799
[12:39:04] {train_network.py:175} INFO - Epoch: 16, Batch: 700, Loss: 0.0800
[12:39:15] {train_network.py:175} INFO - Epoch: 16, Batch: 800, Loss: 0.0320
[12:39:27] {train_network.py:175} INFO - Epoch: 16, Batch: 900, Loss: 0.0323
[12:39:40] {train_network.py:326} INFO - Validating...
[12:39:43] {train_network.py:329} INFO - 75/89 = 0.842697
[12:39:43] {train_network.py:317} INFO - Beginning Epoch 17
[12:39:54] {train_network.py:175} INFO - Epoch: 17, Batch: 100, Loss: 0.1172
[12:40:06] {train_network.py:175} INFO - Epoch: 17, Batch: 200, Loss: 0.0471
[12:40:18] {train_network.py:175} INFO - Epoch: 17, Batch: 300, Loss: 0.0358
[12:40:30] {train_network.py:175} INFO - Epoch: 17, Batch: 400, Loss: 0.0463
[12:40:42] {train_network.py:175} INFO - Epoch: 17, Batch: 500, Loss: 0.0189
[12:40:54] {train_network.py:175} INFO - Epoch: 17, Batch: 600, Loss: 0.0711
[12:41:06] {train_network.py:175} INFO - Epoch: 17, Batch: 700, Loss: 0.0407
[12:41:17] {train_network.py:175} INFO - Epoch: 17, Batch: 800, Loss: 0.1018
[12:41:29] {train_network.py:175} INFO - Epoch: 17, Batch: 900, Loss: 0.1253
[12:41:43] {train_network.py:326} INFO - Validating...
[12:41:46] {train_network.py:329} INFO - 85/89 = 0.955056
[12:41:46] {train_network.py:317} INFO - Beginning Epoch 18
[12:41:57] {train_network.py:175} INFO - Epoch: 18, Batch: 100, Loss: 0.0643
[12:42:09] {train_network.py:175} INFO - Epoch: 18, Batch: 200, Loss: 0.0292
[12:42:21] {train_network.py:175} INFO - Epoch: 18, Batch: 300, Loss: 0.0873
[12:42:32] {train_network.py:175} INFO - Epoch: 18, Batch: 400, Loss: 0.1309
[12:42:44] {train_network.py:175} INFO - Epoch: 18, Batch: 500, Loss: 0.0454
[12:42:56] {train_network.py:175} INFO - Epoch: 18, Batch: 600, Loss: 0.0765
[12:43:07] {train_network.py:175} INFO - Epoch: 18, Batch: 700, Loss: 0.0495
[12:43:19] {train_network.py:175} INFO - Epoch: 18, Batch: 800, Loss: 0.0342
[12:43:31] {train_network.py:175} INFO - Epoch: 18, Batch: 900, Loss: 0.1028
[12:43:44] {train_network.py:326} INFO - Validating...
[12:43:47] {train_network.py:329} INFO - 83/89 = 0.932584
[12:43:47] {train_network.py:317} INFO - Beginning Epoch 19
[12:43:59] {train_network.py:175} INFO - Epoch: 19, Batch: 100, Loss: 0.1171
[12:44:11] {train_network.py:175} INFO - Epoch: 19, Batch: 200, Loss: 0.0247
[12:44:22] {train_network.py:175} INFO - Epoch: 19, Batch: 300, Loss: 0.0427
[12:44:34] {train_network.py:175} INFO - Epoch: 19, Batch: 400, Loss: 0.0650
[12:44:46] {train_network.py:175} INFO - Epoch: 19, Batch: 500, Loss: 0.0537
[12:44:58] {train_network.py:175} INFO - Epoch: 19, Batch: 600, Loss: 0.0454
[12:45:10] {train_network.py:175} INFO - Epoch: 19, Batch: 700, Loss: 0.2458
[12:45:21] {train_network.py:175} INFO - Epoch: 19, Batch: 800, Loss: 0.0523
[12:45:33] {train_network.py:175} INFO - Epoch: 19, Batch: 900, Loss: 0.0142
[12:45:47] {train_network.py:326} INFO - Validating...
[12:45:49] {train_network.py:329} INFO - 77/89 = 0.865169
[12:45:49] {train_network.py:317} INFO - Beginning Epoch 20
[12:46:01] {train_network.py:175} INFO - Epoch: 20, Batch: 100, Loss: 0.0374
[12:46:13] {train_network.py:175} INFO - Epoch: 20, Batch: 200, Loss: 0.0329
[12:46:24] {train_network.py:175} INFO - Epoch: 20, Batch: 300, Loss: 0.0220
[12:46:36] {train_network.py:175} INFO - Epoch: 20, Batch: 400, Loss: 0.0755
[12:46:48] {train_network.py:175} INFO - Epoch: 20, Batch: 500, Loss: 0.0778
[12:46:59] {train_network.py:175} INFO - Epoch: 20, Batch: 600, Loss: 0.0554
[12:47:11] {train_network.py:175} INFO - Epoch: 20, Batch: 700, Loss: 0.0767
[12:47:23] {train_network.py:175} INFO - Epoch: 20, Batch: 800, Loss: 0.0978
[12:47:35] {train_network.py:175} INFO - Epoch: 20, Batch: 900, Loss: 0.0525
[12:47:48] {train_network.py:326} INFO - Validating...
[12:47:51] {train_network.py:329} INFO - 80/89 = 0.898876
[12:47:51] {train_network.py:317} INFO - Beginning Epoch 21
[12:48:03] {train_network.py:175} INFO - Epoch: 21, Batch: 100, Loss: 0.0267
[12:48:14] {train_network.py:175} INFO - Epoch: 21, Batch: 200, Loss: 0.2005
[12:48:26] {train_network.py:175} INFO - Epoch: 21, Batch: 300, Loss: 0.0833
[12:48:38] {train_network.py:175} INFO - Epoch: 21, Batch: 400, Loss: 0.0238
[12:48:49] {train_network.py:175} INFO - Epoch: 21, Batch: 500, Loss: 0.0520
[12:49:01] {train_network.py:175} INFO - Epoch: 21, Batch: 600, Loss: 0.0603
[12:49:13] {train_network.py:175} INFO - Epoch: 21, Batch: 700, Loss: 0.0410
[12:49:24] {train_network.py:175} INFO - Epoch: 21, Batch: 800, Loss: 0.0383
[12:49:36] {train_network.py:175} INFO - Epoch: 21, Batch: 900, Loss: 0.0383
[12:49:49] {train_network.py:326} INFO - Validating...
[12:49:52] {train_network.py:329} INFO - 84/89 = 0.943820
[12:49:52] {train_network.py:317} INFO - Beginning Epoch 22
[12:50:04] {train_network.py:175} INFO - Epoch: 22, Batch: 100, Loss: 0.0644
[12:50:16] {train_network.py:175} INFO - Epoch: 22, Batch: 200, Loss: 0.0516
[12:50:27] {train_network.py:175} INFO - Epoch: 22, Batch: 300, Loss: 0.0570
[12:50:39] {train_network.py:175} INFO - Epoch: 22, Batch: 400, Loss: 0.0321
[12:50:51] {train_network.py:175} INFO - Epoch: 22, Batch: 500, Loss: 0.0668
[12:51:02] {train_network.py:175} INFO - Epoch: 22, Batch: 600, Loss: 0.0234
[12:51:14] {train_network.py:175} INFO - Epoch: 22, Batch: 700, Loss: 0.0885
[12:51:26] {train_network.py:175} INFO - Epoch: 22, Batch: 800, Loss: 0.0345
[12:51:37] {train_network.py:175} INFO - Epoch: 22, Batch: 900, Loss: 0.1266
[12:51:51] {train_network.py:326} INFO - Validating...
[12:51:53] {train_network.py:329} INFO - 85/89 = 0.955056
[12:51:53] {train_network.py:317} INFO - Beginning Epoch 23
[12:52:05] {train_network.py:175} INFO - Epoch: 23, Batch: 100, Loss: 0.0411
[12:52:16] {train_network.py:175} INFO - Epoch: 23, Batch: 200, Loss: 0.0420
[12:52:28] {train_network.py:175} INFO - Epoch: 23, Batch: 300, Loss: 0.0857
[12:52:39] {train_network.py:175} INFO - Epoch: 23, Batch: 400, Loss: 0.0933
[12:52:51] {train_network.py:175} INFO - Epoch: 23, Batch: 500, Loss: 0.0601
[12:53:03] {train_network.py:175} INFO - Epoch: 23, Batch: 600, Loss: 0.0419
[12:53:15] {train_network.py:175} INFO - Epoch: 23, Batch: 700, Loss: 0.0324
[12:53:26] {train_network.py:175} INFO - Epoch: 23, Batch: 800, Loss: 0.0401
[12:53:38] {train_network.py:175} INFO - Epoch: 23, Batch: 900, Loss: 0.0373
[12:53:52] {train_network.py:326} INFO - Validating...
[12:53:54] {train_network.py:329} INFO - 81/89 = 0.910112
[12:53:54] {train_network.py:317} INFO - Beginning Epoch 24
[12:54:06] {train_network.py:175} INFO - Epoch: 24, Batch: 100, Loss: 0.1043
[12:54:18] {train_network.py:175} INFO - Epoch: 24, Batch: 200, Loss: 0.0377
[12:54:29] {train_network.py:175} INFO - Epoch: 24, Batch: 300, Loss: 0.0426
[12:54:41] {train_network.py:175} INFO - Epoch: 24, Batch: 400, Loss: 0.0743
[12:54:53] {train_network.py:175} INFO - Epoch: 24, Batch: 500, Loss: 0.0306
[12:55:05] {train_network.py:175} INFO - Epoch: 24, Batch: 600, Loss: 0.0547
[12:55:17] {train_network.py:175} INFO - Epoch: 24, Batch: 700, Loss: 0.0723
[12:55:29] {train_network.py:175} INFO - Epoch: 24, Batch: 800, Loss: 0.0410
[12:55:41] {train_network.py:175} INFO - Epoch: 24, Batch: 900, Loss: 0.0850
[12:55:54] {train_network.py:326} INFO - Validating...
[12:55:57] {train_network.py:329} INFO - 83/89 = 0.932584
[12:55:57] {train_network.py:317} INFO - Beginning Epoch 25
[12:56:09] {train_network.py:175} INFO - Epoch: 25, Batch: 100, Loss: 0.0314
[12:56:21] {train_network.py:175} INFO - Epoch: 25, Batch: 200, Loss: 0.0326
[12:56:33] {train_network.py:175} INFO - Epoch: 25, Batch: 300, Loss: 0.0359
[12:56:44] {train_network.py:175} INFO - Epoch: 25, Batch: 400, Loss: 0.0452
[12:56:56] {train_network.py:175} INFO - Epoch: 25, Batch: 500, Loss: 0.0350
[12:57:08] {train_network.py:175} INFO - Epoch: 25, Batch: 600, Loss: 0.0368
[12:57:20] {train_network.py:175} INFO - Epoch: 25, Batch: 700, Loss: 0.0693
[12:57:32] {train_network.py:175} INFO - Epoch: 25, Batch: 800, Loss: 0.0461
[12:57:43] {train_network.py:175} INFO - Epoch: 25, Batch: 900, Loss: 0.0438
[12:57:57] {train_network.py:326} INFO - Validating...
[12:58:00] {train_network.py:329} INFO - 80/89 = 0.898876
[12:58:00] {train_network.py:317} INFO - Beginning Epoch 26
[12:58:11] {train_network.py:175} INFO - Epoch: 26, Batch: 100, Loss: 0.0700
[12:58:23] {train_network.py:175} INFO - Epoch: 26, Batch: 200, Loss: 0.0560
[12:58:35] {train_network.py:175} INFO - Epoch: 26, Batch: 300, Loss: 0.0192
[12:58:46] {train_network.py:175} INFO - Epoch: 26, Batch: 400, Loss: 0.0972
[12:58:58] {train_network.py:175} INFO - Epoch: 26, Batch: 500, Loss: 0.0586
[12:59:10] {train_network.py:175} INFO - Epoch: 26, Batch: 600, Loss: 0.0765
[12:59:21] {train_network.py:175} INFO - Epoch: 26, Batch: 700, Loss: 0.0500
[12:59:33] {train_network.py:175} INFO - Epoch: 26, Batch: 800, Loss: 0.0385
[12:59:45] {train_network.py:175} INFO - Epoch: 26, Batch: 900, Loss: 0.0580
[12:59:58] {train_network.py:326} INFO - Validating...
[13:00:01] {train_network.py:329} INFO - 83/89 = 0.932584
[13:00:01] {train_network.py:317} INFO - Beginning Epoch 27
[13:00:13] {train_network.py:175} INFO - Epoch: 27, Batch: 100, Loss: 0.0524
[13:00:25] {train_network.py:175} INFO - Epoch: 27, Batch: 200, Loss: 0.0630
[13:00:37] {train_network.py:175} INFO - Epoch: 27, Batch: 300, Loss: 0.1366
[13:00:48] {train_network.py:175} INFO - Epoch: 27, Batch: 400, Loss: 0.0325
[13:01:00] {train_network.py:175} INFO - Epoch: 27, Batch: 500, Loss: 0.0349
[13:01:12] {train_network.py:175} INFO - Epoch: 27, Batch: 600, Loss: 0.1637
[13:01:23] {train_network.py:175} INFO - Epoch: 27, Batch: 700, Loss: 0.0517
[13:01:35] {train_network.py:175} INFO - Epoch: 27, Batch: 800, Loss: 0.0350
[13:01:47] {train_network.py:175} INFO - Epoch: 27, Batch: 900, Loss: 0.0769
[13:02:00] {train_network.py:326} INFO - Validating...
[13:02:02] {train_network.py:329} INFO - 79/89 = 0.887640
[13:02:02] {train_network.py:317} INFO - Beginning Epoch 28
[13:02:14] {train_network.py:175} INFO - Epoch: 28, Batch: 100, Loss: 0.0514
[13:02:25] {train_network.py:175} INFO - Epoch: 28, Batch: 200, Loss: 0.0903
[13:02:37] {train_network.py:175} INFO - Epoch: 28, Batch: 300, Loss: 0.0179
[13:02:48] {train_network.py:175} INFO - Epoch: 28, Batch: 400, Loss: 0.0201
[13:03:00] {train_network.py:175} INFO - Epoch: 28, Batch: 500, Loss: 0.0270
[13:03:12] {train_network.py:175} INFO - Epoch: 28, Batch: 600, Loss: 0.0639
[13:03:23] {train_network.py:175} INFO - Epoch: 28, Batch: 700, Loss: 0.0380
[13:03:35] {train_network.py:175} INFO - Epoch: 28, Batch: 800, Loss: 0.0305
[13:03:47] {train_network.py:175} INFO - Epoch: 28, Batch: 900, Loss: 0.0738
[13:04:00] {train_network.py:326} INFO - Validating...
[13:04:03] {train_network.py:329} INFO - 84/89 = 0.943820
[13:04:03] {train_network.py:317} INFO - Beginning Epoch 29
[13:04:15] {train_network.py:175} INFO - Epoch: 29, Batch: 100, Loss: 0.0933
[13:04:27] {train_network.py:175} INFO - Epoch: 29, Batch: 200, Loss: 0.0635
[13:04:38] {train_network.py:175} INFO - Epoch: 29, Batch: 300, Loss: 0.0330
[13:04:50] {train_network.py:175} INFO - Epoch: 29, Batch: 400, Loss: 0.0675
[13:05:02] {train_network.py:175} INFO - Epoch: 29, Batch: 500, Loss: 0.0554
[13:05:14] {train_network.py:175} INFO - Epoch: 29, Batch: 600, Loss: 0.0785
[13:05:25] {train_network.py:175} INFO - Epoch: 29, Batch: 700, Loss: 0.0460
[13:05:37] {train_network.py:175} INFO - Epoch: 29, Batch: 800, Loss: 0.1004
[13:05:49] {train_network.py:175} INFO - Epoch: 29, Batch: 900, Loss: 0.0583
[13:06:02] {train_network.py:326} INFO - Validating...
[13:06:04] {train_network.py:329} INFO - 79/89 = 0.887640
[13:06:04] {train_network.py:317} INFO - Beginning Epoch 30
[13:06:16] {train_network.py:175} INFO - Epoch: 30, Batch: 100, Loss: 0.0759
[13:06:28] {train_network.py:175} INFO - Epoch: 30, Batch: 200, Loss: 0.0882
[13:06:40] {train_network.py:175} INFO - Epoch: 30, Batch: 300, Loss: 0.0273
[13:06:52] {train_network.py:175} INFO - Epoch: 30, Batch: 400, Loss: 0.0574
[13:07:03] {train_network.py:175} INFO - Epoch: 30, Batch: 500, Loss: 0.0694
[13:07:15] {train_network.py:175} INFO - Epoch: 30, Batch: 600, Loss: 0.0451
[13:07:27] {train_network.py:175} INFO - Epoch: 30, Batch: 700, Loss: 0.0219
[13:07:39] {train_network.py:175} INFO - Epoch: 30, Batch: 800, Loss: 0.0888
[13:07:51] {train_network.py:175} INFO - Epoch: 30, Batch: 900, Loss: 0.1030
[13:08:05] {train_network.py:326} INFO - Validating...
[13:08:08] {train_network.py:329} INFO - 81/89 = 0.910112
[13:08:08] {train_network.py:317} INFO - Beginning Epoch 31
[13:08:19] {train_network.py:175} INFO - Epoch: 31, Batch: 100, Loss: 0.0514
[13:08:31] {train_network.py:175} INFO - Epoch: 31, Batch: 200, Loss: 0.0419
[13:08:43] {train_network.py:175} INFO - Epoch: 31, Batch: 300, Loss: 0.0329
[13:08:55] {train_network.py:175} INFO - Epoch: 31, Batch: 400, Loss: 0.1413
[13:09:06] {train_network.py:175} INFO - Epoch: 31, Batch: 500, Loss: 0.0410
[13:09:18] {train_network.py:175} INFO - Epoch: 31, Batch: 600, Loss: 0.0897
[13:09:30] {train_network.py:175} INFO - Epoch: 31, Batch: 700, Loss: 0.1104
[13:09:41] {train_network.py:175} INFO - Epoch: 31, Batch: 800, Loss: 0.0471
[13:09:53] {train_network.py:175} INFO - Epoch: 31, Batch: 900, Loss: 0.0269
[13:10:06] {train_network.py:326} INFO - Validating...
[13:10:09] {train_network.py:329} INFO - 83/89 = 0.932584
[13:10:09] {train_network.py:317} INFO - Beginning Epoch 32
[13:10:21] {train_network.py:175} INFO - Epoch: 32, Batch: 100, Loss: 0.0355
[13:10:32] {train_network.py:175} INFO - Epoch: 32, Batch: 200, Loss: 0.0302
[13:10:44] {train_network.py:175} INFO - Epoch: 32, Batch: 300, Loss: 0.1053
[13:10:56] {train_network.py:175} INFO - Epoch: 32, Batch: 400, Loss: 0.0344
[13:11:08] {train_network.py:175} INFO - Epoch: 32, Batch: 500, Loss: 0.1084
[13:11:19] {train_network.py:175} INFO - Epoch: 32, Batch: 600, Loss: 0.0242
[13:11:31] {train_network.py:175} INFO - Epoch: 32, Batch: 700, Loss: 0.0512
[13:11:43] {train_network.py:175} INFO - Epoch: 32, Batch: 800, Loss: 0.0651
[13:11:54] {train_network.py:175} INFO - Epoch: 32, Batch: 900, Loss: 0.1080
[13:12:08] {train_network.py:326} INFO - Validating...
[13:12:10] {train_network.py:329} INFO - 80/89 = 0.898876
[13:12:10] {train_network.py:317} INFO - Beginning Epoch 33
[13:12:22] {train_network.py:175} INFO - Epoch: 33, Batch: 100, Loss: 0.0214
[13:12:34] {train_network.py:175} INFO - Epoch: 33, Batch: 200, Loss: 0.0358
[13:12:46] {train_network.py:175} INFO - Epoch: 33, Batch: 300, Loss: 0.0905
[13:12:57] {train_network.py:175} INFO - Epoch: 33, Batch: 400, Loss: 0.0590
[13:13:09] {train_network.py:175} INFO - Epoch: 33, Batch: 500, Loss: 0.0679
[13:13:21] {train_network.py:175} INFO - Epoch: 33, Batch: 600, Loss: 0.0378
[13:13:32] {train_network.py:175} INFO - Epoch: 33, Batch: 700, Loss: 0.0271
[13:13:44] {train_network.py:175} INFO - Epoch: 33, Batch: 800, Loss: 0.0400
[13:13:56] {train_network.py:175} INFO - Epoch: 33, Batch: 900, Loss: 0.0276
[13:14:10] {train_network.py:326} INFO - Validating...
[13:14:12] {train_network.py:329} INFO - 83/89 = 0.932584
[13:14:12] {train_network.py:317} INFO - Beginning Epoch 34
[13:14:24] {train_network.py:175} INFO - Epoch: 34, Batch: 100, Loss: 0.0729
[13:14:36] {train_network.py:175} INFO - Epoch: 34, Batch: 200, Loss: 0.0589
[13:14:48] {train_network.py:175} INFO - Epoch: 34, Batch: 300, Loss: 0.0542
[13:15:00] {train_network.py:175} INFO - Epoch: 34, Batch: 400, Loss: 0.0209
[13:15:12] {train_network.py:175} INFO - Epoch: 34, Batch: 500, Loss: 0.0526
[13:15:23] {train_network.py:175} INFO - Epoch: 34, Batch: 600, Loss: 0.0253
[13:15:35] {train_network.py:175} INFO - Epoch: 34, Batch: 700, Loss: 0.0676
[13:15:47] {train_network.py:175} INFO - Epoch: 34, Batch: 800, Loss: 0.0563
[13:15:59] {train_network.py:175} INFO - Epoch: 34, Batch: 900, Loss: 0.0534
[13:16:12] {train_network.py:326} INFO - Validating...
[13:16:15] {train_network.py:329} INFO - 80/89 = 0.898876
[13:16:15] {train_network.py:317} INFO - Beginning Epoch 35
[13:16:27] {train_network.py:175} INFO - Epoch: 35, Batch: 100, Loss: 0.0213
[13:16:39] {train_network.py:175} INFO - Epoch: 35, Batch: 200, Loss: 0.0672
[13:16:50] {train_network.py:175} INFO - Epoch: 35, Batch: 300, Loss: 0.0502
[13:17:02] {train_network.py:175} INFO - Epoch: 35, Batch: 400, Loss: 0.0330
[13:17:14] {train_network.py:175} INFO - Epoch: 35, Batch: 500, Loss: 0.0380
[13:17:26] {train_network.py:175} INFO - Epoch: 35, Batch: 600, Loss: 0.1048
[13:17:38] {train_network.py:175} INFO - Epoch: 35, Batch: 700, Loss: 0.0628
[13:17:50] {train_network.py:175} INFO - Epoch: 35, Batch: 800, Loss: 0.0274
[13:18:02] {train_network.py:175} INFO - Epoch: 35, Batch: 900, Loss: 0.0939
[13:18:15] {train_network.py:326} INFO - Validating...
[13:18:18] {train_network.py:329} INFO - 83/89 = 0.932584
[13:18:18] {train_network.py:317} INFO - Beginning Epoch 36
[13:18:29] {train_network.py:175} INFO - Epoch: 36, Batch: 100, Loss: 0.0209
[13:18:41] {train_network.py:175} INFO - Epoch: 36, Batch: 200, Loss: 0.0259
[13:18:53] {train_network.py:175} INFO - Epoch: 36, Batch: 300, Loss: 0.0462
[13:19:05] {train_network.py:175} INFO - Epoch: 36, Batch: 400, Loss: 0.0469
[13:19:16] {train_network.py:175} INFO - Epoch: 36, Batch: 500, Loss: 0.0406
[13:19:28] {train_network.py:175} INFO - Epoch: 36, Batch: 600, Loss: 0.0332
[13:19:40] {train_network.py:175} INFO - Epoch: 36, Batch: 700, Loss: 0.0235
[13:19:52] {train_network.py:175} INFO - Epoch: 36, Batch: 800, Loss: 0.0429
[13:20:03] {train_network.py:175} INFO - Epoch: 36, Batch: 900, Loss: 0.0362
[13:20:17] {train_network.py:326} INFO - Validating...
[13:20:19] {train_network.py:329} INFO - 85/89 = 0.955056
[13:20:19] {train_network.py:317} INFO - Beginning Epoch 37
[13:20:31] {train_network.py:175} INFO - Epoch: 37, Batch: 100, Loss: 0.0325
[13:20:43] {train_network.py:175} INFO - Epoch: 37, Batch: 200, Loss: 0.0360
[13:20:55] {train_network.py:175} INFO - Epoch: 37, Batch: 300, Loss: 0.1361
[13:21:06] {train_network.py:175} INFO - Epoch: 37, Batch: 400, Loss: 0.0277
[13:21:18] {train_network.py:175} INFO - Epoch: 37, Batch: 500, Loss: 0.0738
[13:21:30] {train_network.py:175} INFO - Epoch: 37, Batch: 600, Loss: 0.0420
[13:21:41] {train_network.py:175} INFO - Epoch: 37, Batch: 700, Loss: 0.0513
[13:21:53] {train_network.py:175} INFO - Epoch: 37, Batch: 800, Loss: 0.0868
[13:22:05] {train_network.py:175} INFO - Epoch: 37, Batch: 900, Loss: 0.1324
[13:22:18] {train_network.py:326} INFO - Validating...
[13:22:21] {train_network.py:329} INFO - 83/89 = 0.932584
[13:22:21] {train_network.py:317} INFO - Beginning Epoch 38
[13:22:33] {train_network.py:175} INFO - Epoch: 38, Batch: 100, Loss: 0.0324
[13:22:45] {train_network.py:175} INFO - Epoch: 38, Batch: 200, Loss: 0.0856
[13:22:57] {train_network.py:175} INFO - Epoch: 38, Batch: 300, Loss: 0.0383
[13:23:08] {train_network.py:175} INFO - Epoch: 38, Batch: 400, Loss: 0.0402
[13:23:20] {train_network.py:175} INFO - Epoch: 38, Batch: 500, Loss: 0.0526
[13:23:32] {train_network.py:175} INFO - Epoch: 38, Batch: 600, Loss: 0.0465
[13:23:43] {train_network.py:175} INFO - Epoch: 38, Batch: 700, Loss: 0.0977
[13:23:55] {train_network.py:175} INFO - Epoch: 38, Batch: 800, Loss: 0.0514
[13:24:07] {train_network.py:175} INFO - Epoch: 38, Batch: 900, Loss: 0.0547
[13:24:20] {train_network.py:326} INFO - Validating...
[13:24:23] {train_network.py:329} INFO - 81/89 = 0.910112
[13:24:23] {train_network.py:317} INFO - Beginning Epoch 39
[13:24:35] {train_network.py:175} INFO - Epoch: 39, Batch: 100, Loss: 0.0272
[13:24:47] {train_network.py:175} INFO - Epoch: 39, Batch: 200, Loss: 0.0668
[13:24:59] {train_network.py:175} INFO - Epoch: 39, Batch: 300, Loss: 0.0616
[13:25:11] {train_network.py:175} INFO - Epoch: 39, Batch: 400, Loss: 0.0273
[13:25:23] {train_network.py:175} INFO - Epoch: 39, Batch: 500, Loss: 0.0721
[13:25:35] {train_network.py:175} INFO - Epoch: 39, Batch: 600, Loss: 0.0271
[13:25:46] {train_network.py:175} INFO - Epoch: 39, Batch: 700, Loss: 0.0677
[13:25:58] {train_network.py:175} INFO - Epoch: 39, Batch: 800, Loss: 0.0476
[13:26:10] {train_network.py:175} INFO - Epoch: 39, Batch: 900, Loss: 0.1160
[13:26:24] {train_network.py:326} INFO - Validating...
[13:26:27] {train_network.py:329} INFO - 87/89 = 0.977528
[13:26:27] {train_network.py:317} INFO - Beginning Epoch 40
[13:26:38] {train_network.py:175} INFO - Epoch: 40, Batch: 100, Loss: 0.0748
[13:26:50] {train_network.py:175} INFO - Epoch: 40, Batch: 200, Loss: 0.0372
[13:27:02] {train_network.py:175} INFO - Epoch: 40, Batch: 300, Loss: 0.0673
[13:27:14] {train_network.py:175} INFO - Epoch: 40, Batch: 400, Loss: 0.0648
[13:27:25] {train_network.py:175} INFO - Epoch: 40, Batch: 500, Loss: 0.0262
[13:27:37] {train_network.py:175} INFO - Epoch: 40, Batch: 600, Loss: 0.0368
[13:27:49] {train_network.py:175} INFO - Epoch: 40, Batch: 700, Loss: 0.0310
[13:28:01] {train_network.py:175} INFO - Epoch: 40, Batch: 800, Loss: 0.0751
[13:28:12] {train_network.py:175} INFO - Epoch: 40, Batch: 900, Loss: 0.0615
[13:28:25] {train_network.py:326} INFO - Validating...
[13:28:28] {train_network.py:329} INFO - 79/89 = 0.887640
[13:28:28] {train_network.py:317} INFO - Beginning Epoch 41
[13:28:40] {train_network.py:175} INFO - Epoch: 41, Batch: 100, Loss: 0.0721
[13:28:52] {train_network.py:175} INFO - Epoch: 41, Batch: 200, Loss: 0.0238
[13:29:04] {train_network.py:175} INFO - Epoch: 41, Batch: 300, Loss: 0.1016
[13:29:16] {train_network.py:175} INFO - Epoch: 41, Batch: 400, Loss: 0.0390
[13:29:27] {train_network.py:175} INFO - Epoch: 41, Batch: 500, Loss: 0.0478
[13:29:39] {train_network.py:175} INFO - Epoch: 41, Batch: 600, Loss: 0.0415
[13:29:51] {train_network.py:175} INFO - Epoch: 41, Batch: 700, Loss: 0.0710
[13:30:03] {train_network.py:175} INFO - Epoch: 41, Batch: 800, Loss: 0.0648
[13:30:14] {train_network.py:175} INFO - Epoch: 41, Batch: 900, Loss: 0.0401
[13:30:28] {train_network.py:326} INFO - Validating...
[13:30:31] {train_network.py:329} INFO - 78/89 = 0.876404
[13:30:31] {train_network.py:317} INFO - Beginning Epoch 42
[13:30:42] {train_network.py:175} INFO - Epoch: 42, Batch: 100, Loss: 0.0720
[13:30:54] {train_network.py:175} INFO - Epoch: 42, Batch: 200, Loss: 0.1219
[13:31:06] {train_network.py:175} INFO - Epoch: 42, Batch: 300, Loss: 0.0306
[13:31:18] {train_network.py:175} INFO - Epoch: 42, Batch: 400, Loss: 0.0419
[13:31:30] {train_network.py:175} INFO - Epoch: 42, Batch: 500, Loss: 0.0978
[13:31:42] {train_network.py:175} INFO - Epoch: 42, Batch: 600, Loss: 0.0358
[13:31:54] {train_network.py:175} INFO - Epoch: 42, Batch: 700, Loss: 0.1175
[13:32:06] {train_network.py:175} INFO - Epoch: 42, Batch: 800, Loss: 0.0265
[13:32:18] {train_network.py:175} INFO - Epoch: 42, Batch: 900, Loss: 0.0231
[13:32:32] {train_network.py:326} INFO - Validating...
[13:32:34] {train_network.py:329} INFO - 83/89 = 0.932584
[13:32:34] {train_network.py:317} INFO - Beginning Epoch 43
[13:32:46] {train_network.py:175} INFO - Epoch: 43, Batch: 100, Loss: 0.0629
[13:32:58] {train_network.py:175} INFO - Epoch: 43, Batch: 200, Loss: 0.0365
[13:33:10] {train_network.py:175} INFO - Epoch: 43, Batch: 300, Loss: 0.0410
[13:33:22] {train_network.py:175} INFO - Epoch: 43, Batch: 400, Loss: 0.0371
[13:33:34] {train_network.py:175} INFO - Epoch: 43, Batch: 500, Loss: 0.0775
[13:33:46] {train_network.py:175} INFO - Epoch: 43, Batch: 600, Loss: 0.0504
[13:33:57] {train_network.py:175} INFO - Epoch: 43, Batch: 700, Loss: 0.0311
[13:34:09] {train_network.py:175} INFO - Epoch: 43, Batch: 800, Loss: 0.0456
[13:34:21] {train_network.py:175} INFO - Epoch: 43, Batch: 900, Loss: 0.0847
[13:34:34] {train_network.py:326} INFO - Validating...
[13:34:37] {train_network.py:329} INFO - 74/89 = 0.831461
[13:34:37] {train_network.py:317} INFO - Beginning Epoch 44
[13:34:49] {train_network.py:175} INFO - Epoch: 44, Batch: 100, Loss: 0.0586
[13:35:01] {train_network.py:175} INFO - Epoch: 44, Batch: 200, Loss: 0.1078
[13:35:13] {train_network.py:175} INFO - Epoch: 44, Batch: 300, Loss: 0.0312
[13:35:25] {train_network.py:175} INFO - Epoch: 44, Batch: 400, Loss: 0.0703
[13:35:37] {train_network.py:175} INFO - Epoch: 44, Batch: 500, Loss: 0.0316
[13:35:49] {train_network.py:175} INFO - Epoch: 44, Batch: 600, Loss: 0.0552
[13:36:00] {train_network.py:175} INFO - Epoch: 44, Batch: 700, Loss: 0.0259
[13:36:12] {train_network.py:175} INFO - Epoch: 44, Batch: 800, Loss: 0.0409
[13:36:24] {train_network.py:175} INFO - Epoch: 44, Batch: 900, Loss: 0.0460
[13:36:37] {train_network.py:326} INFO - Validating...
[13:36:40] {train_network.py:329} INFO - 84/89 = 0.943820
[13:36:40] {train_network.py:317} INFO - Beginning Epoch 45
[13:36:51] {train_network.py:175} INFO - Epoch: 45, Batch: 100, Loss: 0.0372
[13:37:03] {train_network.py:175} INFO - Epoch: 45, Batch: 200, Loss: 0.0420
[13:37:15] {train_network.py:175} INFO - Epoch: 45, Batch: 300, Loss: 0.0411
[13:37:27] {train_network.py:175} INFO - Epoch: 45, Batch: 400, Loss: 0.0486
[13:37:39] {train_network.py:175} INFO - Epoch: 45, Batch: 500, Loss: 0.0252
[13:37:51] {train_network.py:175} INFO - Epoch: 45, Batch: 600, Loss: 0.0328
[13:38:03] {train_network.py:175} INFO - Epoch: 45, Batch: 700, Loss: 0.0257
[13:38:15] {train_network.py:175} INFO - Epoch: 45, Batch: 800, Loss: 0.0555
[13:38:27] {train_network.py:175} INFO - Epoch: 45, Batch: 900, Loss: 0.0495
[13:38:40] {train_network.py:326} INFO - Validating...
[13:38:42] {train_network.py:329} INFO - 80/89 = 0.898876
[13:38:42] {train_network.py:317} INFO - Beginning Epoch 46
[13:38:54] {train_network.py:175} INFO - Epoch: 46, Batch: 100, Loss: 0.0323
[13:39:06] {train_network.py:175} INFO - Epoch: 46, Batch: 200, Loss: 0.0627
[13:39:18] {train_network.py:175} INFO - Epoch: 46, Batch: 300, Loss: 0.0492
[13:39:30] {train_network.py:175} INFO - Epoch: 46, Batch: 400, Loss: 0.0453
[13:39:41] {train_network.py:175} INFO - Epoch: 46, Batch: 500, Loss: 0.0421
[13:39:53] {train_network.py:175} INFO - Epoch: 46, Batch: 600, Loss: 0.0246
[13:40:05] {train_network.py:175} INFO - Epoch: 46, Batch: 700, Loss: 0.0762
[13:40:16] {train_network.py:175} INFO - Epoch: 46, Batch: 800, Loss: 0.0536
[13:40:28] {train_network.py:175} INFO - Epoch: 46, Batch: 900, Loss: 0.0454
[13:40:41] {train_network.py:326} INFO - Validating...
[13:40:43] {train_network.py:329} INFO - 83/89 = 0.932584
[13:40:43] {train_network.py:317} INFO - Beginning Epoch 47
[13:40:55] {train_network.py:175} INFO - Epoch: 47, Batch: 100, Loss: 0.0911
[13:41:06] {train_network.py:175} INFO - Epoch: 47, Batch: 200, Loss: 0.0331
[13:41:18] {train_network.py:175} INFO - Epoch: 47, Batch: 300, Loss: 0.0644
[13:41:30] {train_network.py:175} INFO - Epoch: 47, Batch: 400, Loss: 0.0421
[13:41:41] {train_network.py:175} INFO - Epoch: 47, Batch: 500, Loss: 0.0885
[13:41:53] {train_network.py:175} INFO - Epoch: 47, Batch: 600, Loss: 0.0416
[13:42:04] {train_network.py:175} INFO - Epoch: 47, Batch: 700, Loss: 0.0451
[13:42:16] {train_network.py:175} INFO - Epoch: 47, Batch: 800, Loss: 0.0305
[13:42:27] {train_network.py:175} INFO - Epoch: 47, Batch: 900, Loss: 0.0952
[13:42:41] {train_network.py:326} INFO - Validating...
[13:42:43] {train_network.py:329} INFO - 82/89 = 0.921348
[13:42:43] {train_network.py:317} INFO - Beginning Epoch 48
[13:42:55] {train_network.py:175} INFO - Epoch: 48, Batch: 100, Loss: 0.0460
[13:43:07] {train_network.py:175} INFO - Epoch: 48, Batch: 200, Loss: 0.0586
[13:43:18] {train_network.py:175} INFO - Epoch: 48, Batch: 300, Loss: 0.0497
[13:43:30] {train_network.py:175} INFO - Epoch: 48, Batch: 400, Loss: 0.0395
[13:43:41] {train_network.py:175} INFO - Epoch: 48, Batch: 500, Loss: 0.0317
[13:43:53] {train_network.py:175} INFO - Epoch: 48, Batch: 600, Loss: 0.0541
[13:44:05] {train_network.py:175} INFO - Epoch: 48, Batch: 700, Loss: 0.0736
[13:44:16] {train_network.py:175} INFO - Epoch: 48, Batch: 800, Loss: 0.0533
[13:44:28] {train_network.py:175} INFO - Epoch: 48, Batch: 900, Loss: 0.0715
[13:44:41] {train_network.py:326} INFO - Validating...
[13:44:44] {train_network.py:329} INFO - 75/89 = 0.842697
[13:44:44] {train_network.py:317} INFO - Beginning Epoch 49
[13:44:55] {train_network.py:175} INFO - Epoch: 49, Batch: 100, Loss: 0.0296
[13:45:07] {train_network.py:175} INFO - Epoch: 49, Batch: 200, Loss: 0.0367
[13:45:18] {train_network.py:175} INFO - Epoch: 49, Batch: 300, Loss: 0.0948
[13:45:30] {train_network.py:175} INFO - Epoch: 49, Batch: 400, Loss: 0.0403
[13:45:42] {train_network.py:175} INFO - Epoch: 49, Batch: 500, Loss: 0.0163
[13:45:53] {train_network.py:175} INFO - Epoch: 49, Batch: 600, Loss: 0.0352
[13:46:05] {train_network.py:175} INFO - Epoch: 49, Batch: 700, Loss: 0.1253
[13:46:17] {train_network.py:175} INFO - Epoch: 49, Batch: 800, Loss: 0.0159
[13:46:28] {train_network.py:175} INFO - Epoch: 49, Batch: 900, Loss: 0.0633
[13:46:42] {train_network.py:326} INFO - Validating...
[13:46:45] {train_network.py:329} INFO - 83/89 = 0.932584
