[22:54:15] {/workspace/KIidP-Gruppe-4/hardware/device.py:11} INFO - CUDA detected. Running with GPU acceleration.
[22:54:15] {train_network.py:247} INFO - Loading Cornell Dataset...
[22:54:15] {train_network.py:256} INFO - Dataset size is 885
[22:54:15] {train_network.py:265} INFO - Training size: 796
[22:54:15] {train_network.py:266} INFO - Validation size: 89
[22:54:15] {train_network.py:284} INFO - Done
[22:54:15] {train_network.py:287} INFO - Loading Network...
[22:54:16] {train_network.py:298} INFO - Done
[22:54:16] {train_network.py:317} INFO - Beginning Epoch 00
[22:54:28] {train_network.py:175} INFO - Epoch: 0, Batch: 100, Loss: 0.1367
[22:54:39] {train_network.py:175} INFO - Epoch: 0, Batch: 200, Loss: 0.1049
[22:54:50] {train_network.py:175} INFO - Epoch: 0, Batch: 300, Loss: 0.1348
[22:55:01] {train_network.py:175} INFO - Epoch: 0, Batch: 400, Loss: 0.0989
[22:55:12] {train_network.py:175} INFO - Epoch: 0, Batch: 500, Loss: 0.0552
[22:55:23] {train_network.py:175} INFO - Epoch: 0, Batch: 600, Loss: 0.0704
[22:55:35] {train_network.py:175} INFO - Epoch: 0, Batch: 700, Loss: 0.0696
[22:55:46] {train_network.py:175} INFO - Epoch: 0, Batch: 800, Loss: 0.1971
[22:55:57] {train_network.py:175} INFO - Epoch: 0, Batch: 900, Loss: 0.0431
[22:56:10] {train_network.py:326} INFO - Validating...
[22:56:12] {train_network.py:329} INFO - 39/89 = 0.438202
[22:56:12] {train_network.py:317} INFO - Beginning Epoch 01
[22:56:23] {train_network.py:175} INFO - Epoch: 1, Batch: 100, Loss: 0.0454
[22:56:34] {train_network.py:175} INFO - Epoch: 1, Batch: 200, Loss: 0.1618
[22:56:45] {train_network.py:175} INFO - Epoch: 1, Batch: 300, Loss: 0.1803
[22:56:57] {train_network.py:175} INFO - Epoch: 1, Batch: 400, Loss: 0.0549
[22:57:08] {train_network.py:175} INFO - Epoch: 1, Batch: 500, Loss: 0.0788
[22:57:19] {train_network.py:175} INFO - Epoch: 1, Batch: 600, Loss: 0.0874
[22:57:30] {train_network.py:175} INFO - Epoch: 1, Batch: 700, Loss: 0.0599
[22:57:41] {train_network.py:175} INFO - Epoch: 1, Batch: 800, Loss: 0.0627
[22:57:52] {train_network.py:175} INFO - Epoch: 1, Batch: 900, Loss: 0.0854
[22:58:05] {train_network.py:326} INFO - Validating...
[22:58:07] {train_network.py:329} INFO - 50/89 = 0.561798
[22:58:07] {train_network.py:317} INFO - Beginning Epoch 02
[22:58:18] {train_network.py:175} INFO - Epoch: 2, Batch: 100, Loss: 0.1378
[22:58:29] {train_network.py:175} INFO - Epoch: 2, Batch: 200, Loss: 0.0986
[22:58:41] {train_network.py:175} INFO - Epoch: 2, Batch: 300, Loss: 0.0896
[22:58:52] {train_network.py:175} INFO - Epoch: 2, Batch: 400, Loss: 0.0536
[22:59:03] {train_network.py:175} INFO - Epoch: 2, Batch: 500, Loss: 0.0296
[22:59:14] {train_network.py:175} INFO - Epoch: 2, Batch: 600, Loss: 0.0517
[22:59:25] {train_network.py:175} INFO - Epoch: 2, Batch: 700, Loss: 0.0532
[22:59:36] {train_network.py:175} INFO - Epoch: 2, Batch: 800, Loss: 0.1576
[22:59:48] {train_network.py:175} INFO - Epoch: 2, Batch: 900, Loss: 0.0811
[23:00:00] {train_network.py:326} INFO - Validating...
[23:00:03] {train_network.py:329} INFO - 61/89 = 0.685393
[23:00:03] {train_network.py:317} INFO - Beginning Epoch 03
[23:00:14] {train_network.py:175} INFO - Epoch: 3, Batch: 100, Loss: 0.0329
[23:00:25] {train_network.py:175} INFO - Epoch: 3, Batch: 200, Loss: 0.0404
[23:00:36] {train_network.py:175} INFO - Epoch: 3, Batch: 300, Loss: 0.0894
[23:00:47] {train_network.py:175} INFO - Epoch: 3, Batch: 400, Loss: 0.0407
[23:00:58] {train_network.py:175} INFO - Epoch: 3, Batch: 500, Loss: 0.0870
[23:01:09] {train_network.py:175} INFO - Epoch: 3, Batch: 600, Loss: 0.0505
[23:01:20] {train_network.py:175} INFO - Epoch: 3, Batch: 700, Loss: 0.1273
[23:01:32] {train_network.py:175} INFO - Epoch: 3, Batch: 800, Loss: 0.0483
[23:01:43] {train_network.py:175} INFO - Epoch: 3, Batch: 900, Loss: 0.0448
[23:01:56] {train_network.py:326} INFO - Validating...
[23:01:58] {train_network.py:329} INFO - 60/89 = 0.674157
[23:01:58] {train_network.py:317} INFO - Beginning Epoch 04
[23:02:09] {train_network.py:175} INFO - Epoch: 4, Batch: 100, Loss: 0.0250
[23:02:20] {train_network.py:175} INFO - Epoch: 4, Batch: 200, Loss: 0.0459
[23:02:31] {train_network.py:175} INFO - Epoch: 4, Batch: 300, Loss: 0.0382
[23:02:43] {train_network.py:175} INFO - Epoch: 4, Batch: 400, Loss: 0.0651
[23:02:54] {train_network.py:175} INFO - Epoch: 4, Batch: 500, Loss: 0.0581
[23:03:05] {train_network.py:175} INFO - Epoch: 4, Batch: 600, Loss: 0.1338
[23:03:16] {train_network.py:175} INFO - Epoch: 4, Batch: 700, Loss: 0.0483
[23:03:28] {train_network.py:175} INFO - Epoch: 4, Batch: 800, Loss: 0.0325
[23:03:39] {train_network.py:175} INFO - Epoch: 4, Batch: 900, Loss: 0.0585
[23:03:51] {train_network.py:326} INFO - Validating...
[23:03:54] {train_network.py:329} INFO - 41/89 = 0.460674
[23:03:54] {train_network.py:317} INFO - Beginning Epoch 05
[23:04:05] {train_network.py:175} INFO - Epoch: 5, Batch: 100, Loss: 0.0661
[23:04:16] {train_network.py:175} INFO - Epoch: 5, Batch: 200, Loss: 0.0788
[23:04:27] {train_network.py:175} INFO - Epoch: 5, Batch: 300, Loss: 0.0488
[23:04:39] {train_network.py:175} INFO - Epoch: 5, Batch: 400, Loss: 0.0855
[23:04:50] {train_network.py:175} INFO - Epoch: 5, Batch: 500, Loss: 0.0593
[23:05:01] {train_network.py:175} INFO - Epoch: 5, Batch: 600, Loss: 0.0817
[23:05:12] {train_network.py:175} INFO - Epoch: 5, Batch: 700, Loss: 0.0350
[23:05:23] {train_network.py:175} INFO - Epoch: 5, Batch: 800, Loss: 0.0863
[23:05:35] {train_network.py:175} INFO - Epoch: 5, Batch: 900, Loss: 0.0255
[23:05:47] {train_network.py:326} INFO - Validating...
[23:05:49] {train_network.py:329} INFO - 14/89 = 0.157303
[23:05:49] {train_network.py:317} INFO - Beginning Epoch 06
[23:06:00] {train_network.py:175} INFO - Epoch: 6, Batch: 100, Loss: 0.0940
[23:06:12] {train_network.py:175} INFO - Epoch: 6, Batch: 200, Loss: 0.0465
[23:06:23] {train_network.py:175} INFO - Epoch: 6, Batch: 300, Loss: 0.0525
[23:06:34] {train_network.py:175} INFO - Epoch: 6, Batch: 400, Loss: 0.0262
[23:06:45] {train_network.py:175} INFO - Epoch: 6, Batch: 500, Loss: 0.0287
[23:06:56] {train_network.py:175} INFO - Epoch: 6, Batch: 600, Loss: 0.0496
[23:07:07] {train_network.py:175} INFO - Epoch: 6, Batch: 700, Loss: 0.0401
[23:07:19] {train_network.py:175} INFO - Epoch: 6, Batch: 800, Loss: 0.0998
[23:07:30] {train_network.py:175} INFO - Epoch: 6, Batch: 900, Loss: 0.0585
[23:07:43] {train_network.py:326} INFO - Validating...
[23:07:45] {train_network.py:329} INFO - 16/89 = 0.179775
[23:07:45] {train_network.py:317} INFO - Beginning Epoch 07
[23:07:56] {train_network.py:175} INFO - Epoch: 7, Batch: 100, Loss: 0.0579
[23:08:07] {train_network.py:175} INFO - Epoch: 7, Batch: 200, Loss: 0.0349
[23:08:18] {train_network.py:175} INFO - Epoch: 7, Batch: 300, Loss: 0.0466
[23:08:29] {train_network.py:175} INFO - Epoch: 7, Batch: 400, Loss: 0.0712
[23:08:40] {train_network.py:175} INFO - Epoch: 7, Batch: 500, Loss: 0.0512
[23:08:52] {train_network.py:175} INFO - Epoch: 7, Batch: 600, Loss: 0.1181
[23:09:03] {train_network.py:175} INFO - Epoch: 7, Batch: 700, Loss: 0.0418
[23:09:14] {train_network.py:175} INFO - Epoch: 7, Batch: 800, Loss: 0.0317
[23:09:25] {train_network.py:175} INFO - Epoch: 7, Batch: 900, Loss: 0.1109
[23:09:38] {train_network.py:326} INFO - Validating...
[23:09:40] {train_network.py:329} INFO - 2/89 = 0.022472
[23:09:40] {train_network.py:317} INFO - Beginning Epoch 08
[23:09:51] {train_network.py:175} INFO - Epoch: 8, Batch: 100, Loss: 0.0937
[23:10:02] {train_network.py:175} INFO - Epoch: 8, Batch: 200, Loss: 0.0413
[23:10:13] {train_network.py:175} INFO - Epoch: 8, Batch: 300, Loss: 0.0358
[23:10:25] {train_network.py:175} INFO - Epoch: 8, Batch: 400, Loss: 0.0732
[23:10:36] {train_network.py:175} INFO - Epoch: 8, Batch: 500, Loss: 0.0260
[23:10:47] {train_network.py:175} INFO - Epoch: 8, Batch: 600, Loss: 0.0416
[23:10:58] {train_network.py:175} INFO - Epoch: 8, Batch: 700, Loss: 0.0200
[23:11:09] {train_network.py:175} INFO - Epoch: 8, Batch: 800, Loss: 0.0994
[23:11:21] {train_network.py:175} INFO - Epoch: 8, Batch: 900, Loss: 0.0538
[23:11:33] {train_network.py:326} INFO - Validating...
[23:11:35] {train_network.py:329} INFO - 6/89 = 0.067416
[23:11:35] {train_network.py:317} INFO - Beginning Epoch 09
[23:11:46] {train_network.py:175} INFO - Epoch: 9, Batch: 100, Loss: 0.0999
[23:11:58] {train_network.py:175} INFO - Epoch: 9, Batch: 200, Loss: 0.0503
[23:12:09] {train_network.py:175} INFO - Epoch: 9, Batch: 300, Loss: 0.0842
[23:12:20] {train_network.py:175} INFO - Epoch: 9, Batch: 400, Loss: 0.0289
[23:12:31] {train_network.py:175} INFO - Epoch: 9, Batch: 500, Loss: 0.0309
[23:12:43] {train_network.py:175} INFO - Epoch: 9, Batch: 600, Loss: 0.0179
[23:12:54] {train_network.py:175} INFO - Epoch: 9, Batch: 700, Loss: 0.1203
[23:13:05] {train_network.py:175} INFO - Epoch: 9, Batch: 800, Loss: 0.1626
[23:13:16] {train_network.py:175} INFO - Epoch: 9, Batch: 900, Loss: 0.0367
[23:13:29] {train_network.py:326} INFO - Validating...
[23:13:31] {train_network.py:329} INFO - 1/89 = 0.011236
[23:13:31] {train_network.py:317} INFO - Beginning Epoch 10
[23:13:42] {train_network.py:175} INFO - Epoch: 10, Batch: 100, Loss: 0.0825
[23:13:53] {train_network.py:175} INFO - Epoch: 10, Batch: 200, Loss: 0.0479
[23:14:05] {train_network.py:175} INFO - Epoch: 10, Batch: 300, Loss: 0.0340
[23:14:16] {train_network.py:175} INFO - Epoch: 10, Batch: 400, Loss: 0.0694
[23:14:27] {train_network.py:175} INFO - Epoch: 10, Batch: 500, Loss: 0.0290
[23:14:38] {train_network.py:175} INFO - Epoch: 10, Batch: 600, Loss: 0.0572
[23:14:49] {train_network.py:175} INFO - Epoch: 10, Batch: 700, Loss: 0.0562
[23:15:00] {train_network.py:175} INFO - Epoch: 10, Batch: 800, Loss: 0.0884
[23:15:12] {train_network.py:175} INFO - Epoch: 10, Batch: 900, Loss: 0.0569
[23:15:24] {train_network.py:326} INFO - Validating...
[23:15:26] {train_network.py:329} INFO - 3/89 = 0.033708
[23:15:26] {train_network.py:317} INFO - Beginning Epoch 11
[23:15:38] {train_network.py:175} INFO - Epoch: 11, Batch: 100, Loss: 0.1006
[23:15:49] {train_network.py:175} INFO - Epoch: 11, Batch: 200, Loss: 0.0960
[23:16:00] {train_network.py:175} INFO - Epoch: 11, Batch: 300, Loss: 0.0544
[23:16:11] {train_network.py:175} INFO - Epoch: 11, Batch: 400, Loss: 0.0272
[23:16:22] {train_network.py:175} INFO - Epoch: 11, Batch: 500, Loss: 0.0619
[23:16:33] {train_network.py:175} INFO - Epoch: 11, Batch: 600, Loss: 0.0655
[23:16:45] {train_network.py:175} INFO - Epoch: 11, Batch: 700, Loss: 0.0273
[23:16:56] {train_network.py:175} INFO - Epoch: 11, Batch: 800, Loss: 0.0258
[23:17:07] {train_network.py:175} INFO - Epoch: 11, Batch: 900, Loss: 0.0515
[23:17:20] {train_network.py:326} INFO - Validating...
[23:17:22] {train_network.py:329} INFO - 4/89 = 0.044944
[23:17:22] {train_network.py:317} INFO - Beginning Epoch 12
[23:17:33] {train_network.py:175} INFO - Epoch: 12, Batch: 100, Loss: 0.0501
[23:17:45] {train_network.py:175} INFO - Epoch: 12, Batch: 200, Loss: 0.0949
[23:17:56] {train_network.py:175} INFO - Epoch: 12, Batch: 300, Loss: 0.0318
[23:18:07] {train_network.py:175} INFO - Epoch: 12, Batch: 400, Loss: 0.0238
[23:18:18] {train_network.py:175} INFO - Epoch: 12, Batch: 500, Loss: 0.0539
[23:18:29] {train_network.py:175} INFO - Epoch: 12, Batch: 600, Loss: 0.0326
[23:18:41] {train_network.py:175} INFO - Epoch: 12, Batch: 700, Loss: 0.0585
[23:18:52] {train_network.py:175} INFO - Epoch: 12, Batch: 800, Loss: 0.0551
[23:19:03] {train_network.py:175} INFO - Epoch: 12, Batch: 900, Loss: 0.0958
[23:19:15] {train_network.py:326} INFO - Validating...
[23:19:17] {train_network.py:329} INFO - 0/89 = 0.000000
[23:19:17] {train_network.py:317} INFO - Beginning Epoch 13
[23:19:28] {train_network.py:175} INFO - Epoch: 13, Batch: 100, Loss: 0.0531
[23:19:39] {train_network.py:175} INFO - Epoch: 13, Batch: 200, Loss: 0.0380
[23:19:51] {train_network.py:175} INFO - Epoch: 13, Batch: 300, Loss: 0.0334
[23:20:02] {train_network.py:175} INFO - Epoch: 13, Batch: 400, Loss: 0.0452
[23:20:13] {train_network.py:175} INFO - Epoch: 13, Batch: 500, Loss: 0.0550
[23:20:24] {train_network.py:175} INFO - Epoch: 13, Batch: 600, Loss: 0.0585
[23:20:35] {train_network.py:175} INFO - Epoch: 13, Batch: 700, Loss: 0.0581
[23:20:46] {train_network.py:175} INFO - Epoch: 13, Batch: 800, Loss: 0.0780
[23:20:57] {train_network.py:175} INFO - Epoch: 13, Batch: 900, Loss: 0.0460
[23:21:10] {train_network.py:326} INFO - Validating...
[23:21:12] {train_network.py:329} INFO - 0/89 = 0.000000
[23:21:12] {train_network.py:317} INFO - Beginning Epoch 14
[23:21:23] {train_network.py:175} INFO - Epoch: 14, Batch: 100, Loss: 0.0634
[23:21:34] {train_network.py:175} INFO - Epoch: 14, Batch: 200, Loss: 0.0581
[23:21:45] {train_network.py:175} INFO - Epoch: 14, Batch: 300, Loss: 0.0740
[23:21:56] {train_network.py:175} INFO - Epoch: 14, Batch: 400, Loss: 0.0200
[23:22:07] {train_network.py:175} INFO - Epoch: 14, Batch: 500, Loss: 0.0672
[23:22:19] {train_network.py:175} INFO - Epoch: 14, Batch: 600, Loss: 0.0576
[23:22:30] {train_network.py:175} INFO - Epoch: 14, Batch: 700, Loss: 0.0880
[23:22:41] {train_network.py:175} INFO - Epoch: 14, Batch: 800, Loss: 0.0217
[23:22:52] {train_network.py:175} INFO - Epoch: 14, Batch: 900, Loss: 0.0346
[23:23:05] {train_network.py:326} INFO - Validating...
[23:23:07] {train_network.py:329} INFO - 0/89 = 0.000000
[23:23:07] {train_network.py:317} INFO - Beginning Epoch 15
[23:23:18] {train_network.py:175} INFO - Epoch: 15, Batch: 100, Loss: 0.1535
[23:23:29] {train_network.py:175} INFO - Epoch: 15, Batch: 200, Loss: 0.0528
[23:23:40] {train_network.py:175} INFO - Epoch: 15, Batch: 300, Loss: 0.0868
[23:23:52] {train_network.py:175} INFO - Epoch: 15, Batch: 400, Loss: 0.0986
[23:24:03] {train_network.py:175} INFO - Epoch: 15, Batch: 500, Loss: 0.0594
[23:24:14] {train_network.py:175} INFO - Epoch: 15, Batch: 600, Loss: 0.0616
[23:24:25] {train_network.py:175} INFO - Epoch: 15, Batch: 700, Loss: 0.1640
[23:24:36] {train_network.py:175} INFO - Epoch: 15, Batch: 800, Loss: 0.0466
[23:24:48] {train_network.py:175} INFO - Epoch: 15, Batch: 900, Loss: 0.0650
[23:25:00] {train_network.py:326} INFO - Validating...
[23:25:02] {train_network.py:329} INFO - 0/89 = 0.000000
[23:25:02] {train_network.py:317} INFO - Beginning Epoch 16
[23:25:13] {train_network.py:175} INFO - Epoch: 16, Batch: 100, Loss: 0.0475
[23:25:24] {train_network.py:175} INFO - Epoch: 16, Batch: 200, Loss: 0.0482
[23:25:36] {train_network.py:175} INFO - Epoch: 16, Batch: 300, Loss: 0.1032
[23:25:47] {train_network.py:175} INFO - Epoch: 16, Batch: 400, Loss: 0.0352
[23:25:58] {train_network.py:175} INFO - Epoch: 16, Batch: 500, Loss: 0.0309
[23:26:09] {train_network.py:175} INFO - Epoch: 16, Batch: 600, Loss: 0.0410
[23:26:20] {train_network.py:175} INFO - Epoch: 16, Batch: 700, Loss: 0.0936
[23:26:32] {train_network.py:175} INFO - Epoch: 16, Batch: 800, Loss: 0.0704
[23:26:43] {train_network.py:175} INFO - Epoch: 16, Batch: 900, Loss: 0.0213
[23:26:56] {train_network.py:326} INFO - Validating...
[23:26:57] {train_network.py:329} INFO - 0/89 = 0.000000
[23:26:57] {train_network.py:317} INFO - Beginning Epoch 17
[23:27:09] {train_network.py:175} INFO - Epoch: 17, Batch: 100, Loss: 0.0335
[23:27:20] {train_network.py:175} INFO - Epoch: 17, Batch: 200, Loss: 0.1629
[23:27:31] {train_network.py:175} INFO - Epoch: 17, Batch: 300, Loss: 0.0929
[23:27:42] {train_network.py:175} INFO - Epoch: 17, Batch: 400, Loss: 0.0474
[23:27:53] {train_network.py:175} INFO - Epoch: 17, Batch: 500, Loss: 0.0839
[23:28:05] {train_network.py:175} INFO - Epoch: 17, Batch: 600, Loss: 0.0685
[23:28:16] {train_network.py:175} INFO - Epoch: 17, Batch: 700, Loss: 0.0217
[23:28:27] {train_network.py:175} INFO - Epoch: 17, Batch: 800, Loss: 0.0629
[23:28:38] {train_network.py:175} INFO - Epoch: 17, Batch: 900, Loss: 0.0674
[23:28:51] {train_network.py:326} INFO - Validating...
[23:28:53] {train_network.py:329} INFO - 0/89 = 0.000000
[23:28:53] {train_network.py:317} INFO - Beginning Epoch 18
[23:29:04] {train_network.py:175} INFO - Epoch: 18, Batch: 100, Loss: 0.0247
[23:29:15] {train_network.py:175} INFO - Epoch: 18, Batch: 200, Loss: 0.0937
[23:29:26] {train_network.py:175} INFO - Epoch: 18, Batch: 300, Loss: 0.0761
[23:29:37] {train_network.py:175} INFO - Epoch: 18, Batch: 400, Loss: 0.0435
[23:29:49] {train_network.py:175} INFO - Epoch: 18, Batch: 500, Loss: 0.0207
[23:30:00] {train_network.py:175} INFO - Epoch: 18, Batch: 600, Loss: 0.0426
[23:30:11] {train_network.py:175} INFO - Epoch: 18, Batch: 700, Loss: 0.1001
[23:30:22] {train_network.py:175} INFO - Epoch: 18, Batch: 800, Loss: 0.0416
[23:30:33] {train_network.py:175} INFO - Epoch: 18, Batch: 900, Loss: 0.0534
[23:30:46] {train_network.py:326} INFO - Validating...
[23:30:48] {train_network.py:329} INFO - 0/89 = 0.000000
[23:30:48] {train_network.py:317} INFO - Beginning Epoch 19
[23:30:59] {train_network.py:175} INFO - Epoch: 19, Batch: 100, Loss: 0.0212
[23:31:10] {train_network.py:175} INFO - Epoch: 19, Batch: 200, Loss: 0.0306
[23:31:22] {train_network.py:175} INFO - Epoch: 19, Batch: 300, Loss: 0.0439
[23:31:33] {train_network.py:175} INFO - Epoch: 19, Batch: 400, Loss: 0.0226
[23:31:44] {train_network.py:175} INFO - Epoch: 19, Batch: 500, Loss: 0.0816
[23:31:55] {train_network.py:175} INFO - Epoch: 19, Batch: 600, Loss: 0.0830
[23:32:07] {train_network.py:175} INFO - Epoch: 19, Batch: 700, Loss: 0.0734
[23:32:18] {train_network.py:175} INFO - Epoch: 19, Batch: 800, Loss: 0.0228
[23:32:29] {train_network.py:175} INFO - Epoch: 19, Batch: 900, Loss: 0.0589
[23:32:42] {train_network.py:326} INFO - Validating...
[23:32:44] {train_network.py:329} INFO - 0/89 = 0.000000
[23:32:44] {train_network.py:317} INFO - Beginning Epoch 20
[23:32:55] {train_network.py:175} INFO - Epoch: 20, Batch: 100, Loss: 0.0476
[23:33:06] {train_network.py:175} INFO - Epoch: 20, Batch: 200, Loss: 0.0172
[23:33:17] {train_network.py:175} INFO - Epoch: 20, Batch: 300, Loss: 0.0968
[23:33:28] {train_network.py:175} INFO - Epoch: 20, Batch: 400, Loss: 0.0462
[23:33:39] {train_network.py:175} INFO - Epoch: 20, Batch: 500, Loss: 0.0403
[23:33:50] {train_network.py:175} INFO - Epoch: 20, Batch: 600, Loss: 0.0364
[23:34:02] {train_network.py:175} INFO - Epoch: 20, Batch: 700, Loss: 0.0557
[23:34:13] {train_network.py:175} INFO - Epoch: 20, Batch: 800, Loss: 0.0532
[23:34:24] {train_network.py:175} INFO - Epoch: 20, Batch: 900, Loss: 0.0450
[23:34:36] {train_network.py:326} INFO - Validating...
[23:34:38] {train_network.py:329} INFO - 0/89 = 0.000000
[23:34:38] {train_network.py:317} INFO - Beginning Epoch 21
[23:34:50] {train_network.py:175} INFO - Epoch: 21, Batch: 100, Loss: 0.0352
[23:35:01] {train_network.py:175} INFO - Epoch: 21, Batch: 200, Loss: 0.1065
[23:35:12] {train_network.py:175} INFO - Epoch: 21, Batch: 300, Loss: 0.0428
[23:35:23] {train_network.py:175} INFO - Epoch: 21, Batch: 400, Loss: 0.0484
[23:35:35] {train_network.py:175} INFO - Epoch: 21, Batch: 500, Loss: 0.0496
[23:35:46] {train_network.py:175} INFO - Epoch: 21, Batch: 600, Loss: 0.0777
[23:35:57] {train_network.py:175} INFO - Epoch: 21, Batch: 700, Loss: 0.1545
[23:36:08] {train_network.py:175} INFO - Epoch: 21, Batch: 800, Loss: 0.0456
[23:36:19] {train_network.py:175} INFO - Epoch: 21, Batch: 900, Loss: 0.0349
[23:36:32] {train_network.py:326} INFO - Validating...
[23:36:34] {train_network.py:329} INFO - 0/89 = 0.000000
[23:36:34] {train_network.py:317} INFO - Beginning Epoch 22
[23:36:45] {train_network.py:175} INFO - Epoch: 22, Batch: 100, Loss: 0.0643
[23:36:57] {train_network.py:175} INFO - Epoch: 22, Batch: 200, Loss: 0.0585
[23:37:08] {train_network.py:175} INFO - Epoch: 22, Batch: 300, Loss: 0.0505
[23:37:19] {train_network.py:175} INFO - Epoch: 22, Batch: 400, Loss: 0.0436
[23:37:30] {train_network.py:175} INFO - Epoch: 22, Batch: 500, Loss: 0.0706
[23:37:41] {train_network.py:175} INFO - Epoch: 22, Batch: 600, Loss: 0.0177
[23:37:52] {train_network.py:175} INFO - Epoch: 22, Batch: 700, Loss: 0.0239
[23:38:04] {train_network.py:175} INFO - Epoch: 22, Batch: 800, Loss: 0.0354
[23:38:15] {train_network.py:175} INFO - Epoch: 22, Batch: 900, Loss: 0.0259
[23:38:27] {train_network.py:326} INFO - Validating...
[23:38:29] {train_network.py:329} INFO - 0/89 = 0.000000
[23:38:29] {train_network.py:317} INFO - Beginning Epoch 23
[23:38:40] {train_network.py:175} INFO - Epoch: 23, Batch: 100, Loss: 0.0956
[23:38:52] {train_network.py:175} INFO - Epoch: 23, Batch: 200, Loss: 0.0792
[23:39:03] {train_network.py:175} INFO - Epoch: 23, Batch: 300, Loss: 0.0461
[23:39:14] {train_network.py:175} INFO - Epoch: 23, Batch: 400, Loss: 0.0561
[23:39:25] {train_network.py:175} INFO - Epoch: 23, Batch: 500, Loss: 0.0911
[23:39:36] {train_network.py:175} INFO - Epoch: 23, Batch: 600, Loss: 0.0286
[23:39:48] {train_network.py:175} INFO - Epoch: 23, Batch: 700, Loss: 0.0240
[23:39:59] {train_network.py:175} INFO - Epoch: 23, Batch: 800, Loss: 0.0338
[23:40:10] {train_network.py:175} INFO - Epoch: 23, Batch: 900, Loss: 0.0481
[23:40:22] {train_network.py:326} INFO - Validating...
[23:40:24] {train_network.py:329} INFO - 0/89 = 0.000000
[23:40:24] {train_network.py:317} INFO - Beginning Epoch 24
[23:40:35] {train_network.py:175} INFO - Epoch: 24, Batch: 100, Loss: 0.0296
[23:40:47] {train_network.py:175} INFO - Epoch: 24, Batch: 200, Loss: 0.0452
[23:40:58] {train_network.py:175} INFO - Epoch: 24, Batch: 300, Loss: 0.0899
[23:41:09] {train_network.py:175} INFO - Epoch: 24, Batch: 400, Loss: 0.0437
[23:41:20] {train_network.py:175} INFO - Epoch: 24, Batch: 500, Loss: 0.1025
[23:41:31] {train_network.py:175} INFO - Epoch: 24, Batch: 600, Loss: 0.0307
[23:41:42] {train_network.py:175} INFO - Epoch: 24, Batch: 700, Loss: 0.0627
[23:41:53] {train_network.py:175} INFO - Epoch: 24, Batch: 800, Loss: 0.0304
[23:42:04] {train_network.py:175} INFO - Epoch: 24, Batch: 900, Loss: 0.0517
[23:42:18] {train_network.py:326} INFO - Validating...
[23:42:19] {train_network.py:329} INFO - 1/89 = 0.011236
[23:42:19] {train_network.py:317} INFO - Beginning Epoch 25
[23:42:30] {train_network.py:175} INFO - Epoch: 25, Batch: 100, Loss: 0.1104
[23:42:42] {train_network.py:175} INFO - Epoch: 25, Batch: 200, Loss: 0.0756
[23:42:53] {train_network.py:175} INFO - Epoch: 25, Batch: 300, Loss: 0.0524
[23:43:04] {train_network.py:175} INFO - Epoch: 25, Batch: 400, Loss: 0.1355
[23:43:15] {train_network.py:175} INFO - Epoch: 25, Batch: 500, Loss: 0.0801
[23:43:26] {train_network.py:175} INFO - Epoch: 25, Batch: 600, Loss: 0.0569
[23:43:37] {train_network.py:175} INFO - Epoch: 25, Batch: 700, Loss: 0.0812
[23:43:49] {train_network.py:175} INFO - Epoch: 25, Batch: 800, Loss: 0.1790
[23:44:00] {train_network.py:175} INFO - Epoch: 25, Batch: 900, Loss: 0.0647
[23:44:13] {train_network.py:326} INFO - Validating...
[23:44:15] {train_network.py:329} INFO - 0/89 = 0.000000
[23:44:15] {train_network.py:317} INFO - Beginning Epoch 26
[23:44:26] {train_network.py:175} INFO - Epoch: 26, Batch: 100, Loss: 0.0192
[23:44:37] {train_network.py:175} INFO - Epoch: 26, Batch: 200, Loss: 0.1035
[23:44:48] {train_network.py:175} INFO - Epoch: 26, Batch: 300, Loss: 0.0402
[23:44:59] {train_network.py:175} INFO - Epoch: 26, Batch: 400, Loss: 0.0472
[23:45:10] {train_network.py:175} INFO - Epoch: 26, Batch: 500, Loss: 0.0305
[23:45:22] {train_network.py:175} INFO - Epoch: 26, Batch: 600, Loss: 0.0373
[23:45:33] {train_network.py:175} INFO - Epoch: 26, Batch: 700, Loss: 0.0435
[23:45:44] {train_network.py:175} INFO - Epoch: 26, Batch: 800, Loss: 0.0540
[23:45:55] {train_network.py:175} INFO - Epoch: 26, Batch: 900, Loss: 0.0527
[23:46:08] {train_network.py:326} INFO - Validating...
[23:46:10] {train_network.py:329} INFO - 0/89 = 0.000000
[23:46:10] {train_network.py:317} INFO - Beginning Epoch 27
[23:46:21] {train_network.py:175} INFO - Epoch: 27, Batch: 100, Loss: 0.0266
[23:46:32] {train_network.py:175} INFO - Epoch: 27, Batch: 200, Loss: 0.0208
[23:46:43] {train_network.py:175} INFO - Epoch: 27, Batch: 300, Loss: 0.0483
[23:46:54] {train_network.py:175} INFO - Epoch: 27, Batch: 400, Loss: 0.0341
[23:47:05] {train_network.py:175} INFO - Epoch: 27, Batch: 500, Loss: 0.0474
[23:47:16] {train_network.py:175} INFO - Epoch: 27, Batch: 600, Loss: 0.0479
[23:47:27] {train_network.py:175} INFO - Epoch: 27, Batch: 700, Loss: 0.0603
[23:47:39] {train_network.py:175} INFO - Epoch: 27, Batch: 800, Loss: 0.0374
[23:47:50] {train_network.py:175} INFO - Epoch: 27, Batch: 900, Loss: 0.0523
[23:48:02] {train_network.py:326} INFO - Validating...
[23:48:04] {train_network.py:329} INFO - 0/89 = 0.000000
[23:48:04] {train_network.py:317} INFO - Beginning Epoch 28
[23:48:16] {train_network.py:175} INFO - Epoch: 28, Batch: 100, Loss: 0.0517
[23:48:27] {train_network.py:175} INFO - Epoch: 28, Batch: 200, Loss: 0.0216
[23:48:38] {train_network.py:175} INFO - Epoch: 28, Batch: 300, Loss: 0.0316
[23:48:49] {train_network.py:175} INFO - Epoch: 28, Batch: 400, Loss: 0.0412
[23:49:00] {train_network.py:175} INFO - Epoch: 28, Batch: 500, Loss: 0.1102
[23:49:11] {train_network.py:175} INFO - Epoch: 28, Batch: 600, Loss: 0.0502
[23:49:23] {train_network.py:175} INFO - Epoch: 28, Batch: 700, Loss: 0.0286
[23:49:34] {train_network.py:175} INFO - Epoch: 28, Batch: 800, Loss: 0.0497
[23:49:45] {train_network.py:175} INFO - Epoch: 28, Batch: 900, Loss: 0.0387
[23:49:58] {train_network.py:326} INFO - Validating...
[23:50:00] {train_network.py:329} INFO - 0/89 = 0.000000
[23:50:00] {train_network.py:317} INFO - Beginning Epoch 29
[23:50:11] {train_network.py:175} INFO - Epoch: 29, Batch: 100, Loss: 0.0221
[23:50:22] {train_network.py:175} INFO - Epoch: 29, Batch: 200, Loss: 0.0395
[23:50:33] {train_network.py:175} INFO - Epoch: 29, Batch: 300, Loss: 0.0687
[23:50:44] {train_network.py:175} INFO - Epoch: 29, Batch: 400, Loss: 0.0195
[23:50:55] {train_network.py:175} INFO - Epoch: 29, Batch: 500, Loss: 0.0807
[23:51:07] {train_network.py:175} INFO - Epoch: 29, Batch: 600, Loss: 0.0564
[23:51:18] {train_network.py:175} INFO - Epoch: 29, Batch: 700, Loss: 0.0344
[23:51:29] {train_network.py:175} INFO - Epoch: 29, Batch: 800, Loss: 0.0541
[23:51:40] {train_network.py:175} INFO - Epoch: 29, Batch: 900, Loss: 0.0937
[23:51:53] {train_network.py:326} INFO - Validating...
[23:51:55] {train_network.py:329} INFO - 0/89 = 0.000000
[23:51:55] {train_network.py:317} INFO - Beginning Epoch 30
[23:52:06] {train_network.py:175} INFO - Epoch: 30, Batch: 100, Loss: 0.0115
[23:52:17] {train_network.py:175} INFO - Epoch: 30, Batch: 200, Loss: 0.0858
[23:52:28] {train_network.py:175} INFO - Epoch: 30, Batch: 300, Loss: 0.0408
[23:52:40] {train_network.py:175} INFO - Epoch: 30, Batch: 400, Loss: 0.0410
[23:52:51] {train_network.py:175} INFO - Epoch: 30, Batch: 500, Loss: 0.0713
[23:53:02] {train_network.py:175} INFO - Epoch: 30, Batch: 600, Loss: 0.0527
[23:53:13] {train_network.py:175} INFO - Epoch: 30, Batch: 700, Loss: 0.0663
[23:53:24] {train_network.py:175} INFO - Epoch: 30, Batch: 800, Loss: 0.0450
[23:53:36] {train_network.py:175} INFO - Epoch: 30, Batch: 900, Loss: 0.0796
[23:53:49] {train_network.py:326} INFO - Validating...
[23:53:51] {train_network.py:329} INFO - 1/89 = 0.011236
[23:53:51] {train_network.py:317} INFO - Beginning Epoch 31
[23:54:02] {train_network.py:175} INFO - Epoch: 31, Batch: 100, Loss: 0.1031
[23:54:13] {train_network.py:175} INFO - Epoch: 31, Batch: 200, Loss: 0.0612
[23:54:24] {train_network.py:175} INFO - Epoch: 31, Batch: 300, Loss: 0.0500
[23:54:35] {train_network.py:175} INFO - Epoch: 31, Batch: 400, Loss: 0.0682
[23:54:46] {train_network.py:175} INFO - Epoch: 31, Batch: 500, Loss: 0.0269
[23:54:58] {train_network.py:175} INFO - Epoch: 31, Batch: 600, Loss: 0.0136
[23:55:09] {train_network.py:175} INFO - Epoch: 31, Batch: 700, Loss: 0.0287
[23:55:20] {train_network.py:175} INFO - Epoch: 31, Batch: 800, Loss: 0.2214
[23:55:31] {train_network.py:175} INFO - Epoch: 31, Batch: 900, Loss: 0.0482
[23:55:43] {train_network.py:326} INFO - Validating...
[23:55:45] {train_network.py:329} INFO - 0/89 = 0.000000
[23:55:45] {train_network.py:317} INFO - Beginning Epoch 32
[23:55:57] {train_network.py:175} INFO - Epoch: 32, Batch: 100, Loss: 0.0490
[23:56:08] {train_network.py:175} INFO - Epoch: 32, Batch: 200, Loss: 0.0570
[23:56:19] {train_network.py:175} INFO - Epoch: 32, Batch: 300, Loss: 0.0330
[23:56:30] {train_network.py:175} INFO - Epoch: 32, Batch: 400, Loss: 0.0668
[23:56:41] {train_network.py:175} INFO - Epoch: 32, Batch: 500, Loss: 0.0471
[23:56:52] {train_network.py:175} INFO - Epoch: 32, Batch: 600, Loss: 0.0319
[23:57:03] {train_network.py:175} INFO - Epoch: 32, Batch: 700, Loss: 0.0181
[23:57:15] {train_network.py:175} INFO - Epoch: 32, Batch: 800, Loss: 0.0405
[23:57:25] {train_network.py:175} INFO - Epoch: 32, Batch: 900, Loss: 0.0497
[23:57:38] {train_network.py:326} INFO - Validating...
[23:57:40] {train_network.py:329} INFO - 0/89 = 0.000000
[23:57:40] {train_network.py:317} INFO - Beginning Epoch 33
[23:57:51] {train_network.py:175} INFO - Epoch: 33, Batch: 100, Loss: 0.1165
[23:58:03] {train_network.py:175} INFO - Epoch: 33, Batch: 200, Loss: 0.0404
[23:58:14] {train_network.py:175} INFO - Epoch: 33, Batch: 300, Loss: 0.0395
[23:58:25] {train_network.py:175} INFO - Epoch: 33, Batch: 400, Loss: 0.0230
[23:58:36] {train_network.py:175} INFO - Epoch: 33, Batch: 500, Loss: 0.0484
[23:58:47] {train_network.py:175} INFO - Epoch: 33, Batch: 600, Loss: 0.0349
[23:58:58] {train_network.py:175} INFO - Epoch: 33, Batch: 700, Loss: 0.0525
[23:59:10] {train_network.py:175} INFO - Epoch: 33, Batch: 800, Loss: 0.0372
[23:59:21] {train_network.py:175} INFO - Epoch: 33, Batch: 900, Loss: 0.0421
[23:59:34] {train_network.py:326} INFO - Validating...
[23:59:36] {train_network.py:329} INFO - 1/89 = 0.011236
[23:59:36] {train_network.py:317} INFO - Beginning Epoch 34
[23:59:47] {train_network.py:175} INFO - Epoch: 34, Batch: 100, Loss: 0.0260
[23:59:59] {train_network.py:175} INFO - Epoch: 34, Batch: 200, Loss: 0.0502
[00:00:10] {train_network.py:175} INFO - Epoch: 34, Batch: 300, Loss: 0.0437
[00:00:21] {train_network.py:175} INFO - Epoch: 34, Batch: 400, Loss: 0.0434
[00:00:32] {train_network.py:175} INFO - Epoch: 34, Batch: 500, Loss: 0.0482
[00:00:43] {train_network.py:175} INFO - Epoch: 34, Batch: 600, Loss: 0.0253
[00:00:54] {train_network.py:175} INFO - Epoch: 34, Batch: 700, Loss: 0.0558
[00:01:05] {train_network.py:175} INFO - Epoch: 34, Batch: 800, Loss: 0.0534
[00:01:17] {train_network.py:175} INFO - Epoch: 34, Batch: 900, Loss: 0.0215
[00:01:30] {train_network.py:326} INFO - Validating...
[00:01:32] {train_network.py:329} INFO - 0/89 = 0.000000
[00:01:32] {train_network.py:317} INFO - Beginning Epoch 35
[00:01:43] {train_network.py:175} INFO - Epoch: 35, Batch: 100, Loss: 0.0668
[00:01:54] {train_network.py:175} INFO - Epoch: 35, Batch: 200, Loss: 0.0445
[00:02:05] {train_network.py:175} INFO - Epoch: 35, Batch: 300, Loss: 0.0882
[00:02:16] {train_network.py:175} INFO - Epoch: 35, Batch: 400, Loss: 0.0543
[00:02:27] {train_network.py:175} INFO - Epoch: 35, Batch: 500, Loss: 0.0312
[00:02:38] {train_network.py:175} INFO - Epoch: 35, Batch: 600, Loss: 0.0328
[00:02:50] {train_network.py:175} INFO - Epoch: 35, Batch: 700, Loss: 0.0370
[00:03:01] {train_network.py:175} INFO - Epoch: 35, Batch: 800, Loss: 0.0774
[00:03:12] {train_network.py:175} INFO - Epoch: 35, Batch: 900, Loss: 0.0248
[00:03:25] {train_network.py:326} INFO - Validating...
[00:03:27] {train_network.py:329} INFO - 0/89 = 0.000000
[00:03:27] {train_network.py:317} INFO - Beginning Epoch 36
[00:03:38] {train_network.py:175} INFO - Epoch: 36, Batch: 100, Loss: 0.0726
[00:03:49] {train_network.py:175} INFO - Epoch: 36, Batch: 200, Loss: 0.0211
[00:04:00] {train_network.py:175} INFO - Epoch: 36, Batch: 300, Loss: 0.0241
[00:04:11] {train_network.py:175} INFO - Epoch: 36, Batch: 400, Loss: 0.0889
[00:04:23] {train_network.py:175} INFO - Epoch: 36, Batch: 500, Loss: 0.1088
[00:04:34] {train_network.py:175} INFO - Epoch: 36, Batch: 600, Loss: 0.0320
[00:04:45] {train_network.py:175} INFO - Epoch: 36, Batch: 700, Loss: 0.0499
[00:04:56] {train_network.py:175} INFO - Epoch: 36, Batch: 800, Loss: 0.0488
[00:05:07] {train_network.py:175} INFO - Epoch: 36, Batch: 900, Loss: 0.0501
[00:05:20] {train_network.py:326} INFO - Validating...
[00:05:22] {train_network.py:329} INFO - 0/89 = 0.000000
[00:05:22] {train_network.py:317} INFO - Beginning Epoch 37
[00:05:33] {train_network.py:175} INFO - Epoch: 37, Batch: 100, Loss: 0.0413
[00:05:44] {train_network.py:175} INFO - Epoch: 37, Batch: 200, Loss: 0.0370
[00:05:55] {train_network.py:175} INFO - Epoch: 37, Batch: 300, Loss: 0.0104
[00:06:07] {train_network.py:175} INFO - Epoch: 37, Batch: 400, Loss: 0.0446
[00:06:18] {train_network.py:175} INFO - Epoch: 37, Batch: 500, Loss: 0.0537
[00:06:29] {train_network.py:175} INFO - Epoch: 37, Batch: 600, Loss: 0.0801
[00:06:40] {train_network.py:175} INFO - Epoch: 37, Batch: 700, Loss: 0.0490
[00:06:51] {train_network.py:175} INFO - Epoch: 37, Batch: 800, Loss: 0.0443
[00:07:03] {train_network.py:175} INFO - Epoch: 37, Batch: 900, Loss: 0.0732
[00:07:15] {train_network.py:326} INFO - Validating...
[00:07:17] {train_network.py:329} INFO - 2/89 = 0.022472
[00:07:17] {train_network.py:317} INFO - Beginning Epoch 38
[00:07:28] {train_network.py:175} INFO - Epoch: 38, Batch: 100, Loss: 0.0839
[00:07:39] {train_network.py:175} INFO - Epoch: 38, Batch: 200, Loss: 0.0647
[00:07:51] {train_network.py:175} INFO - Epoch: 38, Batch: 300, Loss: 0.0529
[00:08:02] {train_network.py:175} INFO - Epoch: 38, Batch: 400, Loss: 0.0710
[00:08:13] {train_network.py:175} INFO - Epoch: 38, Batch: 500, Loss: 0.0609
[00:08:24] {train_network.py:175} INFO - Epoch: 38, Batch: 600, Loss: 0.0299
[00:08:35] {train_network.py:175} INFO - Epoch: 38, Batch: 700, Loss: 0.0412
[00:08:46] {train_network.py:175} INFO - Epoch: 38, Batch: 800, Loss: 0.0204
[00:08:58] {train_network.py:175} INFO - Epoch: 38, Batch: 900, Loss: 0.0235
[00:09:11] {train_network.py:326} INFO - Validating...
[00:09:13] {train_network.py:329} INFO - 8/89 = 0.089888
[00:09:13] {train_network.py:317} INFO - Beginning Epoch 39
[00:09:24] {train_network.py:175} INFO - Epoch: 39, Batch: 100, Loss: 0.0206
[00:09:35] {train_network.py:175} INFO - Epoch: 39, Batch: 200, Loss: 0.0502
[00:09:47] {train_network.py:175} INFO - Epoch: 39, Batch: 300, Loss: 0.0228
[00:09:58] {train_network.py:175} INFO - Epoch: 39, Batch: 400, Loss: 0.0102
[00:10:09] {train_network.py:175} INFO - Epoch: 39, Batch: 500, Loss: 0.0670
[00:10:20] {train_network.py:175} INFO - Epoch: 39, Batch: 600, Loss: 0.0533
[00:10:31] {train_network.py:175} INFO - Epoch: 39, Batch: 700, Loss: 0.0982
[00:10:42] {train_network.py:175} INFO - Epoch: 39, Batch: 800, Loss: 0.0306
[00:10:53] {train_network.py:175} INFO - Epoch: 39, Batch: 900, Loss: 0.0264
[00:11:06] {train_network.py:326} INFO - Validating...
[00:11:08] {train_network.py:329} INFO - 6/89 = 0.067416
[00:11:08] {train_network.py:317} INFO - Beginning Epoch 40
[00:11:19] {train_network.py:175} INFO - Epoch: 40, Batch: 100, Loss: 0.0489
[00:11:30] {train_network.py:175} INFO - Epoch: 40, Batch: 200, Loss: 0.0442
[00:11:42] {train_network.py:175} INFO - Epoch: 40, Batch: 300, Loss: 0.1045
[00:11:53] {train_network.py:175} INFO - Epoch: 40, Batch: 400, Loss: 0.0362
[00:12:04] {train_network.py:175} INFO - Epoch: 40, Batch: 500, Loss: 0.1838
[00:12:15] {train_network.py:175} INFO - Epoch: 40, Batch: 600, Loss: 0.0222
[00:12:26] {train_network.py:175} INFO - Epoch: 40, Batch: 700, Loss: 0.0143
[00:12:37] {train_network.py:175} INFO - Epoch: 40, Batch: 800, Loss: 0.0755
[00:12:48] {train_network.py:175} INFO - Epoch: 40, Batch: 900, Loss: 0.0482
[00:13:01] {train_network.py:326} INFO - Validating...
[00:13:04] {train_network.py:329} INFO - 9/89 = 0.101124
[00:13:04] {train_network.py:317} INFO - Beginning Epoch 41
[00:13:15] {train_network.py:175} INFO - Epoch: 41, Batch: 100, Loss: 0.0658
[00:13:26] {train_network.py:175} INFO - Epoch: 41, Batch: 200, Loss: 0.0259
[00:13:37] {train_network.py:175} INFO - Epoch: 41, Batch: 300, Loss: 0.0604
[00:13:48] {train_network.py:175} INFO - Epoch: 41, Batch: 400, Loss: 0.0519
[00:13:59] {train_network.py:175} INFO - Epoch: 41, Batch: 500, Loss: 0.0294
[00:14:10] {train_network.py:175} INFO - Epoch: 41, Batch: 600, Loss: 0.0776
[00:14:22] {train_network.py:175} INFO - Epoch: 41, Batch: 700, Loss: 0.0421
[00:14:33] {train_network.py:175} INFO - Epoch: 41, Batch: 800, Loss: 0.0217
[00:14:44] {train_network.py:175} INFO - Epoch: 41, Batch: 900, Loss: 0.0857
[00:14:57] {train_network.py:326} INFO - Validating...
[00:14:59] {train_network.py:329} INFO - 6/89 = 0.067416
[00:14:59] {train_network.py:317} INFO - Beginning Epoch 42
[00:15:10] {train_network.py:175} INFO - Epoch: 42, Batch: 100, Loss: 0.0440
[00:15:21] {train_network.py:175} INFO - Epoch: 42, Batch: 200, Loss: 0.0379
[00:15:32] {train_network.py:175} INFO - Epoch: 42, Batch: 300, Loss: 0.0332
[00:15:43] {train_network.py:175} INFO - Epoch: 42, Batch: 400, Loss: 0.0986
[00:15:55] {train_network.py:175} INFO - Epoch: 42, Batch: 500, Loss: 0.0649
[00:16:06] {train_network.py:175} INFO - Epoch: 42, Batch: 600, Loss: 0.1176
[00:16:17] {train_network.py:175} INFO - Epoch: 42, Batch: 700, Loss: 0.0234
[00:16:28] {train_network.py:175} INFO - Epoch: 42, Batch: 800, Loss: 0.0589
[00:16:39] {train_network.py:175} INFO - Epoch: 42, Batch: 900, Loss: 0.0415
[00:16:52] {train_network.py:326} INFO - Validating...
[00:16:54] {train_network.py:329} INFO - 0/89 = 0.000000
[00:16:54] {train_network.py:317} INFO - Beginning Epoch 43
[00:17:05] {train_network.py:175} INFO - Epoch: 43, Batch: 100, Loss: 0.0359
[00:17:16] {train_network.py:175} INFO - Epoch: 43, Batch: 200, Loss: 0.0218
[00:17:28] {train_network.py:175} INFO - Epoch: 43, Batch: 300, Loss: 0.0487
[00:17:39] {train_network.py:175} INFO - Epoch: 43, Batch: 400, Loss: 0.0625
[00:17:50] {train_network.py:175} INFO - Epoch: 43, Batch: 500, Loss: 0.0341
[00:18:01] {train_network.py:175} INFO - Epoch: 43, Batch: 600, Loss: 0.0516
[00:18:12] {train_network.py:175} INFO - Epoch: 43, Batch: 700, Loss: 0.0278
[00:18:23] {train_network.py:175} INFO - Epoch: 43, Batch: 800, Loss: 0.0294
[00:18:35] {train_network.py:175} INFO - Epoch: 43, Batch: 900, Loss: 0.0521
[00:18:48] {train_network.py:326} INFO - Validating...
[00:18:50] {train_network.py:329} INFO - 23/89 = 0.258427
[00:18:50] {train_network.py:317} INFO - Beginning Epoch 44
[00:19:01] {train_network.py:175} INFO - Epoch: 44, Batch: 100, Loss: 0.0773
[00:19:12] {train_network.py:175} INFO - Epoch: 44, Batch: 200, Loss: 0.0323
[00:19:23] {train_network.py:175} INFO - Epoch: 44, Batch: 300, Loss: 0.0321
[00:19:35] {train_network.py:175} INFO - Epoch: 44, Batch: 400, Loss: 0.0295
[00:19:46] {train_network.py:175} INFO - Epoch: 44, Batch: 500, Loss: 0.0658
[00:19:57] {train_network.py:175} INFO - Epoch: 44, Batch: 600, Loss: 0.0330
[00:20:08] {train_network.py:175} INFO - Epoch: 44, Batch: 700, Loss: 0.0369
[00:20:19] {train_network.py:175} INFO - Epoch: 44, Batch: 800, Loss: 0.0367
[00:20:31] {train_network.py:175} INFO - Epoch: 44, Batch: 900, Loss: 0.0289
[00:20:44] {train_network.py:326} INFO - Validating...
[00:20:46] {train_network.py:329} INFO - 12/89 = 0.134831
[00:20:46] {train_network.py:317} INFO - Beginning Epoch 45
[00:20:57] {train_network.py:175} INFO - Epoch: 45, Batch: 100, Loss: 0.0456
[00:21:08] {train_network.py:175} INFO - Epoch: 45, Batch: 200, Loss: 0.0281
[00:21:19] {train_network.py:175} INFO - Epoch: 45, Batch: 300, Loss: 0.0623
[00:21:30] {train_network.py:175} INFO - Epoch: 45, Batch: 400, Loss: 0.0354
[00:21:42] {train_network.py:175} INFO - Epoch: 45, Batch: 500, Loss: 0.0221
[00:21:53] {train_network.py:175} INFO - Epoch: 45, Batch: 600, Loss: 0.0279
[00:22:04] {train_network.py:175} INFO - Epoch: 45, Batch: 700, Loss: 0.0403
[00:22:15] {train_network.py:175} INFO - Epoch: 45, Batch: 800, Loss: 0.0622
[00:22:26] {train_network.py:175} INFO - Epoch: 45, Batch: 900, Loss: 0.0362
[00:22:38] {train_network.py:326} INFO - Validating...
[00:22:41] {train_network.py:329} INFO - 8/89 = 0.089888
[00:22:41] {train_network.py:317} INFO - Beginning Epoch 46
[00:22:52] {train_network.py:175} INFO - Epoch: 46, Batch: 100, Loss: 0.0274
[00:23:03] {train_network.py:175} INFO - Epoch: 46, Batch: 200, Loss: 0.0944
[00:23:14] {train_network.py:175} INFO - Epoch: 46, Batch: 300, Loss: 0.0486
[00:23:25] {train_network.py:175} INFO - Epoch: 46, Batch: 400, Loss: 0.0367
[00:23:36] {train_network.py:175} INFO - Epoch: 46, Batch: 500, Loss: 0.0609
[00:23:48] {train_network.py:175} INFO - Epoch: 46, Batch: 600, Loss: 0.0620
[00:23:59] {train_network.py:175} INFO - Epoch: 46, Batch: 700, Loss: 0.0462
[00:24:10] {train_network.py:175} INFO - Epoch: 46, Batch: 800, Loss: 0.0456
[00:24:21] {train_network.py:175} INFO - Epoch: 46, Batch: 900, Loss: 0.0158
[00:24:34] {train_network.py:326} INFO - Validating...
[00:24:36] {train_network.py:329} INFO - 8/89 = 0.089888
[00:24:36] {train_network.py:317} INFO - Beginning Epoch 47
[00:24:47] {train_network.py:175} INFO - Epoch: 47, Batch: 100, Loss: 0.0495
[00:24:58] {train_network.py:175} INFO - Epoch: 47, Batch: 200, Loss: 0.0189
[00:25:09] {train_network.py:175} INFO - Epoch: 47, Batch: 300, Loss: 0.0432
[00:25:20] {train_network.py:175} INFO - Epoch: 47, Batch: 400, Loss: 0.0549
[00:25:31] {train_network.py:175} INFO - Epoch: 47, Batch: 500, Loss: 0.0528
[00:25:42] {train_network.py:175} INFO - Epoch: 47, Batch: 600, Loss: 0.0730
[00:25:53] {train_network.py:175} INFO - Epoch: 47, Batch: 700, Loss: 0.0408
[00:26:04] {train_network.py:175} INFO - Epoch: 47, Batch: 800, Loss: 0.0120
[00:26:15] {train_network.py:175} INFO - Epoch: 47, Batch: 900, Loss: 0.0384
[00:26:28] {train_network.py:326} INFO - Validating...
[00:26:30] {train_network.py:329} INFO - 7/89 = 0.078652
[00:26:30] {train_network.py:317} INFO - Beginning Epoch 48
[00:26:41] {train_network.py:175} INFO - Epoch: 48, Batch: 100, Loss: 0.0358
[00:26:52] {train_network.py:175} INFO - Epoch: 48, Batch: 200, Loss: 0.0321
[00:27:04] {train_network.py:175} INFO - Epoch: 48, Batch: 300, Loss: 0.0447
[00:27:15] {train_network.py:175} INFO - Epoch: 48, Batch: 400, Loss: 0.0654
[00:27:26] {train_network.py:175} INFO - Epoch: 48, Batch: 500, Loss: 0.0585
[00:27:37] {train_network.py:175} INFO - Epoch: 48, Batch: 600, Loss: 0.0453
[00:27:48] {train_network.py:175} INFO - Epoch: 48, Batch: 700, Loss: 0.0586
[00:27:59] {train_network.py:175} INFO - Epoch: 48, Batch: 800, Loss: 0.0622
[00:28:11] {train_network.py:175} INFO - Epoch: 48, Batch: 900, Loss: 0.0156
[00:28:24] {train_network.py:326} INFO - Validating...
[00:28:26] {train_network.py:329} INFO - 10/89 = 0.112360
[00:28:26] {train_network.py:317} INFO - Beginning Epoch 49
[00:28:37] {train_network.py:175} INFO - Epoch: 49, Batch: 100, Loss: 0.0553
[00:28:48] {train_network.py:175} INFO - Epoch: 49, Batch: 200, Loss: 0.0724
[00:28:59] {train_network.py:175} INFO - Epoch: 49, Batch: 300, Loss: 0.0268
[00:29:10] {train_network.py:175} INFO - Epoch: 49, Batch: 400, Loss: 0.0645
[00:29:22] {train_network.py:175} INFO - Epoch: 49, Batch: 500, Loss: 0.0400
[00:29:33] {train_network.py:175} INFO - Epoch: 49, Batch: 600, Loss: 0.0880
[00:29:44] {train_network.py:175} INFO - Epoch: 49, Batch: 700, Loss: 0.0871
[00:29:55] {train_network.py:175} INFO - Epoch: 49, Batch: 800, Loss: 0.0302
[00:30:06] {train_network.py:175} INFO - Epoch: 49, Batch: 900, Loss: 0.0598
[00:30:19] {train_network.py:326} INFO - Validating...
[00:30:21] {train_network.py:329} INFO - 14/89 = 0.157303
