[22:43:00] {/workspace/KIidP-Gruppe-4/hardware/device.py:11} INFO - CUDA detected. Running with GPU acceleration.
[22:43:00] {train_network.py:247} INFO - Loading Cornell Dataset...
[22:43:00] {train_network.py:256} INFO - Dataset size is 885
[22:43:00] {train_network.py:265} INFO - Training size: 796
[22:43:00] {train_network.py:266} INFO - Validation size: 89
[22:43:00] {train_network.py:284} INFO - Done
[22:43:00] {train_network.py:287} INFO - Loading Network...
[22:43:01] {train_network.py:298} INFO - Done
[22:43:01] {train_network.py:317} INFO - Beginning Epoch 00
[22:43:20] {train_network.py:175} INFO - Epoch: 0, Batch: 100, Loss: 0.1103
[22:43:38] {train_network.py:175} INFO - Epoch: 0, Batch: 200, Loss: 0.0819
[22:43:56] {train_network.py:175} INFO - Epoch: 0, Batch: 300, Loss: 0.0794
[22:44:14] {train_network.py:175} INFO - Epoch: 0, Batch: 400, Loss: 0.1292
[22:44:33] {train_network.py:175} INFO - Epoch: 0, Batch: 500, Loss: 0.1519
[22:44:51] {train_network.py:175} INFO - Epoch: 0, Batch: 600, Loss: 0.0672
[22:45:09] {train_network.py:175} INFO - Epoch: 0, Batch: 700, Loss: 0.0571
[22:45:27] {train_network.py:175} INFO - Epoch: 0, Batch: 800, Loss: 0.0543
[22:45:46] {train_network.py:175} INFO - Epoch: 0, Batch: 900, Loss: 0.0877
[22:46:05] {train_network.py:326} INFO - Validating...
[22:46:08] {train_network.py:329} INFO - 35/89 = 0.393258
[22:46:08] {train_network.py:317} INFO - Beginning Epoch 01
[22:46:26] {train_network.py:175} INFO - Epoch: 1, Batch: 100, Loss: 0.0395
[22:46:44] {train_network.py:175} INFO - Epoch: 1, Batch: 200, Loss: 0.1137
[22:47:03] {train_network.py:175} INFO - Epoch: 1, Batch: 300, Loss: 0.0840
[22:47:21] {train_network.py:175} INFO - Epoch: 1, Batch: 400, Loss: 0.0764
[22:47:39] {train_network.py:175} INFO - Epoch: 1, Batch: 500, Loss: 0.0824
[22:47:58] {train_network.py:175} INFO - Epoch: 1, Batch: 600, Loss: 0.0787
[22:48:16] {train_network.py:175} INFO - Epoch: 1, Batch: 700, Loss: 0.1294
[22:48:34] {train_network.py:175} INFO - Epoch: 1, Batch: 800, Loss: 0.0438
[22:48:53] {train_network.py:175} INFO - Epoch: 1, Batch: 900, Loss: 0.0821
[22:49:13] {train_network.py:326} INFO - Validating...
[22:49:15] {train_network.py:329} INFO - 52/89 = 0.584270
[22:49:15] {train_network.py:317} INFO - Beginning Epoch 02
[22:49:34] {train_network.py:175} INFO - Epoch: 2, Batch: 100, Loss: 0.0646
[22:49:52] {train_network.py:175} INFO - Epoch: 2, Batch: 200, Loss: 0.0576
[22:50:10] {train_network.py:175} INFO - Epoch: 2, Batch: 300, Loss: 0.0561
[22:50:29] {train_network.py:175} INFO - Epoch: 2, Batch: 400, Loss: 0.0831
[22:50:47] {train_network.py:175} INFO - Epoch: 2, Batch: 500, Loss: 0.0266
[22:51:05] {train_network.py:175} INFO - Epoch: 2, Batch: 600, Loss: 0.0478
[22:51:24] {train_network.py:175} INFO - Epoch: 2, Batch: 700, Loss: 0.0957
[22:51:42] {train_network.py:175} INFO - Epoch: 2, Batch: 800, Loss: 0.0889
[22:52:00] {train_network.py:175} INFO - Epoch: 2, Batch: 900, Loss: 0.0256
[22:52:20] {train_network.py:326} INFO - Validating...
[22:52:23] {train_network.py:329} INFO - 83/89 = 0.932584
[22:52:23] {train_network.py:317} INFO - Beginning Epoch 03
[22:52:41] {train_network.py:175} INFO - Epoch: 3, Batch: 100, Loss: 0.0942
[22:53:00] {train_network.py:175} INFO - Epoch: 3, Batch: 200, Loss: 0.0656
[22:53:18] {train_network.py:175} INFO - Epoch: 3, Batch: 300, Loss: 0.0664
[22:53:36] {train_network.py:175} INFO - Epoch: 3, Batch: 400, Loss: 0.0382
[22:53:55] {train_network.py:175} INFO - Epoch: 3, Batch: 500, Loss: 0.0971
[22:54:13] {train_network.py:175} INFO - Epoch: 3, Batch: 600, Loss: 0.0706
[22:54:31] {train_network.py:175} INFO - Epoch: 3, Batch: 700, Loss: 0.1140
[22:54:50] {train_network.py:175} INFO - Epoch: 3, Batch: 800, Loss: 0.0569
[22:55:08] {train_network.py:175} INFO - Epoch: 3, Batch: 900, Loss: 0.0914
[22:55:28] {train_network.py:326} INFO - Validating...
[22:55:31] {train_network.py:329} INFO - 74/89 = 0.831461
[22:55:31] {train_network.py:317} INFO - Beginning Epoch 04
[22:55:49] {train_network.py:175} INFO - Epoch: 4, Batch: 100, Loss: 0.0678
[22:56:07] {train_network.py:175} INFO - Epoch: 4, Batch: 200, Loss: 0.0630
[22:56:26] {train_network.py:175} INFO - Epoch: 4, Batch: 300, Loss: 0.0316
[22:56:44] {train_network.py:175} INFO - Epoch: 4, Batch: 400, Loss: 0.0449
[22:57:02] {train_network.py:175} INFO - Epoch: 4, Batch: 500, Loss: 0.0563
[22:57:20] {train_network.py:175} INFO - Epoch: 4, Batch: 600, Loss: 0.0754
[22:57:38] {train_network.py:175} INFO - Epoch: 4, Batch: 700, Loss: 0.1409
[22:57:57] {train_network.py:175} INFO - Epoch: 4, Batch: 800, Loss: 0.0606
[22:58:15] {train_network.py:175} INFO - Epoch: 4, Batch: 900, Loss: 0.0449
[22:58:35] {train_network.py:326} INFO - Validating...
[22:58:38] {train_network.py:329} INFO - 86/89 = 0.966292
[22:58:38] {train_network.py:317} INFO - Beginning Epoch 05
[22:58:57] {train_network.py:175} INFO - Epoch: 5, Batch: 100, Loss: 0.0364
[22:59:15] {train_network.py:175} INFO - Epoch: 5, Batch: 200, Loss: 0.0971
[22:59:34] {train_network.py:175} INFO - Epoch: 5, Batch: 300, Loss: 0.0638
[22:59:52] {train_network.py:175} INFO - Epoch: 5, Batch: 400, Loss: 0.0477
[23:00:10] {train_network.py:175} INFO - Epoch: 5, Batch: 500, Loss: 0.0400
[23:00:28] {train_network.py:175} INFO - Epoch: 5, Batch: 600, Loss: 0.1148
[23:00:47] {train_network.py:175} INFO - Epoch: 5, Batch: 700, Loss: 0.1156
[23:01:05] {train_network.py:175} INFO - Epoch: 5, Batch: 800, Loss: 0.1033
[23:01:23] {train_network.py:175} INFO - Epoch: 5, Batch: 900, Loss: 0.0379
[23:01:43] {train_network.py:326} INFO - Validating...
[23:01:46] {train_network.py:329} INFO - 84/89 = 0.943820
[23:01:46] {train_network.py:317} INFO - Beginning Epoch 06
[23:02:04] {train_network.py:175} INFO - Epoch: 6, Batch: 100, Loss: 0.0841
[23:02:23] {train_network.py:175} INFO - Epoch: 6, Batch: 200, Loss: 0.0742
[23:02:41] {train_network.py:175} INFO - Epoch: 6, Batch: 300, Loss: 0.0567
[23:03:00] {train_network.py:175} INFO - Epoch: 6, Batch: 400, Loss: 0.0694
[23:03:18] {train_network.py:175} INFO - Epoch: 6, Batch: 500, Loss: 0.1393
[23:03:36] {train_network.py:175} INFO - Epoch: 6, Batch: 600, Loss: 0.0330
[23:03:54] {train_network.py:175} INFO - Epoch: 6, Batch: 700, Loss: 0.0460
[23:04:13] {train_network.py:175} INFO - Epoch: 6, Batch: 800, Loss: 0.0440
[23:04:31] {train_network.py:175} INFO - Epoch: 6, Batch: 900, Loss: 0.1575
[23:04:51] {train_network.py:326} INFO - Validating...
[23:04:54] {train_network.py:329} INFO - 83/89 = 0.932584
[23:04:54] {train_network.py:317} INFO - Beginning Epoch 07
[23:05:12] {train_network.py:175} INFO - Epoch: 7, Batch: 100, Loss: 0.0382
[23:05:30] {train_network.py:175} INFO - Epoch: 7, Batch: 200, Loss: 0.0875
[23:05:48] {train_network.py:175} INFO - Epoch: 7, Batch: 300, Loss: 0.0713
[23:06:07] {train_network.py:175} INFO - Epoch: 7, Batch: 400, Loss: 0.0952
[23:06:25] {train_network.py:175} INFO - Epoch: 7, Batch: 500, Loss: 0.0437
[23:06:43] {train_network.py:175} INFO - Epoch: 7, Batch: 600, Loss: 0.0423
[23:07:02] {train_network.py:175} INFO - Epoch: 7, Batch: 700, Loss: 0.0726
[23:07:20] {train_network.py:175} INFO - Epoch: 7, Batch: 800, Loss: 0.0975
[23:07:38] {train_network.py:175} INFO - Epoch: 7, Batch: 900, Loss: 0.0315
[23:07:58] {train_network.py:326} INFO - Validating...
[23:08:01] {train_network.py:329} INFO - 87/89 = 0.977528
[23:08:01] {train_network.py:317} INFO - Beginning Epoch 08
[23:08:19] {train_network.py:175} INFO - Epoch: 8, Batch: 100, Loss: 0.0462
[23:08:37] {train_network.py:175} INFO - Epoch: 8, Batch: 200, Loss: 0.0906
[23:08:55] {train_network.py:175} INFO - Epoch: 8, Batch: 300, Loss: 0.0760
[23:09:14] {train_network.py:175} INFO - Epoch: 8, Batch: 400, Loss: 0.0988
[23:09:32] {train_network.py:175} INFO - Epoch: 8, Batch: 500, Loss: 0.0372
[23:09:50] {train_network.py:175} INFO - Epoch: 8, Batch: 600, Loss: 0.1296
[23:10:08] {train_network.py:175} INFO - Epoch: 8, Batch: 700, Loss: 0.0628
[23:10:27] {train_network.py:175} INFO - Epoch: 8, Batch: 800, Loss: 0.0517
[23:10:45] {train_network.py:175} INFO - Epoch: 8, Batch: 900, Loss: 0.0451
[23:11:05] {train_network.py:326} INFO - Validating...
[23:11:07] {train_network.py:329} INFO - 83/89 = 0.932584
[23:11:07] {train_network.py:317} INFO - Beginning Epoch 09
[23:11:26] {train_network.py:175} INFO - Epoch: 9, Batch: 100, Loss: 0.0345
[23:11:44] {train_network.py:175} INFO - Epoch: 9, Batch: 200, Loss: 0.0848
[23:12:02] {train_network.py:175} INFO - Epoch: 9, Batch: 300, Loss: 0.0464
[23:12:21] {train_network.py:175} INFO - Epoch: 9, Batch: 400, Loss: 0.0627
[23:12:39] {train_network.py:175} INFO - Epoch: 9, Batch: 500, Loss: 0.0480
[23:12:57] {train_network.py:175} INFO - Epoch: 9, Batch: 600, Loss: 0.0655
[23:13:16] {train_network.py:175} INFO - Epoch: 9, Batch: 700, Loss: 0.0932
[23:13:34] {train_network.py:175} INFO - Epoch: 9, Batch: 800, Loss: 0.0582
[23:13:52] {train_network.py:175} INFO - Epoch: 9, Batch: 900, Loss: 0.1097
[23:14:12] {train_network.py:326} INFO - Validating...
[23:14:15] {train_network.py:329} INFO - 79/89 = 0.887640
[23:14:15] {train_network.py:317} INFO - Beginning Epoch 10
[23:14:33] {train_network.py:175} INFO - Epoch: 10, Batch: 100, Loss: 0.0271
[23:14:51] {train_network.py:175} INFO - Epoch: 10, Batch: 200, Loss: 0.0502
[23:15:09] {train_network.py:175} INFO - Epoch: 10, Batch: 300, Loss: 0.0183
[23:15:27] {train_network.py:175} INFO - Epoch: 10, Batch: 400, Loss: 0.0737
[23:15:46] {train_network.py:175} INFO - Epoch: 10, Batch: 500, Loss: 0.0868
[23:16:04] {train_network.py:175} INFO - Epoch: 10, Batch: 600, Loss: 0.0412
[23:16:22] {train_network.py:175} INFO - Epoch: 10, Batch: 700, Loss: 0.0598
[23:16:40] {train_network.py:175} INFO - Epoch: 10, Batch: 800, Loss: 0.0505
[23:16:59] {train_network.py:175} INFO - Epoch: 10, Batch: 900, Loss: 0.0905
[23:17:19] {train_network.py:326} INFO - Validating...
[23:17:22] {train_network.py:329} INFO - 81/89 = 0.910112
[23:17:22] {train_network.py:317} INFO - Beginning Epoch 11
[23:17:40] {train_network.py:175} INFO - Epoch: 11, Batch: 100, Loss: 0.0336
[23:17:58] {train_network.py:175} INFO - Epoch: 11, Batch: 200, Loss: 0.0445
[23:18:16] {train_network.py:175} INFO - Epoch: 11, Batch: 300, Loss: 0.0794
[23:18:35] {train_network.py:175} INFO - Epoch: 11, Batch: 400, Loss: 0.0215
[23:18:53] {train_network.py:175} INFO - Epoch: 11, Batch: 500, Loss: 0.0366
[23:19:11] {train_network.py:175} INFO - Epoch: 11, Batch: 600, Loss: 0.0327
[23:19:30] {train_network.py:175} INFO - Epoch: 11, Batch: 700, Loss: 0.0405
[23:19:48] {train_network.py:175} INFO - Epoch: 11, Batch: 800, Loss: 0.0645
[23:20:06] {train_network.py:175} INFO - Epoch: 11, Batch: 900, Loss: 0.0459
[23:20:26] {train_network.py:326} INFO - Validating...
[23:20:29] {train_network.py:329} INFO - 84/89 = 0.943820
[23:20:29] {train_network.py:317} INFO - Beginning Epoch 12
[23:20:47] {train_network.py:175} INFO - Epoch: 12, Batch: 100, Loss: 0.1637
[23:21:05] {train_network.py:175} INFO - Epoch: 12, Batch: 200, Loss: 0.2655
[23:21:24] {train_network.py:175} INFO - Epoch: 12, Batch: 300, Loss: 0.0822
[23:21:42] {train_network.py:175} INFO - Epoch: 12, Batch: 400, Loss: 0.0691
[23:22:00] {train_network.py:175} INFO - Epoch: 12, Batch: 500, Loss: 0.0380
[23:22:19] {train_network.py:175} INFO - Epoch: 12, Batch: 600, Loss: 0.0579
[23:22:37] {train_network.py:175} INFO - Epoch: 12, Batch: 700, Loss: 0.0778
[23:22:55] {train_network.py:175} INFO - Epoch: 12, Batch: 800, Loss: 0.0242
[23:23:14] {train_network.py:175} INFO - Epoch: 12, Batch: 900, Loss: 0.1502
[23:23:34] {train_network.py:326} INFO - Validating...
[23:23:37] {train_network.py:329} INFO - 82/89 = 0.921348
[23:23:37] {train_network.py:317} INFO - Beginning Epoch 13
[23:23:55] {train_network.py:175} INFO - Epoch: 13, Batch: 100, Loss: 0.0468
[23:24:13] {train_network.py:175} INFO - Epoch: 13, Batch: 200, Loss: 0.0642
[23:24:31] {train_network.py:175} INFO - Epoch: 13, Batch: 300, Loss: 0.0551
[23:24:49] {train_network.py:175} INFO - Epoch: 13, Batch: 400, Loss: 0.1392
[23:25:08] {train_network.py:175} INFO - Epoch: 13, Batch: 500, Loss: 0.0600
[23:25:26] {train_network.py:175} INFO - Epoch: 13, Batch: 600, Loss: 0.0768
[23:25:44] {train_network.py:175} INFO - Epoch: 13, Batch: 700, Loss: 0.0472
[23:26:03] {train_network.py:175} INFO - Epoch: 13, Batch: 800, Loss: 0.0874
[23:26:21] {train_network.py:175} INFO - Epoch: 13, Batch: 900, Loss: 0.0619
[23:26:40] {train_network.py:326} INFO - Validating...
[23:26:43] {train_network.py:329} INFO - 79/89 = 0.887640
[23:26:43] {train_network.py:317} INFO - Beginning Epoch 14
[23:27:02] {train_network.py:175} INFO - Epoch: 14, Batch: 100, Loss: 0.0281
[23:27:20] {train_network.py:175} INFO - Epoch: 14, Batch: 200, Loss: 0.0592
[23:27:38] {train_network.py:175} INFO - Epoch: 14, Batch: 300, Loss: 0.0448
[23:27:57] {train_network.py:175} INFO - Epoch: 14, Batch: 400, Loss: 0.0649
[23:28:15] {train_network.py:175} INFO - Epoch: 14, Batch: 500, Loss: 0.1174
[23:28:33] {train_network.py:175} INFO - Epoch: 14, Batch: 600, Loss: 0.0827
[23:28:51] {train_network.py:175} INFO - Epoch: 14, Batch: 700, Loss: 0.0500
[23:29:10] {train_network.py:175} INFO - Epoch: 14, Batch: 800, Loss: 0.0255
[23:29:28] {train_network.py:175} INFO - Epoch: 14, Batch: 900, Loss: 0.1457
[23:29:48] {train_network.py:326} INFO - Validating...
[23:29:51] {train_network.py:329} INFO - 83/89 = 0.932584
[23:29:51] {train_network.py:317} INFO - Beginning Epoch 15
[23:30:09] {train_network.py:175} INFO - Epoch: 15, Batch: 100, Loss: 0.0822
[23:30:27] {train_network.py:175} INFO - Epoch: 15, Batch: 200, Loss: 0.0726
[23:30:46] {train_network.py:175} INFO - Epoch: 15, Batch: 300, Loss: 0.0598
[23:31:04] {train_network.py:175} INFO - Epoch: 15, Batch: 400, Loss: 0.1390
[23:31:22] {train_network.py:175} INFO - Epoch: 15, Batch: 500, Loss: 0.0742
[23:31:41] {train_network.py:175} INFO - Epoch: 15, Batch: 600, Loss: 0.0842
[23:31:59] {train_network.py:175} INFO - Epoch: 15, Batch: 700, Loss: 0.0312
[23:32:17] {train_network.py:175} INFO - Epoch: 15, Batch: 800, Loss: 0.0746
[23:32:36] {train_network.py:175} INFO - Epoch: 15, Batch: 900, Loss: 0.0527
[23:32:55] {train_network.py:326} INFO - Validating...
[23:32:58] {train_network.py:329} INFO - 84/89 = 0.943820
[23:32:58] {train_network.py:317} INFO - Beginning Epoch 16
[23:33:16] {train_network.py:175} INFO - Epoch: 16, Batch: 100, Loss: 0.0829
[23:33:35] {train_network.py:175} INFO - Epoch: 16, Batch: 200, Loss: 0.0253
[23:33:53] {train_network.py:175} INFO - Epoch: 16, Batch: 300, Loss: 0.0117
[23:34:12] {train_network.py:175} INFO - Epoch: 16, Batch: 400, Loss: 0.0689
[23:34:30] {train_network.py:175} INFO - Epoch: 16, Batch: 500, Loss: 0.0663
[23:34:48] {train_network.py:175} INFO - Epoch: 16, Batch: 600, Loss: 0.0944
[23:35:07] {train_network.py:175} INFO - Epoch: 16, Batch: 700, Loss: 0.1492
[23:35:25] {train_network.py:175} INFO - Epoch: 16, Batch: 800, Loss: 0.0414
[23:35:43] {train_network.py:175} INFO - Epoch: 16, Batch: 900, Loss: 0.0326
[23:36:03] {train_network.py:326} INFO - Validating...
[23:36:06] {train_network.py:329} INFO - 81/89 = 0.910112
[23:36:06] {train_network.py:317} INFO - Beginning Epoch 17
[23:36:24] {train_network.py:175} INFO - Epoch: 17, Batch: 100, Loss: 0.0881
[23:36:43] {train_network.py:175} INFO - Epoch: 17, Batch: 200, Loss: 0.0233
[23:37:01] {train_network.py:175} INFO - Epoch: 17, Batch: 300, Loss: 0.0535
[23:37:20] {train_network.py:175} INFO - Epoch: 17, Batch: 400, Loss: 0.0911
[23:37:38] {train_network.py:175} INFO - Epoch: 17, Batch: 500, Loss: 0.1847
[23:37:56] {train_network.py:175} INFO - Epoch: 17, Batch: 600, Loss: 0.0574
[23:38:15] {train_network.py:175} INFO - Epoch: 17, Batch: 700, Loss: 0.0834
[23:38:33] {train_network.py:175} INFO - Epoch: 17, Batch: 800, Loss: 0.0576
[23:38:52] {train_network.py:175} INFO - Epoch: 17, Batch: 900, Loss: 0.0373
[23:39:11] {train_network.py:326} INFO - Validating...
[23:39:14] {train_network.py:329} INFO - 85/89 = 0.955056
[23:39:14] {train_network.py:317} INFO - Beginning Epoch 18
[23:39:32] {train_network.py:175} INFO - Epoch: 18, Batch: 100, Loss: 0.0610
[23:39:51] {train_network.py:175} INFO - Epoch: 18, Batch: 200, Loss: 0.0402
[23:40:09] {train_network.py:175} INFO - Epoch: 18, Batch: 300, Loss: 0.0612
[23:40:28] {train_network.py:175} INFO - Epoch: 18, Batch: 400, Loss: 0.0280
[23:40:46] {train_network.py:175} INFO - Epoch: 18, Batch: 500, Loss: 0.0769
[23:41:04] {train_network.py:175} INFO - Epoch: 18, Batch: 600, Loss: 0.0293
[23:41:23] {train_network.py:175} INFO - Epoch: 18, Batch: 700, Loss: 0.0682
[23:41:41] {train_network.py:175} INFO - Epoch: 18, Batch: 800, Loss: 0.0630
[23:42:00] {train_network.py:175} INFO - Epoch: 18, Batch: 900, Loss: 0.0161
[23:42:19] {train_network.py:326} INFO - Validating...
[23:42:22] {train_network.py:329} INFO - 87/89 = 0.977528
[23:42:22] {train_network.py:317} INFO - Beginning Epoch 19
[23:42:41] {train_network.py:175} INFO - Epoch: 19, Batch: 100, Loss: 0.0336
[23:42:59] {train_network.py:175} INFO - Epoch: 19, Batch: 200, Loss: 0.0495
[23:43:17] {train_network.py:175} INFO - Epoch: 19, Batch: 300, Loss: 0.0362
[23:43:36] {train_network.py:175} INFO - Epoch: 19, Batch: 400, Loss: 0.0516
[23:43:54] {train_network.py:175} INFO - Epoch: 19, Batch: 500, Loss: 0.0396
[23:44:12] {train_network.py:175} INFO - Epoch: 19, Batch: 600, Loss: 0.0442
[23:44:31] {train_network.py:175} INFO - Epoch: 19, Batch: 700, Loss: 0.1210
[23:44:49] {train_network.py:175} INFO - Epoch: 19, Batch: 800, Loss: 0.0279
[23:45:07] {train_network.py:175} INFO - Epoch: 19, Batch: 900, Loss: 0.0324
[23:45:27] {train_network.py:326} INFO - Validating...
[23:45:30] {train_network.py:329} INFO - 82/89 = 0.921348
[23:45:30] {train_network.py:317} INFO - Beginning Epoch 20
[23:45:48] {train_network.py:175} INFO - Epoch: 20, Batch: 100, Loss: 0.1013
[23:46:07] {train_network.py:175} INFO - Epoch: 20, Batch: 200, Loss: 0.0903
[23:46:25] {train_network.py:175} INFO - Epoch: 20, Batch: 300, Loss: 0.0915
[23:46:43] {train_network.py:175} INFO - Epoch: 20, Batch: 400, Loss: 0.0687
[23:47:02] {train_network.py:175} INFO - Epoch: 20, Batch: 500, Loss: 0.0593
[23:47:20] {train_network.py:175} INFO - Epoch: 20, Batch: 600, Loss: 0.0425
[23:47:38] {train_network.py:175} INFO - Epoch: 20, Batch: 700, Loss: 0.0353
[23:47:57] {train_network.py:175} INFO - Epoch: 20, Batch: 800, Loss: 0.0931
[23:48:15] {train_network.py:175} INFO - Epoch: 20, Batch: 900, Loss: 0.0618
[23:48:35] {train_network.py:326} INFO - Validating...
[23:48:38] {train_network.py:329} INFO - 82/89 = 0.921348
[23:48:38] {train_network.py:317} INFO - Beginning Epoch 21
[23:48:56] {train_network.py:175} INFO - Epoch: 21, Batch: 100, Loss: 0.0373
[23:49:14] {train_network.py:175} INFO - Epoch: 21, Batch: 200, Loss: 0.0516
[23:49:33] {train_network.py:175} INFO - Epoch: 21, Batch: 300, Loss: 0.0718
[23:49:51] {train_network.py:175} INFO - Epoch: 21, Batch: 400, Loss: 0.0295
[23:50:09] {train_network.py:175} INFO - Epoch: 21, Batch: 500, Loss: 0.0872
[23:50:28] {train_network.py:175} INFO - Epoch: 21, Batch: 600, Loss: 0.0300
[23:50:46] {train_network.py:175} INFO - Epoch: 21, Batch: 700, Loss: 0.0660
[23:51:04] {train_network.py:175} INFO - Epoch: 21, Batch: 800, Loss: 0.0366
[23:51:22] {train_network.py:175} INFO - Epoch: 21, Batch: 900, Loss: 0.0478
[23:51:42] {train_network.py:326} INFO - Validating...
[23:51:45] {train_network.py:329} INFO - 80/89 = 0.898876
[23:51:45] {train_network.py:317} INFO - Beginning Epoch 22
[23:52:03] {train_network.py:175} INFO - Epoch: 22, Batch: 100, Loss: 0.0439
[23:52:21] {train_network.py:175} INFO - Epoch: 22, Batch: 200, Loss: 0.0356
[23:52:40] {train_network.py:175} INFO - Epoch: 22, Batch: 300, Loss: 0.0448
[23:52:58] {train_network.py:175} INFO - Epoch: 22, Batch: 400, Loss: 0.0629
[23:53:16] {train_network.py:175} INFO - Epoch: 22, Batch: 500, Loss: 0.0357
[23:53:35] {train_network.py:175} INFO - Epoch: 22, Batch: 600, Loss: 0.0214
[23:53:53] {train_network.py:175} INFO - Epoch: 22, Batch: 700, Loss: 0.0547
[23:54:11] {train_network.py:175} INFO - Epoch: 22, Batch: 800, Loss: 0.0671
[23:54:29] {train_network.py:175} INFO - Epoch: 22, Batch: 900, Loss: 0.0469
[23:54:49] {train_network.py:326} INFO - Validating...
[23:54:52] {train_network.py:329} INFO - 79/89 = 0.887640
[23:54:52] {train_network.py:317} INFO - Beginning Epoch 23
[23:55:10] {train_network.py:175} INFO - Epoch: 23, Batch: 100, Loss: 0.0554
[23:55:29] {train_network.py:175} INFO - Epoch: 23, Batch: 200, Loss: 0.0956
[23:55:47] {train_network.py:175} INFO - Epoch: 23, Batch: 300, Loss: 0.0292
[23:56:06] {train_network.py:175} INFO - Epoch: 23, Batch: 400, Loss: 0.1101
[23:56:24] {train_network.py:175} INFO - Epoch: 23, Batch: 500, Loss: 0.0666
[23:56:42] {train_network.py:175} INFO - Epoch: 23, Batch: 600, Loss: 0.0698
[23:57:01] {train_network.py:175} INFO - Epoch: 23, Batch: 700, Loss: 0.0937
[23:57:19] {train_network.py:175} INFO - Epoch: 23, Batch: 800, Loss: 0.0365
[23:57:37] {train_network.py:175} INFO - Epoch: 23, Batch: 900, Loss: 0.0642
[23:57:57] {train_network.py:326} INFO - Validating...
[23:58:00] {train_network.py:329} INFO - 81/89 = 0.910112
[23:58:00] {train_network.py:317} INFO - Beginning Epoch 24
[23:58:18] {train_network.py:175} INFO - Epoch: 24, Batch: 100, Loss: 0.0240
[23:58:37] {train_network.py:175} INFO - Epoch: 24, Batch: 200, Loss: 0.0668
[23:58:55] {train_network.py:175} INFO - Epoch: 24, Batch: 300, Loss: 0.0434
[23:59:14] {train_network.py:175} INFO - Epoch: 24, Batch: 400, Loss: 0.0835
[23:59:32] {train_network.py:175} INFO - Epoch: 24, Batch: 500, Loss: 0.1120
[23:59:50] {train_network.py:175} INFO - Epoch: 24, Batch: 600, Loss: 0.0215
[00:00:09] {train_network.py:175} INFO - Epoch: 24, Batch: 700, Loss: 0.0646
[00:00:27] {train_network.py:175} INFO - Epoch: 24, Batch: 800, Loss: 0.0523
[00:00:46] {train_network.py:175} INFO - Epoch: 24, Batch: 900, Loss: 0.0435
[00:01:06] {train_network.py:326} INFO - Validating...
[00:01:09] {train_network.py:329} INFO - 85/89 = 0.955056
[00:01:09] {train_network.py:317} INFO - Beginning Epoch 25
[00:01:27] {train_network.py:175} INFO - Epoch: 25, Batch: 100, Loss: 0.0849
[00:01:45] {train_network.py:175} INFO - Epoch: 25, Batch: 200, Loss: 0.0572
[00:02:03] {train_network.py:175} INFO - Epoch: 25, Batch: 300, Loss: 0.1293
[00:02:22] {train_network.py:175} INFO - Epoch: 25, Batch: 400, Loss: 0.1286
[00:02:40] {train_network.py:175} INFO - Epoch: 25, Batch: 500, Loss: 0.0358
[00:02:58] {train_network.py:175} INFO - Epoch: 25, Batch: 600, Loss: 0.0756
[00:03:17] {train_network.py:175} INFO - Epoch: 25, Batch: 700, Loss: 0.0961
[00:03:35] {train_network.py:175} INFO - Epoch: 25, Batch: 800, Loss: 0.0389
[00:03:53] {train_network.py:175} INFO - Epoch: 25, Batch: 900, Loss: 0.0857
[00:04:13] {train_network.py:326} INFO - Validating...
[00:04:16] {train_network.py:329} INFO - 81/89 = 0.910112
[00:04:16] {train_network.py:317} INFO - Beginning Epoch 26
[00:04:34] {train_network.py:175} INFO - Epoch: 26, Batch: 100, Loss: 0.1082
[00:04:53] {train_network.py:175} INFO - Epoch: 26, Batch: 200, Loss: 0.0395
[00:05:11] {train_network.py:175} INFO - Epoch: 26, Batch: 300, Loss: 0.0477
[00:05:30] {train_network.py:175} INFO - Epoch: 26, Batch: 400, Loss: 0.0352
[00:05:48] {train_network.py:175} INFO - Epoch: 26, Batch: 500, Loss: 0.0267
[00:06:06] {train_network.py:175} INFO - Epoch: 26, Batch: 600, Loss: 0.0774
[00:06:24] {train_network.py:175} INFO - Epoch: 26, Batch: 700, Loss: 0.0526
[00:06:43] {train_network.py:175} INFO - Epoch: 26, Batch: 800, Loss: 0.0810
[00:07:01] {train_network.py:175} INFO - Epoch: 26, Batch: 900, Loss: 0.0261
[00:07:21] {train_network.py:326} INFO - Validating...
[00:07:24] {train_network.py:329} INFO - 88/89 = 0.988764
[00:07:24] {train_network.py:317} INFO - Beginning Epoch 27
[00:07:42] {train_network.py:175} INFO - Epoch: 27, Batch: 100, Loss: 0.0834
[00:08:01] {train_network.py:175} INFO - Epoch: 27, Batch: 200, Loss: 0.0274
[00:08:19] {train_network.py:175} INFO - Epoch: 27, Batch: 300, Loss: 0.0423
[00:08:37] {train_network.py:175} INFO - Epoch: 27, Batch: 400, Loss: 0.0271
[00:08:56] {train_network.py:175} INFO - Epoch: 27, Batch: 500, Loss: 0.0145
[00:09:14] {train_network.py:175} INFO - Epoch: 27, Batch: 600, Loss: 0.0297
[00:09:32] {train_network.py:175} INFO - Epoch: 27, Batch: 700, Loss: 0.0403
[00:09:50] {train_network.py:175} INFO - Epoch: 27, Batch: 800, Loss: 0.1164
[00:10:09] {train_network.py:175} INFO - Epoch: 27, Batch: 900, Loss: 0.0439
[00:10:29] {train_network.py:326} INFO - Validating...
[00:10:32] {train_network.py:329} INFO - 78/89 = 0.876404
[00:10:32] {train_network.py:317} INFO - Beginning Epoch 28
[00:10:50] {train_network.py:175} INFO - Epoch: 28, Batch: 100, Loss: 0.0652
[00:11:08] {train_network.py:175} INFO - Epoch: 28, Batch: 200, Loss: 0.0363
[00:11:26] {train_network.py:175} INFO - Epoch: 28, Batch: 300, Loss: 0.0375
[00:11:45] {train_network.py:175} INFO - Epoch: 28, Batch: 400, Loss: 0.0505
[00:12:03] {train_network.py:175} INFO - Epoch: 28, Batch: 500, Loss: 0.0626
[00:12:22] {train_network.py:175} INFO - Epoch: 28, Batch: 600, Loss: 0.0485
[00:12:40] {train_network.py:175} INFO - Epoch: 28, Batch: 700, Loss: 0.0849
[00:12:58] {train_network.py:175} INFO - Epoch: 28, Batch: 800, Loss: 0.0158
[00:13:17] {train_network.py:175} INFO - Epoch: 28, Batch: 900, Loss: 0.0449
[00:13:36] {train_network.py:326} INFO - Validating...
[00:13:39] {train_network.py:329} INFO - 85/89 = 0.955056
[00:13:39] {train_network.py:317} INFO - Beginning Epoch 29
[00:13:57] {train_network.py:175} INFO - Epoch: 29, Batch: 100, Loss: 0.0238
[00:14:16] {train_network.py:175} INFO - Epoch: 29, Batch: 200, Loss: 0.0609
[00:14:34] {train_network.py:175} INFO - Epoch: 29, Batch: 300, Loss: 0.0469
[00:14:52] {train_network.py:175} INFO - Epoch: 29, Batch: 400, Loss: 0.0698
[00:15:11] {train_network.py:175} INFO - Epoch: 29, Batch: 500, Loss: 0.0507
[00:15:29] {train_network.py:175} INFO - Epoch: 29, Batch: 600, Loss: 0.0483
[00:15:47] {train_network.py:175} INFO - Epoch: 29, Batch: 700, Loss: 0.0187
[00:16:06] {train_network.py:175} INFO - Epoch: 29, Batch: 800, Loss: 0.0624
[00:16:24] {train_network.py:175} INFO - Epoch: 29, Batch: 900, Loss: 0.0422
[00:16:44] {train_network.py:326} INFO - Validating...
[00:16:47] {train_network.py:329} INFO - 86/89 = 0.966292
[00:16:47] {train_network.py:317} INFO - Beginning Epoch 30
[00:17:05] {train_network.py:175} INFO - Epoch: 30, Batch: 100, Loss: 0.0312
[00:17:23] {train_network.py:175} INFO - Epoch: 30, Batch: 200, Loss: 0.0402
[00:17:42] {train_network.py:175} INFO - Epoch: 30, Batch: 300, Loss: 0.0285
[00:18:00] {train_network.py:175} INFO - Epoch: 30, Batch: 400, Loss: 0.0183
[00:18:18] {train_network.py:175} INFO - Epoch: 30, Batch: 500, Loss: 0.0307
[00:18:37] {train_network.py:175} INFO - Epoch: 30, Batch: 600, Loss: 0.0621
[00:18:55] {train_network.py:175} INFO - Epoch: 30, Batch: 700, Loss: 0.0476
[00:19:13] {train_network.py:175} INFO - Epoch: 30, Batch: 800, Loss: 0.0409
[00:19:32] {train_network.py:175} INFO - Epoch: 30, Batch: 900, Loss: 0.0679
[00:19:51] {train_network.py:326} INFO - Validating...
[00:19:54] {train_network.py:329} INFO - 77/89 = 0.865169
[00:19:54] {train_network.py:317} INFO - Beginning Epoch 31
[00:20:13] {train_network.py:175} INFO - Epoch: 31, Batch: 100, Loss: 0.0206
[00:20:31] {train_network.py:175} INFO - Epoch: 31, Batch: 200, Loss: 0.0563
[00:20:49] {train_network.py:175} INFO - Epoch: 31, Batch: 300, Loss: 0.0774
[00:21:07] {train_network.py:175} INFO - Epoch: 31, Batch: 400, Loss: 0.0311
[00:21:26] {train_network.py:175} INFO - Epoch: 31, Batch: 500, Loss: 0.0498
[00:21:44] {train_network.py:175} INFO - Epoch: 31, Batch: 600, Loss: 0.0523
[00:22:02] {train_network.py:175} INFO - Epoch: 31, Batch: 700, Loss: 0.0351
[00:22:21] {train_network.py:175} INFO - Epoch: 31, Batch: 800, Loss: 0.0585
[00:22:39] {train_network.py:175} INFO - Epoch: 31, Batch: 900, Loss: 0.0216
[00:22:59] {train_network.py:326} INFO - Validating...
[00:23:02] {train_network.py:329} INFO - 82/89 = 0.921348
[00:23:02] {train_network.py:317} INFO - Beginning Epoch 32
[00:23:20] {train_network.py:175} INFO - Epoch: 32, Batch: 100, Loss: 0.0850
[00:23:39] {train_network.py:175} INFO - Epoch: 32, Batch: 200, Loss: 0.0473
[00:23:57] {train_network.py:175} INFO - Epoch: 32, Batch: 300, Loss: 0.0362
[00:24:15] {train_network.py:175} INFO - Epoch: 32, Batch: 400, Loss: 0.0541
[00:24:34] {train_network.py:175} INFO - Epoch: 32, Batch: 500, Loss: 0.0789
[00:24:52] {train_network.py:175} INFO - Epoch: 32, Batch: 600, Loss: 0.0281
[00:25:10] {train_network.py:175} INFO - Epoch: 32, Batch: 700, Loss: 0.1440
[00:25:29] {train_network.py:175} INFO - Epoch: 32, Batch: 800, Loss: 0.0497
[00:25:47] {train_network.py:175} INFO - Epoch: 32, Batch: 900, Loss: 0.0345
[00:26:07] {train_network.py:326} INFO - Validating...
[00:26:10] {train_network.py:329} INFO - 81/89 = 0.910112
[00:26:10] {train_network.py:317} INFO - Beginning Epoch 33
[00:26:28] {train_network.py:175} INFO - Epoch: 33, Batch: 100, Loss: 0.0476
[00:26:46] {train_network.py:175} INFO - Epoch: 33, Batch: 200, Loss: 0.0131
[00:27:04] {train_network.py:175} INFO - Epoch: 33, Batch: 300, Loss: 0.0768
[00:27:23] {train_network.py:175} INFO - Epoch: 33, Batch: 400, Loss: 0.0174
[00:27:41] {train_network.py:175} INFO - Epoch: 33, Batch: 500, Loss: 0.0339
[00:27:59] {train_network.py:175} INFO - Epoch: 33, Batch: 600, Loss: 0.0354
[00:28:18] {train_network.py:175} INFO - Epoch: 33, Batch: 700, Loss: 0.0559
[00:28:36] {train_network.py:175} INFO - Epoch: 33, Batch: 800, Loss: 0.0366
[00:28:54] {train_network.py:175} INFO - Epoch: 33, Batch: 900, Loss: 0.0474
[00:29:14] {train_network.py:326} INFO - Validating...
[00:29:17] {train_network.py:329} INFO - 83/89 = 0.932584
[00:29:17] {train_network.py:317} INFO - Beginning Epoch 34
[00:29:35] {train_network.py:175} INFO - Epoch: 34, Batch: 100, Loss: 0.0550
[00:29:53] {train_network.py:175} INFO - Epoch: 34, Batch: 200, Loss: 0.1733
[00:30:12] {train_network.py:175} INFO - Epoch: 34, Batch: 300, Loss: 0.0195
[00:30:30] {train_network.py:175} INFO - Epoch: 34, Batch: 400, Loss: 0.0412
[00:30:49] {train_network.py:175} INFO - Epoch: 34, Batch: 500, Loss: 0.0686
[00:31:07] {train_network.py:175} INFO - Epoch: 34, Batch: 600, Loss: 0.0166
[00:31:25] {train_network.py:175} INFO - Epoch: 34, Batch: 700, Loss: 0.0266
[00:31:44] {train_network.py:175} INFO - Epoch: 34, Batch: 800, Loss: 0.0255
[00:32:02] {train_network.py:175} INFO - Epoch: 34, Batch: 900, Loss: 0.0566
[00:32:22] {train_network.py:326} INFO - Validating...
[00:32:25] {train_network.py:329} INFO - 84/89 = 0.943820
[00:32:25] {train_network.py:317} INFO - Beginning Epoch 35
[00:32:43] {train_network.py:175} INFO - Epoch: 35, Batch: 100, Loss: 0.0286
[00:33:01] {train_network.py:175} INFO - Epoch: 35, Batch: 200, Loss: 0.0479
[00:33:20] {train_network.py:175} INFO - Epoch: 35, Batch: 300, Loss: 0.0467
[00:33:38] {train_network.py:175} INFO - Epoch: 35, Batch: 400, Loss: 0.0528
[00:33:56] {train_network.py:175} INFO - Epoch: 35, Batch: 500, Loss: 0.0319
[00:34:15] {train_network.py:175} INFO - Epoch: 35, Batch: 600, Loss: 0.0271
[00:34:33] {train_network.py:175} INFO - Epoch: 35, Batch: 700, Loss: 0.0314
[00:34:51] {train_network.py:175} INFO - Epoch: 35, Batch: 800, Loss: 0.0468
[00:35:09] {train_network.py:175} INFO - Epoch: 35, Batch: 900, Loss: 0.0456
[00:35:29] {train_network.py:326} INFO - Validating...
[00:35:32] {train_network.py:329} INFO - 85/89 = 0.955056
[00:35:32] {train_network.py:317} INFO - Beginning Epoch 36
[00:35:50] {train_network.py:175} INFO - Epoch: 36, Batch: 100, Loss: 0.0141
[00:36:09] {train_network.py:175} INFO - Epoch: 36, Batch: 200, Loss: 0.0350
[00:36:27] {train_network.py:175} INFO - Epoch: 36, Batch: 300, Loss: 0.0957
[00:36:45] {train_network.py:175} INFO - Epoch: 36, Batch: 400, Loss: 0.0196
[00:37:04] {train_network.py:175} INFO - Epoch: 36, Batch: 500, Loss: 0.0792
[00:37:22] {train_network.py:175} INFO - Epoch: 36, Batch: 600, Loss: 0.0652
[00:37:40] {train_network.py:175} INFO - Epoch: 36, Batch: 700, Loss: 0.0338
[00:37:59] {train_network.py:175} INFO - Epoch: 36, Batch: 800, Loss: 0.0426
[00:38:17] {train_network.py:175} INFO - Epoch: 36, Batch: 900, Loss: 0.0673
[00:38:37] {train_network.py:326} INFO - Validating...
[00:38:40] {train_network.py:329} INFO - 79/89 = 0.887640
[00:38:40] {train_network.py:317} INFO - Beginning Epoch 37
[00:38:58] {train_network.py:175} INFO - Epoch: 37, Batch: 100, Loss: 0.0333
[00:39:17] {train_network.py:175} INFO - Epoch: 37, Batch: 200, Loss: 0.0529
[00:39:35] {train_network.py:175} INFO - Epoch: 37, Batch: 300, Loss: 0.0321
[00:39:53] {train_network.py:175} INFO - Epoch: 37, Batch: 400, Loss: 0.0649
[00:40:12] {train_network.py:175} INFO - Epoch: 37, Batch: 500, Loss: 0.0382
[00:40:30] {train_network.py:175} INFO - Epoch: 37, Batch: 600, Loss: 0.0250
[00:40:49] {train_network.py:175} INFO - Epoch: 37, Batch: 700, Loss: 0.0734
[00:41:07] {train_network.py:175} INFO - Epoch: 37, Batch: 800, Loss: 0.0559
[00:41:25] {train_network.py:175} INFO - Epoch: 37, Batch: 900, Loss: 0.0350
[00:41:45] {train_network.py:326} INFO - Validating...
[00:41:48] {train_network.py:329} INFO - 81/89 = 0.910112
[00:41:48] {train_network.py:317} INFO - Beginning Epoch 38
[00:42:07] {train_network.py:175} INFO - Epoch: 38, Batch: 100, Loss: 0.1023
[00:42:25] {train_network.py:175} INFO - Epoch: 38, Batch: 200, Loss: 0.0565
[00:42:43] {train_network.py:175} INFO - Epoch: 38, Batch: 300, Loss: 0.0188
[00:43:01] {train_network.py:175} INFO - Epoch: 38, Batch: 400, Loss: 0.0302
[00:43:20] {train_network.py:175} INFO - Epoch: 38, Batch: 500, Loss: 0.0436
[00:43:38] {train_network.py:175} INFO - Epoch: 38, Batch: 600, Loss: 0.0332
[00:43:56] {train_network.py:175} INFO - Epoch: 38, Batch: 700, Loss: 0.0704
[00:44:15] {train_network.py:175} INFO - Epoch: 38, Batch: 800, Loss: 0.0529
[00:44:33] {train_network.py:175} INFO - Epoch: 38, Batch: 900, Loss: 0.0500
[00:44:53] {train_network.py:326} INFO - Validating...
[00:44:56] {train_network.py:329} INFO - 84/89 = 0.943820
[00:44:56] {train_network.py:317} INFO - Beginning Epoch 39
[00:45:14] {train_network.py:175} INFO - Epoch: 39, Batch: 100, Loss: 0.0252
[00:45:32] {train_network.py:175} INFO - Epoch: 39, Batch: 200, Loss: 0.0362
[00:45:51] {train_network.py:175} INFO - Epoch: 39, Batch: 300, Loss: 0.0343
[00:46:09] {train_network.py:175} INFO - Epoch: 39, Batch: 400, Loss: 0.0418
[00:46:27] {train_network.py:175} INFO - Epoch: 39, Batch: 500, Loss: 0.0201
[00:46:46] {train_network.py:175} INFO - Epoch: 39, Batch: 600, Loss: 0.0600
[00:47:04] {train_network.py:175} INFO - Epoch: 39, Batch: 700, Loss: 0.0637
[00:47:22] {train_network.py:175} INFO - Epoch: 39, Batch: 800, Loss: 0.0515
[00:47:41] {train_network.py:175} INFO - Epoch: 39, Batch: 900, Loss: 0.0300
[00:48:00] {train_network.py:326} INFO - Validating...
[00:48:03] {train_network.py:329} INFO - 86/89 = 0.966292
[00:48:03] {train_network.py:317} INFO - Beginning Epoch 40
[00:48:21] {train_network.py:175} INFO - Epoch: 40, Batch: 100, Loss: 0.0746
[00:48:40] {train_network.py:175} INFO - Epoch: 40, Batch: 200, Loss: 0.0410
[00:48:58] {train_network.py:175} INFO - Epoch: 40, Batch: 300, Loss: 0.0454
[00:49:16] {train_network.py:175} INFO - Epoch: 40, Batch: 400, Loss: 0.0227
[00:49:34] {train_network.py:175} INFO - Epoch: 40, Batch: 500, Loss: 0.0807
[00:49:52] {train_network.py:175} INFO - Epoch: 40, Batch: 600, Loss: 0.0633
[00:50:11] {train_network.py:175} INFO - Epoch: 40, Batch: 700, Loss: 0.0659
[00:50:29] {train_network.py:175} INFO - Epoch: 40, Batch: 800, Loss: 0.0306
[00:50:47] {train_network.py:175} INFO - Epoch: 40, Batch: 900, Loss: 0.0260
[00:51:07] {train_network.py:326} INFO - Validating...
[00:51:10] {train_network.py:329} INFO - 76/89 = 0.853933
[00:51:10] {train_network.py:317} INFO - Beginning Epoch 41
[00:51:28] {train_network.py:175} INFO - Epoch: 41, Batch: 100, Loss: 0.0380
[00:51:46] {train_network.py:175} INFO - Epoch: 41, Batch: 200, Loss: 0.0249
[00:52:05] {train_network.py:175} INFO - Epoch: 41, Batch: 300, Loss: 0.0153
[00:52:23] {train_network.py:175} INFO - Epoch: 41, Batch: 400, Loss: 0.0504
[00:52:41] {train_network.py:175} INFO - Epoch: 41, Batch: 500, Loss: 0.0460
[00:53:00] {train_network.py:175} INFO - Epoch: 41, Batch: 600, Loss: 0.0177
[00:53:18] {train_network.py:175} INFO - Epoch: 41, Batch: 700, Loss: 0.0511
[00:53:36] {train_network.py:175} INFO - Epoch: 41, Batch: 800, Loss: 0.0226
[00:53:54] {train_network.py:175} INFO - Epoch: 41, Batch: 900, Loss: 0.0262
[00:54:14] {train_network.py:326} INFO - Validating...
[00:54:17] {train_network.py:329} INFO - 85/89 = 0.955056
[00:54:17] {train_network.py:317} INFO - Beginning Epoch 42
[00:54:35] {train_network.py:175} INFO - Epoch: 42, Batch: 100, Loss: 0.0138
[00:54:54] {train_network.py:175} INFO - Epoch: 42, Batch: 200, Loss: 0.0341
[00:55:12] {train_network.py:175} INFO - Epoch: 42, Batch: 300, Loss: 0.0275
[00:55:30] {train_network.py:175} INFO - Epoch: 42, Batch: 400, Loss: 0.0662
[00:55:49] {train_network.py:175} INFO - Epoch: 42, Batch: 500, Loss: 0.0451
[00:56:07] {train_network.py:175} INFO - Epoch: 42, Batch: 600, Loss: 0.0365
[00:56:26] {train_network.py:175} INFO - Epoch: 42, Batch: 700, Loss: 0.0485
[00:56:44] {train_network.py:175} INFO - Epoch: 42, Batch: 800, Loss: 0.0517
[00:57:02] {train_network.py:175} INFO - Epoch: 42, Batch: 900, Loss: 0.0334
[00:57:22] {train_network.py:326} INFO - Validating...
[00:57:25] {train_network.py:329} INFO - 83/89 = 0.932584
[00:57:25] {train_network.py:317} INFO - Beginning Epoch 43
[00:57:43] {train_network.py:175} INFO - Epoch: 43, Batch: 100, Loss: 0.0390
[00:58:02] {train_network.py:175} INFO - Epoch: 43, Batch: 200, Loss: 0.0361
[00:58:20] {train_network.py:175} INFO - Epoch: 43, Batch: 300, Loss: 0.0242
[00:58:38] {train_network.py:175} INFO - Epoch: 43, Batch: 400, Loss: 0.0286
[00:58:56] {train_network.py:175} INFO - Epoch: 43, Batch: 500, Loss: 0.0187
[00:59:15] {train_network.py:175} INFO - Epoch: 43, Batch: 600, Loss: 0.0461
[00:59:33] {train_network.py:175} INFO - Epoch: 43, Batch: 700, Loss: 0.0533
[00:59:51] {train_network.py:175} INFO - Epoch: 43, Batch: 800, Loss: 0.0632
[01:00:10] {train_network.py:175} INFO - Epoch: 43, Batch: 900, Loss: 0.0450
[01:00:30] {train_network.py:326} INFO - Validating...
[01:00:33] {train_network.py:329} INFO - 76/89 = 0.853933
[01:00:33] {train_network.py:317} INFO - Beginning Epoch 44
[01:00:51] {train_network.py:175} INFO - Epoch: 44, Batch: 100, Loss: 0.0487
[01:01:09] {train_network.py:175} INFO - Epoch: 44, Batch: 200, Loss: 0.0528
[01:01:28] {train_network.py:175} INFO - Epoch: 44, Batch: 300, Loss: 0.0577
[01:01:46] {train_network.py:175} INFO - Epoch: 44, Batch: 400, Loss: 0.0450
[01:02:04] {train_network.py:175} INFO - Epoch: 44, Batch: 500, Loss: 0.0267
[01:02:22] {train_network.py:175} INFO - Epoch: 44, Batch: 600, Loss: 0.0149
[01:02:41] {train_network.py:175} INFO - Epoch: 44, Batch: 700, Loss: 0.0187
[01:02:59] {train_network.py:175} INFO - Epoch: 44, Batch: 800, Loss: 0.0374
[01:03:17] {train_network.py:175} INFO - Epoch: 44, Batch: 900, Loss: 0.0205
[01:03:37] {train_network.py:326} INFO - Validating...
[01:03:40] {train_network.py:329} INFO - 74/89 = 0.831461
[01:03:40] {train_network.py:317} INFO - Beginning Epoch 45
[01:03:58] {train_network.py:175} INFO - Epoch: 45, Batch: 100, Loss: 0.0337
[01:04:17] {train_network.py:175} INFO - Epoch: 45, Batch: 200, Loss: 0.0480
[01:04:35] {train_network.py:175} INFO - Epoch: 45, Batch: 300, Loss: 0.0533
[01:04:53] {train_network.py:175} INFO - Epoch: 45, Batch: 400, Loss: 0.0401
[01:05:11] {train_network.py:175} INFO - Epoch: 45, Batch: 500, Loss: 0.0299
[01:05:30] {train_network.py:175} INFO - Epoch: 45, Batch: 600, Loss: 0.0507
[01:05:48] {train_network.py:175} INFO - Epoch: 45, Batch: 700, Loss: 0.0514
[01:06:06] {train_network.py:175} INFO - Epoch: 45, Batch: 800, Loss: 0.0742
[01:06:25] {train_network.py:175} INFO - Epoch: 45, Batch: 900, Loss: 0.0552
[01:06:44] {train_network.py:326} INFO - Validating...
[01:06:47] {train_network.py:329} INFO - 80/89 = 0.898876
[01:06:47] {train_network.py:317} INFO - Beginning Epoch 46
[01:07:06] {train_network.py:175} INFO - Epoch: 46, Batch: 100, Loss: 0.0460
[01:07:24] {train_network.py:175} INFO - Epoch: 46, Batch: 200, Loss: 0.0352
[01:07:42] {train_network.py:175} INFO - Epoch: 46, Batch: 300, Loss: 0.0335
[01:08:00] {train_network.py:175} INFO - Epoch: 46, Batch: 400, Loss: 0.0459
[01:08:19] {train_network.py:175} INFO - Epoch: 46, Batch: 500, Loss: 0.0359
[01:08:37] {train_network.py:175} INFO - Epoch: 46, Batch: 600, Loss: 0.0126
[01:08:55] {train_network.py:175} INFO - Epoch: 46, Batch: 700, Loss: 0.0885
[01:09:13] {train_network.py:175} INFO - Epoch: 46, Batch: 800, Loss: 0.0587
[01:09:32] {train_network.py:175} INFO - Epoch: 46, Batch: 900, Loss: 0.0272
[01:09:52] {train_network.py:326} INFO - Validating...
[01:09:55] {train_network.py:329} INFO - 78/89 = 0.876404
[01:09:55] {train_network.py:317} INFO - Beginning Epoch 47
[01:10:13] {train_network.py:175} INFO - Epoch: 47, Batch: 100, Loss: 0.0507
[01:10:31] {train_network.py:175} INFO - Epoch: 47, Batch: 200, Loss: 0.0807
[01:10:49] {train_network.py:175} INFO - Epoch: 47, Batch: 300, Loss: 0.0511
[01:11:07] {train_network.py:175} INFO - Epoch: 47, Batch: 400, Loss: 0.0252
[01:11:26] {train_network.py:175} INFO - Epoch: 47, Batch: 500, Loss: 0.0566
[01:11:44] {train_network.py:175} INFO - Epoch: 47, Batch: 600, Loss: 0.0350
[01:12:02] {train_network.py:175} INFO - Epoch: 47, Batch: 700, Loss: 0.0120
[01:12:20] {train_network.py:175} INFO - Epoch: 47, Batch: 800, Loss: 0.0812
[01:12:39] {train_network.py:175} INFO - Epoch: 47, Batch: 900, Loss: 0.0364
[01:12:58] {train_network.py:326} INFO - Validating...
[01:13:01] {train_network.py:329} INFO - 80/89 = 0.898876
[01:13:01] {train_network.py:317} INFO - Beginning Epoch 48
[01:13:20] {train_network.py:175} INFO - Epoch: 48, Batch: 100, Loss: 0.0286
[01:13:38] {train_network.py:175} INFO - Epoch: 48, Batch: 200, Loss: 0.0341
[01:13:56] {train_network.py:175} INFO - Epoch: 48, Batch: 300, Loss: 0.0202
[01:14:15] {train_network.py:175} INFO - Epoch: 48, Batch: 400, Loss: 0.0705
[01:14:33] {train_network.py:175} INFO - Epoch: 48, Batch: 500, Loss: 0.0304
[01:14:51] {train_network.py:175} INFO - Epoch: 48, Batch: 600, Loss: 0.0402
[01:15:10] {train_network.py:175} INFO - Epoch: 48, Batch: 700, Loss: 0.0559
[01:15:28] {train_network.py:175} INFO - Epoch: 48, Batch: 800, Loss: 0.0303
[01:15:46] {train_network.py:175} INFO - Epoch: 48, Batch: 900, Loss: 0.0754
[01:16:06] {train_network.py:326} INFO - Validating...
[01:16:09] {train_network.py:329} INFO - 76/89 = 0.853933
[01:16:09] {train_network.py:317} INFO - Beginning Epoch 49
[01:16:27] {train_network.py:175} INFO - Epoch: 49, Batch: 100, Loss: 0.0268
[01:16:45] {train_network.py:175} INFO - Epoch: 49, Batch: 200, Loss: 0.0470
[01:17:04] {train_network.py:175} INFO - Epoch: 49, Batch: 300, Loss: 0.0461
[01:17:22] {train_network.py:175} INFO - Epoch: 49, Batch: 400, Loss: 0.0508
[01:17:41] {train_network.py:175} INFO - Epoch: 49, Batch: 500, Loss: 0.0206
[01:17:59] {train_network.py:175} INFO - Epoch: 49, Batch: 600, Loss: 0.0620
[01:18:17] {train_network.py:175} INFO - Epoch: 49, Batch: 700, Loss: 0.0544
[01:18:35] {train_network.py:175} INFO - Epoch: 49, Batch: 800, Loss: 0.0477
[01:18:54] {train_network.py:175} INFO - Epoch: 49, Batch: 900, Loss: 0.0503
[01:19:14] {train_network.py:326} INFO - Validating...
[01:19:17] {train_network.py:329} INFO - 80/89 = 0.898876
