[01:19:49] {/workspace/KIidP-Gruppe-4/hardware/device.py:11} INFO - CUDA detected. Running with GPU acceleration.
[01:19:49] {train_network.py:247} INFO - Loading Cornell Dataset...
[01:19:49] {train_network.py:256} INFO - Dataset size is 885
[01:19:49] {train_network.py:265} INFO - Training size: 796
[01:19:49] {train_network.py:266} INFO - Validation size: 89
[01:19:49] {train_network.py:284} INFO - Done
[01:19:49] {train_network.py:287} INFO - Loading Network...
[01:19:49] {train_network.py:298} INFO - Done
[01:19:50] {train_network.py:317} INFO - Beginning Epoch 00
[01:20:08] {train_network.py:175} INFO - Epoch: 0, Batch: 100, Loss: 0.1069
[01:20:26] {train_network.py:175} INFO - Epoch: 0, Batch: 200, Loss: 0.1047
[01:20:45] {train_network.py:175} INFO - Epoch: 0, Batch: 300, Loss: 0.1375
[01:21:03] {train_network.py:175} INFO - Epoch: 0, Batch: 400, Loss: 0.0693
[01:21:21] {train_network.py:175} INFO - Epoch: 0, Batch: 500, Loss: 0.0974
[01:21:39] {train_network.py:175} INFO - Epoch: 0, Batch: 600, Loss: 0.1177
[01:21:57] {train_network.py:175} INFO - Epoch: 0, Batch: 700, Loss: 0.0935
[01:22:16] {train_network.py:175} INFO - Epoch: 0, Batch: 800, Loss: 0.0995
[01:22:34] {train_network.py:175} INFO - Epoch: 0, Batch: 900, Loss: 0.0629
[01:22:54] {train_network.py:326} INFO - Validating...
[01:22:56] {train_network.py:329} INFO - 35/89 = 0.393258
[01:22:56] {train_network.py:317} INFO - Beginning Epoch 01
[01:23:15] {train_network.py:175} INFO - Epoch: 1, Batch: 100, Loss: 0.1154
[01:23:33] {train_network.py:175} INFO - Epoch: 1, Batch: 200, Loss: 0.0494
[01:23:52] {train_network.py:175} INFO - Epoch: 1, Batch: 300, Loss: 0.0661
[01:24:10] {train_network.py:175} INFO - Epoch: 1, Batch: 400, Loss: 0.0597
[01:24:28] {train_network.py:175} INFO - Epoch: 1, Batch: 500, Loss: 0.0793
[01:24:47] {train_network.py:175} INFO - Epoch: 1, Batch: 600, Loss: 0.1405
[01:25:05] {train_network.py:175} INFO - Epoch: 1, Batch: 700, Loss: 0.0994
[01:25:23] {train_network.py:175} INFO - Epoch: 1, Batch: 800, Loss: 0.0305
[01:25:42] {train_network.py:175} INFO - Epoch: 1, Batch: 900, Loss: 0.0957
[01:26:01] {train_network.py:326} INFO - Validating...
[01:26:04] {train_network.py:329} INFO - 69/89 = 0.775281
[01:26:04] {train_network.py:317} INFO - Beginning Epoch 02
[01:26:23] {train_network.py:175} INFO - Epoch: 2, Batch: 100, Loss: 0.0801
[01:26:41] {train_network.py:175} INFO - Epoch: 2, Batch: 200, Loss: 0.0499
[01:26:59] {train_network.py:175} INFO - Epoch: 2, Batch: 300, Loss: 0.1114
[01:27:18] {train_network.py:175} INFO - Epoch: 2, Batch: 400, Loss: 0.1544
[01:27:36] {train_network.py:175} INFO - Epoch: 2, Batch: 500, Loss: 0.0629
[01:27:54] {train_network.py:175} INFO - Epoch: 2, Batch: 600, Loss: 0.0868
[01:28:12] {train_network.py:175} INFO - Epoch: 2, Batch: 700, Loss: 0.0483
[01:28:31] {train_network.py:175} INFO - Epoch: 2, Batch: 800, Loss: 0.1186
[01:28:49] {train_network.py:175} INFO - Epoch: 2, Batch: 900, Loss: 0.0602
[01:29:09] {train_network.py:326} INFO - Validating...
[01:29:12] {train_network.py:329} INFO - 75/89 = 0.842697
[01:29:12] {train_network.py:317} INFO - Beginning Epoch 03
[01:29:30] {train_network.py:175} INFO - Epoch: 3, Batch: 100, Loss: 0.0945
[01:29:49] {train_network.py:175} INFO - Epoch: 3, Batch: 200, Loss: 0.0420
[01:30:07] {train_network.py:175} INFO - Epoch: 3, Batch: 300, Loss: 0.0387
[01:30:26] {train_network.py:175} INFO - Epoch: 3, Batch: 400, Loss: 0.0718
[01:30:44] {train_network.py:175} INFO - Epoch: 3, Batch: 500, Loss: 0.0655
[01:31:02] {train_network.py:175} INFO - Epoch: 3, Batch: 600, Loss: 0.1142
[01:31:20] {train_network.py:175} INFO - Epoch: 3, Batch: 700, Loss: 0.0910
[01:31:39] {train_network.py:175} INFO - Epoch: 3, Batch: 800, Loss: 0.0475
[01:31:57] {train_network.py:175} INFO - Epoch: 3, Batch: 900, Loss: 0.1077
[01:32:17] {train_network.py:326} INFO - Validating...
[01:32:20] {train_network.py:329} INFO - 72/89 = 0.808989
[01:32:20] {train_network.py:317} INFO - Beginning Epoch 04
[01:32:38] {train_network.py:175} INFO - Epoch: 4, Batch: 100, Loss: 0.0667
[01:32:56] {train_network.py:175} INFO - Epoch: 4, Batch: 200, Loss: 0.0776
[01:33:14] {train_network.py:175} INFO - Epoch: 4, Batch: 300, Loss: 0.1036
[01:33:33] {train_network.py:175} INFO - Epoch: 4, Batch: 400, Loss: 0.1127
[01:33:51] {train_network.py:175} INFO - Epoch: 4, Batch: 500, Loss: 0.0860
[01:34:09] {train_network.py:175} INFO - Epoch: 4, Batch: 600, Loss: 0.1485
[01:34:28] {train_network.py:175} INFO - Epoch: 4, Batch: 700, Loss: 0.1864
[01:34:46] {train_network.py:175} INFO - Epoch: 4, Batch: 800, Loss: 0.0528
[01:35:04] {train_network.py:175} INFO - Epoch: 4, Batch: 900, Loss: 0.0449
[01:35:24] {train_network.py:326} INFO - Validating...
[01:35:27] {train_network.py:329} INFO - 77/89 = 0.865169
[01:35:27] {train_network.py:317} INFO - Beginning Epoch 05
[01:35:45] {train_network.py:175} INFO - Epoch: 5, Batch: 100, Loss: 0.0621
[01:36:04] {train_network.py:175} INFO - Epoch: 5, Batch: 200, Loss: 0.0634
[01:36:22] {train_network.py:175} INFO - Epoch: 5, Batch: 300, Loss: 0.0748
[01:36:40] {train_network.py:175} INFO - Epoch: 5, Batch: 400, Loss: 0.0487
[01:36:59] {train_network.py:175} INFO - Epoch: 5, Batch: 500, Loss: 0.0962
[01:37:17] {train_network.py:175} INFO - Epoch: 5, Batch: 600, Loss: 0.0460
[01:37:35] {train_network.py:175} INFO - Epoch: 5, Batch: 700, Loss: 0.0351
[01:37:53] {train_network.py:175} INFO - Epoch: 5, Batch: 800, Loss: 0.0537
[01:38:12] {train_network.py:175} INFO - Epoch: 5, Batch: 900, Loss: 0.0809
[01:38:31] {train_network.py:326} INFO - Validating...
[01:38:34] {train_network.py:329} INFO - 79/89 = 0.887640
[01:38:34] {train_network.py:317} INFO - Beginning Epoch 06
[01:38:53] {train_network.py:175} INFO - Epoch: 6, Batch: 100, Loss: 0.0645
[01:39:11] {train_network.py:175} INFO - Epoch: 6, Batch: 200, Loss: 0.0436
[01:39:29] {train_network.py:175} INFO - Epoch: 6, Batch: 300, Loss: 0.0282
[01:39:48] {train_network.py:175} INFO - Epoch: 6, Batch: 400, Loss: 0.0715
[01:40:06] {train_network.py:175} INFO - Epoch: 6, Batch: 500, Loss: 0.0623
[01:40:24] {train_network.py:175} INFO - Epoch: 6, Batch: 600, Loss: 0.0225
[01:40:43] {train_network.py:175} INFO - Epoch: 6, Batch: 700, Loss: 0.0284
[01:41:01] {train_network.py:175} INFO - Epoch: 6, Batch: 800, Loss: 0.0382
[01:41:19] {train_network.py:175} INFO - Epoch: 6, Batch: 900, Loss: 0.1234
[01:41:39] {train_network.py:326} INFO - Validating...
[01:41:42] {train_network.py:329} INFO - 84/89 = 0.943820
[01:41:42] {train_network.py:317} INFO - Beginning Epoch 07
[01:42:00] {train_network.py:175} INFO - Epoch: 7, Batch: 100, Loss: 0.0583
[01:42:19] {train_network.py:175} INFO - Epoch: 7, Batch: 200, Loss: 0.0369
[01:42:37] {train_network.py:175} INFO - Epoch: 7, Batch: 300, Loss: 0.0381
[01:42:55] {train_network.py:175} INFO - Epoch: 7, Batch: 400, Loss: 0.0906
[01:43:14] {train_network.py:175} INFO - Epoch: 7, Batch: 500, Loss: 0.1590
[01:43:32] {train_network.py:175} INFO - Epoch: 7, Batch: 600, Loss: 0.1530
[01:43:51] {train_network.py:175} INFO - Epoch: 7, Batch: 700, Loss: 0.0654
[01:44:09] {train_network.py:175} INFO - Epoch: 7, Batch: 800, Loss: 0.0234
[01:44:27] {train_network.py:175} INFO - Epoch: 7, Batch: 900, Loss: 0.1660
[01:44:47] {train_network.py:326} INFO - Validating...
[01:44:50] {train_network.py:329} INFO - 80/89 = 0.898876
[01:44:50] {train_network.py:317} INFO - Beginning Epoch 08
[01:45:08] {train_network.py:175} INFO - Epoch: 8, Batch: 100, Loss: 0.0694
[01:45:26] {train_network.py:175} INFO - Epoch: 8, Batch: 200, Loss: 0.0359
[01:45:45] {train_network.py:175} INFO - Epoch: 8, Batch: 300, Loss: 0.0665
[01:46:03] {train_network.py:175} INFO - Epoch: 8, Batch: 400, Loss: 0.1412
[01:46:21] {train_network.py:175} INFO - Epoch: 8, Batch: 500, Loss: 0.1162
[01:46:40] {train_network.py:175} INFO - Epoch: 8, Batch: 600, Loss: 0.0685
[01:46:58] {train_network.py:175} INFO - Epoch: 8, Batch: 700, Loss: 0.0494
[01:47:16] {train_network.py:175} INFO - Epoch: 8, Batch: 800, Loss: 0.2079
[01:47:35] {train_network.py:175} INFO - Epoch: 8, Batch: 900, Loss: 0.0259
[01:47:55] {train_network.py:326} INFO - Validating...
[01:47:58] {train_network.py:329} INFO - 80/89 = 0.898876
[01:47:58] {train_network.py:317} INFO - Beginning Epoch 09
[01:48:16] {train_network.py:175} INFO - Epoch: 9, Batch: 100, Loss: 0.0327
[01:48:34] {train_network.py:175} INFO - Epoch: 9, Batch: 200, Loss: 0.0248
[01:48:53] {train_network.py:175} INFO - Epoch: 9, Batch: 300, Loss: 0.1167
[01:49:11] {train_network.py:175} INFO - Epoch: 9, Batch: 400, Loss: 0.0799
[01:49:29] {train_network.py:175} INFO - Epoch: 9, Batch: 500, Loss: 0.1471
[01:49:48] {train_network.py:175} INFO - Epoch: 9, Batch: 600, Loss: 0.0300
[01:50:06] {train_network.py:175} INFO - Epoch: 9, Batch: 700, Loss: 0.0439
[01:50:24] {train_network.py:175} INFO - Epoch: 9, Batch: 800, Loss: 0.0485
[01:50:43] {train_network.py:175} INFO - Epoch: 9, Batch: 900, Loss: 0.0846
[01:51:02] {train_network.py:326} INFO - Validating...
[01:51:05] {train_network.py:329} INFO - 80/89 = 0.898876
[01:51:05] {train_network.py:317} INFO - Beginning Epoch 10
[01:51:24] {train_network.py:175} INFO - Epoch: 10, Batch: 100, Loss: 0.0821
[01:51:42] {train_network.py:175} INFO - Epoch: 10, Batch: 200, Loss: 0.0476
[01:52:00] {train_network.py:175} INFO - Epoch: 10, Batch: 300, Loss: 0.0330
[01:52:19] {train_network.py:175} INFO - Epoch: 10, Batch: 400, Loss: 0.1354
[01:52:37] {train_network.py:175} INFO - Epoch: 10, Batch: 500, Loss: 0.0581
[01:52:55] {train_network.py:175} INFO - Epoch: 10, Batch: 600, Loss: 0.0538
[01:53:13] {train_network.py:175} INFO - Epoch: 10, Batch: 700, Loss: 0.0430
[01:53:32] {train_network.py:175} INFO - Epoch: 10, Batch: 800, Loss: 0.0271
[01:53:50] {train_network.py:175} INFO - Epoch: 10, Batch: 900, Loss: 0.0495
[01:54:10] {train_network.py:326} INFO - Validating...
[01:54:13] {train_network.py:329} INFO - 76/89 = 0.853933
[01:54:13] {train_network.py:317} INFO - Beginning Epoch 11
[01:54:31] {train_network.py:175} INFO - Epoch: 11, Batch: 100, Loss: 0.0349
[01:54:49] {train_network.py:175} INFO - Epoch: 11, Batch: 200, Loss: 0.0237
[01:55:07] {train_network.py:175} INFO - Epoch: 11, Batch: 300, Loss: 0.0816
[01:55:25] {train_network.py:175} INFO - Epoch: 11, Batch: 400, Loss: 0.1357
[01:55:44] {train_network.py:175} INFO - Epoch: 11, Batch: 500, Loss: 0.0732
[01:56:02] {train_network.py:175} INFO - Epoch: 11, Batch: 600, Loss: 0.0315
[01:56:20] {train_network.py:175} INFO - Epoch: 11, Batch: 700, Loss: 0.0343
[01:56:39] {train_network.py:175} INFO - Epoch: 11, Batch: 800, Loss: 0.0250
[01:56:57] {train_network.py:175} INFO - Epoch: 11, Batch: 900, Loss: 0.0949
[01:57:16] {train_network.py:326} INFO - Validating...
[01:57:19] {train_network.py:329} INFO - 86/89 = 0.966292
[01:57:19] {train_network.py:317} INFO - Beginning Epoch 12
[01:57:38] {train_network.py:175} INFO - Epoch: 12, Batch: 100, Loss: 0.0296
[01:57:56] {train_network.py:175} INFO - Epoch: 12, Batch: 200, Loss: 0.0712
[01:58:14] {train_network.py:175} INFO - Epoch: 12, Batch: 300, Loss: 0.0332
[01:58:33] {train_network.py:175} INFO - Epoch: 12, Batch: 400, Loss: 0.0572
[01:58:51] {train_network.py:175} INFO - Epoch: 12, Batch: 500, Loss: 0.0403
[01:59:09] {train_network.py:175} INFO - Epoch: 12, Batch: 600, Loss: 0.1083
[01:59:28] {train_network.py:175} INFO - Epoch: 12, Batch: 700, Loss: 0.0464
[01:59:46] {train_network.py:175} INFO - Epoch: 12, Batch: 800, Loss: 0.0533
[02:00:04] {train_network.py:175} INFO - Epoch: 12, Batch: 900, Loss: 0.0910
[02:00:24] {train_network.py:326} INFO - Validating...
[02:00:27] {train_network.py:329} INFO - 83/89 = 0.932584
[02:00:27] {train_network.py:317} INFO - Beginning Epoch 13
[02:00:45] {train_network.py:175} INFO - Epoch: 13, Batch: 100, Loss: 0.0477
[02:01:04] {train_network.py:175} INFO - Epoch: 13, Batch: 200, Loss: 0.0793
[02:01:22] {train_network.py:175} INFO - Epoch: 13, Batch: 300, Loss: 0.0401
[02:01:40] {train_network.py:175} INFO - Epoch: 13, Batch: 400, Loss: 0.0287
[02:01:58] {train_network.py:175} INFO - Epoch: 13, Batch: 500, Loss: 0.0238
[02:02:16] {train_network.py:175} INFO - Epoch: 13, Batch: 600, Loss: 0.0357
[02:02:35] {train_network.py:175} INFO - Epoch: 13, Batch: 700, Loss: 0.1077
[02:02:53] {train_network.py:175} INFO - Epoch: 13, Batch: 800, Loss: 0.0976
[02:03:12] {train_network.py:175} INFO - Epoch: 13, Batch: 900, Loss: 0.0989
[02:03:31] {train_network.py:326} INFO - Validating...
[02:03:34] {train_network.py:329} INFO - 85/89 = 0.955056
[02:03:34] {train_network.py:317} INFO - Beginning Epoch 14
[02:03:52] {train_network.py:175} INFO - Epoch: 14, Batch: 100, Loss: 0.0314
[02:04:11] {train_network.py:175} INFO - Epoch: 14, Batch: 200, Loss: 0.0894
[02:04:29] {train_network.py:175} INFO - Epoch: 14, Batch: 300, Loss: 0.0446
[02:04:47] {train_network.py:175} INFO - Epoch: 14, Batch: 400, Loss: 0.1144
[02:05:06] {train_network.py:175} INFO - Epoch: 14, Batch: 500, Loss: 0.0620
[02:05:24] {train_network.py:175} INFO - Epoch: 14, Batch: 600, Loss: 0.0815
[02:05:43] {train_network.py:175} INFO - Epoch: 14, Batch: 700, Loss: 0.0632
[02:06:01] {train_network.py:175} INFO - Epoch: 14, Batch: 800, Loss: 0.0341
[02:06:20] {train_network.py:175} INFO - Epoch: 14, Batch: 900, Loss: 0.0708
[02:06:39] {train_network.py:326} INFO - Validating...
[02:06:42] {train_network.py:329} INFO - 80/89 = 0.898876
[02:06:42] {train_network.py:317} INFO - Beginning Epoch 15
[02:07:01] {train_network.py:175} INFO - Epoch: 15, Batch: 100, Loss: 0.0444
[02:07:19] {train_network.py:175} INFO - Epoch: 15, Batch: 200, Loss: 0.0295
[02:07:37] {train_network.py:175} INFO - Epoch: 15, Batch: 300, Loss: 0.0236
[02:07:56] {train_network.py:175} INFO - Epoch: 15, Batch: 400, Loss: 0.0838
[02:08:14] {train_network.py:175} INFO - Epoch: 15, Batch: 500, Loss: 0.0654
[02:08:32] {train_network.py:175} INFO - Epoch: 15, Batch: 600, Loss: 0.0794
[02:08:50] {train_network.py:175} INFO - Epoch: 15, Batch: 700, Loss: 0.0566
[02:09:09] {train_network.py:175} INFO - Epoch: 15, Batch: 800, Loss: 0.0262
[02:09:27] {train_network.py:175} INFO - Epoch: 15, Batch: 900, Loss: 0.0571
[02:09:47] {train_network.py:326} INFO - Validating...
[02:09:50] {train_network.py:329} INFO - 79/89 = 0.887640
[02:09:50] {train_network.py:317} INFO - Beginning Epoch 16
[02:10:08] {train_network.py:175} INFO - Epoch: 16, Batch: 100, Loss: 0.0940
[02:10:26] {train_network.py:175} INFO - Epoch: 16, Batch: 200, Loss: 0.0806
[02:10:45] {train_network.py:175} INFO - Epoch: 16, Batch: 300, Loss: 0.0409
[02:11:03] {train_network.py:175} INFO - Epoch: 16, Batch: 400, Loss: 0.0636
[02:11:21] {train_network.py:175} INFO - Epoch: 16, Batch: 500, Loss: 0.0373
[02:11:39] {train_network.py:175} INFO - Epoch: 16, Batch: 600, Loss: 0.0404
[02:11:58] {train_network.py:175} INFO - Epoch: 16, Batch: 700, Loss: 0.0469
[02:12:16] {train_network.py:175} INFO - Epoch: 16, Batch: 800, Loss: 0.0450
[02:12:35] {train_network.py:175} INFO - Epoch: 16, Batch: 900, Loss: 0.1024
[02:12:54] {train_network.py:326} INFO - Validating...
[02:12:57] {train_network.py:329} INFO - 80/89 = 0.898876
[02:12:57] {train_network.py:317} INFO - Beginning Epoch 17
[02:13:15] {train_network.py:175} INFO - Epoch: 17, Batch: 100, Loss: 0.0679
[02:13:34] {train_network.py:175} INFO - Epoch: 17, Batch: 200, Loss: 0.0349
[02:13:52] {train_network.py:175} INFO - Epoch: 17, Batch: 300, Loss: 0.0973
[02:14:11] {train_network.py:175} INFO - Epoch: 17, Batch: 400, Loss: 0.0527
[02:14:29] {train_network.py:175} INFO - Epoch: 17, Batch: 500, Loss: 0.0541
[02:14:47] {train_network.py:175} INFO - Epoch: 17, Batch: 600, Loss: 0.1045
[02:15:05] {train_network.py:175} INFO - Epoch: 17, Batch: 700, Loss: 0.0627
[02:15:24] {train_network.py:175} INFO - Epoch: 17, Batch: 800, Loss: 0.0457
[02:15:42] {train_network.py:175} INFO - Epoch: 17, Batch: 900, Loss: 0.1262
[02:16:02] {train_network.py:326} INFO - Validating...
[02:16:05] {train_network.py:329} INFO - 84/89 = 0.943820
[02:16:05] {train_network.py:317} INFO - Beginning Epoch 18
[02:16:23] {train_network.py:175} INFO - Epoch: 18, Batch: 100, Loss: 0.0396
[02:16:42] {train_network.py:175} INFO - Epoch: 18, Batch: 200, Loss: 0.0375
[02:17:00] {train_network.py:175} INFO - Epoch: 18, Batch: 300, Loss: 0.0470
[02:17:18] {train_network.py:175} INFO - Epoch: 18, Batch: 400, Loss: 0.0131
[02:17:36] {train_network.py:175} INFO - Epoch: 18, Batch: 500, Loss: 0.0409
[02:17:55] {train_network.py:175} INFO - Epoch: 18, Batch: 600, Loss: 0.0679
[02:18:13] {train_network.py:175} INFO - Epoch: 18, Batch: 700, Loss: 0.0577
[02:18:31] {train_network.py:175} INFO - Epoch: 18, Batch: 800, Loss: 0.0460
[02:18:50] {train_network.py:175} INFO - Epoch: 18, Batch: 900, Loss: 0.0647
[02:19:10] {train_network.py:326} INFO - Validating...
[02:19:13] {train_network.py:329} INFO - 87/89 = 0.977528
[02:19:13] {train_network.py:317} INFO - Beginning Epoch 19
[02:19:31] {train_network.py:175} INFO - Epoch: 19, Batch: 100, Loss: 0.0351
[02:19:49] {train_network.py:175} INFO - Epoch: 19, Batch: 200, Loss: 0.0577
[02:20:07] {train_network.py:175} INFO - Epoch: 19, Batch: 300, Loss: 0.0275
[02:20:26] {train_network.py:175} INFO - Epoch: 19, Batch: 400, Loss: 0.1065
[02:20:44] {train_network.py:175} INFO - Epoch: 19, Batch: 500, Loss: 0.0773
[02:21:03] {train_network.py:175} INFO - Epoch: 19, Batch: 600, Loss: 0.0224
[02:21:21] {train_network.py:175} INFO - Epoch: 19, Batch: 700, Loss: 0.0240
[02:21:39] {train_network.py:175} INFO - Epoch: 19, Batch: 800, Loss: 0.0353
[02:21:57] {train_network.py:175} INFO - Epoch: 19, Batch: 900, Loss: 0.0554
[02:22:17] {train_network.py:326} INFO - Validating...
[02:22:20] {train_network.py:329} INFO - 81/89 = 0.910112
[02:22:20] {train_network.py:317} INFO - Beginning Epoch 20
[02:22:38] {train_network.py:175} INFO - Epoch: 20, Batch: 100, Loss: 0.0404
[02:22:56] {train_network.py:175} INFO - Epoch: 20, Batch: 200, Loss: 0.0362
[02:23:15] {train_network.py:175} INFO - Epoch: 20, Batch: 300, Loss: 0.1562
[02:23:33] {train_network.py:175} INFO - Epoch: 20, Batch: 400, Loss: 0.0607
[02:23:51] {train_network.py:175} INFO - Epoch: 20, Batch: 500, Loss: 0.0308
[02:24:10] {train_network.py:175} INFO - Epoch: 20, Batch: 600, Loss: 0.0314
[02:24:28] {train_network.py:175} INFO - Epoch: 20, Batch: 700, Loss: 0.0268
[02:24:46] {train_network.py:175} INFO - Epoch: 20, Batch: 800, Loss: 0.0517
[02:25:05] {train_network.py:175} INFO - Epoch: 20, Batch: 900, Loss: 0.0828
[02:25:25] {train_network.py:326} INFO - Validating...
[02:25:28] {train_network.py:329} INFO - 83/89 = 0.932584
[02:25:28] {train_network.py:317} INFO - Beginning Epoch 21
[02:25:46] {train_network.py:175} INFO - Epoch: 21, Batch: 100, Loss: 0.0391
[02:26:04] {train_network.py:175} INFO - Epoch: 21, Batch: 200, Loss: 0.0341
[02:26:22] {train_network.py:175} INFO - Epoch: 21, Batch: 300, Loss: 0.0652
[02:26:41] {train_network.py:175} INFO - Epoch: 21, Batch: 400, Loss: 0.0254
[02:26:59] {train_network.py:175} INFO - Epoch: 21, Batch: 500, Loss: 0.0673
[02:27:17] {train_network.py:175} INFO - Epoch: 21, Batch: 600, Loss: 0.0343
[02:27:36] {train_network.py:175} INFO - Epoch: 21, Batch: 700, Loss: 0.0383
[02:27:54] {train_network.py:175} INFO - Epoch: 21, Batch: 800, Loss: 0.0379
[02:28:13] {train_network.py:175} INFO - Epoch: 21, Batch: 900, Loss: 0.0159
[02:28:32] {train_network.py:326} INFO - Validating...
[02:28:35] {train_network.py:329} INFO - 80/89 = 0.898876
[02:28:35] {train_network.py:317} INFO - Beginning Epoch 22
[02:28:53] {train_network.py:175} INFO - Epoch: 22, Batch: 100, Loss: 0.0399
[02:29:11] {train_network.py:175} INFO - Epoch: 22, Batch: 200, Loss: 0.0268
[02:29:30] {train_network.py:175} INFO - Epoch: 22, Batch: 300, Loss: 0.0449
[02:29:48] {train_network.py:175} INFO - Epoch: 22, Batch: 400, Loss: 0.0216
[02:30:06] {train_network.py:175} INFO - Epoch: 22, Batch: 500, Loss: 0.0371
[02:30:25] {train_network.py:175} INFO - Epoch: 22, Batch: 600, Loss: 0.1111
[02:30:43] {train_network.py:175} INFO - Epoch: 22, Batch: 700, Loss: 0.0267
[02:31:01] {train_network.py:175} INFO - Epoch: 22, Batch: 800, Loss: 0.0732
[02:31:20] {train_network.py:175} INFO - Epoch: 22, Batch: 900, Loss: 0.0719
[02:31:40] {train_network.py:326} INFO - Validating...
[02:31:43] {train_network.py:329} INFO - 83/89 = 0.932584
[02:31:43] {train_network.py:317} INFO - Beginning Epoch 23
[02:32:01] {train_network.py:175} INFO - Epoch: 23, Batch: 100, Loss: 0.0594
[02:32:19] {train_network.py:175} INFO - Epoch: 23, Batch: 200, Loss: 0.0193
[02:32:37] {train_network.py:175} INFO - Epoch: 23, Batch: 300, Loss: 0.0604
[02:32:55] {train_network.py:175} INFO - Epoch: 23, Batch: 400, Loss: 0.1054
[02:33:14] {train_network.py:175} INFO - Epoch: 23, Batch: 500, Loss: 0.0719
[02:33:32] {train_network.py:175} INFO - Epoch: 23, Batch: 600, Loss: 0.0535
[02:33:50] {train_network.py:175} INFO - Epoch: 23, Batch: 700, Loss: 0.0347
[02:34:08] {train_network.py:175} INFO - Epoch: 23, Batch: 800, Loss: 0.0303
[02:34:27] {train_network.py:175} INFO - Epoch: 23, Batch: 900, Loss: 0.0358
[02:34:46] {train_network.py:326} INFO - Validating...
[02:34:49] {train_network.py:329} INFO - 76/89 = 0.853933
[02:34:49] {train_network.py:317} INFO - Beginning Epoch 24
[02:35:08] {train_network.py:175} INFO - Epoch: 24, Batch: 100, Loss: 0.0488
[02:35:26] {train_network.py:175} INFO - Epoch: 24, Batch: 200, Loss: 0.0801
[02:35:44] {train_network.py:175} INFO - Epoch: 24, Batch: 300, Loss: 0.0299
[02:36:02] {train_network.py:175} INFO - Epoch: 24, Batch: 400, Loss: 0.0658
[02:36:21] {train_network.py:175} INFO - Epoch: 24, Batch: 500, Loss: 0.0517
[02:36:39] {train_network.py:175} INFO - Epoch: 24, Batch: 600, Loss: 0.0315
[02:36:57] {train_network.py:175} INFO - Epoch: 24, Batch: 700, Loss: 0.0456
[02:37:15] {train_network.py:175} INFO - Epoch: 24, Batch: 800, Loss: 0.0562
[02:37:34] {train_network.py:175} INFO - Epoch: 24, Batch: 900, Loss: 0.0690
[02:37:54] {train_network.py:326} INFO - Validating...
[02:37:57] {train_network.py:329} INFO - 80/89 = 0.898876
[02:37:57] {train_network.py:317} INFO - Beginning Epoch 25
[02:38:15] {train_network.py:175} INFO - Epoch: 25, Batch: 100, Loss: 0.0612
[02:38:33] {train_network.py:175} INFO - Epoch: 25, Batch: 200, Loss: 0.0231
[02:38:52] {train_network.py:175} INFO - Epoch: 25, Batch: 300, Loss: 0.1029
[02:39:10] {train_network.py:175} INFO - Epoch: 25, Batch: 400, Loss: 0.0586
[02:39:28] {train_network.py:175} INFO - Epoch: 25, Batch: 500, Loss: 0.0435
[02:39:47] {train_network.py:175} INFO - Epoch: 25, Batch: 600, Loss: 0.0289
[02:40:05] {train_network.py:175} INFO - Epoch: 25, Batch: 700, Loss: 0.1097
[02:40:23] {train_network.py:175} INFO - Epoch: 25, Batch: 800, Loss: 0.0418
[02:40:42] {train_network.py:175} INFO - Epoch: 25, Batch: 900, Loss: 0.1012
[02:41:01] {train_network.py:326} INFO - Validating...
[02:41:04] {train_network.py:329} INFO - 80/89 = 0.898876
[02:41:04] {train_network.py:317} INFO - Beginning Epoch 26
[02:41:22] {train_network.py:175} INFO - Epoch: 26, Batch: 100, Loss: 0.0776
[02:41:41] {train_network.py:175} INFO - Epoch: 26, Batch: 200, Loss: 0.0446
[02:41:59] {train_network.py:175} INFO - Epoch: 26, Batch: 300, Loss: 0.0765
[02:42:18] {train_network.py:175} INFO - Epoch: 26, Batch: 400, Loss: 0.0610
[02:42:36] {train_network.py:175} INFO - Epoch: 26, Batch: 500, Loss: 0.0699
[02:42:54] {train_network.py:175} INFO - Epoch: 26, Batch: 600, Loss: 0.0301
[02:43:13] {train_network.py:175} INFO - Epoch: 26, Batch: 700, Loss: 0.1079
[02:43:31] {train_network.py:175} INFO - Epoch: 26, Batch: 800, Loss: 0.0760
[02:43:50] {train_network.py:175} INFO - Epoch: 26, Batch: 900, Loss: 0.0344
[02:44:09] {train_network.py:326} INFO - Validating...
[02:44:12] {train_network.py:329} INFO - 81/89 = 0.910112
[02:44:12] {train_network.py:317} INFO - Beginning Epoch 27
[02:44:30] {train_network.py:175} INFO - Epoch: 27, Batch: 100, Loss: 0.1063
[02:44:49] {train_network.py:175} INFO - Epoch: 27, Batch: 200, Loss: 0.0460
[02:45:07] {train_network.py:175} INFO - Epoch: 27, Batch: 300, Loss: 0.0325
[02:45:25] {train_network.py:175} INFO - Epoch: 27, Batch: 400, Loss: 0.0841
[02:45:44] {train_network.py:175} INFO - Epoch: 27, Batch: 500, Loss: 0.0610
[02:46:02] {train_network.py:175} INFO - Epoch: 27, Batch: 600, Loss: 0.0946
[02:46:20] {train_network.py:175} INFO - Epoch: 27, Batch: 700, Loss: 0.1110
[02:46:39] {train_network.py:175} INFO - Epoch: 27, Batch: 800, Loss: 0.0250
[02:46:57] {train_network.py:175} INFO - Epoch: 27, Batch: 900, Loss: 0.0971
[02:47:16] {train_network.py:326} INFO - Validating...
[02:47:19] {train_network.py:329} INFO - 85/89 = 0.955056
[02:47:19] {train_network.py:317} INFO - Beginning Epoch 28
[02:47:38] {train_network.py:175} INFO - Epoch: 28, Batch: 100, Loss: 0.0850
[02:47:56] {train_network.py:175} INFO - Epoch: 28, Batch: 200, Loss: 0.0386
[02:48:14] {train_network.py:175} INFO - Epoch: 28, Batch: 300, Loss: 0.0287
[02:48:33] {train_network.py:175} INFO - Epoch: 28, Batch: 400, Loss: 0.0698
[02:48:51] {train_network.py:175} INFO - Epoch: 28, Batch: 500, Loss: 0.0474
[02:49:09] {train_network.py:175} INFO - Epoch: 28, Batch: 600, Loss: 0.0372
[02:49:28] {train_network.py:175} INFO - Epoch: 28, Batch: 700, Loss: 0.0493
[02:49:46] {train_network.py:175} INFO - Epoch: 28, Batch: 800, Loss: 0.0195
[02:50:04] {train_network.py:175} INFO - Epoch: 28, Batch: 900, Loss: 0.0643
[02:50:25] {train_network.py:326} INFO - Validating...
[02:50:28] {train_network.py:329} INFO - 82/89 = 0.921348
[02:50:28] {train_network.py:317} INFO - Beginning Epoch 29
[02:50:46] {train_network.py:175} INFO - Epoch: 29, Batch: 100, Loss: 0.0209
[02:51:04] {train_network.py:175} INFO - Epoch: 29, Batch: 200, Loss: 0.0209
[02:51:22] {train_network.py:175} INFO - Epoch: 29, Batch: 300, Loss: 0.0353
[02:51:41] {train_network.py:175} INFO - Epoch: 29, Batch: 400, Loss: 0.0484
[02:51:59] {train_network.py:175} INFO - Epoch: 29, Batch: 500, Loss: 0.0518
[02:52:17] {train_network.py:175} INFO - Epoch: 29, Batch: 600, Loss: 0.0287
[02:52:36] {train_network.py:175} INFO - Epoch: 29, Batch: 700, Loss: 0.1359
[02:52:54] {train_network.py:175} INFO - Epoch: 29, Batch: 800, Loss: 0.0228
[02:53:12] {train_network.py:175} INFO - Epoch: 29, Batch: 900, Loss: 0.0389
[02:53:32] {train_network.py:326} INFO - Validating...
[02:53:35] {train_network.py:329} INFO - 84/89 = 0.943820
[02:53:35] {train_network.py:317} INFO - Beginning Epoch 30
[02:53:53] {train_network.py:175} INFO - Epoch: 30, Batch: 100, Loss: 0.0576
[02:54:11] {train_network.py:175} INFO - Epoch: 30, Batch: 200, Loss: 0.0799
[02:54:30] {train_network.py:175} INFO - Epoch: 30, Batch: 300, Loss: 0.0320
[02:54:48] {train_network.py:175} INFO - Epoch: 30, Batch: 400, Loss: 0.0360
[02:55:07] {train_network.py:175} INFO - Epoch: 30, Batch: 500, Loss: 0.0523
[02:55:25] {train_network.py:175} INFO - Epoch: 30, Batch: 600, Loss: 0.0810
[02:55:43] {train_network.py:175} INFO - Epoch: 30, Batch: 700, Loss: 0.0224
[02:56:02] {train_network.py:175} INFO - Epoch: 30, Batch: 800, Loss: 0.0172
[02:56:20] {train_network.py:175} INFO - Epoch: 30, Batch: 900, Loss: 0.0207
[02:56:40] {train_network.py:326} INFO - Validating...
[02:56:43] {train_network.py:329} INFO - 85/89 = 0.955056
[02:56:43] {train_network.py:317} INFO - Beginning Epoch 31
[02:57:01] {train_network.py:175} INFO - Epoch: 31, Batch: 100, Loss: 0.0213
[02:57:20] {train_network.py:175} INFO - Epoch: 31, Batch: 200, Loss: 0.0241
[02:57:38] {train_network.py:175} INFO - Epoch: 31, Batch: 300, Loss: 0.0247
[02:57:56] {train_network.py:175} INFO - Epoch: 31, Batch: 400, Loss: 0.0211
[02:58:14] {train_network.py:175} INFO - Epoch: 31, Batch: 500, Loss: 0.0932
[02:58:33] {train_network.py:175} INFO - Epoch: 31, Batch: 600, Loss: 0.0318
[02:58:51] {train_network.py:175} INFO - Epoch: 31, Batch: 700, Loss: 0.1096
[02:59:09] {train_network.py:175} INFO - Epoch: 31, Batch: 800, Loss: 0.0192
[02:59:28] {train_network.py:175} INFO - Epoch: 31, Batch: 900, Loss: 0.1051
[02:59:47] {train_network.py:326} INFO - Validating...
[02:59:50] {train_network.py:329} INFO - 82/89 = 0.921348
[02:59:50] {train_network.py:317} INFO - Beginning Epoch 32
[03:00:09] {train_network.py:175} INFO - Epoch: 32, Batch: 100, Loss: 0.0208
[03:00:27] {train_network.py:175} INFO - Epoch: 32, Batch: 200, Loss: 0.0414
[03:00:45] {train_network.py:175} INFO - Epoch: 32, Batch: 300, Loss: 0.0594
[03:01:04] {train_network.py:175} INFO - Epoch: 32, Batch: 400, Loss: 0.0570
[03:01:22] {train_network.py:175} INFO - Epoch: 32, Batch: 500, Loss: 0.0399
[03:01:40] {train_network.py:175} INFO - Epoch: 32, Batch: 600, Loss: 0.0412
[03:01:59] {train_network.py:175} INFO - Epoch: 32, Batch: 700, Loss: 0.0387
[03:02:17] {train_network.py:175} INFO - Epoch: 32, Batch: 800, Loss: 0.0701
[03:02:36] {train_network.py:175} INFO - Epoch: 32, Batch: 900, Loss: 0.0423
[03:02:56] {train_network.py:326} INFO - Validating...
[03:02:59] {train_network.py:329} INFO - 84/89 = 0.943820
[03:02:59] {train_network.py:317} INFO - Beginning Epoch 33
[03:03:17] {train_network.py:175} INFO - Epoch: 33, Batch: 100, Loss: 0.0488
[03:03:35] {train_network.py:175} INFO - Epoch: 33, Batch: 200, Loss: 0.0755
[03:03:53] {train_network.py:175} INFO - Epoch: 33, Batch: 300, Loss: 0.0223
[03:04:12] {train_network.py:175} INFO - Epoch: 33, Batch: 400, Loss: 0.0221
[03:04:30] {train_network.py:175} INFO - Epoch: 33, Batch: 500, Loss: 0.0333
[03:04:48] {train_network.py:175} INFO - Epoch: 33, Batch: 600, Loss: 0.0732
[03:05:07] {train_network.py:175} INFO - Epoch: 33, Batch: 700, Loss: 0.0629
[03:05:25] {train_network.py:175} INFO - Epoch: 33, Batch: 800, Loss: 0.0410
[03:05:44] {train_network.py:175} INFO - Epoch: 33, Batch: 900, Loss: 0.1312
[03:06:03] {train_network.py:326} INFO - Validating...
[03:06:06] {train_network.py:329} INFO - 79/89 = 0.887640
[03:06:06] {train_network.py:317} INFO - Beginning Epoch 34
[03:06:25] {train_network.py:175} INFO - Epoch: 34, Batch: 100, Loss: 0.0295
[03:06:43] {train_network.py:175} INFO - Epoch: 34, Batch: 200, Loss: 0.0462
[03:07:01] {train_network.py:175} INFO - Epoch: 34, Batch: 300, Loss: 0.0218
[03:07:20] {train_network.py:175} INFO - Epoch: 34, Batch: 400, Loss: 0.0544
[03:07:38] {train_network.py:175} INFO - Epoch: 34, Batch: 500, Loss: 0.0799
[03:07:56] {train_network.py:175} INFO - Epoch: 34, Batch: 600, Loss: 0.0403
[03:08:14] {train_network.py:175} INFO - Epoch: 34, Batch: 700, Loss: 0.0331
[03:08:33] {train_network.py:175} INFO - Epoch: 34, Batch: 800, Loss: 0.1160
[03:08:51] {train_network.py:175} INFO - Epoch: 34, Batch: 900, Loss: 0.0403
[03:09:11] {train_network.py:326} INFO - Validating...
[03:09:14] {train_network.py:329} INFO - 86/89 = 0.966292
[03:09:14] {train_network.py:317} INFO - Beginning Epoch 35
[03:09:32] {train_network.py:175} INFO - Epoch: 35, Batch: 100, Loss: 0.0293
[03:09:51] {train_network.py:175} INFO - Epoch: 35, Batch: 200, Loss: 0.0434
[03:10:09] {train_network.py:175} INFO - Epoch: 35, Batch: 300, Loss: 0.0809
[03:10:27] {train_network.py:175} INFO - Epoch: 35, Batch: 400, Loss: 0.0247
[03:10:46] {train_network.py:175} INFO - Epoch: 35, Batch: 500, Loss: 0.0464
[03:11:04] {train_network.py:175} INFO - Epoch: 35, Batch: 600, Loss: 0.0643
[03:11:23] {train_network.py:175} INFO - Epoch: 35, Batch: 700, Loss: 0.0417
[03:11:41] {train_network.py:175} INFO - Epoch: 35, Batch: 800, Loss: 0.0345
[03:11:59] {train_network.py:175} INFO - Epoch: 35, Batch: 900, Loss: 0.0250
[03:12:19] {train_network.py:326} INFO - Validating...
[03:12:22] {train_network.py:329} INFO - 76/89 = 0.853933
[03:12:22] {train_network.py:317} INFO - Beginning Epoch 36
[03:12:40] {train_network.py:175} INFO - Epoch: 36, Batch: 100, Loss: 0.0615
[03:12:59] {train_network.py:175} INFO - Epoch: 36, Batch: 200, Loss: 0.0764
[03:13:17] {train_network.py:175} INFO - Epoch: 36, Batch: 300, Loss: 0.0462
[03:13:35] {train_network.py:175} INFO - Epoch: 36, Batch: 400, Loss: 0.0476
[03:13:54] {train_network.py:175} INFO - Epoch: 36, Batch: 500, Loss: 0.0420
[03:14:12] {train_network.py:175} INFO - Epoch: 36, Batch: 600, Loss: 0.0537
[03:14:30] {train_network.py:175} INFO - Epoch: 36, Batch: 700, Loss: 0.0373
[03:14:48] {train_network.py:175} INFO - Epoch: 36, Batch: 800, Loss: 0.0347
[03:15:07] {train_network.py:175} INFO - Epoch: 36, Batch: 900, Loss: 0.0136
[03:15:27] {train_network.py:326} INFO - Validating...
[03:15:29] {train_network.py:329} INFO - 80/89 = 0.898876
[03:15:29] {train_network.py:317} INFO - Beginning Epoch 37
[03:15:48] {train_network.py:175} INFO - Epoch: 37, Batch: 100, Loss: 0.0234
[03:16:06] {train_network.py:175} INFO - Epoch: 37, Batch: 200, Loss: 0.0485
[03:16:24] {train_network.py:175} INFO - Epoch: 37, Batch: 300, Loss: 0.1074
[03:16:43] {train_network.py:175} INFO - Epoch: 37, Batch: 400, Loss: 0.0281
[03:17:01] {train_network.py:175} INFO - Epoch: 37, Batch: 500, Loss: 0.0292
[03:17:19] {train_network.py:175} INFO - Epoch: 37, Batch: 600, Loss: 0.0539
[03:17:38] {train_network.py:175} INFO - Epoch: 37, Batch: 700, Loss: 0.0706
[03:17:56] {train_network.py:175} INFO - Epoch: 37, Batch: 800, Loss: 0.0539
[03:18:14] {train_network.py:175} INFO - Epoch: 37, Batch: 900, Loss: 0.0208
[03:18:34] {train_network.py:326} INFO - Validating...
[03:18:37] {train_network.py:329} INFO - 82/89 = 0.921348
[03:18:37] {train_network.py:317} INFO - Beginning Epoch 38
[03:18:55] {train_network.py:175} INFO - Epoch: 38, Batch: 100, Loss: 0.0349
[03:19:14] {train_network.py:175} INFO - Epoch: 38, Batch: 200, Loss: 0.0345
[03:19:32] {train_network.py:175} INFO - Epoch: 38, Batch: 300, Loss: 0.0463
[03:19:50] {train_network.py:175} INFO - Epoch: 38, Batch: 400, Loss: 0.0229
[03:20:09] {train_network.py:175} INFO - Epoch: 38, Batch: 500, Loss: 0.1022
[03:20:27] {train_network.py:175} INFO - Epoch: 38, Batch: 600, Loss: 0.0694
[03:20:45] {train_network.py:175} INFO - Epoch: 38, Batch: 700, Loss: 0.0565
[03:21:03] {train_network.py:175} INFO - Epoch: 38, Batch: 800, Loss: 0.0429
[03:21:22] {train_network.py:175} INFO - Epoch: 38, Batch: 900, Loss: 0.0362
[03:21:41] {train_network.py:326} INFO - Validating...
[03:21:45] {train_network.py:329} INFO - 83/89 = 0.932584
[03:21:45] {train_network.py:317} INFO - Beginning Epoch 39
[03:22:03] {train_network.py:175} INFO - Epoch: 39, Batch: 100, Loss: 0.0660
[03:22:21] {train_network.py:175} INFO - Epoch: 39, Batch: 200, Loss: 0.0245
[03:22:39] {train_network.py:175} INFO - Epoch: 39, Batch: 300, Loss: 0.0425
[03:22:58] {train_network.py:175} INFO - Epoch: 39, Batch: 400, Loss: 0.0750
[03:23:16] {train_network.py:175} INFO - Epoch: 39, Batch: 500, Loss: 0.0225
[03:23:34] {train_network.py:175} INFO - Epoch: 39, Batch: 600, Loss: 0.0452
[03:23:53] {train_network.py:175} INFO - Epoch: 39, Batch: 700, Loss: 0.0649
[03:24:11] {train_network.py:175} INFO - Epoch: 39, Batch: 800, Loss: 0.0463
[03:24:29] {train_network.py:175} INFO - Epoch: 39, Batch: 900, Loss: 0.0861
[03:24:49] {train_network.py:326} INFO - Validating...
[03:24:52] {train_network.py:329} INFO - 82/89 = 0.921348
[03:24:52] {train_network.py:317} INFO - Beginning Epoch 40
[03:25:10] {train_network.py:175} INFO - Epoch: 40, Batch: 100, Loss: 0.0816
[03:25:28] {train_network.py:175} INFO - Epoch: 40, Batch: 200, Loss: 0.0427
[03:25:47] {train_network.py:175} INFO - Epoch: 40, Batch: 300, Loss: 0.0252
[03:26:05] {train_network.py:175} INFO - Epoch: 40, Batch: 400, Loss: 0.0395
[03:26:23] {train_network.py:175} INFO - Epoch: 40, Batch: 500, Loss: 0.0897
[03:26:42] {train_network.py:175} INFO - Epoch: 40, Batch: 600, Loss: 0.1632
[03:27:00] {train_network.py:175} INFO - Epoch: 40, Batch: 700, Loss: 0.1082
[03:27:18] {train_network.py:175} INFO - Epoch: 40, Batch: 800, Loss: 0.0317
[03:27:37] {train_network.py:175} INFO - Epoch: 40, Batch: 900, Loss: 0.0355
[03:27:57] {train_network.py:326} INFO - Validating...
[03:28:00] {train_network.py:329} INFO - 78/89 = 0.876404
[03:28:00] {train_network.py:317} INFO - Beginning Epoch 41
[03:28:18] {train_network.py:175} INFO - Epoch: 41, Batch: 100, Loss: 0.0273
[03:28:36] {train_network.py:175} INFO - Epoch: 41, Batch: 200, Loss: 0.0770
[03:28:55] {train_network.py:175} INFO - Epoch: 41, Batch: 300, Loss: 0.0285
[03:29:13] {train_network.py:175} INFO - Epoch: 41, Batch: 400, Loss: 0.0496
[03:29:31] {train_network.py:175} INFO - Epoch: 41, Batch: 500, Loss: 0.0376
[03:29:50] {train_network.py:175} INFO - Epoch: 41, Batch: 600, Loss: 0.0364
[03:30:08] {train_network.py:175} INFO - Epoch: 41, Batch: 700, Loss: 0.0188
[03:30:26] {train_network.py:175} INFO - Epoch: 41, Batch: 800, Loss: 0.0392
[03:30:45] {train_network.py:175} INFO - Epoch: 41, Batch: 900, Loss: 0.0290
[03:31:05] {train_network.py:326} INFO - Validating...
[03:31:08] {train_network.py:329} INFO - 82/89 = 0.921348
[03:31:08] {train_network.py:317} INFO - Beginning Epoch 42
[03:31:26] {train_network.py:175} INFO - Epoch: 42, Batch: 100, Loss: 0.0532
[03:31:44] {train_network.py:175} INFO - Epoch: 42, Batch: 200, Loss: 0.0237
[03:32:03] {train_network.py:175} INFO - Epoch: 42, Batch: 300, Loss: 0.0686
[03:32:21] {train_network.py:175} INFO - Epoch: 42, Batch: 400, Loss: 0.0693
[03:32:39] {train_network.py:175} INFO - Epoch: 42, Batch: 500, Loss: 0.0276
[03:32:58] {train_network.py:175} INFO - Epoch: 42, Batch: 600, Loss: 0.0334
[03:33:16] {train_network.py:175} INFO - Epoch: 42, Batch: 700, Loss: 0.0384
[03:33:34] {train_network.py:175} INFO - Epoch: 42, Batch: 800, Loss: 0.0424
[03:33:53] {train_network.py:175} INFO - Epoch: 42, Batch: 900, Loss: 0.0572
[03:34:13] {train_network.py:326} INFO - Validating...
[03:34:15] {train_network.py:329} INFO - 81/89 = 0.910112
[03:34:15] {train_network.py:317} INFO - Beginning Epoch 43
[03:34:34] {train_network.py:175} INFO - Epoch: 43, Batch: 100, Loss: 0.0297
[03:34:52] {train_network.py:175} INFO - Epoch: 43, Batch: 200, Loss: 0.0283
[03:35:11] {train_network.py:175} INFO - Epoch: 43, Batch: 300, Loss: 0.0292
[03:35:29] {train_network.py:175} INFO - Epoch: 43, Batch: 400, Loss: 0.0627
[03:35:47] {train_network.py:175} INFO - Epoch: 43, Batch: 500, Loss: 0.0547
[03:36:06] {train_network.py:175} INFO - Epoch: 43, Batch: 600, Loss: 0.0349
[03:36:24] {train_network.py:175} INFO - Epoch: 43, Batch: 700, Loss: 0.0828
[03:36:43] {train_network.py:175} INFO - Epoch: 43, Batch: 800, Loss: 0.0947
[03:37:01] {train_network.py:175} INFO - Epoch: 43, Batch: 900, Loss: 0.0746
[03:37:21] {train_network.py:326} INFO - Validating...
[03:37:24] {train_network.py:329} INFO - 77/89 = 0.865169
[03:37:24] {train_network.py:317} INFO - Beginning Epoch 44
[03:37:42] {train_network.py:175} INFO - Epoch: 44, Batch: 100, Loss: 0.0263
[03:38:00] {train_network.py:175} INFO - Epoch: 44, Batch: 200, Loss: 0.0309
[03:38:18] {train_network.py:175} INFO - Epoch: 44, Batch: 300, Loss: 0.0305
[03:38:37] {train_network.py:175} INFO - Epoch: 44, Batch: 400, Loss: 0.0575
[03:38:55] {train_network.py:175} INFO - Epoch: 44, Batch: 500, Loss: 0.0507
[03:39:13] {train_network.py:175} INFO - Epoch: 44, Batch: 600, Loss: 0.0342
[03:39:32] {train_network.py:175} INFO - Epoch: 44, Batch: 700, Loss: 0.0730
[03:39:50] {train_network.py:175} INFO - Epoch: 44, Batch: 800, Loss: 0.0360
[03:40:09] {train_network.py:175} INFO - Epoch: 44, Batch: 900, Loss: 0.0778
[03:40:29] {train_network.py:326} INFO - Validating...
[03:40:32] {train_network.py:329} INFO - 74/89 = 0.831461
[03:40:32] {train_network.py:317} INFO - Beginning Epoch 45
[03:40:50] {train_network.py:175} INFO - Epoch: 45, Batch: 100, Loss: 0.0351
[03:41:08] {train_network.py:175} INFO - Epoch: 45, Batch: 200, Loss: 0.0502
[03:41:26] {train_network.py:175} INFO - Epoch: 45, Batch: 300, Loss: 0.0824
[03:41:45] {train_network.py:175} INFO - Epoch: 45, Batch: 400, Loss: 0.0485
[03:42:03] {train_network.py:175} INFO - Epoch: 45, Batch: 500, Loss: 0.0376
[03:42:21] {train_network.py:175} INFO - Epoch: 45, Batch: 600, Loss: 0.1092
[03:42:40] {train_network.py:175} INFO - Epoch: 45, Batch: 700, Loss: 0.0497
[03:42:58] {train_network.py:175} INFO - Epoch: 45, Batch: 800, Loss: 0.0986
[03:43:16] {train_network.py:175} INFO - Epoch: 45, Batch: 900, Loss: 0.0624
[03:43:36] {train_network.py:326} INFO - Validating...
[03:43:39] {train_network.py:329} INFO - 77/89 = 0.865169
[03:43:39] {train_network.py:317} INFO - Beginning Epoch 46
[03:43:57] {train_network.py:175} INFO - Epoch: 46, Batch: 100, Loss: 0.0487
[03:44:15] {train_network.py:175} INFO - Epoch: 46, Batch: 200, Loss: 0.0179
[03:44:33] {train_network.py:175} INFO - Epoch: 46, Batch: 300, Loss: 0.0725
[03:44:52] {train_network.py:175} INFO - Epoch: 46, Batch: 400, Loss: 0.0338
[03:45:10] {train_network.py:175} INFO - Epoch: 46, Batch: 500, Loss: 0.0442
[03:45:29] {train_network.py:175} INFO - Epoch: 46, Batch: 600, Loss: 0.0313
[03:45:47] {train_network.py:175} INFO - Epoch: 46, Batch: 700, Loss: 0.0254
[03:46:06] {train_network.py:175} INFO - Epoch: 46, Batch: 800, Loss: 0.0459
[03:46:24] {train_network.py:175} INFO - Epoch: 46, Batch: 900, Loss: 0.0254
[03:46:44] {train_network.py:326} INFO - Validating...
[03:46:47] {train_network.py:329} INFO - 80/89 = 0.898876
[03:46:47] {train_network.py:317} INFO - Beginning Epoch 47
[03:47:05] {train_network.py:175} INFO - Epoch: 47, Batch: 100, Loss: 0.0984
[03:47:23] {train_network.py:175} INFO - Epoch: 47, Batch: 200, Loss: 0.0237
[03:47:42] {train_network.py:175} INFO - Epoch: 47, Batch: 300, Loss: 0.0622
[03:48:00] {train_network.py:175} INFO - Epoch: 47, Batch: 400, Loss: 0.0359
[03:48:18] {train_network.py:175} INFO - Epoch: 47, Batch: 500, Loss: 0.0530
[03:48:36] {train_network.py:175} INFO - Epoch: 47, Batch: 600, Loss: 0.0567
[03:48:55] {train_network.py:175} INFO - Epoch: 47, Batch: 700, Loss: 0.0264
[03:49:13] {train_network.py:175} INFO - Epoch: 47, Batch: 800, Loss: 0.0597
[03:49:31] {train_network.py:175} INFO - Epoch: 47, Batch: 900, Loss: 0.0583
[03:49:51] {train_network.py:326} INFO - Validating...
[03:49:54] {train_network.py:329} INFO - 82/89 = 0.921348
[03:49:54] {train_network.py:317} INFO - Beginning Epoch 48
[03:50:13] {train_network.py:175} INFO - Epoch: 48, Batch: 100, Loss: 0.0431
[03:50:31] {train_network.py:175} INFO - Epoch: 48, Batch: 200, Loss: 0.0928
[03:50:49] {train_network.py:175} INFO - Epoch: 48, Batch: 300, Loss: 0.0629
[03:51:08] {train_network.py:175} INFO - Epoch: 48, Batch: 400, Loss: 0.0323
[03:51:26] {train_network.py:175} INFO - Epoch: 48, Batch: 500, Loss: 0.0749
[03:51:44] {train_network.py:175} INFO - Epoch: 48, Batch: 600, Loss: 0.0663
[03:52:03] {train_network.py:175} INFO - Epoch: 48, Batch: 700, Loss: 0.0364
[03:52:21] {train_network.py:175} INFO - Epoch: 48, Batch: 800, Loss: 0.0244
[03:52:39] {train_network.py:175} INFO - Epoch: 48, Batch: 900, Loss: 0.0391
[03:52:59] {train_network.py:326} INFO - Validating...
[03:53:03] {train_network.py:329} INFO - 81/89 = 0.910112
[03:53:03] {train_network.py:317} INFO - Beginning Epoch 49
[03:53:21] {train_network.py:175} INFO - Epoch: 49, Batch: 100, Loss: 0.0624
[03:53:39] {train_network.py:175} INFO - Epoch: 49, Batch: 200, Loss: 0.0319
[03:53:57] {train_network.py:175} INFO - Epoch: 49, Batch: 300, Loss: 0.0524
[03:54:16] {train_network.py:175} INFO - Epoch: 49, Batch: 400, Loss: 0.0317
[03:54:34] {train_network.py:175} INFO - Epoch: 49, Batch: 500, Loss: 0.0422
[03:54:52] {train_network.py:175} INFO - Epoch: 49, Batch: 600, Loss: 0.0870
[03:55:11] {train_network.py:175} INFO - Epoch: 49, Batch: 700, Loss: 0.0271
[03:55:29] {train_network.py:175} INFO - Epoch: 49, Batch: 800, Loss: 0.0173
[03:55:47] {train_network.py:175} INFO - Epoch: 49, Batch: 900, Loss: 0.0309
[03:56:07] {train_network.py:326} INFO - Validating...
[03:56:10] {train_network.py:329} INFO - 74/89 = 0.831461
