[14:29:35] {/workspace/KIidP-Gruppe-4/hardware/device.py:11} INFO - CUDA detected. Running with GPU acceleration.
[14:29:35] {train_network.py:247} INFO - Loading Cornell Dataset...
[14:29:35] {train_network.py:256} INFO - Dataset size is 885
[14:29:35] {train_network.py:265} INFO - Training size: 796
[14:29:35] {train_network.py:266} INFO - Validation size: 89
[14:29:35] {train_network.py:284} INFO - Done
[14:29:35] {train_network.py:287} INFO - Loading Network...
[14:29:36] {train_network.py:298} INFO - Done
[14:29:36] {train_network.py:317} INFO - Beginning Epoch 00
[14:29:52] {train_network.py:175} INFO - Epoch: 0, Batch: 100, Loss: 0.2582
[14:30:07] {train_network.py:175} INFO - Epoch: 0, Batch: 200, Loss: 0.1040
[14:30:22] {train_network.py:175} INFO - Epoch: 0, Batch: 300, Loss: 0.0914
[14:30:37] {train_network.py:175} INFO - Epoch: 0, Batch: 400, Loss: 0.0618
[14:30:53] {train_network.py:175} INFO - Epoch: 0, Batch: 500, Loss: 0.0831
[14:31:08] {train_network.py:175} INFO - Epoch: 0, Batch: 600, Loss: 0.1088
[14:31:23] {train_network.py:175} INFO - Epoch: 0, Batch: 700, Loss: 0.0674
[14:31:38] {train_network.py:175} INFO - Epoch: 0, Batch: 800, Loss: 0.0796
[14:31:53] {train_network.py:175} INFO - Epoch: 0, Batch: 900, Loss: 0.1284
[14:32:10] {train_network.py:326} INFO - Validating...
[14:32:13] {train_network.py:329} INFO - 41/89 = 0.460674
[14:32:13] {train_network.py:317} INFO - Beginning Epoch 01
[14:32:28] {train_network.py:175} INFO - Epoch: 1, Batch: 100, Loss: 0.0638
[14:32:43] {train_network.py:175} INFO - Epoch: 1, Batch: 200, Loss: 0.1185
[14:32:58] {train_network.py:175} INFO - Epoch: 1, Batch: 300, Loss: 0.0368
[14:33:14] {train_network.py:175} INFO - Epoch: 1, Batch: 400, Loss: 0.1825
[14:33:29] {train_network.py:175} INFO - Epoch: 1, Batch: 500, Loss: 0.0760
[14:33:44] {train_network.py:175} INFO - Epoch: 1, Batch: 600, Loss: 0.0692
[14:33:59] {train_network.py:175} INFO - Epoch: 1, Batch: 700, Loss: 0.1591
[14:34:15] {train_network.py:175} INFO - Epoch: 1, Batch: 800, Loss: 0.1125
[14:34:30] {train_network.py:175} INFO - Epoch: 1, Batch: 900, Loss: 0.0984
[14:34:47] {train_network.py:326} INFO - Validating...
[14:34:49] {train_network.py:329} INFO - 40/89 = 0.449438
[14:34:49] {train_network.py:317} INFO - Beginning Epoch 02
[14:35:04] {train_network.py:175} INFO - Epoch: 2, Batch: 100, Loss: 0.0632
[14:35:20] {train_network.py:175} INFO - Epoch: 2, Batch: 200, Loss: 0.0990
[14:35:35] {train_network.py:175} INFO - Epoch: 2, Batch: 300, Loss: 0.0730
[14:35:50] {train_network.py:175} INFO - Epoch: 2, Batch: 400, Loss: 0.0703
[14:36:05] {train_network.py:175} INFO - Epoch: 2, Batch: 500, Loss: 0.0613
[14:36:20] {train_network.py:175} INFO - Epoch: 2, Batch: 600, Loss: 0.0449
[14:36:36] {train_network.py:175} INFO - Epoch: 2, Batch: 700, Loss: 0.0522
[14:36:51] {train_network.py:175} INFO - Epoch: 2, Batch: 800, Loss: 0.1084
[14:37:06] {train_network.py:175} INFO - Epoch: 2, Batch: 900, Loss: 0.2077
[14:37:23] {train_network.py:326} INFO - Validating...
[14:37:25] {train_network.py:329} INFO - 49/89 = 0.550562
[14:37:25] {train_network.py:317} INFO - Beginning Epoch 03
[14:37:40] {train_network.py:175} INFO - Epoch: 3, Batch: 100, Loss: 0.0752
[14:37:56] {train_network.py:175} INFO - Epoch: 3, Batch: 200, Loss: 0.0877
[14:38:11] {train_network.py:175} INFO - Epoch: 3, Batch: 300, Loss: 0.0704
[14:38:26] {train_network.py:175} INFO - Epoch: 3, Batch: 400, Loss: 0.0895
[14:38:41] {train_network.py:175} INFO - Epoch: 3, Batch: 500, Loss: 0.0986
[14:38:57] {train_network.py:175} INFO - Epoch: 3, Batch: 600, Loss: 0.0458
[14:39:12] {train_network.py:175} INFO - Epoch: 3, Batch: 700, Loss: 0.0742
[14:39:27] {train_network.py:175} INFO - Epoch: 3, Batch: 800, Loss: 0.0923
[14:39:42] {train_network.py:175} INFO - Epoch: 3, Batch: 900, Loss: 0.1347
[14:39:59] {train_network.py:326} INFO - Validating...
[14:40:01] {train_network.py:329} INFO - 47/89 = 0.528090
[14:40:01] {train_network.py:317} INFO - Beginning Epoch 04
[14:40:17] {train_network.py:175} INFO - Epoch: 4, Batch: 100, Loss: 0.0551
[14:40:32] {train_network.py:175} INFO - Epoch: 4, Batch: 200, Loss: 0.1115
[14:40:47] {train_network.py:175} INFO - Epoch: 4, Batch: 300, Loss: 0.0489
[14:41:02] {train_network.py:175} INFO - Epoch: 4, Batch: 400, Loss: 0.0709
[14:41:17] {train_network.py:175} INFO - Epoch: 4, Batch: 500, Loss: 0.0852
[14:41:33] {train_network.py:175} INFO - Epoch: 4, Batch: 600, Loss: 0.1980
[14:41:48] {train_network.py:175} INFO - Epoch: 4, Batch: 700, Loss: 0.1817
[14:42:03] {train_network.py:175} INFO - Epoch: 4, Batch: 800, Loss: 0.0655
[14:42:18] {train_network.py:175} INFO - Epoch: 4, Batch: 900, Loss: 0.0587
[14:42:35] {train_network.py:326} INFO - Validating...
[14:42:38] {train_network.py:329} INFO - 61/89 = 0.685393
[14:42:38] {train_network.py:317} INFO - Beginning Epoch 05
[14:42:53] {train_network.py:175} INFO - Epoch: 5, Batch: 100, Loss: 0.0573
[14:43:08] {train_network.py:175} INFO - Epoch: 5, Batch: 200, Loss: 0.1689
[14:43:24] {train_network.py:175} INFO - Epoch: 5, Batch: 300, Loss: 0.1514
[14:43:39] {train_network.py:175} INFO - Epoch: 5, Batch: 400, Loss: 0.0548
[14:43:54] {train_network.py:175} INFO - Epoch: 5, Batch: 500, Loss: 0.0895
[14:44:09] {train_network.py:175} INFO - Epoch: 5, Batch: 600, Loss: 0.0689
[14:44:24] {train_network.py:175} INFO - Epoch: 5, Batch: 700, Loss: 0.0658
[14:44:40] {train_network.py:175} INFO - Epoch: 5, Batch: 800, Loss: 0.0228
[14:44:55] {train_network.py:175} INFO - Epoch: 5, Batch: 900, Loss: 0.0862
[14:45:11] {train_network.py:326} INFO - Validating...
[14:45:14] {train_network.py:329} INFO - 65/89 = 0.730337
[14:45:14] {train_network.py:317} INFO - Beginning Epoch 06
[14:45:29] {train_network.py:175} INFO - Epoch: 6, Batch: 100, Loss: 0.0664
[14:45:44] {train_network.py:175} INFO - Epoch: 6, Batch: 200, Loss: 0.0354
[14:45:59] {train_network.py:175} INFO - Epoch: 6, Batch: 300, Loss: 0.0627
[14:46:15] {train_network.py:175} INFO - Epoch: 6, Batch: 400, Loss: 0.0302
[14:46:30] {train_network.py:175} INFO - Epoch: 6, Batch: 500, Loss: 0.0712
[14:46:45] {train_network.py:175} INFO - Epoch: 6, Batch: 600, Loss: 0.1703
[14:47:00] {train_network.py:175} INFO - Epoch: 6, Batch: 700, Loss: 0.0944
[14:47:15] {train_network.py:175} INFO - Epoch: 6, Batch: 800, Loss: 0.0410
[14:47:31] {train_network.py:175} INFO - Epoch: 6, Batch: 900, Loss: 0.1011
[14:47:47] {train_network.py:326} INFO - Validating...
[14:47:50] {train_network.py:329} INFO - 71/89 = 0.797753
[14:47:50] {train_network.py:317} INFO - Beginning Epoch 07
[14:48:05] {train_network.py:175} INFO - Epoch: 7, Batch: 100, Loss: 0.0436
[14:48:20] {train_network.py:175} INFO - Epoch: 7, Batch: 200, Loss: 0.1203
[14:48:36] {train_network.py:175} INFO - Epoch: 7, Batch: 300, Loss: 0.1499
[14:48:51] {train_network.py:175} INFO - Epoch: 7, Batch: 400, Loss: 0.0354
[14:49:06] {train_network.py:175} INFO - Epoch: 7, Batch: 500, Loss: 0.0302
[14:49:21] {train_network.py:175} INFO - Epoch: 7, Batch: 600, Loss: 0.1000
[14:49:36] {train_network.py:175} INFO - Epoch: 7, Batch: 700, Loss: 0.1097
[14:49:51] {train_network.py:175} INFO - Epoch: 7, Batch: 800, Loss: 0.0521
[14:50:06] {train_network.py:175} INFO - Epoch: 7, Batch: 900, Loss: 0.0811
[14:50:23] {train_network.py:326} INFO - Validating...
[14:50:26] {train_network.py:329} INFO - 74/89 = 0.831461
[14:50:26] {train_network.py:317} INFO - Beginning Epoch 08
[14:50:41] {train_network.py:175} INFO - Epoch: 8, Batch: 100, Loss: 0.0750
[14:50:56] {train_network.py:175} INFO - Epoch: 8, Batch: 200, Loss: 0.0806
[14:51:11] {train_network.py:175} INFO - Epoch: 8, Batch: 300, Loss: 0.0817
[14:51:26] {train_network.py:175} INFO - Epoch: 8, Batch: 400, Loss: 0.0865
[14:51:42] {train_network.py:175} INFO - Epoch: 8, Batch: 500, Loss: 0.1213
[14:51:57] {train_network.py:175} INFO - Epoch: 8, Batch: 600, Loss: 0.0674
[14:52:12] {train_network.py:175} INFO - Epoch: 8, Batch: 700, Loss: 0.0811
[14:52:27] {train_network.py:175} INFO - Epoch: 8, Batch: 800, Loss: 0.0366
[14:52:42] {train_network.py:175} INFO - Epoch: 8, Batch: 900, Loss: 0.0727
[14:52:59] {train_network.py:326} INFO - Validating...
[14:53:02] {train_network.py:329} INFO - 67/89 = 0.752809
[14:53:02] {train_network.py:317} INFO - Beginning Epoch 09
[14:53:17] {train_network.py:175} INFO - Epoch: 9, Batch: 100, Loss: 0.0314
[14:53:33] {train_network.py:175} INFO - Epoch: 9, Batch: 200, Loss: 0.0855
[14:53:48] {train_network.py:175} INFO - Epoch: 9, Batch: 300, Loss: 0.0844
[14:54:03] {train_network.py:175} INFO - Epoch: 9, Batch: 400, Loss: 0.0675
[14:54:18] {train_network.py:175} INFO - Epoch: 9, Batch: 500, Loss: 0.0416
[14:54:33] {train_network.py:175} INFO - Epoch: 9, Batch: 600, Loss: 0.1454
[14:54:49] {train_network.py:175} INFO - Epoch: 9, Batch: 700, Loss: 0.0171
[14:55:04] {train_network.py:175} INFO - Epoch: 9, Batch: 800, Loss: 0.0659
[14:55:19] {train_network.py:175} INFO - Epoch: 9, Batch: 900, Loss: 0.0641
[14:55:35] {train_network.py:326} INFO - Validating...
[14:55:38] {train_network.py:329} INFO - 72/89 = 0.808989
[14:55:38] {train_network.py:317} INFO - Beginning Epoch 10
[14:55:53] {train_network.py:175} INFO - Epoch: 10, Batch: 100, Loss: 0.1019
[14:56:08] {train_network.py:175} INFO - Epoch: 10, Batch: 200, Loss: 0.0989
[14:56:24] {train_network.py:175} INFO - Epoch: 10, Batch: 300, Loss: 0.0791
[14:56:39] {train_network.py:175} INFO - Epoch: 10, Batch: 400, Loss: 0.0174
[14:56:54] {train_network.py:175} INFO - Epoch: 10, Batch: 500, Loss: 0.0361
[14:57:09] {train_network.py:175} INFO - Epoch: 10, Batch: 600, Loss: 0.0447
[14:57:25] {train_network.py:175} INFO - Epoch: 10, Batch: 700, Loss: 0.1231
[14:57:40] {train_network.py:175} INFO - Epoch: 10, Batch: 800, Loss: 0.0453
[14:57:55] {train_network.py:175} INFO - Epoch: 10, Batch: 900, Loss: 0.0642
[14:58:11] {train_network.py:326} INFO - Validating...
[14:58:14] {train_network.py:329} INFO - 78/89 = 0.876404
[14:58:14] {train_network.py:317} INFO - Beginning Epoch 11
[14:58:30] {train_network.py:175} INFO - Epoch: 11, Batch: 100, Loss: 0.1393
[14:58:45] {train_network.py:175} INFO - Epoch: 11, Batch: 200, Loss: 0.0448
[14:59:00] {train_network.py:175} INFO - Epoch: 11, Batch: 300, Loss: 0.0390
[14:59:15] {train_network.py:175} INFO - Epoch: 11, Batch: 400, Loss: 0.1073
[14:59:30] {train_network.py:175} INFO - Epoch: 11, Batch: 500, Loss: 0.1379
[14:59:46] {train_network.py:175} INFO - Epoch: 11, Batch: 600, Loss: 0.0710
[15:00:01] {train_network.py:175} INFO - Epoch: 11, Batch: 700, Loss: 0.0689
[15:00:16] {train_network.py:175} INFO - Epoch: 11, Batch: 800, Loss: 0.0461
[15:00:31] {train_network.py:175} INFO - Epoch: 11, Batch: 900, Loss: 0.0442
[15:00:48] {train_network.py:326} INFO - Validating...
[15:00:51] {train_network.py:329} INFO - 64/89 = 0.719101
[15:00:51] {train_network.py:317} INFO - Beginning Epoch 12
[15:01:06] {train_network.py:175} INFO - Epoch: 12, Batch: 100, Loss: 0.0409
[15:01:21] {train_network.py:175} INFO - Epoch: 12, Batch: 200, Loss: 0.0819
[15:01:36] {train_network.py:175} INFO - Epoch: 12, Batch: 300, Loss: 0.0180
[15:01:51] {train_network.py:175} INFO - Epoch: 12, Batch: 400, Loss: 0.0908
[15:02:06] {train_network.py:175} INFO - Epoch: 12, Batch: 500, Loss: 0.0674
[15:02:21] {train_network.py:175} INFO - Epoch: 12, Batch: 600, Loss: 0.0782
[15:02:37] {train_network.py:175} INFO - Epoch: 12, Batch: 700, Loss: 0.0707
[15:02:52] {train_network.py:175} INFO - Epoch: 12, Batch: 800, Loss: 0.0482
[15:03:07] {train_network.py:175} INFO - Epoch: 12, Batch: 900, Loss: 0.0216
[15:03:23] {train_network.py:326} INFO - Validating...
[15:03:26] {train_network.py:329} INFO - 74/89 = 0.831461
[15:03:26] {train_network.py:317} INFO - Beginning Epoch 13
[15:03:41] {train_network.py:175} INFO - Epoch: 13, Batch: 100, Loss: 0.0627
[15:03:56] {train_network.py:175} INFO - Epoch: 13, Batch: 200, Loss: 0.0273
[15:04:11] {train_network.py:175} INFO - Epoch: 13, Batch: 300, Loss: 0.1480
[15:04:26] {train_network.py:175} INFO - Epoch: 13, Batch: 400, Loss: 0.0847
[15:04:42] {train_network.py:175} INFO - Epoch: 13, Batch: 500, Loss: 0.0799
[15:04:57] {train_network.py:175} INFO - Epoch: 13, Batch: 600, Loss: 0.0797
[15:05:12] {train_network.py:175} INFO - Epoch: 13, Batch: 700, Loss: 0.1213
[15:05:27] {train_network.py:175} INFO - Epoch: 13, Batch: 800, Loss: 0.0986
[15:05:42] {train_network.py:175} INFO - Epoch: 13, Batch: 900, Loss: 0.0528
[15:05:59] {train_network.py:326} INFO - Validating...
[15:06:02] {train_network.py:329} INFO - 72/89 = 0.808989
[15:06:02] {train_network.py:317} INFO - Beginning Epoch 14
[15:06:16] {train_network.py:175} INFO - Epoch: 14, Batch: 100, Loss: 0.0471
[15:06:32] {train_network.py:175} INFO - Epoch: 14, Batch: 200, Loss: 0.0690
[15:06:47] {train_network.py:175} INFO - Epoch: 14, Batch: 300, Loss: 0.0403
[15:07:02] {train_network.py:175} INFO - Epoch: 14, Batch: 400, Loss: 0.0948
[15:07:17] {train_network.py:175} INFO - Epoch: 14, Batch: 500, Loss: 0.0235
[15:07:33] {train_network.py:175} INFO - Epoch: 14, Batch: 600, Loss: 0.0914
[15:07:48] {train_network.py:175} INFO - Epoch: 14, Batch: 700, Loss: 0.0417
[15:08:03] {train_network.py:175} INFO - Epoch: 14, Batch: 800, Loss: 0.0638
[15:08:18] {train_network.py:175} INFO - Epoch: 14, Batch: 900, Loss: 0.1141
[15:08:35] {train_network.py:326} INFO - Validating...
[15:08:38] {train_network.py:329} INFO - 76/89 = 0.853933
[15:08:38] {train_network.py:317} INFO - Beginning Epoch 15
[15:08:53] {train_network.py:175} INFO - Epoch: 15, Batch: 100, Loss: 0.0351
[15:09:08] {train_network.py:175} INFO - Epoch: 15, Batch: 200, Loss: 0.0578
[15:09:24] {train_network.py:175} INFO - Epoch: 15, Batch: 300, Loss: 0.0819
[15:09:39] {train_network.py:175} INFO - Epoch: 15, Batch: 400, Loss: 0.1017
[15:09:54] {train_network.py:175} INFO - Epoch: 15, Batch: 500, Loss: 0.0716
[15:10:09] {train_network.py:175} INFO - Epoch: 15, Batch: 600, Loss: 0.0517
[15:10:24] {train_network.py:175} INFO - Epoch: 15, Batch: 700, Loss: 0.0715
[15:10:39] {train_network.py:175} INFO - Epoch: 15, Batch: 800, Loss: 0.1326
[15:10:54] {train_network.py:175} INFO - Epoch: 15, Batch: 900, Loss: 0.0825
[15:11:11] {train_network.py:326} INFO - Validating...
[15:11:14] {train_network.py:329} INFO - 73/89 = 0.820225
[15:11:14] {train_network.py:317} INFO - Beginning Epoch 16
[15:11:29] {train_network.py:175} INFO - Epoch: 16, Batch: 100, Loss: 0.0416
[15:11:44] {train_network.py:175} INFO - Epoch: 16, Batch: 200, Loss: 0.0676
[15:11:59] {train_network.py:175} INFO - Epoch: 16, Batch: 300, Loss: 0.0535
[15:12:14] {train_network.py:175} INFO - Epoch: 16, Batch: 400, Loss: 0.0682
[15:12:30] {train_network.py:175} INFO - Epoch: 16, Batch: 500, Loss: 0.0629
[15:12:45] {train_network.py:175} INFO - Epoch: 16, Batch: 600, Loss: 0.0808
[15:13:00] {train_network.py:175} INFO - Epoch: 16, Batch: 700, Loss: 0.0467
[15:13:15] {train_network.py:175} INFO - Epoch: 16, Batch: 800, Loss: 0.1195
[15:13:30] {train_network.py:175} INFO - Epoch: 16, Batch: 900, Loss: 0.0823
[15:13:47] {train_network.py:326} INFO - Validating...
[15:13:50] {train_network.py:329} INFO - 73/89 = 0.820225
[15:13:50] {train_network.py:317} INFO - Beginning Epoch 17
[15:14:05] {train_network.py:175} INFO - Epoch: 17, Batch: 100, Loss: 0.0479
[15:14:20] {train_network.py:175} INFO - Epoch: 17, Batch: 200, Loss: 0.0430
[15:14:35] {train_network.py:175} INFO - Epoch: 17, Batch: 300, Loss: 0.0916
[15:14:50] {train_network.py:175} INFO - Epoch: 17, Batch: 400, Loss: 0.0540
[15:15:05] {train_network.py:175} INFO - Epoch: 17, Batch: 500, Loss: 0.1204
[15:15:21] {train_network.py:175} INFO - Epoch: 17, Batch: 600, Loss: 0.0470
[15:15:36] {train_network.py:175} INFO - Epoch: 17, Batch: 700, Loss: 0.0919
[15:15:51] {train_network.py:175} INFO - Epoch: 17, Batch: 800, Loss: 0.0744
[15:16:06] {train_network.py:175} INFO - Epoch: 17, Batch: 900, Loss: 0.0454
[15:16:23] {train_network.py:326} INFO - Validating...
[15:16:25] {train_network.py:329} INFO - 79/89 = 0.887640
[15:16:25] {train_network.py:317} INFO - Beginning Epoch 18
[15:16:41] {train_network.py:175} INFO - Epoch: 18, Batch: 100, Loss: 0.0292
[15:16:56] {train_network.py:175} INFO - Epoch: 18, Batch: 200, Loss: 0.0520
[15:17:11] {train_network.py:175} INFO - Epoch: 18, Batch: 300, Loss: 0.1153
[15:17:26] {train_network.py:175} INFO - Epoch: 18, Batch: 400, Loss: 0.0248
[15:17:41] {train_network.py:175} INFO - Epoch: 18, Batch: 500, Loss: 0.0726
[15:17:56] {train_network.py:175} INFO - Epoch: 18, Batch: 600, Loss: 0.0321
[15:18:12] {train_network.py:175} INFO - Epoch: 18, Batch: 700, Loss: 0.1255
[15:18:27] {train_network.py:175} INFO - Epoch: 18, Batch: 800, Loss: 0.0749
[15:18:42] {train_network.py:175} INFO - Epoch: 18, Batch: 900, Loss: 0.0297
[15:18:59] {train_network.py:326} INFO - Validating...
[15:19:02] {train_network.py:329} INFO - 75/89 = 0.842697
[15:19:02] {train_network.py:317} INFO - Beginning Epoch 19
[15:19:17] {train_network.py:175} INFO - Epoch: 19, Batch: 100, Loss: 0.1227
[15:19:32] {train_network.py:175} INFO - Epoch: 19, Batch: 200, Loss: 0.0662
[15:19:47] {train_network.py:175} INFO - Epoch: 19, Batch: 300, Loss: 0.0673
[15:20:02] {train_network.py:175} INFO - Epoch: 19, Batch: 400, Loss: 0.0694
[15:20:18] {train_network.py:175} INFO - Epoch: 19, Batch: 500, Loss: 0.0823
[15:20:33] {train_network.py:175} INFO - Epoch: 19, Batch: 600, Loss: 0.0542
[15:20:48] {train_network.py:175} INFO - Epoch: 19, Batch: 700, Loss: 0.1231
[15:21:03] {train_network.py:175} INFO - Epoch: 19, Batch: 800, Loss: 0.0506
[15:21:19] {train_network.py:175} INFO - Epoch: 19, Batch: 900, Loss: 0.0338
[15:21:36] {train_network.py:326} INFO - Validating...
[15:21:39] {train_network.py:329} INFO - 81/89 = 0.910112
[15:21:39] {train_network.py:317} INFO - Beginning Epoch 20
[15:21:55] {train_network.py:175} INFO - Epoch: 20, Batch: 100, Loss: 0.1293
[15:22:10] {train_network.py:175} INFO - Epoch: 20, Batch: 200, Loss: 0.0303
[15:22:26] {train_network.py:175} INFO - Epoch: 20, Batch: 300, Loss: 0.0913
[15:22:42] {train_network.py:175} INFO - Epoch: 20, Batch: 400, Loss: 0.0591
[15:22:58] {train_network.py:175} INFO - Epoch: 20, Batch: 500, Loss: 0.0507
[15:23:14] {train_network.py:175} INFO - Epoch: 20, Batch: 600, Loss: 0.0884
[15:23:29] {train_network.py:175} INFO - Epoch: 20, Batch: 700, Loss: 0.0722
[15:23:44] {train_network.py:175} INFO - Epoch: 20, Batch: 800, Loss: 0.0786
[15:24:00] {train_network.py:175} INFO - Epoch: 20, Batch: 900, Loss: 0.0915
[15:24:18] {train_network.py:326} INFO - Validating...
[15:24:20] {train_network.py:329} INFO - 71/89 = 0.797753
[15:24:20] {train_network.py:317} INFO - Beginning Epoch 21
[15:24:36] {train_network.py:175} INFO - Epoch: 21, Batch: 100, Loss: 0.0550
[15:24:52] {train_network.py:175} INFO - Epoch: 21, Batch: 200, Loss: 0.0314
[15:25:09] {train_network.py:175} INFO - Epoch: 21, Batch: 300, Loss: 0.0619
[15:25:25] {train_network.py:175} INFO - Epoch: 21, Batch: 400, Loss: 0.0465
[15:25:41] {train_network.py:175} INFO - Epoch: 21, Batch: 500, Loss: 0.0561
[15:25:56] {train_network.py:175} INFO - Epoch: 21, Batch: 600, Loss: 0.0634
[15:26:12] {train_network.py:175} INFO - Epoch: 21, Batch: 700, Loss: 0.0515
[15:26:27] {train_network.py:175} INFO - Epoch: 21, Batch: 800, Loss: 0.0382
[15:26:42] {train_network.py:175} INFO - Epoch: 21, Batch: 900, Loss: 0.1044
[15:26:59] {train_network.py:326} INFO - Validating...
[15:27:01] {train_network.py:329} INFO - 65/89 = 0.730337
[15:27:01] {train_network.py:317} INFO - Beginning Epoch 22
[15:27:16] {train_network.py:175} INFO - Epoch: 22, Batch: 100, Loss: 0.0616
[15:27:32] {train_network.py:175} INFO - Epoch: 22, Batch: 200, Loss: 0.1767
[15:27:47] {train_network.py:175} INFO - Epoch: 22, Batch: 300, Loss: 0.0190
[15:28:02] {train_network.py:175} INFO - Epoch: 22, Batch: 400, Loss: 0.0287
[15:28:17] {train_network.py:175} INFO - Epoch: 22, Batch: 500, Loss: 0.0661
[15:28:32] {train_network.py:175} INFO - Epoch: 22, Batch: 600, Loss: 0.0537
[15:28:48] {train_network.py:175} INFO - Epoch: 22, Batch: 700, Loss: 0.1449
[15:29:03] {train_network.py:175} INFO - Epoch: 22, Batch: 800, Loss: 0.0150
[15:29:18] {train_network.py:175} INFO - Epoch: 22, Batch: 900, Loss: 0.0702
[15:29:35] {train_network.py:326} INFO - Validating...
[15:29:38] {train_network.py:329} INFO - 78/89 = 0.876404
[15:29:38] {train_network.py:317} INFO - Beginning Epoch 23
[15:29:53] {train_network.py:175} INFO - Epoch: 23, Batch: 100, Loss: 0.0445
[15:30:09] {train_network.py:175} INFO - Epoch: 23, Batch: 200, Loss: 0.0591
[15:30:24] {train_network.py:175} INFO - Epoch: 23, Batch: 300, Loss: 0.0630
[15:30:39] {train_network.py:175} INFO - Epoch: 23, Batch: 400, Loss: 0.0462
[15:30:54] {train_network.py:175} INFO - Epoch: 23, Batch: 500, Loss: 0.0281
[15:31:10] {train_network.py:175} INFO - Epoch: 23, Batch: 600, Loss: 0.0553
[15:31:25] {train_network.py:175} INFO - Epoch: 23, Batch: 700, Loss: 0.0746
[15:31:40] {train_network.py:175} INFO - Epoch: 23, Batch: 800, Loss: 0.1167
[15:31:56] {train_network.py:175} INFO - Epoch: 23, Batch: 900, Loss: 0.1144
[15:32:12] {train_network.py:326} INFO - Validating...
[15:32:15] {train_network.py:329} INFO - 78/89 = 0.876404
[15:32:15] {train_network.py:317} INFO - Beginning Epoch 24
[15:32:30] {train_network.py:175} INFO - Epoch: 24, Batch: 100, Loss: 0.0863
[15:32:46] {train_network.py:175} INFO - Epoch: 24, Batch: 200, Loss: 0.1072
[15:33:01] {train_network.py:175} INFO - Epoch: 24, Batch: 300, Loss: 0.0430
[15:33:16] {train_network.py:175} INFO - Epoch: 24, Batch: 400, Loss: 0.0271
[15:33:31] {train_network.py:175} INFO - Epoch: 24, Batch: 500, Loss: 0.0784
[15:33:46] {train_network.py:175} INFO - Epoch: 24, Batch: 600, Loss: 0.0585
[15:34:01] {train_network.py:175} INFO - Epoch: 24, Batch: 700, Loss: 0.0322
[15:34:16] {train_network.py:175} INFO - Epoch: 24, Batch: 800, Loss: 0.0363
[15:34:31] {train_network.py:175} INFO - Epoch: 24, Batch: 900, Loss: 0.0867
[15:34:49] {train_network.py:326} INFO - Validating...
[15:34:51] {train_network.py:329} INFO - 79/89 = 0.887640
[15:34:51] {train_network.py:317} INFO - Beginning Epoch 25
[15:35:06] {train_network.py:175} INFO - Epoch: 25, Batch: 100, Loss: 0.0697
[15:35:21] {train_network.py:175} INFO - Epoch: 25, Batch: 200, Loss: 0.0336
[15:35:37] {train_network.py:175} INFO - Epoch: 25, Batch: 300, Loss: 0.1457
[15:35:52] {train_network.py:175} INFO - Epoch: 25, Batch: 400, Loss: 0.0527
[15:36:07] {train_network.py:175} INFO - Epoch: 25, Batch: 500, Loss: 0.0675
[15:36:22] {train_network.py:175} INFO - Epoch: 25, Batch: 600, Loss: 0.0518
[15:36:38] {train_network.py:175} INFO - Epoch: 25, Batch: 700, Loss: 0.0634
[15:36:53] {train_network.py:175} INFO - Epoch: 25, Batch: 800, Loss: 0.0755
[15:37:08] {train_network.py:175} INFO - Epoch: 25, Batch: 900, Loss: 0.0547
[15:37:24] {train_network.py:326} INFO - Validating...
[15:37:27] {train_network.py:329} INFO - 78/89 = 0.876404
[15:37:27] {train_network.py:317} INFO - Beginning Epoch 26
[15:37:43] {train_network.py:175} INFO - Epoch: 26, Batch: 100, Loss: 0.0739
[15:37:58] {train_network.py:175} INFO - Epoch: 26, Batch: 200, Loss: 0.0745
[15:38:13] {train_network.py:175} INFO - Epoch: 26, Batch: 300, Loss: 0.1020
[15:38:28] {train_network.py:175} INFO - Epoch: 26, Batch: 400, Loss: 0.0749
[15:38:44] {train_network.py:175} INFO - Epoch: 26, Batch: 500, Loss: 0.0192
[15:38:59] {train_network.py:175} INFO - Epoch: 26, Batch: 600, Loss: 0.0723
[15:39:14] {train_network.py:175} INFO - Epoch: 26, Batch: 700, Loss: 0.1213
[15:39:29] {train_network.py:175} INFO - Epoch: 26, Batch: 800, Loss: 0.1066
[15:39:44] {train_network.py:175} INFO - Epoch: 26, Batch: 900, Loss: 0.0477
[15:40:01] {train_network.py:326} INFO - Validating...
[15:40:04] {train_network.py:329} INFO - 78/89 = 0.876404
[15:40:04] {train_network.py:317} INFO - Beginning Epoch 27
[15:40:19] {train_network.py:175} INFO - Epoch: 27, Batch: 100, Loss: 0.0667
[15:40:34] {train_network.py:175} INFO - Epoch: 27, Batch: 200, Loss: 0.0817
[15:40:49] {train_network.py:175} INFO - Epoch: 27, Batch: 300, Loss: 0.0589
[15:41:04] {train_network.py:175} INFO - Epoch: 27, Batch: 400, Loss: 0.0709
[15:41:19] {train_network.py:175} INFO - Epoch: 27, Batch: 500, Loss: 0.0930
[15:41:35] {train_network.py:175} INFO - Epoch: 27, Batch: 600, Loss: 0.1747
[15:41:50] {train_network.py:175} INFO - Epoch: 27, Batch: 700, Loss: 0.0521
[15:42:05] {train_network.py:175} INFO - Epoch: 27, Batch: 800, Loss: 0.0300
[15:42:20] {train_network.py:175} INFO - Epoch: 27, Batch: 900, Loss: 0.0338
[15:42:37] {train_network.py:326} INFO - Validating...
[15:42:40] {train_network.py:329} INFO - 79/89 = 0.887640
[15:42:40] {train_network.py:317} INFO - Beginning Epoch 28
[15:42:55] {train_network.py:175} INFO - Epoch: 28, Batch: 100, Loss: 0.0696
[15:43:10] {train_network.py:175} INFO - Epoch: 28, Batch: 200, Loss: 0.0649
[15:43:25] {train_network.py:175} INFO - Epoch: 28, Batch: 300, Loss: 0.0533
[15:43:41] {train_network.py:175} INFO - Epoch: 28, Batch: 400, Loss: 0.1006
[15:43:56] {train_network.py:175} INFO - Epoch: 28, Batch: 500, Loss: 0.0969
[15:44:11] {train_network.py:175} INFO - Epoch: 28, Batch: 600, Loss: 0.1143
[15:44:26] {train_network.py:175} INFO - Epoch: 28, Batch: 700, Loss: 0.0561
[15:44:42] {train_network.py:175} INFO - Epoch: 28, Batch: 800, Loss: 0.0841
[15:44:57] {train_network.py:175} INFO - Epoch: 28, Batch: 900, Loss: 0.0860
[15:45:13] {train_network.py:326} INFO - Validating...
[15:45:16] {train_network.py:329} INFO - 84/89 = 0.943820
[15:45:16] {train_network.py:317} INFO - Beginning Epoch 29
[15:45:31] {train_network.py:175} INFO - Epoch: 29, Batch: 100, Loss: 0.0328
[15:45:46] {train_network.py:175} INFO - Epoch: 29, Batch: 200, Loss: 0.0533
[15:46:02] {train_network.py:175} INFO - Epoch: 29, Batch: 300, Loss: 0.0418
[15:46:17] {train_network.py:175} INFO - Epoch: 29, Batch: 400, Loss: 0.0686
[15:46:32] {train_network.py:175} INFO - Epoch: 29, Batch: 500, Loss: 0.0315
[15:46:47] {train_network.py:175} INFO - Epoch: 29, Batch: 600, Loss: 0.0698
[15:47:02] {train_network.py:175} INFO - Epoch: 29, Batch: 700, Loss: 0.0417
[15:47:17] {train_network.py:175} INFO - Epoch: 29, Batch: 800, Loss: 0.1320
[15:47:32] {train_network.py:175} INFO - Epoch: 29, Batch: 900, Loss: 0.1540
[15:47:49] {train_network.py:326} INFO - Validating...
[15:47:52] {train_network.py:329} INFO - 81/89 = 0.910112
[15:47:52] {train_network.py:317} INFO - Beginning Epoch 30
[15:48:07] {train_network.py:175} INFO - Epoch: 30, Batch: 100, Loss: 0.0185
[15:48:22] {train_network.py:175} INFO - Epoch: 30, Batch: 200, Loss: 0.0518
[15:48:37] {train_network.py:175} INFO - Epoch: 30, Batch: 300, Loss: 0.0565
[15:48:53] {train_network.py:175} INFO - Epoch: 30, Batch: 400, Loss: 0.0454
[15:49:08] {train_network.py:175} INFO - Epoch: 30, Batch: 500, Loss: 0.0800
[15:49:23] {train_network.py:175} INFO - Epoch: 30, Batch: 600, Loss: 0.0776
[15:49:38] {train_network.py:175} INFO - Epoch: 30, Batch: 700, Loss: 0.0766
[15:49:53] {train_network.py:175} INFO - Epoch: 30, Batch: 800, Loss: 0.0739
[15:50:09] {train_network.py:175} INFO - Epoch: 30, Batch: 900, Loss: 0.0555
[15:50:25] {train_network.py:326} INFO - Validating...
[15:50:28] {train_network.py:329} INFO - 80/89 = 0.898876
[15:50:28] {train_network.py:317} INFO - Beginning Epoch 31
[15:50:43] {train_network.py:175} INFO - Epoch: 31, Batch: 100, Loss: 0.0581
[15:50:59] {train_network.py:175} INFO - Epoch: 31, Batch: 200, Loss: 0.0817
[15:51:14] {train_network.py:175} INFO - Epoch: 31, Batch: 300, Loss: 0.0317
[15:51:29] {train_network.py:175} INFO - Epoch: 31, Batch: 400, Loss: 0.0445
[15:51:44] {train_network.py:175} INFO - Epoch: 31, Batch: 500, Loss: 0.0586
[15:51:59] {train_network.py:175} INFO - Epoch: 31, Batch: 600, Loss: 0.0312
[15:52:15] {train_network.py:175} INFO - Epoch: 31, Batch: 700, Loss: 0.0685
[15:52:30] {train_network.py:175} INFO - Epoch: 31, Batch: 800, Loss: 0.0740
[15:52:45] {train_network.py:175} INFO - Epoch: 31, Batch: 900, Loss: 0.0628
[15:53:02] {train_network.py:326} INFO - Validating...
[15:53:05] {train_network.py:329} INFO - 79/89 = 0.887640
[15:53:05] {train_network.py:317} INFO - Beginning Epoch 32
[15:53:20] {train_network.py:175} INFO - Epoch: 32, Batch: 100, Loss: 0.0450
[15:53:35] {train_network.py:175} INFO - Epoch: 32, Batch: 200, Loss: 0.0348
[15:53:50] {train_network.py:175} INFO - Epoch: 32, Batch: 300, Loss: 0.0592
[15:54:05] {train_network.py:175} INFO - Epoch: 32, Batch: 400, Loss: 0.1060
[15:54:21] {train_network.py:175} INFO - Epoch: 32, Batch: 500, Loss: 0.0257
[15:54:36] {train_network.py:175} INFO - Epoch: 32, Batch: 600, Loss: 0.0576
[15:54:51] {train_network.py:175} INFO - Epoch: 32, Batch: 700, Loss: 0.1016
[15:55:06] {train_network.py:175} INFO - Epoch: 32, Batch: 800, Loss: 0.0601
[15:55:22] {train_network.py:175} INFO - Epoch: 32, Batch: 900, Loss: 0.0539
[15:55:38] {train_network.py:326} INFO - Validating...
[15:55:41] {train_network.py:329} INFO - 78/89 = 0.876404
[15:55:41] {train_network.py:317} INFO - Beginning Epoch 33
[15:55:56] {train_network.py:175} INFO - Epoch: 33, Batch: 100, Loss: 0.0311
[15:56:11] {train_network.py:175} INFO - Epoch: 33, Batch: 200, Loss: 0.1329
[15:56:27] {train_network.py:175} INFO - Epoch: 33, Batch: 300, Loss: 0.0882
[15:56:43] {train_network.py:175} INFO - Epoch: 33, Batch: 400, Loss: 0.0238
[15:56:58] {train_network.py:175} INFO - Epoch: 33, Batch: 500, Loss: 0.0664
[15:57:13] {train_network.py:175} INFO - Epoch: 33, Batch: 600, Loss: 0.0177
[15:57:28] {train_network.py:175} INFO - Epoch: 33, Batch: 700, Loss: 0.0576
[15:57:44] {train_network.py:175} INFO - Epoch: 33, Batch: 800, Loss: 0.0749
[15:57:59] {train_network.py:175} INFO - Epoch: 33, Batch: 900, Loss: 0.0721
[15:58:15] {train_network.py:326} INFO - Validating...
[15:58:18] {train_network.py:329} INFO - 76/89 = 0.853933
[15:58:18] {train_network.py:317} INFO - Beginning Epoch 34
[15:58:33] {train_network.py:175} INFO - Epoch: 34, Batch: 100, Loss: 0.0467
[15:58:49] {train_network.py:175} INFO - Epoch: 34, Batch: 200, Loss: 0.0442
[15:59:04] {train_network.py:175} INFO - Epoch: 34, Batch: 300, Loss: 0.0592
[15:59:19] {train_network.py:175} INFO - Epoch: 34, Batch: 400, Loss: 0.0483
[15:59:34] {train_network.py:175} INFO - Epoch: 34, Batch: 500, Loss: 0.0411
[15:59:49] {train_network.py:175} INFO - Epoch: 34, Batch: 600, Loss: 0.0563
[16:00:05] {train_network.py:175} INFO - Epoch: 34, Batch: 700, Loss: 0.0331
[16:00:20] {train_network.py:175} INFO - Epoch: 34, Batch: 800, Loss: 0.0367
[16:00:35] {train_network.py:175} INFO - Epoch: 34, Batch: 900, Loss: 0.0429
[16:00:52] {train_network.py:326} INFO - Validating...
[16:00:55] {train_network.py:329} INFO - 73/89 = 0.820225
[16:00:55] {train_network.py:317} INFO - Beginning Epoch 35
[16:01:10] {train_network.py:175} INFO - Epoch: 35, Batch: 100, Loss: 0.0285
[16:01:25] {train_network.py:175} INFO - Epoch: 35, Batch: 200, Loss: 0.0469
[16:01:40] {train_network.py:175} INFO - Epoch: 35, Batch: 300, Loss: 0.0212
[16:01:56] {train_network.py:175} INFO - Epoch: 35, Batch: 400, Loss: 0.0187
[16:02:11] {train_network.py:175} INFO - Epoch: 35, Batch: 500, Loss: 0.1107
[16:02:27] {train_network.py:175} INFO - Epoch: 35, Batch: 600, Loss: 0.0166
[16:02:42] {train_network.py:175} INFO - Epoch: 35, Batch: 700, Loss: 0.0268
[16:02:57] {train_network.py:175} INFO - Epoch: 35, Batch: 800, Loss: 0.0403
[16:03:12] {train_network.py:175} INFO - Epoch: 35, Batch: 900, Loss: 0.1375
[16:03:29] {train_network.py:326} INFO - Validating...
[16:03:32] {train_network.py:329} INFO - 75/89 = 0.842697
[16:03:32] {train_network.py:317} INFO - Beginning Epoch 36
[16:03:47] {train_network.py:175} INFO - Epoch: 36, Batch: 100, Loss: 0.0389
[16:04:02] {train_network.py:175} INFO - Epoch: 36, Batch: 200, Loss: 0.0329
[16:04:17] {train_network.py:175} INFO - Epoch: 36, Batch: 300, Loss: 0.0377
[16:04:33] {train_network.py:175} INFO - Epoch: 36, Batch: 400, Loss: 0.0548
[16:04:48] {train_network.py:175} INFO - Epoch: 36, Batch: 500, Loss: 0.1563
[16:05:03] {train_network.py:175} INFO - Epoch: 36, Batch: 600, Loss: 0.0996
[16:05:18] {train_network.py:175} INFO - Epoch: 36, Batch: 700, Loss: 0.0488
[16:05:34] {train_network.py:175} INFO - Epoch: 36, Batch: 800, Loss: 0.0180
[16:05:49] {train_network.py:175} INFO - Epoch: 36, Batch: 900, Loss: 0.0479
[16:06:05] {train_network.py:326} INFO - Validating...
[16:06:08] {train_network.py:329} INFO - 80/89 = 0.898876
[16:06:08] {train_network.py:317} INFO - Beginning Epoch 37
[16:06:23] {train_network.py:175} INFO - Epoch: 37, Batch: 100, Loss: 0.0343
[16:06:38] {train_network.py:175} INFO - Epoch: 37, Batch: 200, Loss: 0.1031
[16:06:53] {train_network.py:175} INFO - Epoch: 37, Batch: 300, Loss: 0.1234
[16:07:09] {train_network.py:175} INFO - Epoch: 37, Batch: 400, Loss: 0.0785
[16:07:24] {train_network.py:175} INFO - Epoch: 37, Batch: 500, Loss: 0.0358
[16:07:39] {train_network.py:175} INFO - Epoch: 37, Batch: 600, Loss: 0.1134
[16:07:54] {train_network.py:175} INFO - Epoch: 37, Batch: 700, Loss: 0.0442
[16:08:09] {train_network.py:175} INFO - Epoch: 37, Batch: 800, Loss: 0.0369
[16:08:24] {train_network.py:175} INFO - Epoch: 37, Batch: 900, Loss: 0.1182
[16:08:41] {train_network.py:326} INFO - Validating...
[16:08:44] {train_network.py:329} INFO - 74/89 = 0.831461
[16:08:44] {train_network.py:317} INFO - Beginning Epoch 38
[16:08:59] {train_network.py:175} INFO - Epoch: 38, Batch: 100, Loss: 0.0720
[16:09:14] {train_network.py:175} INFO - Epoch: 38, Batch: 200, Loss: 0.0205
[16:09:29] {train_network.py:175} INFO - Epoch: 38, Batch: 300, Loss: 0.1024
[16:09:44] {train_network.py:175} INFO - Epoch: 38, Batch: 400, Loss: 0.0636
[16:09:59] {train_network.py:175} INFO - Epoch: 38, Batch: 500, Loss: 0.1212
[16:10:15] {train_network.py:175} INFO - Epoch: 38, Batch: 600, Loss: 0.0650
[16:10:30] {train_network.py:175} INFO - Epoch: 38, Batch: 700, Loss: 0.0521
[16:10:45] {train_network.py:175} INFO - Epoch: 38, Batch: 800, Loss: 0.0539
[16:11:00] {train_network.py:175} INFO - Epoch: 38, Batch: 900, Loss: 0.0431
[16:11:18] {train_network.py:326} INFO - Validating...
[16:11:21] {train_network.py:329} INFO - 78/89 = 0.876404
[16:11:21] {train_network.py:317} INFO - Beginning Epoch 39
[16:11:36] {train_network.py:175} INFO - Epoch: 39, Batch: 100, Loss: 0.0430
[16:11:52] {train_network.py:175} INFO - Epoch: 39, Batch: 200, Loss: 0.0692
[16:12:07] {train_network.py:175} INFO - Epoch: 39, Batch: 300, Loss: 0.1181
[16:12:23] {train_network.py:175} INFO - Epoch: 39, Batch: 400, Loss: 0.0689
[16:12:39] {train_network.py:175} INFO - Epoch: 39, Batch: 500, Loss: 0.0603
[16:12:54] {train_network.py:175} INFO - Epoch: 39, Batch: 600, Loss: 0.0187
[16:13:10] {train_network.py:175} INFO - Epoch: 39, Batch: 700, Loss: 0.0336
[16:13:26] {train_network.py:175} INFO - Epoch: 39, Batch: 800, Loss: 0.1014
[16:13:41] {train_network.py:175} INFO - Epoch: 39, Batch: 900, Loss: 0.0554
[16:13:59] {train_network.py:326} INFO - Validating...
[16:14:02] {train_network.py:329} INFO - 77/89 = 0.865169
[16:14:02] {train_network.py:317} INFO - Beginning Epoch 40
[16:14:17] {train_network.py:175} INFO - Epoch: 40, Batch: 100, Loss: 0.0383
[16:14:33] {train_network.py:175} INFO - Epoch: 40, Batch: 200, Loss: 0.0469
[16:14:49] {train_network.py:175} INFO - Epoch: 40, Batch: 300, Loss: 0.0839
[16:15:04] {train_network.py:175} INFO - Epoch: 40, Batch: 400, Loss: 0.0803
[16:15:19] {train_network.py:175} INFO - Epoch: 40, Batch: 500, Loss: 0.0591
[16:15:35] {train_network.py:175} INFO - Epoch: 40, Batch: 600, Loss: 0.0590
[16:15:51] {train_network.py:175} INFO - Epoch: 40, Batch: 700, Loss: 0.0911
[16:16:06] {train_network.py:175} INFO - Epoch: 40, Batch: 800, Loss: 0.0314
[16:16:22] {train_network.py:175} INFO - Epoch: 40, Batch: 900, Loss: 0.0472
[16:16:39] {train_network.py:326} INFO - Validating...
[16:16:42] {train_network.py:329} INFO - 78/89 = 0.876404
[16:16:42] {train_network.py:317} INFO - Beginning Epoch 41
[16:16:57] {train_network.py:175} INFO - Epoch: 41, Batch: 100, Loss: 0.0488
[16:17:13] {train_network.py:175} INFO - Epoch: 41, Batch: 200, Loss: 0.0715
[16:17:28] {train_network.py:175} INFO - Epoch: 41, Batch: 300, Loss: 0.0633
[16:17:44] {train_network.py:175} INFO - Epoch: 41, Batch: 400, Loss: 0.0341
[16:17:59] {train_network.py:175} INFO - Epoch: 41, Batch: 500, Loss: 0.1267
[16:18:15] {train_network.py:175} INFO - Epoch: 41, Batch: 600, Loss: 0.0623
[16:18:32] {train_network.py:175} INFO - Epoch: 41, Batch: 700, Loss: 0.0344
[16:18:47] {train_network.py:175} INFO - Epoch: 41, Batch: 800, Loss: 0.0250
[16:19:03] {train_network.py:175} INFO - Epoch: 41, Batch: 900, Loss: 0.0495
[16:19:19] {train_network.py:326} INFO - Validating...
[16:19:22] {train_network.py:329} INFO - 79/89 = 0.887640
[16:19:22] {train_network.py:317} INFO - Beginning Epoch 42
[16:19:37] {train_network.py:175} INFO - Epoch: 42, Batch: 100, Loss: 0.0270
[16:19:53] {train_network.py:175} INFO - Epoch: 42, Batch: 200, Loss: 0.0861
[16:20:08] {train_network.py:175} INFO - Epoch: 42, Batch: 300, Loss: 0.0407
[16:20:23] {train_network.py:175} INFO - Epoch: 42, Batch: 400, Loss: 0.0891
[16:20:39] {train_network.py:175} INFO - Epoch: 42, Batch: 500, Loss: 0.0370
[16:20:54] {train_network.py:175} INFO - Epoch: 42, Batch: 600, Loss: 0.0438
[16:21:09] {train_network.py:175} INFO - Epoch: 42, Batch: 700, Loss: 0.0397
[16:21:25] {train_network.py:175} INFO - Epoch: 42, Batch: 800, Loss: 0.0503
[16:21:40] {train_network.py:175} INFO - Epoch: 42, Batch: 900, Loss: 0.0132
[16:21:56] {train_network.py:326} INFO - Validating...
[16:21:59] {train_network.py:329} INFO - 72/89 = 0.808989
[16:21:59] {train_network.py:317} INFO - Beginning Epoch 43
[16:22:15] {train_network.py:175} INFO - Epoch: 43, Batch: 100, Loss: 0.1256
[16:22:30] {train_network.py:175} INFO - Epoch: 43, Batch: 200, Loss: 0.1832
[16:22:46] {train_network.py:175} INFO - Epoch: 43, Batch: 300, Loss: 0.0543
[16:23:01] {train_network.py:175} INFO - Epoch: 43, Batch: 400, Loss: 0.0442
[16:23:17] {train_network.py:175} INFO - Epoch: 43, Batch: 500, Loss: 0.0568
[16:23:33] {train_network.py:175} INFO - Epoch: 43, Batch: 600, Loss: 0.0819
[16:23:48] {train_network.py:175} INFO - Epoch: 43, Batch: 700, Loss: 0.0774
[16:24:04] {train_network.py:175} INFO - Epoch: 43, Batch: 800, Loss: 0.0601
[16:24:19] {train_network.py:175} INFO - Epoch: 43, Batch: 900, Loss: 0.0222
[16:24:36] {train_network.py:326} INFO - Validating...
[16:24:39] {train_network.py:329} INFO - 74/89 = 0.831461
[16:24:39] {train_network.py:317} INFO - Beginning Epoch 44
[16:24:54] {train_network.py:175} INFO - Epoch: 44, Batch: 100, Loss: 0.0837
[16:25:09] {train_network.py:175} INFO - Epoch: 44, Batch: 200, Loss: 0.0640
[16:25:24] {train_network.py:175} INFO - Epoch: 44, Batch: 300, Loss: 0.0853
[16:25:40] {train_network.py:175} INFO - Epoch: 44, Batch: 400, Loss: 0.0466
[16:25:55] {train_network.py:175} INFO - Epoch: 44, Batch: 500, Loss: 0.0356
[16:26:10] {train_network.py:175} INFO - Epoch: 44, Batch: 600, Loss: 0.0251
[16:26:25] {train_network.py:175} INFO - Epoch: 44, Batch: 700, Loss: 0.0708
[16:26:41] {train_network.py:175} INFO - Epoch: 44, Batch: 800, Loss: 0.0844
[16:26:56] {train_network.py:175} INFO - Epoch: 44, Batch: 900, Loss: 0.0635
[16:27:13] {train_network.py:326} INFO - Validating...
[16:27:16] {train_network.py:329} INFO - 79/89 = 0.887640
[16:27:16] {train_network.py:317} INFO - Beginning Epoch 45
[16:27:32] {train_network.py:175} INFO - Epoch: 45, Batch: 100, Loss: 0.0676
[16:27:47] {train_network.py:175} INFO - Epoch: 45, Batch: 200, Loss: 0.0455
[16:28:02] {train_network.py:175} INFO - Epoch: 45, Batch: 300, Loss: 0.0439
[16:28:18] {train_network.py:175} INFO - Epoch: 45, Batch: 400, Loss: 0.0614
[16:28:34] {train_network.py:175} INFO - Epoch: 45, Batch: 500, Loss: 0.0461
[16:28:49] {train_network.py:175} INFO - Epoch: 45, Batch: 600, Loss: 0.0280
[16:29:05] {train_network.py:175} INFO - Epoch: 45, Batch: 700, Loss: 0.0527
[16:29:20] {train_network.py:175} INFO - Epoch: 45, Batch: 800, Loss: 0.0672
[16:29:36] {train_network.py:175} INFO - Epoch: 45, Batch: 900, Loss: 0.0639
[16:29:53] {train_network.py:326} INFO - Validating...
[16:29:56] {train_network.py:329} INFO - 80/89 = 0.898876
[16:29:56] {train_network.py:317} INFO - Beginning Epoch 46
[16:30:12] {train_network.py:175} INFO - Epoch: 46, Batch: 100, Loss: 0.0556
[16:30:28] {train_network.py:175} INFO - Epoch: 46, Batch: 200, Loss: 0.0240
[16:30:43] {train_network.py:175} INFO - Epoch: 46, Batch: 300, Loss: 0.0431
[16:30:59] {train_network.py:175} INFO - Epoch: 46, Batch: 400, Loss: 0.0294
[16:31:15] {train_network.py:175} INFO - Epoch: 46, Batch: 500, Loss: 0.0459
[16:31:31] {train_network.py:175} INFO - Epoch: 46, Batch: 600, Loss: 0.0596
[16:31:46] {train_network.py:175} INFO - Epoch: 46, Batch: 700, Loss: 0.0471
[16:32:02] {train_network.py:175} INFO - Epoch: 46, Batch: 800, Loss: 0.0581
[16:32:18] {train_network.py:175} INFO - Epoch: 46, Batch: 900, Loss: 0.0698
[16:32:35] {train_network.py:326} INFO - Validating...
[16:32:38] {train_network.py:329} INFO - 69/89 = 0.775281
[16:32:38] {train_network.py:317} INFO - Beginning Epoch 47
[16:32:54] {train_network.py:175} INFO - Epoch: 47, Batch: 100, Loss: 0.0651
[16:33:10] {train_network.py:175} INFO - Epoch: 47, Batch: 200, Loss: 0.1313
[16:33:26] {train_network.py:175} INFO - Epoch: 47, Batch: 300, Loss: 0.0258
[16:33:42] {train_network.py:175} INFO - Epoch: 47, Batch: 400, Loss: 0.0281
[16:33:57] {train_network.py:175} INFO - Epoch: 47, Batch: 500, Loss: 0.0466
[16:34:13] {train_network.py:175} INFO - Epoch: 47, Batch: 600, Loss: 0.0974
[16:34:28] {train_network.py:175} INFO - Epoch: 47, Batch: 700, Loss: 0.0473
[16:34:44] {train_network.py:175} INFO - Epoch: 47, Batch: 800, Loss: 0.0791
[16:35:00] {train_network.py:175} INFO - Epoch: 47, Batch: 900, Loss: 0.0675
[16:35:18] {train_network.py:326} INFO - Validating...
[16:35:21] {train_network.py:329} INFO - 78/89 = 0.876404
[16:35:21] {train_network.py:317} INFO - Beginning Epoch 48
[16:35:37] {train_network.py:175} INFO - Epoch: 48, Batch: 100, Loss: 0.1021
[16:35:53] {train_network.py:175} INFO - Epoch: 48, Batch: 200, Loss: 0.0234
[16:36:09] {train_network.py:175} INFO - Epoch: 48, Batch: 300, Loss: 0.0948
[16:36:25] {train_network.py:175} INFO - Epoch: 48, Batch: 400, Loss: 0.0535
[16:36:41] {train_network.py:175} INFO - Epoch: 48, Batch: 500, Loss: 0.0417
[16:36:57] {train_network.py:175} INFO - Epoch: 48, Batch: 600, Loss: 0.0890
[16:37:13] {train_network.py:175} INFO - Epoch: 48, Batch: 700, Loss: 0.0430
[16:37:29] {train_network.py:175} INFO - Epoch: 48, Batch: 800, Loss: 0.0518
[16:37:45] {train_network.py:175} INFO - Epoch: 48, Batch: 900, Loss: 0.0538
[16:38:03] {train_network.py:326} INFO - Validating...
[16:38:06] {train_network.py:329} INFO - 71/89 = 0.797753
[16:38:06] {train_network.py:317} INFO - Beginning Epoch 49
[16:38:22] {train_network.py:175} INFO - Epoch: 49, Batch: 100, Loss: 0.0784
[16:38:37] {train_network.py:175} INFO - Epoch: 49, Batch: 200, Loss: 0.0740
[16:38:53] {train_network.py:175} INFO - Epoch: 49, Batch: 300, Loss: 0.0775
[16:39:08] {train_network.py:175} INFO - Epoch: 49, Batch: 400, Loss: 0.0680
[16:39:24] {train_network.py:175} INFO - Epoch: 49, Batch: 500, Loss: 0.0516
[16:39:40] {train_network.py:175} INFO - Epoch: 49, Batch: 600, Loss: 0.0733
[16:39:56] {train_network.py:175} INFO - Epoch: 49, Batch: 700, Loss: 0.1052
[16:40:11] {train_network.py:175} INFO - Epoch: 49, Batch: 800, Loss: 0.0332
[16:40:27] {train_network.py:175} INFO - Epoch: 49, Batch: 900, Loss: 0.0379
[16:40:45] {train_network.py:326} INFO - Validating...
[16:40:48] {train_network.py:329} INFO - 78/89 = 0.876404
