[21:37:48] {/workspace/KIidP-Gruppe-4/hardware/device.py:11} INFO - CUDA detected. Running with GPU acceleration.
[21:37:48] {train_network.py:247} INFO - Loading Cornell Dataset...
[21:37:48] {train_network.py:256} INFO - Dataset size is 885
[21:37:48] {train_network.py:265} INFO - Training size: 796
[21:37:48] {train_network.py:266} INFO - Validation size: 89
[21:37:48] {train_network.py:284} INFO - Done
[21:37:48] {train_network.py:287} INFO - Loading Network...
[21:37:49] {train_network.py:298} INFO - Done
[21:37:49] {train_network.py:317} INFO - Beginning Epoch 00
[21:38:01] {train_network.py:175} INFO - Epoch: 0, Batch: 100, Loss: 0.1515
[21:38:12] {train_network.py:175} INFO - Epoch: 0, Batch: 200, Loss: 0.0990
[21:38:23] {train_network.py:175} INFO - Epoch: 0, Batch: 300, Loss: 0.0823
[21:38:35] {train_network.py:175} INFO - Epoch: 0, Batch: 400, Loss: 0.1155
[21:38:46] {train_network.py:175} INFO - Epoch: 0, Batch: 500, Loss: 0.0892
[21:38:57] {train_network.py:175} INFO - Epoch: 0, Batch: 600, Loss: 0.0669
[21:39:08] {train_network.py:175} INFO - Epoch: 0, Batch: 700, Loss: 0.0597
[21:39:20] {train_network.py:175} INFO - Epoch: 0, Batch: 800, Loss: 0.1213
[21:39:31] {train_network.py:175} INFO - Epoch: 0, Batch: 900, Loss: 0.1164
[21:39:44] {train_network.py:326} INFO - Validating...
[21:39:46] {train_network.py:329} INFO - 78/89 = 0.876404
[21:39:47] {train_network.py:317} INFO - Beginning Epoch 01
[21:39:58] {train_network.py:175} INFO - Epoch: 1, Batch: 100, Loss: 0.0652
[21:40:09] {train_network.py:175} INFO - Epoch: 1, Batch: 200, Loss: 0.1046
[21:40:21] {train_network.py:175} INFO - Epoch: 1, Batch: 300, Loss: 0.0927
[21:40:32] {train_network.py:175} INFO - Epoch: 1, Batch: 400, Loss: 0.0656
[21:40:43] {train_network.py:175} INFO - Epoch: 1, Batch: 500, Loss: 0.0527
[21:40:54] {train_network.py:175} INFO - Epoch: 1, Batch: 600, Loss: 0.0628
[21:41:06] {train_network.py:175} INFO - Epoch: 1, Batch: 700, Loss: 0.0759
[21:41:17] {train_network.py:175} INFO - Epoch: 1, Batch: 800, Loss: 0.0475
[21:41:28] {train_network.py:175} INFO - Epoch: 1, Batch: 900, Loss: 0.0583
[21:41:41] {train_network.py:326} INFO - Validating...
[21:41:44] {train_network.py:329} INFO - 83/89 = 0.932584
[21:41:44] {train_network.py:317} INFO - Beginning Epoch 02
[21:41:55] {train_network.py:175} INFO - Epoch: 2, Batch: 100, Loss: 0.0523
[21:42:06] {train_network.py:175} INFO - Epoch: 2, Batch: 200, Loss: 0.0776
[21:42:17] {train_network.py:175} INFO - Epoch: 2, Batch: 300, Loss: 0.0520
[21:42:29] {train_network.py:175} INFO - Epoch: 2, Batch: 400, Loss: 0.0460
[21:42:40] {train_network.py:175} INFO - Epoch: 2, Batch: 500, Loss: 0.0400
[21:42:51] {train_network.py:175} INFO - Epoch: 2, Batch: 600, Loss: 0.0513
[21:43:03] {train_network.py:175} INFO - Epoch: 2, Batch: 700, Loss: 0.0788
[21:43:14] {train_network.py:175} INFO - Epoch: 2, Batch: 800, Loss: 0.1292
[21:43:25] {train_network.py:175} INFO - Epoch: 2, Batch: 900, Loss: 0.0210
[21:43:38] {train_network.py:326} INFO - Validating...
[21:43:41] {train_network.py:329} INFO - 83/89 = 0.932584
[21:43:41] {train_network.py:317} INFO - Beginning Epoch 03
[21:43:52] {train_network.py:175} INFO - Epoch: 3, Batch: 100, Loss: 0.0391
[21:44:03] {train_network.py:175} INFO - Epoch: 3, Batch: 200, Loss: 0.0596
[21:44:15] {train_network.py:175} INFO - Epoch: 3, Batch: 300, Loss: 0.0632
[21:44:26] {train_network.py:175} INFO - Epoch: 3, Batch: 400, Loss: 0.0670
[21:44:37] {train_network.py:175} INFO - Epoch: 3, Batch: 500, Loss: 0.1013
[21:44:49] {train_network.py:175} INFO - Epoch: 3, Batch: 600, Loss: 0.0827
[21:45:00] {train_network.py:175} INFO - Epoch: 3, Batch: 700, Loss: 0.0743
[21:45:11] {train_network.py:175} INFO - Epoch: 3, Batch: 800, Loss: 0.0682
[21:45:22] {train_network.py:175} INFO - Epoch: 3, Batch: 900, Loss: 0.0591
[21:45:35] {train_network.py:326} INFO - Validating...
[21:45:37] {train_network.py:329} INFO - 82/89 = 0.921348
[21:45:37] {train_network.py:317} INFO - Beginning Epoch 04
[21:45:49] {train_network.py:175} INFO - Epoch: 4, Batch: 100, Loss: 0.0848
[21:46:00] {train_network.py:175} INFO - Epoch: 4, Batch: 200, Loss: 0.0894
[21:46:11] {train_network.py:175} INFO - Epoch: 4, Batch: 300, Loss: 0.0555
[21:46:23] {train_network.py:175} INFO - Epoch: 4, Batch: 400, Loss: 0.1060
[21:46:34] {train_network.py:175} INFO - Epoch: 4, Batch: 500, Loss: 0.0413
[21:46:45] {train_network.py:175} INFO - Epoch: 4, Batch: 600, Loss: 0.1105
[21:46:57] {train_network.py:175} INFO - Epoch: 4, Batch: 700, Loss: 0.0739
[21:47:08] {train_network.py:175} INFO - Epoch: 4, Batch: 800, Loss: 0.0697
[21:47:19] {train_network.py:175} INFO - Epoch: 4, Batch: 900, Loss: 0.0639
[21:47:32] {train_network.py:326} INFO - Validating...
[21:47:34] {train_network.py:329} INFO - 83/89 = 0.932584
[21:47:34] {train_network.py:317} INFO - Beginning Epoch 05
[21:47:46] {train_network.py:175} INFO - Epoch: 5, Batch: 100, Loss: 0.0373
[21:47:57] {train_network.py:175} INFO - Epoch: 5, Batch: 200, Loss: 0.0344
[21:48:08] {train_network.py:175} INFO - Epoch: 5, Batch: 300, Loss: 0.0302
[21:48:20] {train_network.py:175} INFO - Epoch: 5, Batch: 400, Loss: 0.0851
[21:48:31] {train_network.py:175} INFO - Epoch: 5, Batch: 500, Loss: 0.0413
[21:48:42] {train_network.py:175} INFO - Epoch: 5, Batch: 600, Loss: 0.0564
[21:48:53] {train_network.py:175} INFO - Epoch: 5, Batch: 700, Loss: 0.0314
[21:49:05] {train_network.py:175} INFO - Epoch: 5, Batch: 800, Loss: 0.0569
[21:49:16] {train_network.py:175} INFO - Epoch: 5, Batch: 900, Loss: 0.0393
[21:49:29] {train_network.py:326} INFO - Validating...
[21:49:31] {train_network.py:329} INFO - 82/89 = 0.921348
[21:49:31] {train_network.py:317} INFO - Beginning Epoch 06
[21:49:42] {train_network.py:175} INFO - Epoch: 6, Batch: 100, Loss: 0.0620
[21:49:54] {train_network.py:175} INFO - Epoch: 6, Batch: 200, Loss: 0.0431
[21:50:05] {train_network.py:175} INFO - Epoch: 6, Batch: 300, Loss: 0.0833
[21:50:16] {train_network.py:175} INFO - Epoch: 6, Batch: 400, Loss: 0.0588
[21:50:28] {train_network.py:175} INFO - Epoch: 6, Batch: 500, Loss: 0.0286
[21:50:39] {train_network.py:175} INFO - Epoch: 6, Batch: 600, Loss: 0.0650
[21:50:50] {train_network.py:175} INFO - Epoch: 6, Batch: 700, Loss: 0.0559
[21:51:01] {train_network.py:175} INFO - Epoch: 6, Batch: 800, Loss: 0.1612
[21:51:13] {train_network.py:175} INFO - Epoch: 6, Batch: 900, Loss: 0.0293
[21:51:26] {train_network.py:326} INFO - Validating...
[21:51:28] {train_network.py:329} INFO - 85/89 = 0.955056
[21:51:28] {train_network.py:317} INFO - Beginning Epoch 07
[21:51:39] {train_network.py:175} INFO - Epoch: 7, Batch: 100, Loss: 0.1718
[21:51:51] {train_network.py:175} INFO - Epoch: 7, Batch: 200, Loss: 0.0710
[21:52:02] {train_network.py:175} INFO - Epoch: 7, Batch: 300, Loss: 0.0566
[21:52:13] {train_network.py:175} INFO - Epoch: 7, Batch: 400, Loss: 0.0454
[21:52:25] {train_network.py:175} INFO - Epoch: 7, Batch: 500, Loss: 0.0482
[21:52:36] {train_network.py:175} INFO - Epoch: 7, Batch: 600, Loss: 0.1458
[21:52:47] {train_network.py:175} INFO - Epoch: 7, Batch: 700, Loss: 0.0903
[21:52:58] {train_network.py:175} INFO - Epoch: 7, Batch: 800, Loss: 0.1598
[21:53:10] {train_network.py:175} INFO - Epoch: 7, Batch: 900, Loss: 0.1938
[21:53:22] {train_network.py:326} INFO - Validating...
[21:53:25] {train_network.py:329} INFO - 79/89 = 0.887640
[21:53:25] {train_network.py:317} INFO - Beginning Epoch 08
[21:53:36] {train_network.py:175} INFO - Epoch: 8, Batch: 100, Loss: 0.0958
[21:53:47] {train_network.py:175} INFO - Epoch: 8, Batch: 200, Loss: 0.0200
[21:53:58] {train_network.py:175} INFO - Epoch: 8, Batch: 300, Loss: 0.0668
[21:54:10] {train_network.py:175} INFO - Epoch: 8, Batch: 400, Loss: 0.0651
[21:54:21] {train_network.py:175} INFO - Epoch: 8, Batch: 500, Loss: 0.0462
[21:54:32] {train_network.py:175} INFO - Epoch: 8, Batch: 600, Loss: 0.1258
[21:54:44] {train_network.py:175} INFO - Epoch: 8, Batch: 700, Loss: 0.0503
[21:54:55] {train_network.py:175} INFO - Epoch: 8, Batch: 800, Loss: 0.0155
[21:55:06] {train_network.py:175} INFO - Epoch: 8, Batch: 900, Loss: 0.0791
[21:55:19] {train_network.py:326} INFO - Validating...
[21:55:22] {train_network.py:329} INFO - 81/89 = 0.910112
[21:55:22] {train_network.py:317} INFO - Beginning Epoch 09
[21:55:33] {train_network.py:175} INFO - Epoch: 9, Batch: 100, Loss: 0.0332
[21:55:44] {train_network.py:175} INFO - Epoch: 9, Batch: 200, Loss: 0.0322
[21:55:55] {train_network.py:175} INFO - Epoch: 9, Batch: 300, Loss: 0.0563
[21:56:07] {train_network.py:175} INFO - Epoch: 9, Batch: 400, Loss: 0.0574
[21:56:18] {train_network.py:175} INFO - Epoch: 9, Batch: 500, Loss: 0.0843
[21:56:29] {train_network.py:175} INFO - Epoch: 9, Batch: 600, Loss: 0.0574
[21:56:41] {train_network.py:175} INFO - Epoch: 9, Batch: 700, Loss: 0.0440
[21:56:52] {train_network.py:175} INFO - Epoch: 9, Batch: 800, Loss: 0.0319
[21:57:03] {train_network.py:175} INFO - Epoch: 9, Batch: 900, Loss: 0.0718
[21:57:16] {train_network.py:326} INFO - Validating...
[21:57:19] {train_network.py:329} INFO - 83/89 = 0.932584
[21:57:19] {train_network.py:317} INFO - Beginning Epoch 10
[21:57:30] {train_network.py:175} INFO - Epoch: 10, Batch: 100, Loss: 0.0336
[21:57:41] {train_network.py:175} INFO - Epoch: 10, Batch: 200, Loss: 0.0482
[21:57:52] {train_network.py:175} INFO - Epoch: 10, Batch: 300, Loss: 0.0961
[21:58:04] {train_network.py:175} INFO - Epoch: 10, Batch: 400, Loss: 0.0420
[21:58:15] {train_network.py:175} INFO - Epoch: 10, Batch: 500, Loss: 0.0284
[21:58:26] {train_network.py:175} INFO - Epoch: 10, Batch: 600, Loss: 0.0760
[21:58:38] {train_network.py:175} INFO - Epoch: 10, Batch: 700, Loss: 0.0612
[21:58:49] {train_network.py:175} INFO - Epoch: 10, Batch: 800, Loss: 0.0168
[21:59:00] {train_network.py:175} INFO - Epoch: 10, Batch: 900, Loss: 0.0484
[21:59:13] {train_network.py:326} INFO - Validating...
[21:59:16] {train_network.py:329} INFO - 85/89 = 0.955056
[21:59:16] {train_network.py:317} INFO - Beginning Epoch 11
[21:59:27] {train_network.py:175} INFO - Epoch: 11, Batch: 100, Loss: 0.0751
[21:59:38] {train_network.py:175} INFO - Epoch: 11, Batch: 200, Loss: 0.0400
[21:59:50] {train_network.py:175} INFO - Epoch: 11, Batch: 300, Loss: 0.0625
[22:00:01] {train_network.py:175} INFO - Epoch: 11, Batch: 400, Loss: 0.0359
[22:00:13] {train_network.py:175} INFO - Epoch: 11, Batch: 500, Loss: 0.0294
[22:00:24] {train_network.py:175} INFO - Epoch: 11, Batch: 600, Loss: 0.1117
[22:00:35] {train_network.py:175} INFO - Epoch: 11, Batch: 700, Loss: 0.0608
[22:00:47] {train_network.py:175} INFO - Epoch: 11, Batch: 800, Loss: 0.0753
[22:00:58] {train_network.py:175} INFO - Epoch: 11, Batch: 900, Loss: 0.0987
[22:01:10] {train_network.py:326} INFO - Validating...
[22:01:13] {train_network.py:329} INFO - 80/89 = 0.898876
[22:01:13] {train_network.py:317} INFO - Beginning Epoch 12
[22:01:24] {train_network.py:175} INFO - Epoch: 12, Batch: 100, Loss: 0.0321
[22:01:35] {train_network.py:175} INFO - Epoch: 12, Batch: 200, Loss: 0.0192
[22:01:47] {train_network.py:175} INFO - Epoch: 12, Batch: 300, Loss: 0.0378
[22:01:58] {train_network.py:175} INFO - Epoch: 12, Batch: 400, Loss: 0.0765
[22:02:09] {train_network.py:175} INFO - Epoch: 12, Batch: 500, Loss: 0.1182
[22:02:21] {train_network.py:175} INFO - Epoch: 12, Batch: 600, Loss: 0.0258
[22:02:32] {train_network.py:175} INFO - Epoch: 12, Batch: 700, Loss: 0.0682
[22:02:44] {train_network.py:175} INFO - Epoch: 12, Batch: 800, Loss: 0.0897
[22:02:55] {train_network.py:175} INFO - Epoch: 12, Batch: 900, Loss: 0.0242
[22:03:08] {train_network.py:326} INFO - Validating...
[22:03:10] {train_network.py:329} INFO - 84/89 = 0.943820
[22:03:10] {train_network.py:317} INFO - Beginning Epoch 13
[22:03:21] {train_network.py:175} INFO - Epoch: 13, Batch: 100, Loss: 0.0509
[22:03:33] {train_network.py:175} INFO - Epoch: 13, Batch: 200, Loss: 0.1040
[22:03:44] {train_network.py:175} INFO - Epoch: 13, Batch: 300, Loss: 0.0867
[22:03:55] {train_network.py:175} INFO - Epoch: 13, Batch: 400, Loss: 0.0312
[22:04:07] {train_network.py:175} INFO - Epoch: 13, Batch: 500, Loss: 0.0559
[22:04:18] {train_network.py:175} INFO - Epoch: 13, Batch: 600, Loss: 0.0654
[22:04:29] {train_network.py:175} INFO - Epoch: 13, Batch: 700, Loss: 0.0374
[22:04:41] {train_network.py:175} INFO - Epoch: 13, Batch: 800, Loss: 0.0753
[22:04:52] {train_network.py:175} INFO - Epoch: 13, Batch: 900, Loss: 0.0383
[22:05:05] {train_network.py:326} INFO - Validating...
[22:05:07] {train_network.py:329} INFO - 85/89 = 0.955056
[22:05:07] {train_network.py:317} INFO - Beginning Epoch 14
[22:05:19] {train_network.py:175} INFO - Epoch: 14, Batch: 100, Loss: 0.0212
[22:05:30] {train_network.py:175} INFO - Epoch: 14, Batch: 200, Loss: 0.0241
[22:05:42] {train_network.py:175} INFO - Epoch: 14, Batch: 300, Loss: 0.0813
[22:05:53] {train_network.py:175} INFO - Epoch: 14, Batch: 400, Loss: 0.0759
[22:06:04] {train_network.py:175} INFO - Epoch: 14, Batch: 500, Loss: 0.0394
[22:06:16] {train_network.py:175} INFO - Epoch: 14, Batch: 600, Loss: 0.0674
[22:06:27] {train_network.py:175} INFO - Epoch: 14, Batch: 700, Loss: 0.0670
[22:06:38] {train_network.py:175} INFO - Epoch: 14, Batch: 800, Loss: 0.0968
[22:06:50] {train_network.py:175} INFO - Epoch: 14, Batch: 900, Loss: 0.0484
[22:07:02] {train_network.py:326} INFO - Validating...
[22:07:05] {train_network.py:329} INFO - 84/89 = 0.943820
[22:07:05] {train_network.py:317} INFO - Beginning Epoch 15
[22:07:16] {train_network.py:175} INFO - Epoch: 15, Batch: 100, Loss: 0.0966
[22:07:27] {train_network.py:175} INFO - Epoch: 15, Batch: 200, Loss: 0.0912
[22:07:39] {train_network.py:175} INFO - Epoch: 15, Batch: 300, Loss: 0.0573
[22:07:50] {train_network.py:175} INFO - Epoch: 15, Batch: 400, Loss: 0.0716
[22:08:01] {train_network.py:175} INFO - Epoch: 15, Batch: 500, Loss: 0.1038
[22:08:12] {train_network.py:175} INFO - Epoch: 15, Batch: 600, Loss: 0.0434
[22:08:23] {train_network.py:175} INFO - Epoch: 15, Batch: 700, Loss: 0.0776
[22:08:35] {train_network.py:175} INFO - Epoch: 15, Batch: 800, Loss: 0.0400
[22:08:46] {train_network.py:175} INFO - Epoch: 15, Batch: 900, Loss: 0.0954
[22:08:59] {train_network.py:326} INFO - Validating...
[22:09:01] {train_network.py:329} INFO - 79/89 = 0.887640
[22:09:01] {train_network.py:317} INFO - Beginning Epoch 16
[22:09:13] {train_network.py:175} INFO - Epoch: 16, Batch: 100, Loss: 0.0538
[22:09:24] {train_network.py:175} INFO - Epoch: 16, Batch: 200, Loss: 0.0208
[22:09:35] {train_network.py:175} INFO - Epoch: 16, Batch: 300, Loss: 0.0248
[22:09:46] {train_network.py:175} INFO - Epoch: 16, Batch: 400, Loss: 0.1100
[22:09:58] {train_network.py:175} INFO - Epoch: 16, Batch: 500, Loss: 0.0227
[22:10:09] {train_network.py:175} INFO - Epoch: 16, Batch: 600, Loss: 0.0712
[22:10:20] {train_network.py:175} INFO - Epoch: 16, Batch: 700, Loss: 0.0530
[22:10:32] {train_network.py:175} INFO - Epoch: 16, Batch: 800, Loss: 0.0474
[22:10:43] {train_network.py:175} INFO - Epoch: 16, Batch: 900, Loss: 0.0433
[22:10:56] {train_network.py:326} INFO - Validating...
[22:10:58] {train_network.py:329} INFO - 85/89 = 0.955056
[22:10:58] {train_network.py:317} INFO - Beginning Epoch 17
[22:11:10] {train_network.py:175} INFO - Epoch: 17, Batch: 100, Loss: 0.0391
[22:11:21] {train_network.py:175} INFO - Epoch: 17, Batch: 200, Loss: 0.2315
[22:11:32] {train_network.py:175} INFO - Epoch: 17, Batch: 300, Loss: 0.0433
[22:11:44] {train_network.py:175} INFO - Epoch: 17, Batch: 400, Loss: 0.0200
[22:11:55] {train_network.py:175} INFO - Epoch: 17, Batch: 500, Loss: 0.0470
[22:12:06] {train_network.py:175} INFO - Epoch: 17, Batch: 600, Loss: 0.0841
[22:12:18] {train_network.py:175} INFO - Epoch: 17, Batch: 700, Loss: 0.0654
[22:12:29] {train_network.py:175} INFO - Epoch: 17, Batch: 800, Loss: 0.0773
[22:12:40] {train_network.py:175} INFO - Epoch: 17, Batch: 900, Loss: 0.0512
[22:12:53] {train_network.py:326} INFO - Validating...
[22:12:55] {train_network.py:329} INFO - 84/89 = 0.943820
[22:12:55] {train_network.py:317} INFO - Beginning Epoch 18
[22:13:07] {train_network.py:175} INFO - Epoch: 18, Batch: 100, Loss: 0.0296
[22:13:18] {train_network.py:175} INFO - Epoch: 18, Batch: 200, Loss: 0.0714
[22:13:29] {train_network.py:175} INFO - Epoch: 18, Batch: 300, Loss: 0.0950
[22:13:40] {train_network.py:175} INFO - Epoch: 18, Batch: 400, Loss: 0.0559
[22:13:52] {train_network.py:175} INFO - Epoch: 18, Batch: 500, Loss: 0.1697
[22:14:03] {train_network.py:175} INFO - Epoch: 18, Batch: 600, Loss: 0.0392
[22:14:14] {train_network.py:175} INFO - Epoch: 18, Batch: 700, Loss: 0.0839
[22:14:25] {train_network.py:175} INFO - Epoch: 18, Batch: 800, Loss: 0.0286
[22:14:37] {train_network.py:175} INFO - Epoch: 18, Batch: 900, Loss: 0.0318
[22:14:49] {train_network.py:326} INFO - Validating...
[22:14:52] {train_network.py:329} INFO - 83/89 = 0.932584
[22:14:52] {train_network.py:317} INFO - Beginning Epoch 19
[22:15:03] {train_network.py:175} INFO - Epoch: 19, Batch: 100, Loss: 0.0440
[22:15:15] {train_network.py:175} INFO - Epoch: 19, Batch: 200, Loss: 0.0562
[22:15:26] {train_network.py:175} INFO - Epoch: 19, Batch: 300, Loss: 0.0504
[22:15:37] {train_network.py:175} INFO - Epoch: 19, Batch: 400, Loss: 0.0405
[22:15:48] {train_network.py:175} INFO - Epoch: 19, Batch: 500, Loss: 0.0414
[22:16:00] {train_network.py:175} INFO - Epoch: 19, Batch: 600, Loss: 0.1090
[22:16:11] {train_network.py:175} INFO - Epoch: 19, Batch: 700, Loss: 0.0619
[22:16:22] {train_network.py:175} INFO - Epoch: 19, Batch: 800, Loss: 0.0366
[22:16:33] {train_network.py:175} INFO - Epoch: 19, Batch: 900, Loss: 0.0370
[22:16:46] {train_network.py:326} INFO - Validating...
[22:16:49] {train_network.py:329} INFO - 86/89 = 0.966292
[22:16:49] {train_network.py:317} INFO - Beginning Epoch 20
[22:17:00] {train_network.py:175} INFO - Epoch: 20, Batch: 100, Loss: 0.0175
[22:17:11] {train_network.py:175} INFO - Epoch: 20, Batch: 200, Loss: 0.0518
[22:17:22] {train_network.py:175} INFO - Epoch: 20, Batch: 300, Loss: 0.0419
[22:17:34] {train_network.py:175} INFO - Epoch: 20, Batch: 400, Loss: 0.0653
[22:17:45] {train_network.py:175} INFO - Epoch: 20, Batch: 500, Loss: 0.0700
[22:17:56] {train_network.py:175} INFO - Epoch: 20, Batch: 600, Loss: 0.0612
[22:18:07] {train_network.py:175} INFO - Epoch: 20, Batch: 700, Loss: 0.0573
[22:18:19] {train_network.py:175} INFO - Epoch: 20, Batch: 800, Loss: 0.0888
[22:18:30] {train_network.py:175} INFO - Epoch: 20, Batch: 900, Loss: 0.0428
[22:18:42] {train_network.py:326} INFO - Validating...
[22:18:45] {train_network.py:329} INFO - 82/89 = 0.921348
[22:18:45] {train_network.py:317} INFO - Beginning Epoch 21
[22:18:56] {train_network.py:175} INFO - Epoch: 21, Batch: 100, Loss: 0.0433
[22:19:07] {train_network.py:175} INFO - Epoch: 21, Batch: 200, Loss: 0.0655
[22:19:19] {train_network.py:175} INFO - Epoch: 21, Batch: 300, Loss: 0.0752
[22:19:30] {train_network.py:175} INFO - Epoch: 21, Batch: 400, Loss: 0.0298
[22:19:41] {train_network.py:175} INFO - Epoch: 21, Batch: 500, Loss: 0.0575
[22:19:53] {train_network.py:175} INFO - Epoch: 21, Batch: 600, Loss: 0.0556
[22:20:04] {train_network.py:175} INFO - Epoch: 21, Batch: 700, Loss: 0.0347
[22:20:15] {train_network.py:175} INFO - Epoch: 21, Batch: 800, Loss: 0.0628
[22:20:27] {train_network.py:175} INFO - Epoch: 21, Batch: 900, Loss: 0.0622
[22:20:39] {train_network.py:326} INFO - Validating...
[22:20:42] {train_network.py:329} INFO - 84/89 = 0.943820
[22:20:42] {train_network.py:317} INFO - Beginning Epoch 22
[22:20:53] {train_network.py:175} INFO - Epoch: 22, Batch: 100, Loss: 0.0465
[22:21:04] {train_network.py:175} INFO - Epoch: 22, Batch: 200, Loss: 0.0517
[22:21:16] {train_network.py:175} INFO - Epoch: 22, Batch: 300, Loss: 0.0942
[22:21:27] {train_network.py:175} INFO - Epoch: 22, Batch: 400, Loss: 0.0302
[22:21:38] {train_network.py:175} INFO - Epoch: 22, Batch: 500, Loss: 0.0302
[22:21:50] {train_network.py:175} INFO - Epoch: 22, Batch: 600, Loss: 0.0385
[22:22:01] {train_network.py:175} INFO - Epoch: 22, Batch: 700, Loss: 0.1103
[22:22:12] {train_network.py:175} INFO - Epoch: 22, Batch: 800, Loss: 0.0357
[22:22:24] {train_network.py:175} INFO - Epoch: 22, Batch: 900, Loss: 0.0466
[22:22:37] {train_network.py:326} INFO - Validating...
[22:22:39] {train_network.py:329} INFO - 85/89 = 0.955056
[22:22:39] {train_network.py:317} INFO - Beginning Epoch 23
[22:22:50] {train_network.py:175} INFO - Epoch: 23, Batch: 100, Loss: 0.1505
[22:23:01] {train_network.py:175} INFO - Epoch: 23, Batch: 200, Loss: 0.0428
[22:23:13] {train_network.py:175} INFO - Epoch: 23, Batch: 300, Loss: 0.0340
[22:23:24] {train_network.py:175} INFO - Epoch: 23, Batch: 400, Loss: 0.1047
[22:23:35] {train_network.py:175} INFO - Epoch: 23, Batch: 500, Loss: 0.1242
[22:23:47] {train_network.py:175} INFO - Epoch: 23, Batch: 600, Loss: 0.0729
[22:23:58] {train_network.py:175} INFO - Epoch: 23, Batch: 700, Loss: 0.0453
[22:24:09] {train_network.py:175} INFO - Epoch: 23, Batch: 800, Loss: 0.0683
[22:24:21] {train_network.py:175} INFO - Epoch: 23, Batch: 900, Loss: 0.0754
[22:24:33] {train_network.py:326} INFO - Validating...
[22:24:36] {train_network.py:329} INFO - 82/89 = 0.921348
[22:24:36] {train_network.py:317} INFO - Beginning Epoch 24
[22:24:47] {train_network.py:175} INFO - Epoch: 24, Batch: 100, Loss: 0.0416
[22:24:58] {train_network.py:175} INFO - Epoch: 24, Batch: 200, Loss: 0.0325
[22:25:10] {train_network.py:175} INFO - Epoch: 24, Batch: 300, Loss: 0.0868
[22:25:21] {train_network.py:175} INFO - Epoch: 24, Batch: 400, Loss: 0.0515
[22:25:32] {train_network.py:175} INFO - Epoch: 24, Batch: 500, Loss: 0.0173
[22:25:44] {train_network.py:175} INFO - Epoch: 24, Batch: 600, Loss: 0.0540
[22:25:55] {train_network.py:175} INFO - Epoch: 24, Batch: 700, Loss: 0.0269
[22:26:06] {train_network.py:175} INFO - Epoch: 24, Batch: 800, Loss: 0.0623
[22:26:18] {train_network.py:175} INFO - Epoch: 24, Batch: 900, Loss: 0.0580
[22:26:30] {train_network.py:326} INFO - Validating...
[22:26:33] {train_network.py:329} INFO - 85/89 = 0.955056
[22:26:33] {train_network.py:317} INFO - Beginning Epoch 25
[22:26:44] {train_network.py:175} INFO - Epoch: 25, Batch: 100, Loss: 0.0599
[22:26:55] {train_network.py:175} INFO - Epoch: 25, Batch: 200, Loss: 0.0431
[22:27:07] {train_network.py:175} INFO - Epoch: 25, Batch: 300, Loss: 0.0471
[22:27:18] {train_network.py:175} INFO - Epoch: 25, Batch: 400, Loss: 0.1078
[22:27:29] {train_network.py:175} INFO - Epoch: 25, Batch: 500, Loss: 0.0217
[22:27:41] {train_network.py:175} INFO - Epoch: 25, Batch: 600, Loss: 0.0410
[22:27:52] {train_network.py:175} INFO - Epoch: 25, Batch: 700, Loss: 0.0529
[22:28:03] {train_network.py:175} INFO - Epoch: 25, Batch: 800, Loss: 0.0515
[22:28:15] {train_network.py:175} INFO - Epoch: 25, Batch: 900, Loss: 0.0530
[22:28:28] {train_network.py:326} INFO - Validating...
[22:28:30] {train_network.py:329} INFO - 85/89 = 0.955056
[22:28:30] {train_network.py:317} INFO - Beginning Epoch 26
[22:28:41] {train_network.py:175} INFO - Epoch: 26, Batch: 100, Loss: 0.0392
[22:28:53] {train_network.py:175} INFO - Epoch: 26, Batch: 200, Loss: 0.0750
[22:29:04] {train_network.py:175} INFO - Epoch: 26, Batch: 300, Loss: 0.1058
[22:29:15] {train_network.py:175} INFO - Epoch: 26, Batch: 400, Loss: 0.0702
[22:29:27] {train_network.py:175} INFO - Epoch: 26, Batch: 500, Loss: 0.0158
[22:29:38] {train_network.py:175} INFO - Epoch: 26, Batch: 600, Loss: 0.0886
[22:29:49] {train_network.py:175} INFO - Epoch: 26, Batch: 700, Loss: 0.0426
[22:30:00] {train_network.py:175} INFO - Epoch: 26, Batch: 800, Loss: 0.0497
[22:30:12] {train_network.py:175} INFO - Epoch: 26, Batch: 900, Loss: 0.2019
[22:30:24] {train_network.py:326} INFO - Validating...
[22:30:27] {train_network.py:329} INFO - 84/89 = 0.943820
[22:30:27] {train_network.py:317} INFO - Beginning Epoch 27
[22:30:38] {train_network.py:175} INFO - Epoch: 27, Batch: 100, Loss: 0.0642
[22:30:50] {train_network.py:175} INFO - Epoch: 27, Batch: 200, Loss: 0.0875
[22:31:01] {train_network.py:175} INFO - Epoch: 27, Batch: 300, Loss: 0.0311
[22:31:12] {train_network.py:175} INFO - Epoch: 27, Batch: 400, Loss: 0.0425
[22:31:23] {train_network.py:175} INFO - Epoch: 27, Batch: 500, Loss: 0.0613
[22:31:35] {train_network.py:175} INFO - Epoch: 27, Batch: 600, Loss: 0.1363
[22:31:46] {train_network.py:175} INFO - Epoch: 27, Batch: 700, Loss: 0.0563
[22:31:57] {train_network.py:175} INFO - Epoch: 27, Batch: 800, Loss: 0.0556
[22:32:09] {train_network.py:175} INFO - Epoch: 27, Batch: 900, Loss: 0.1379
[22:32:22] {train_network.py:326} INFO - Validating...
[22:32:24] {train_network.py:329} INFO - 80/89 = 0.898876
[22:32:24] {train_network.py:317} INFO - Beginning Epoch 28
[22:32:35] {train_network.py:175} INFO - Epoch: 28, Batch: 100, Loss: 0.0563
[22:32:47] {train_network.py:175} INFO - Epoch: 28, Batch: 200, Loss: 0.0238
[22:32:58] {train_network.py:175} INFO - Epoch: 28, Batch: 300, Loss: 0.0794
[22:33:09] {train_network.py:175} INFO - Epoch: 28, Batch: 400, Loss: 0.0301
[22:33:21] {train_network.py:175} INFO - Epoch: 28, Batch: 500, Loss: 0.0284
[22:33:32] {train_network.py:175} INFO - Epoch: 28, Batch: 600, Loss: 0.0572
[22:33:43] {train_network.py:175} INFO - Epoch: 28, Batch: 700, Loss: 0.1034
[22:33:54] {train_network.py:175} INFO - Epoch: 28, Batch: 800, Loss: 0.0309
[22:34:06] {train_network.py:175} INFO - Epoch: 28, Batch: 900, Loss: 0.0703
[22:34:18] {train_network.py:326} INFO - Validating...
[22:34:21] {train_network.py:329} INFO - 81/89 = 0.910112
[22:34:21] {train_network.py:317} INFO - Beginning Epoch 29
[22:34:32] {train_network.py:175} INFO - Epoch: 29, Batch: 100, Loss: 0.0480
[22:34:43] {train_network.py:175} INFO - Epoch: 29, Batch: 200, Loss: 0.0355
[22:34:55] {train_network.py:175} INFO - Epoch: 29, Batch: 300, Loss: 0.0216
[22:35:06] {train_network.py:175} INFO - Epoch: 29, Batch: 400, Loss: 0.0498
[22:35:17] {train_network.py:175} INFO - Epoch: 29, Batch: 500, Loss: 0.0915
[22:35:29] {train_network.py:175} INFO - Epoch: 29, Batch: 600, Loss: 0.0718
[22:35:40] {train_network.py:175} INFO - Epoch: 29, Batch: 700, Loss: 0.0582
[22:35:51] {train_network.py:175} INFO - Epoch: 29, Batch: 800, Loss: 0.0627
[22:36:03] {train_network.py:175} INFO - Epoch: 29, Batch: 900, Loss: 0.0143
[22:36:15] {train_network.py:326} INFO - Validating...
[22:36:18] {train_network.py:329} INFO - 84/89 = 0.943820
[22:36:18] {train_network.py:317} INFO - Beginning Epoch 30
[22:36:29] {train_network.py:175} INFO - Epoch: 30, Batch: 100, Loss: 0.0158
[22:36:40] {train_network.py:175} INFO - Epoch: 30, Batch: 200, Loss: 0.0624
[22:36:51] {train_network.py:175} INFO - Epoch: 30, Batch: 300, Loss: 0.0842
[22:37:03] {train_network.py:175} INFO - Epoch: 30, Batch: 400, Loss: 0.0497
[22:37:14] {train_network.py:175} INFO - Epoch: 30, Batch: 500, Loss: 0.1070
[22:37:26] {train_network.py:175} INFO - Epoch: 30, Batch: 600, Loss: 0.0243
[22:37:37] {train_network.py:175} INFO - Epoch: 30, Batch: 700, Loss: 0.0217
[22:37:48] {train_network.py:175} INFO - Epoch: 30, Batch: 800, Loss: 0.1563
[22:37:59] {train_network.py:175} INFO - Epoch: 30, Batch: 900, Loss: 0.0423
[22:38:12] {train_network.py:326} INFO - Validating...
[22:38:14] {train_network.py:329} INFO - 83/89 = 0.932584
[22:38:14] {train_network.py:317} INFO - Beginning Epoch 31
[22:38:26] {train_network.py:175} INFO - Epoch: 31, Batch: 100, Loss: 0.0435
[22:38:37] {train_network.py:175} INFO - Epoch: 31, Batch: 200, Loss: 0.0393
[22:38:48] {train_network.py:175} INFO - Epoch: 31, Batch: 300, Loss: 0.0745
[22:38:59] {train_network.py:175} INFO - Epoch: 31, Batch: 400, Loss: 0.0156
[22:39:11] {train_network.py:175} INFO - Epoch: 31, Batch: 500, Loss: 0.0781
[22:39:22] {train_network.py:175} INFO - Epoch: 31, Batch: 600, Loss: 0.0294
[22:39:33] {train_network.py:175} INFO - Epoch: 31, Batch: 700, Loss: 0.0575
[22:39:44] {train_network.py:175} INFO - Epoch: 31, Batch: 800, Loss: 0.0460
[22:39:56] {train_network.py:175} INFO - Epoch: 31, Batch: 900, Loss: 0.0166
[22:40:09] {train_network.py:326} INFO - Validating...
[22:40:11] {train_network.py:329} INFO - 83/89 = 0.932584
[22:40:11] {train_network.py:317} INFO - Beginning Epoch 32
[22:40:23] {train_network.py:175} INFO - Epoch: 32, Batch: 100, Loss: 0.0314
[22:40:34] {train_network.py:175} INFO - Epoch: 32, Batch: 200, Loss: 0.0754
[22:40:45] {train_network.py:175} INFO - Epoch: 32, Batch: 300, Loss: 0.0272
[22:40:57] {train_network.py:175} INFO - Epoch: 32, Batch: 400, Loss: 0.1250
[22:41:08] {train_network.py:175} INFO - Epoch: 32, Batch: 500, Loss: 0.0920
[22:41:19] {train_network.py:175} INFO - Epoch: 32, Batch: 600, Loss: 0.0594
[22:41:31] {train_network.py:175} INFO - Epoch: 32, Batch: 700, Loss: 0.0383
[22:41:42] {train_network.py:175} INFO - Epoch: 32, Batch: 800, Loss: 0.0412
[22:41:53] {train_network.py:175} INFO - Epoch: 32, Batch: 900, Loss: 0.0631
[22:42:06] {train_network.py:326} INFO - Validating...
[22:42:08] {train_network.py:329} INFO - 83/89 = 0.932584
[22:42:08] {train_network.py:317} INFO - Beginning Epoch 33
[22:42:20] {train_network.py:175} INFO - Epoch: 33, Batch: 100, Loss: 0.0551
[22:42:31] {train_network.py:175} INFO - Epoch: 33, Batch: 200, Loss: 0.0912
[22:42:42] {train_network.py:175} INFO - Epoch: 33, Batch: 300, Loss: 0.0745
[22:42:54] {train_network.py:175} INFO - Epoch: 33, Batch: 400, Loss: 0.0351
[22:43:05] {train_network.py:175} INFO - Epoch: 33, Batch: 500, Loss: 0.0233
[22:43:16] {train_network.py:175} INFO - Epoch: 33, Batch: 600, Loss: 0.0395
[22:43:28] {train_network.py:175} INFO - Epoch: 33, Batch: 700, Loss: 0.0287
[22:43:39] {train_network.py:175} INFO - Epoch: 33, Batch: 800, Loss: 0.0364
[22:43:50] {train_network.py:175} INFO - Epoch: 33, Batch: 900, Loss: 0.0264
[22:44:03] {train_network.py:326} INFO - Validating...
[22:44:05] {train_network.py:329} INFO - 82/89 = 0.921348
[22:44:05] {train_network.py:317} INFO - Beginning Epoch 34
[22:44:17] {train_network.py:175} INFO - Epoch: 34, Batch: 100, Loss: 0.0197
[22:44:28] {train_network.py:175} INFO - Epoch: 34, Batch: 200, Loss: 0.0483
[22:44:39] {train_network.py:175} INFO - Epoch: 34, Batch: 300, Loss: 0.0378
[22:44:51] {train_network.py:175} INFO - Epoch: 34, Batch: 400, Loss: 0.0326
[22:45:02] {train_network.py:175} INFO - Epoch: 34, Batch: 500, Loss: 0.0341
[22:45:13] {train_network.py:175} INFO - Epoch: 34, Batch: 600, Loss: 0.0231
[22:45:25] {train_network.py:175} INFO - Epoch: 34, Batch: 700, Loss: 0.0337
[22:45:36] {train_network.py:175} INFO - Epoch: 34, Batch: 800, Loss: 0.0587
[22:45:47] {train_network.py:175} INFO - Epoch: 34, Batch: 900, Loss: 0.0554
[22:46:00] {train_network.py:326} INFO - Validating...
[22:46:03] {train_network.py:329} INFO - 83/89 = 0.932584
[22:46:03] {train_network.py:317} INFO - Beginning Epoch 35
[22:46:14] {train_network.py:175} INFO - Epoch: 35, Batch: 100, Loss: 0.0700
[22:46:25] {train_network.py:175} INFO - Epoch: 35, Batch: 200, Loss: 0.0927
[22:46:37] {train_network.py:175} INFO - Epoch: 35, Batch: 300, Loss: 0.0466
[22:46:48] {train_network.py:175} INFO - Epoch: 35, Batch: 400, Loss: 0.1347
[22:46:59] {train_network.py:175} INFO - Epoch: 35, Batch: 500, Loss: 0.0296
[22:47:11] {train_network.py:175} INFO - Epoch: 35, Batch: 600, Loss: 0.0657
[22:47:22] {train_network.py:175} INFO - Epoch: 35, Batch: 700, Loss: 0.0254
[22:47:33] {train_network.py:175} INFO - Epoch: 35, Batch: 800, Loss: 0.0133
[22:47:45] {train_network.py:175} INFO - Epoch: 35, Batch: 900, Loss: 0.1260
[22:47:58] {train_network.py:326} INFO - Validating...
[22:48:00] {train_network.py:329} INFO - 75/89 = 0.842697
[22:48:00] {train_network.py:317} INFO - Beginning Epoch 36
[22:48:11] {train_network.py:175} INFO - Epoch: 36, Batch: 100, Loss: 0.0296
[22:48:23] {train_network.py:175} INFO - Epoch: 36, Batch: 200, Loss: 0.0662
[22:48:34] {train_network.py:175} INFO - Epoch: 36, Batch: 300, Loss: 0.0548
[22:48:45] {train_network.py:175} INFO - Epoch: 36, Batch: 400, Loss: 0.0218
[22:48:57] {train_network.py:175} INFO - Epoch: 36, Batch: 500, Loss: 0.0794
[22:49:08] {train_network.py:175} INFO - Epoch: 36, Batch: 600, Loss: 0.0166
[22:49:19] {train_network.py:175} INFO - Epoch: 36, Batch: 700, Loss: 0.0137
[22:49:31] {train_network.py:175} INFO - Epoch: 36, Batch: 800, Loss: 0.0492
[22:49:42] {train_network.py:175} INFO - Epoch: 36, Batch: 900, Loss: 0.0874
[22:49:55] {train_network.py:326} INFO - Validating...
[22:49:57] {train_network.py:329} INFO - 83/89 = 0.932584
[22:49:57] {train_network.py:317} INFO - Beginning Epoch 37
[22:50:09] {train_network.py:175} INFO - Epoch: 37, Batch: 100, Loss: 0.0919
[22:50:20] {train_network.py:175} INFO - Epoch: 37, Batch: 200, Loss: 0.0590
[22:50:31] {train_network.py:175} INFO - Epoch: 37, Batch: 300, Loss: 0.0293
[22:50:42] {train_network.py:175} INFO - Epoch: 37, Batch: 400, Loss: 0.0426
[22:50:54] {train_network.py:175} INFO - Epoch: 37, Batch: 500, Loss: 0.0309
[22:51:05] {train_network.py:175} INFO - Epoch: 37, Batch: 600, Loss: 0.0809
[22:51:16] {train_network.py:175} INFO - Epoch: 37, Batch: 700, Loss: 0.0531
[22:51:28] {train_network.py:175} INFO - Epoch: 37, Batch: 800, Loss: 0.0282
[22:51:39] {train_network.py:175} INFO - Epoch: 37, Batch: 900, Loss: 0.0789
[22:51:52] {train_network.py:326} INFO - Validating...
[22:51:54] {train_network.py:329} INFO - 82/89 = 0.921348
[22:51:54] {train_network.py:317} INFO - Beginning Epoch 38
[22:52:06] {train_network.py:175} INFO - Epoch: 38, Batch: 100, Loss: 0.0660
[22:52:17] {train_network.py:175} INFO - Epoch: 38, Batch: 200, Loss: 0.0822
[22:52:28] {train_network.py:175} INFO - Epoch: 38, Batch: 300, Loss: 0.0495
[22:52:40] {train_network.py:175} INFO - Epoch: 38, Batch: 400, Loss: 0.0495
[22:52:51] {train_network.py:175} INFO - Epoch: 38, Batch: 500, Loss: 0.0355
[22:53:02] {train_network.py:175} INFO - Epoch: 38, Batch: 600, Loss: 0.0999
[22:53:14] {train_network.py:175} INFO - Epoch: 38, Batch: 700, Loss: 0.0533
[22:53:25] {train_network.py:175} INFO - Epoch: 38, Batch: 800, Loss: 0.0558
[22:53:36] {train_network.py:175} INFO - Epoch: 38, Batch: 900, Loss: 0.0185
[22:53:49] {train_network.py:326} INFO - Validating...
[22:53:52] {train_network.py:329} INFO - 79/89 = 0.887640
[22:53:52] {train_network.py:317} INFO - Beginning Epoch 39
[22:54:03] {train_network.py:175} INFO - Epoch: 39, Batch: 100, Loss: 0.0432
[22:54:15] {train_network.py:175} INFO - Epoch: 39, Batch: 200, Loss: 0.1323
[22:54:26] {train_network.py:175} INFO - Epoch: 39, Batch: 300, Loss: 0.0713
[22:54:37] {train_network.py:175} INFO - Epoch: 39, Batch: 400, Loss: 0.0530
[22:54:49] {train_network.py:175} INFO - Epoch: 39, Batch: 500, Loss: 0.0755
[22:55:00] {train_network.py:175} INFO - Epoch: 39, Batch: 600, Loss: 0.0867
[22:55:12] {train_network.py:175} INFO - Epoch: 39, Batch: 700, Loss: 0.0117
[22:55:23] {train_network.py:175} INFO - Epoch: 39, Batch: 800, Loss: 0.0232
[22:55:34] {train_network.py:175} INFO - Epoch: 39, Batch: 900, Loss: 0.0200
[22:55:47] {train_network.py:326} INFO - Validating...
[22:55:49] {train_network.py:329} INFO - 80/89 = 0.898876
[22:55:49] {train_network.py:317} INFO - Beginning Epoch 40
[22:56:01] {train_network.py:175} INFO - Epoch: 40, Batch: 100, Loss: 0.0648
[22:56:12] {train_network.py:175} INFO - Epoch: 40, Batch: 200, Loss: 0.1008
[22:56:23] {train_network.py:175} INFO - Epoch: 40, Batch: 300, Loss: 0.0515
[22:56:35] {train_network.py:175} INFO - Epoch: 40, Batch: 400, Loss: 0.0333
[22:56:46] {train_network.py:175} INFO - Epoch: 40, Batch: 500, Loss: 0.0529
[22:56:57] {train_network.py:175} INFO - Epoch: 40, Batch: 600, Loss: 0.0588
[22:57:09] {train_network.py:175} INFO - Epoch: 40, Batch: 700, Loss: 0.0719
[22:57:20] {train_network.py:175} INFO - Epoch: 40, Batch: 800, Loss: 0.0380
[22:57:31] {train_network.py:175} INFO - Epoch: 40, Batch: 900, Loss: 0.0327
[22:57:44] {train_network.py:326} INFO - Validating...
[22:57:46] {train_network.py:329} INFO - 82/89 = 0.921348
[22:57:46] {train_network.py:317} INFO - Beginning Epoch 41
[22:57:57] {train_network.py:175} INFO - Epoch: 41, Batch: 100, Loss: 0.0311
[22:58:09] {train_network.py:175} INFO - Epoch: 41, Batch: 200, Loss: 0.0324
[22:58:20] {train_network.py:175} INFO - Epoch: 41, Batch: 300, Loss: 0.1617
[22:58:31] {train_network.py:175} INFO - Epoch: 41, Batch: 400, Loss: 0.0492
[22:58:43] {train_network.py:175} INFO - Epoch: 41, Batch: 500, Loss: 0.0607
[22:58:54] {train_network.py:175} INFO - Epoch: 41, Batch: 600, Loss: 0.0465
[22:59:05] {train_network.py:175} INFO - Epoch: 41, Batch: 700, Loss: 0.0429
[22:59:16] {train_network.py:175} INFO - Epoch: 41, Batch: 800, Loss: 0.0419
[22:59:28] {train_network.py:175} INFO - Epoch: 41, Batch: 900, Loss: 0.0814
[22:59:41] {train_network.py:326} INFO - Validating...
[22:59:43] {train_network.py:329} INFO - 79/89 = 0.887640
[22:59:43] {train_network.py:317} INFO - Beginning Epoch 42
[22:59:54] {train_network.py:175} INFO - Epoch: 42, Batch: 100, Loss: 0.0191
[23:00:06] {train_network.py:175} INFO - Epoch: 42, Batch: 200, Loss: 0.0350
[23:00:17] {train_network.py:175} INFO - Epoch: 42, Batch: 300, Loss: 0.0483
[23:00:28] {train_network.py:175} INFO - Epoch: 42, Batch: 400, Loss: 0.0732
[23:00:40] {train_network.py:175} INFO - Epoch: 42, Batch: 500, Loss: 0.0327
[23:00:51] {train_network.py:175} INFO - Epoch: 42, Batch: 600, Loss: 0.0555
[23:01:02] {train_network.py:175} INFO - Epoch: 42, Batch: 700, Loss: 0.0503
[23:01:14] {train_network.py:175} INFO - Epoch: 42, Batch: 800, Loss: 0.0468
[23:01:25] {train_network.py:175} INFO - Epoch: 42, Batch: 900, Loss: 0.0226
[23:01:38] {train_network.py:326} INFO - Validating...
[23:01:41] {train_network.py:329} INFO - 79/89 = 0.887640
[23:01:41] {train_network.py:317} INFO - Beginning Epoch 43
[23:01:52] {train_network.py:175} INFO - Epoch: 43, Batch: 100, Loss: 0.0498
[23:02:03] {train_network.py:175} INFO - Epoch: 43, Batch: 200, Loss: 0.0870
[23:02:15] {train_network.py:175} INFO - Epoch: 43, Batch: 300, Loss: 0.0233
[23:02:26] {train_network.py:175} INFO - Epoch: 43, Batch: 400, Loss: 0.0292
[23:02:37] {train_network.py:175} INFO - Epoch: 43, Batch: 500, Loss: 0.0453
[23:02:48] {train_network.py:175} INFO - Epoch: 43, Batch: 600, Loss: 0.0416
[23:02:59] {train_network.py:175} INFO - Epoch: 43, Batch: 700, Loss: 0.0437
[23:03:11] {train_network.py:175} INFO - Epoch: 43, Batch: 800, Loss: 0.0478
[23:03:22] {train_network.py:175} INFO - Epoch: 43, Batch: 900, Loss: 0.0301
[23:03:35] {train_network.py:326} INFO - Validating...
[23:03:37] {train_network.py:329} INFO - 79/89 = 0.887640
[23:03:37] {train_network.py:317} INFO - Beginning Epoch 44
[23:03:48] {train_network.py:175} INFO - Epoch: 44, Batch: 100, Loss: 0.0266
[23:04:00] {train_network.py:175} INFO - Epoch: 44, Batch: 200, Loss: 0.0409
[23:04:11] {train_network.py:175} INFO - Epoch: 44, Batch: 300, Loss: 0.0537
[23:04:22] {train_network.py:175} INFO - Epoch: 44, Batch: 400, Loss: 0.0425
[23:04:34] {train_network.py:175} INFO - Epoch: 44, Batch: 500, Loss: 0.1101
[23:04:45] {train_network.py:175} INFO - Epoch: 44, Batch: 600, Loss: 0.0602
[23:04:56] {train_network.py:175} INFO - Epoch: 44, Batch: 700, Loss: 0.0855
[23:05:08] {train_network.py:175} INFO - Epoch: 44, Batch: 800, Loss: 0.0300
[23:05:19] {train_network.py:175} INFO - Epoch: 44, Batch: 900, Loss: 0.0649
[23:05:32] {train_network.py:326} INFO - Validating...
[23:05:35] {train_network.py:329} INFO - 81/89 = 0.910112
[23:05:35] {train_network.py:317} INFO - Beginning Epoch 45
[23:05:46] {train_network.py:175} INFO - Epoch: 45, Batch: 100, Loss: 0.0710
[23:05:58] {train_network.py:175} INFO - Epoch: 45, Batch: 200, Loss: 0.0448
[23:06:09] {train_network.py:175} INFO - Epoch: 45, Batch: 300, Loss: 0.0439
[23:06:20] {train_network.py:175} INFO - Epoch: 45, Batch: 400, Loss: 0.0759
[23:06:32] {train_network.py:175} INFO - Epoch: 45, Batch: 500, Loss: 0.0670
[23:06:43] {train_network.py:175} INFO - Epoch: 45, Batch: 600, Loss: 0.0346
[23:06:54] {train_network.py:175} INFO - Epoch: 45, Batch: 700, Loss: 0.0487
[23:07:05] {train_network.py:175} INFO - Epoch: 45, Batch: 800, Loss: 0.0253
[23:07:17] {train_network.py:175} INFO - Epoch: 45, Batch: 900, Loss: 0.1001
[23:07:30] {train_network.py:326} INFO - Validating...
[23:07:32] {train_network.py:329} INFO - 82/89 = 0.921348
[23:07:32] {train_network.py:317} INFO - Beginning Epoch 46
[23:07:44] {train_network.py:175} INFO - Epoch: 46, Batch: 100, Loss: 0.0234
[23:07:55] {train_network.py:175} INFO - Epoch: 46, Batch: 200, Loss: 0.0383
[23:08:07] {train_network.py:175} INFO - Epoch: 46, Batch: 300, Loss: 0.0814
[23:08:18] {train_network.py:175} INFO - Epoch: 46, Batch: 400, Loss: 0.0493
[23:08:29] {train_network.py:175} INFO - Epoch: 46, Batch: 500, Loss: 0.0584
[23:08:41] {train_network.py:175} INFO - Epoch: 46, Batch: 600, Loss: 0.0271
[23:08:52] {train_network.py:175} INFO - Epoch: 46, Batch: 700, Loss: 0.0280
[23:09:03] {train_network.py:175} INFO - Epoch: 46, Batch: 800, Loss: 0.0329
[23:09:15] {train_network.py:175} INFO - Epoch: 46, Batch: 900, Loss: 0.0634
[23:09:27] {train_network.py:326} INFO - Validating...
[23:09:30] {train_network.py:329} INFO - 78/89 = 0.876404
[23:09:30] {train_network.py:317} INFO - Beginning Epoch 47
[23:09:41] {train_network.py:175} INFO - Epoch: 47, Batch: 100, Loss: 0.0595
[23:09:52] {train_network.py:175} INFO - Epoch: 47, Batch: 200, Loss: 0.0288
[23:10:03] {train_network.py:175} INFO - Epoch: 47, Batch: 300, Loss: 0.0152
[23:10:15] {train_network.py:175} INFO - Epoch: 47, Batch: 400, Loss: 0.0621
[23:10:26] {train_network.py:175} INFO - Epoch: 47, Batch: 500, Loss: 0.0745
[23:10:37] {train_network.py:175} INFO - Epoch: 47, Batch: 600, Loss: 0.0348
[23:10:49] {train_network.py:175} INFO - Epoch: 47, Batch: 700, Loss: 0.0584
[23:11:00] {train_network.py:175} INFO - Epoch: 47, Batch: 800, Loss: 0.0581
[23:11:11] {train_network.py:175} INFO - Epoch: 47, Batch: 900, Loss: 0.0344
[23:11:24] {train_network.py:326} INFO - Validating...
[23:11:27] {train_network.py:329} INFO - 81/89 = 0.910112
[23:11:27] {train_network.py:317} INFO - Beginning Epoch 48
[23:11:38] {train_network.py:175} INFO - Epoch: 48, Batch: 100, Loss: 0.0421
[23:11:49] {train_network.py:175} INFO - Epoch: 48, Batch: 200, Loss: 0.0429
[23:12:01] {train_network.py:175} INFO - Epoch: 48, Batch: 300, Loss: 0.0235
[23:12:12] {train_network.py:175} INFO - Epoch: 48, Batch: 400, Loss: 0.0267
[23:12:23] {train_network.py:175} INFO - Epoch: 48, Batch: 500, Loss: 0.0311
[23:12:35] {train_network.py:175} INFO - Epoch: 48, Batch: 600, Loss: 0.0385
[23:12:46] {train_network.py:175} INFO - Epoch: 48, Batch: 700, Loss: 0.0227
[23:12:57] {train_network.py:175} INFO - Epoch: 48, Batch: 800, Loss: 0.0325
[23:13:09] {train_network.py:175} INFO - Epoch: 48, Batch: 900, Loss: 0.0421
[23:13:22] {train_network.py:326} INFO - Validating...
[23:13:24] {train_network.py:329} INFO - 81/89 = 0.910112
[23:13:24] {train_network.py:317} INFO - Beginning Epoch 49
[23:13:35] {train_network.py:175} INFO - Epoch: 49, Batch: 100, Loss: 0.0698
[23:13:47] {train_network.py:175} INFO - Epoch: 49, Batch: 200, Loss: 0.0830
[23:13:58] {train_network.py:175} INFO - Epoch: 49, Batch: 300, Loss: 0.0924
[23:14:09] {train_network.py:175} INFO - Epoch: 49, Batch: 400, Loss: 0.0702
[23:14:21] {train_network.py:175} INFO - Epoch: 49, Batch: 500, Loss: 0.0847
[23:14:32] {train_network.py:175} INFO - Epoch: 49, Batch: 600, Loss: 0.0268
[23:14:43] {train_network.py:175} INFO - Epoch: 49, Batch: 700, Loss: 0.0832
[23:14:55] {train_network.py:175} INFO - Epoch: 49, Batch: 800, Loss: 0.1536
[23:15:06] {train_network.py:175} INFO - Epoch: 49, Batch: 900, Loss: 0.0580
[23:15:19] {train_network.py:326} INFO - Validating...
[23:15:21] {train_network.py:329} INFO - 82/89 = 0.921348
